-- Found ament_cmake: 1.3.12 (/opt/ros/humble/share/ament_cmake/cmake)
-- Found pluginlib: 5.1.0 (/opt/ros/humble/share/pluginlib/cmake)
-- Found geometry_msgs: 4.9.0 (/opt/ros/humble/share/geometry_msgs/cmake)
-- Found rosidl_generator_c: 3.1.7 (/opt/ros/humble/share/rosidl_generator_c/cmake)
-- Found rosidl_adapter: 3.1.7 (/opt/ros/humble/share/rosidl_adapter/cmake)
-- Found rosidl_generator_cpp: 3.1.7 (/opt/ros/humble/share/rosidl_generator_cpp/cmake)
-- Using all available rosidl_typesupport_c: rosidl_typesupport_fastrtps_c;rosidl_typesupport_introspection_c
-- Using all available rosidl_typesupport_cpp: rosidl_typesupport_fastrtps_cpp;rosidl_typesupport_introspection_cpp
-- Found rclcpp: 16.0.15 (/opt/ros/humble/share/rclcpp/cmake)
-- Found rmw_implementation_cmake: 6.1.2 (/opt/ros/humble/share/rmw_implementation_cmake/cmake)
-- Found rmw_fastrtps_cpp: 6.2.8 (/opt/ros/humble/share/rmw_fastrtps_cpp/cmake)
-- Found TinyXML2 via Config file: TinyXML2_DIR-NOTFOUND
-- Found TinyXML2 via Config file: TinyXML2_DIR-NOTFOUND
-- Found TinyXML2 via Config file: TinyXML2_DIR-NOTFOUND
-- Found TinyXML2 via Config file: TinyXML2_DIR-NOTFOUND
-- Using RMW implementation 'rmw_fastrtps_cpp' as default
-- Found rosidl_default_generators: 1.2.0 (/opt/ros/humble/share/rosidl_default_generators/cmake)
-- Found pose_msg: 0.0.0 (/home/zjzl/Desktop/New_Referee/Vision_Arena_2025/install/pose_msg/share/pose_msg/cmake)
[33mCMake Warning (dev) at /usr/share/cmake-3.22/Modules/FindPackageHandleStandardArgs.cmake:438 (message):
  The package name passed to `find_package_handle_standard_args` (PkgConfig)
  does not match the name of the calling package (gazebo).  This can lead to
  problems in calling code that expects `find_package` result variables
  (e.g., `_FOUND`) to follow a certain pattern.
Call Stack (most recent call first):
  /usr/share/cmake-3.22/Modules/FindPkgConfig.cmake:99 (find_package_handle_standard_args)
  /usr/lib/x86_64-linux-gnu/cmake/gazebo/gazebo-config.cmake:72 (include)
  CMakeLists.txt:18 (find_package)
This warning is for project developers.  Use -Wno-dev to suppress it.
[0m
-- Found PkgConfig: /usr/bin/pkg-config (found version "0.29.2") 
-- Checking for module 'bullet>=2.82'
--   Found bullet, version 3.05
-- Found fcl: /usr/include (found suitable version "0.7.0", minimum required is "0.5.0") 
-- Found assimp: /usr/include (found version "5.2.0") 
-- Found DART: /usr/include (Required is at least version "6.6") found components: dart 
-- Found Boost: /usr/lib/x86_64-linux-gnu/cmake/Boost-1.74.0/BoostConfig.cmake (found suitable version "1.74.0", minimum required is "1.40.0") found components: thread system filesystem program_options regex iostreams date_time 
-- Found Protobuf: /usr/lib/x86_64-linux-gnu/libprotobuf.so (found version "3.12.4") 
-- Looking for ignition-math6 -- found version 6.15.1
-- Searching for dependencies of ignition-math6
-- Looking for OGRE...
-- OGRE_PREFIX_WATCH changed.
-- Checking for module 'OGRE'
--   Found OGRE, version 1.9.0
-- Found Ogre Ghadamon (1.9.0)
-- Found OGRE: optimized;/usr/lib/x86_64-linux-gnu/libOgreMain.so;debug;/usr/lib/x86_64-linux-gnu/libOgreMain.so
-- Looking for OGRE_Paging...
-- Found OGRE_Paging: optimized;/usr/lib/x86_64-linux-gnu/libOgrePaging.so;debug;/usr/lib/x86_64-linux-gnu/libOgrePaging.so
-- Looking for OGRE_Terrain...
-- Found OGRE_Terrain: optimized;/usr/lib/x86_64-linux-gnu/libOgreTerrain.so;debug;/usr/lib/x86_64-linux-gnu/libOgreTerrain.so
-- Looking for OGRE_Property...
-- Found OGRE_Property: optimized;/usr/lib/x86_64-linux-gnu/libOgreProperty.so;debug;/usr/lib/x86_64-linux-gnu/libOgreProperty.so
-- Looking for OGRE_RTShaderSystem...
-- Found OGRE_RTShaderSystem: optimized;/usr/lib/x86_64-linux-gnu/libOgreRTShaderSystem.so;debug;/usr/lib/x86_64-linux-gnu/libOgreRTShaderSystem.so
-- Looking for OGRE_Volume...
-- Found OGRE_Volume: optimized;/usr/lib/x86_64-linux-gnu/libOgreVolume.so;debug;/usr/lib/x86_64-linux-gnu/libOgreVolume.so
-- Looking for OGRE_Overlay...
-- Found OGRE_Overlay: optimized;/usr/lib/x86_64-linux-gnu/libOgreOverlay.so;debug;/usr/lib/x86_64-linux-gnu/libOgreOverlay.so
-- Looking for ignition-math6 -- found version 6.15.1
-- Looking for ignition-transport8 -- found version 8.2.1
-- Searching for dependencies of ignition-transport8
-- Found Protobuf: /usr/lib/x86_64-linux-gnu/libprotobuf.so (found suitable version "3.12.4", minimum required is "3") 
-- Config-file not installed for ZeroMQ -- checking for pkg-config
-- Checking for module 'libzmq >= 4'
--   Found libzmq , version 4.3.4
-- Found ZeroMQ: TRUE (Required is at least version "4") 
-- Checking for module 'uuid'
--   Found uuid, version 2.37.2
-- Found UUID: TRUE  
-- Looking for ignition-msgs5 -- found version 5.8.1
-- Searching for dependencies of ignition-msgs5
-- Looking for ignition-math6 -- found version 6.15.1
-- Checking for module 'tinyxml2'
--   Found tinyxml2, version 9.0.0
-- Looking for ignition-msgs5 -- found version 5.8.1
-- Looking for ignition-common3 -- found version 3.14.0
-- Searching for dependencies of ignition-common3
-- Looking for dlfcn.h - found
-- Looking for libdl - found
-- Found DL: TRUE  
-- Found tinyobjloader: /usr/lib/x86_64-linux-gnu/cmake/tinyobjloader/tinyobjloader-config.cmake (found version "2.0.0") 
-- Searching for <ignition-common3> component [graphics]
-- Looking for ignition-common3-graphics -- found version 3.14.0
-- Searching for dependencies of ignition-common3-graphics
-- Looking for ignition-math6 -- found version 6.15.1
-- Looking for ignition-fuel_tools4 -- found version 4.4.0
-- Searching for dependencies of ignition-fuel_tools4
-- Found CURL: /usr/lib/x86_64-linux-gnu/libcurl.so (found version "7.81.0")  
-- Checking for module 'jsoncpp'
--   Found jsoncpp, version 1.9.5
-- Found JSONCPP: TRUE  
-- Checking for module 'libzip'
--   Found libzip, version 1.7.3
-- Found ZIP: TRUE  
-- Looking for ignition-common3 -- found version 3.14.0
-- Looking for ignition-math6 -- found version 6.15.1
-- Looking for ignition-msgs5 -- found version 5.8.1
-- Looking for ignition-math6 -- found version 6.15.1
-- Found ament_lint_auto: 0.12.14 (/opt/ros/humble/share/ament_lint_auto/cmake)
-- Added test 'cppcheck' to perform static code analysis on C / C++ code
-- Configured cppcheck include dirs: /home/zjzl/Desktop/New_Referee/Vision_Arena_2025/src/target_model_pkg/include
-- Configured cppcheck exclude dirs and/or files: 
-- Added test 'flake8' to check Python code syntax and style conventions
-- Added test 'lint_cmake' to check CMake code style
-- Added test 'pep257' to check Python code against some of the docstring style conventions in PEP 257
-- Added test 'uncrustify' to check C / C++ code style
-- Configured uncrustify additional arguments: 
-- Added test 'xmllint' to check XML markup files
-- Configuring done
-- Generating done
-- Build files have been written to: /home/zjzl/Desktop/New_Referee/Vision_Arena_2025/build/target_model_pkg
[ 50%] [32mBuilding CXX object CMakeFiles/target_model_pkg_lib.dir/src/target_action.cpp.o[0m
[100%] [32m[1mLinking CXX shared library libtarget_model_pkg_lib.so[0m
[100%] Built target target_model_pkg_lib
-- Install configuration: ""
-- Installing: /home/zjzl/Desktop/New_Referee/Vision_Arena_2025/install/target_model_pkg/lib/libtarget_model_pkg_lib.so
-- Set runtime path of "/home/zjzl/Desktop/New_Referee/Vision_Arena_2025/install/target_model_pkg/lib/libtarget_model_pkg_lib.so" to ""
-- Installing: /home/zjzl/Desktop/New_Referee/Vision_Arena_2025/install/target_model_pkg/include/
-- Installing: /home/zjzl/Desktop/New_Referee/Vision_Arena_2025/install/target_model_pkg/include//target_model_pkg
-- Installing: /home/zjzl/Desktop/New_Referee/Vision_Arena_2025/install/target_model_pkg/include//target_model_pkg/target_action.hpp
-- Installing: /home/zjzl/Desktop/New_Referee/Vision_Arena_2025/install/target_model_pkg/share/target_model_pkg/launch
-- Installing: /home/zjzl/Desktop/New_Referee/Vision_Arena_2025/install/target_model_pkg/share/target_model_pkg/launch/target_action.launch.py
-- Installing: /home/zjzl/Desktop/New_Referee/Vision_Arena_2025/install/target_model_pkg/share/target_model_pkg/urdf
-- Installing: /home/zjzl/Desktop/New_Referee/Vision_Arena_2025/install/target_model_pkg/share/target_model_pkg/urdf/armor
-- Installing: /home/zjzl/Desktop/New_Referee/Vision_Arena_2025/install/target_model_pkg/share/target_model_pkg/urdf/armor/armor_1.sdf
-- Installing: /home/zjzl/Desktop/New_Referee/Vision_Arena_2025/install/target_model_pkg/share/target_model_pkg/urdf/armor/armor_3.sdf
-- Installing: /home/zjzl/Desktop/New_Referee/Vision_Arena_2025/install/target_model_pkg/share/target_model_pkg/urdf/armor/armor_2.config
-- Installing: /home/zjzl/Desktop/New_Referee/Vision_Arena_2025/install/target_model_pkg/share/target_model_pkg/urdf/armor/armor_3.config
-- Installing: /home/zjzl/Desktop/New_Referee/Vision_Arena_2025/install/target_model_pkg/share/target_model_pkg/urdf/armor/armor_5.config
-- Installing: /home/zjzl/Desktop/New_Referee/Vision_Arena_2025/install/target_model_pkg/share/target_model_pkg/urdf/armor/armor_4.config
-- Installing: /home/zjzl/Desktop/New_Referee/Vision_Arena_2025/install/target_model_pkg/share/target_model_pkg/urdf/armor/textures
-- Installing: /home/zjzl/Desktop/New_Referee/Vision_Arena_2025/install/target_model_pkg/share/target_model_pkg/urdf/armor/textures/small_num3.png
-- Installing: /home/zjzl/Desktop/New_Referee/Vision_Arena_2025/install/target_model_pkg/share/target_model_pkg/urdf/armor/textures/small_num2.material
-- Installing: /home/zjzl/Desktop/New_Referee/Vision_Arena_2025/install/target_model_pkg/share/target_model_pkg/urdf/armor/textures/small_num1.material
-- Installing: /home/zjzl/Desktop/New_Referee/Vision_Arena_2025/install/target_model_pkg/share/target_model_pkg/urdf/armor/textures/small_num5.material
-- Installing: /home/zjzl/Desktop/New_Referee/Vision_Arena_2025/install/target_model_pkg/share/target_model_pkg/urdf/armor/textures/small_num5.png
-- Installing: /home/zjzl/Desktop/New_Referee/Vision_Arena_2025/install/target_model_pkg/share/target_model_pkg/urdf/armor/textures/small_num4.png
-- Installing: /home/zjzl/Desktop/New_Referee/Vision_Arena_2025/install/target_model_pkg/share/target_model_pkg/urdf/armor/textures/small_num4.material
-- Installing: /home/zjzl/Desktop/New_Referee/Vision_Arena_2025/install/target_model_pkg/share/target_model_pkg/urdf/armor/textures/small_num2.png
-- Installing: /home/zjzl/Desktop/New_Referee/Vision_Arena_2025/install/target_model_pkg/share/target_model_pkg/urdf/armor/textures/small_num3.material
-- Installing: /home/zjzl/Desktop/New_Referee/Vision_Arena_2025/install/target_model_pkg/share/target_model_pkg/urdf/armor/textures/small_num1.png
-- Installing: /home/zjzl/Desktop/New_Referee/Vision_Arena_2025/install/target_model_pkg/share/target_model_pkg/urdf/armor/armor_4.sdf
-- Installing: /home/zjzl/Desktop/New_Referee/Vision_Arena_2025/install/target_model_pkg/share/target_model_pkg/urdf/armor/meshes
-- Installing: /home/zjzl/Desktop/New_Referee/Vision_Arena_2025/install/target_model_pkg/share/target_model_pkg/urdf/armor/meshes/armor_support_frame.stl
-- Installing: /home/zjzl/Desktop/New_Referee/Vision_Arena_2025/install/target_model_pkg/share/target_model_pkg/urdf/armor/meshes/large_armor_screw.stl
-- Installing: /home/zjzl/Desktop/New_Referee/Vision_Arena_2025/install/target_model_pkg/share/target_model_pkg/urdf/armor/meshes/small_armor_target.dae
-- Installing: /home/zjzl/Desktop/New_Referee/Vision_Arena_2025/install/target_model_pkg/share/target_model_pkg/urdf/armor/meshes/large_armor_target.stl
-- Installing: /home/zjzl/Desktop/New_Referee/Vision_Arena_2025/install/target_model_pkg/share/target_model_pkg/urdf/armor/meshes/small_armor_light_bar.dae
-- Installing: /home/zjzl/Desktop/New_Referee/Vision_Arena_2025/install/target_model_pkg/share/target_model_pkg/urdf/armor/meshes/large_armor.stl
-- Installing: /home/zjzl/Desktop/New_Referee/Vision_Arena_2025/install/target_model_pkg/share/target_model_pkg/urdf/armor/meshes/large_armor_light_bar.stl
-- Installing: /home/zjzl/Desktop/New_Referee/Vision_Arena_2025/install/target_model_pkg/share/target_model_pkg/urdf/armor/meshes/small_armor.dae
-- Installing: /home/zjzl/Desktop/New_Referee/Vision_Arena_2025/install/target_model_pkg/share/target_model_pkg/urdf/armor/armor_2.sdf
-- Installing: /home/zjzl/Desktop/New_Referee/Vision_Arena_2025/install/target_model_pkg/share/target_model_pkg/urdf/armor/armor_5.sdf
-- Installing: /home/zjzl/Desktop/New_Referee/Vision_Arena_2025/install/target_model_pkg/share/target_model_pkg/urdf/armor/armor_1.config
-- Installing: /home/zjzl/Desktop/New_Referee/Vision_Arena_2025/install/target_model_pkg/share/target_model_pkg/urdf/rectangle
-- Installing: /home/zjzl/Desktop/New_Referee/Vision_Arena_2025/install/target_model_pkg/share/target_model_pkg/urdf/rectangle/rectangle.config
-- Installing: /home/zjzl/Desktop/New_Referee/Vision_Arena_2025/install/target_model_pkg/share/target_model_pkg/urdf/rectangle/rectangle.sdf
-- Installing: /home/zjzl/Desktop/New_Referee/Vision_Arena_2025/install/target_model_pkg/share/target_model_pkg/urdf/sphere
-- Installing: /home/zjzl/Desktop/New_Referee/Vision_Arena_2025/install/target_model_pkg/share/target_model_pkg/urdf/sphere/sphere.config
-- Installing: /home/zjzl/Desktop/New_Referee/Vision_Arena_2025/install/target_model_pkg/share/target_model_pkg/urdf/sphere/sphere.sdf
-- Installing: /home/zjzl/Desktop/New_Referee/Vision_Arena_2025/install/target_model_pkg/share/ament_index/resource_index/package_run_dependencies/target_model_pkg
-- Installing: /home/zjzl/Desktop/New_Referee/Vision_Arena_2025/install/target_model_pkg/share/ament_index/resource_index/parent_prefix_path/target_model_pkg
-- Installing: /home/zjzl/Desktop/New_Referee/Vision_Arena_2025/install/target_model_pkg/share/target_model_pkg/environment/ament_prefix_path.sh
-- Installing: /home/zjzl/Desktop/New_Referee/Vision_Arena_2025/install/target_model_pkg/share/target_model_pkg/environment/ament_prefix_path.dsv
-- Installing: /home/zjzl/Desktop/New_Referee/Vision_Arena_2025/install/target_model_pkg/share/target_model_pkg/environment/path.sh
-- Installing: /home/zjzl/Desktop/New_Referee/Vision_Arena_2025/install/target_model_pkg/share/target_model_pkg/environment/path.dsv
-- Installing: /home/zjzl/Desktop/New_Referee/Vision_Arena_2025/install/target_model_pkg/share/target_model_pkg/local_setup.bash
-- Installing: /home/zjzl/Desktop/New_Referee/Vision_Arena_2025/install/target_model_pkg/share/target_model_pkg/local_setup.sh
-- Installing: /home/zjzl/Desktop/New_Referee/Vision_Arena_2025/install/target_model_pkg/share/target_model_pkg/local_setup.zsh
-- Installing: /home/zjzl/Desktop/New_Referee/Vision_Arena_2025/install/target_model_pkg/share/target_model_pkg/local_setup.dsv
-- Installing: /home/zjzl/Desktop/New_Referee/Vision_Arena_2025/install/target_model_pkg/share/target_model_pkg/package.dsv
-- Installing: /home/zjzl/Desktop/New_Referee/Vision_Arena_2025/install/target_model_pkg/share/ament_index/resource_index/packages/target_model_pkg
-- Installing: /home/zjzl/Desktop/New_Referee/Vision_Arena_2025/install/target_model_pkg/share/target_model_pkg/cmake/target_model_pkgConfig.cmake
-- Installing: /home/zjzl/Desktop/New_Referee/Vision_Arena_2025/install/target_model_pkg/share/target_model_pkg/cmake/target_model_pkgConfig-version.cmake
-- Installing: /home/zjzl/Desktop/New_Referee/Vision_Arena_2025/install/target_model_pkg/share/target_model_pkg/package.xml
