[0.007s] Invoking command in '/home/zjzl/Desktop/New_Referee/Vision_Arena_2025/build/referee_pkg': CMAKE_PREFIX_PATH=/home/zjzl/Desktop/New_Referee/Vision_Arena_2025/install/pose_msg:/home/zjzl/Desktop/New_Referee/Vision_Arena_2025/install/target_model_pkg:/home/zjzl/Desktop/New_Referee/Vision_Arena_2025/install/player_pkg:/home/zjzl/Desktop/New_Referee/Vision_Arena_2025/install/referee_pkg:/home/zjzl/Desktop/New_Referee/Vision_Arena_2025/install/camera:/home/zjzl/Desktop/New_Referee/Vision_Arena_2025/install/camera_sim_pkg:/opt/ros/humble LD_LIBRARY_PATH=/home/zjzl/Desktop/New_Referee/Vision_Arena_2025/install/pose_msg/lib:/home/zjzl/Desktop/New_Referee/Vision_Arena_2025/install/target_model_pkg/lib:/home/zjzl/Desktop/New_Referee/Vision_Arena_2025/install/referee_pkg/lib:/home/zjzl/Desktop/New_Referee/Vision_Arena_2025/install/camera/lib:/opt/intel/openvino_2023.0.2/runtime/lib/intel64:/usr/local/cuda-12.4/lib64:/usr/lib/x86_64-linux-gnu/gazebo-11/plugins:/opt/ros/humble/opt/rviz_ogre_vendor/lib:/opt/ros/humble/lib/x86_64-linux-gnu:/opt/ros/humble/lib:/opt/intel/openvino_2023.0.2/runtime/lib/intel64:/usr/local/cuda-12.4/lib64 /usr/bin/cmake /home/zjzl/Desktop/New_Referee/Vision_Arena_2025/src/referee_pkg -DCMAKE_INSTALL_PREFIX=/home/zjzl/Desktop/New_Referee/Vision_Arena_2025/install/referee_pkg
[0.016s] -- Found ament_cmake: 1.3.12 (/opt/ros/humble/share/ament_cmake/cmake)
[0.087s] -- Found rclcpp: 16.0.15 (/opt/ros/humble/share/rclcpp/cmake)
[0.101s] -- Found rosidl_generator_c: 3.1.7 (/opt/ros/humble/share/rosidl_generator_c/cmake)
[0.102s] -- Found rosidl_adapter: 3.1.7 (/opt/ros/humble/share/rosidl_adapter/cmake)
[0.104s] -- Found rosidl_generator_cpp: 3.1.7 (/opt/ros/humble/share/rosidl_generator_cpp/cmake)
[0.109s] -- Using all available rosidl_typesupport_c: rosidl_typesupport_fastrtps_c;rosidl_typesupport_introspection_c
[0.115s] -- Using all available rosidl_typesupport_cpp: rosidl_typesupport_fastrtps_cpp;rosidl_typesupport_introspection_cpp
[0.130s] -- Found rmw_implementation_cmake: 6.1.2 (/opt/ros/humble/share/rmw_implementation_cmake/cmake)
[0.130s] -- Found rmw_fastrtps_cpp: 6.2.8 (/opt/ros/humble/share/rmw_fastrtps_cpp/cmake)
[0.190s] -- Using RMW implementation 'rmw_fastrtps_cpp' as default
[0.213s] -- Found gazebo_msgs: 3.9.0 (/opt/ros/humble/share/gazebo_msgs/cmake)
[0.237s] -- Found tf2: 0.25.16 (/opt/ros/humble/share/tf2/cmake)
[0.239s] -- Found tf2_ros: 0.25.16 (/opt/ros/humble/share/tf2_ros/cmake)
[0.277s] -- Found pose_msg: 0.0.0 (/home/zjzl/Desktop/New_Referee/Vision_Arena_2025/install/pose_msg/share/pose_msg/cmake)
[0.284s] -- Found cv_bridge: 3.2.1 (/opt/ros/humble/share/cv_bridge/cmake)
[0.296s] -- Found rosidl_default_generators: 1.2.0 (/opt/ros/humble/share/rosidl_default_generators/cmake)
[0.301s] -- Found nlohmann_json: /usr/lib/cmake/nlohmann_json/nlohmann_jsonConfig.cmake (found version "3.10.5") 
[0.462s] -- Found ament_cmake_ros: 0.10.0 (/opt/ros/humble/share/ament_cmake_ros/cmake)
[0.709s] -- Using all available rosidl_typesupport_c: rosidl_typesupport_fastrtps_c;rosidl_typesupport_introspection_c
[0.797s] -- Using all available rosidl_typesupport_cpp: rosidl_typesupport_fastrtps_cpp;rosidl_typesupport_introspection_cpp
[0.814s] -- Found PythonInterp: /usr/bin/python3 (found suitable version "3.10.12", minimum required is "3.6") 
[0.816s] -- Found python_cmake_module: 0.10.0 (/opt/ros/humble/share/python_cmake_module/cmake)
[0.831s] -- Found PythonLibs: /usr/lib/x86_64-linux-gnu/libpython3.10.so (found suitable version "3.10.12", minimum required is "3.5") 
[0.831s] -- Using PYTHON_EXECUTABLE: /usr/bin/python3
[0.831s] -- Using PYTHON_INCLUDE_DIRS: /usr/include/python3.10
[0.831s] -- Using PYTHON_LIBRARIES: /usr/lib/x86_64-linux-gnu/libpython3.10.so
[0.842s] -- Found PythonExtra: .so  
[0.878s] -- Configuring done
[0.901s] -- Generating done
[0.909s] -- Build files have been written to: /home/zjzl/Desktop/New_Referee/Vision_Arena_2025/build/referee_pkg
[0.915s] Invoked command in '/home/zjzl/Desktop/New_Referee/Vision_Arena_2025/build/referee_pkg' returned '0': CMAKE_PREFIX_PATH=/home/zjzl/Desktop/New_Referee/Vision_Arena_2025/install/pose_msg:/home/zjzl/Desktop/New_Referee/Vision_Arena_2025/install/target_model_pkg:/home/zjzl/Desktop/New_Referee/Vision_Arena_2025/install/player_pkg:/home/zjzl/Desktop/New_Referee/Vision_Arena_2025/install/referee_pkg:/home/zjzl/Desktop/New_Referee/Vision_Arena_2025/install/camera:/home/zjzl/Desktop/New_Referee/Vision_Arena_2025/install/camera_sim_pkg:/opt/ros/humble LD_LIBRARY_PATH=/home/zjzl/Desktop/New_Referee/Vision_Arena_2025/install/pose_msg/lib:/home/zjzl/Desktop/New_Referee/Vision_Arena_2025/install/target_model_pkg/lib:/home/zjzl/Desktop/New_Referee/Vision_Arena_2025/install/referee_pkg/lib:/home/zjzl/Desktop/New_Referee/Vision_Arena_2025/install/camera/lib:/opt/intel/openvino_2023.0.2/runtime/lib/intel64:/usr/local/cuda-12.4/lib64:/usr/lib/x86_64-linux-gnu/gazebo-11/plugins:/opt/ros/humble/opt/rviz_ogre_vendor/lib:/opt/ros/humble/lib/x86_64-linux-gnu:/opt/ros/humble/lib:/opt/intel/openvino_2023.0.2/runtime/lib/intel64:/usr/local/cuda-12.4/lib64 /usr/bin/cmake /home/zjzl/Desktop/New_Referee/Vision_Arena_2025/src/referee_pkg -DCMAKE_INSTALL_PREFIX=/home/zjzl/Desktop/New_Referee/Vision_Arena_2025/install/referee_pkg
[0.917s] Invoking command in '/home/zjzl/Desktop/New_Referee/Vision_Arena_2025/build/referee_pkg': CMAKE_PREFIX_PATH=/home/zjzl/Desktop/New_Referee/Vision_Arena_2025/install/pose_msg:/home/zjzl/Desktop/New_Referee/Vision_Arena_2025/install/target_model_pkg:/home/zjzl/Desktop/New_Referee/Vision_Arena_2025/install/player_pkg:/home/zjzl/Desktop/New_Referee/Vision_Arena_2025/install/referee_pkg:/home/zjzl/Desktop/New_Referee/Vision_Arena_2025/install/camera:/home/zjzl/Desktop/New_Referee/Vision_Arena_2025/install/camera_sim_pkg:/opt/ros/humble LD_LIBRARY_PATH=/home/zjzl/Desktop/New_Referee/Vision_Arena_2025/install/pose_msg/lib:/home/zjzl/Desktop/New_Referee/Vision_Arena_2025/install/target_model_pkg/lib:/home/zjzl/Desktop/New_Referee/Vision_Arena_2025/install/referee_pkg/lib:/home/zjzl/Desktop/New_Referee/Vision_Arena_2025/install/camera/lib:/opt/intel/openvino_2023.0.2/runtime/lib/intel64:/usr/local/cuda-12.4/lib64:/usr/lib/x86_64-linux-gnu/gazebo-11/plugins:/opt/ros/humble/opt/rviz_ogre_vendor/lib:/opt/ros/humble/lib/x86_64-linux-gnu:/opt/ros/humble/lib:/opt/intel/openvino_2023.0.2/runtime/lib/intel64:/usr/local/cuda-12.4/lib64 /usr/bin/cmake --build /home/zjzl/Desktop/New_Referee/Vision_Arena_2025/build/referee_pkg -- -j32 -l32
[0.946s] [  1%] [34m[1mGenerating C code for ROS interfaces[0m
[0.954s] [  3%] [34m[1mGenerating C++ code for ROS interfaces[0m
[0.959s] [  3%] Built target ament_cmake_python_copy_referee_pkg
[1.077s] running egg_info
[1.077s] creating referee_pkg.egg-info
[1.077s] writing referee_pkg.egg-info/PKG-INFO
[1.077s] writing dependency_links to referee_pkg.egg-info/dependency_links.txt
[1.077s] writing top-level names to referee_pkg.egg-info/top_level.txt
[1.077s] writing manifest file 'referee_pkg.egg-info/SOURCES.txt'
[1.079s] reading manifest file 'referee_pkg.egg-info/SOURCES.txt'
[1.079s] writing manifest file 'referee_pkg.egg-info/SOURCES.txt'
[1.095s] [  3%] Built target ament_cmake_python_build_referee_pkg_egg
[1.223s] [  3%] Built target referee_pkg__cpp
[1.230s] [  4%] [34m[1mGenerating C++ introspection for ROS interfaces[0m
[1.230s] [  6%] [34m[1mGenerating C++ type support dispatch for ROS interfaces[0m
[1.231s] [  7%] [34m[1mGenerating C++ type support for eProsima Fast-RTPS[0m
[1.231s] [  9%] [32mBuilding C object CMakeFiles/referee_pkg__rosidl_generator_c.dir/rosidl_generator_c/referee_pkg/msg/detail/target__functions.c.o[0m
[1.231s] [ 10%] [32mBuilding C object CMakeFiles/referee_pkg__rosidl_generator_c.dir/rosidl_generator_c/referee_pkg/msg/detail/object__functions.c.o[0m
[1.233s] [ 12%] [32mBuilding C object CMakeFiles/referee_pkg__rosidl_generator_c.dir/rosidl_generator_c/referee_pkg/srv/detail/hit_arror__functions.c.o[0m
[1.233s] [ 13%] [32mBuilding C object CMakeFiles/referee_pkg__rosidl_generator_c.dir/rosidl_generator_c/referee_pkg/msg/detail/race_stage__functions.c.o[0m
[1.233s] [ 15%] [32mBuilding C object CMakeFiles/referee_pkg__rosidl_generator_c.dir/rosidl_generator_c/referee_pkg/msg/detail/multi_object__functions.c.o[0m
[1.272s] [ 16%] [32m[1mLinking C shared library libreferee_pkg__rosidl_generator_c.so[0m
[1.303s] [ 16%] Built target referee_pkg__rosidl_generator_c
[1.312s] [ 18%] [34m[1mGenerating C type support for eProsima Fast-RTPS[0m
[1.312s] [ 19%] [34m[1mGenerating C introspection for ROS interfaces[0m
[1.312s] [ 21%] [34m[1mGenerating C type support dispatch for ROS interfaces[0m
[1.450s] [ 22%] [32mBuilding CXX object CMakeFiles/referee_pkg__rosidl_typesupport_cpp.dir/rosidl_typesupport_cpp/referee_pkg/srv/hit_arror__type_support.cpp.o[0m
[1.451s] [ 27%] [32mBuilding CXX object CMakeFiles/referee_pkg__rosidl_typesupport_cpp.dir/rosidl_typesupport_cpp/referee_pkg/msg/target__type_support.cpp.o[0m
[1.451s] [ 27%] [32mBuilding CXX object CMakeFiles/referee_pkg__rosidl_typesupport_cpp.dir/rosidl_typesupport_cpp/referee_pkg/msg/object__type_support.cpp.o[0m
[1.451s] [ 28%] [32mBuilding CXX object CMakeFiles/referee_pkg__rosidl_typesupport_cpp.dir/rosidl_typesupport_cpp/referee_pkg/msg/race_stage__type_support.cpp.o[0m
[1.451s] [ 27%] [32mBuilding CXX object CMakeFiles/referee_pkg__rosidl_typesupport_cpp.dir/rosidl_typesupport_cpp/referee_pkg/msg/multi_object__type_support.cpp.o[0m
[1.475s] [ 36%] [32mBuilding CXX object CMakeFiles/referee_pkg__rosidl_typesupport_introspection_cpp.dir/rosidl_typesupport_introspection_cpp/referee_pkg/msg/detail/multi_object__type_support.cpp.o[0m
[1.475s] [ 36%] [32mBuilding CXX object CMakeFiles/referee_pkg__rosidl_typesupport_introspection_cpp.dir/rosidl_typesupport_introspection_cpp/referee_pkg/msg/detail/race_stage__type_support.cpp.o[0m
[1.475s] [ 36%] [32mBuilding CXX object CMakeFiles/referee_pkg__rosidl_typesupport_introspection_cpp.dir/rosidl_typesupport_introspection_cpp/referee_pkg/srv/detail/hit_arror__type_support.cpp.o[0m
[1.475s] [ 36%] [32mBuilding CXX object CMakeFiles/referee_pkg__rosidl_typesupport_introspection_cpp.dir/rosidl_typesupport_introspection_cpp/referee_pkg/msg/detail/target__type_support.cpp.o[0m
[1.475s] [ 36%] [32mBuilding CXX object CMakeFiles/referee_pkg__rosidl_typesupport_introspection_cpp.dir/rosidl_typesupport_introspection_cpp/referee_pkg/msg/detail/object__type_support.cpp.o[0m
[1.497s] [ 39%] [32mBuilding CXX object CMakeFiles/referee_pkg__rosidl_typesupport_fastrtps_cpp.dir/rosidl_typesupport_fastrtps_cpp/referee_pkg/msg/detail/dds_fastrtps/object__type_support.cpp.o[0m
[1.497s] [ 39%] [32mBuilding CXX object CMakeFiles/referee_pkg__rosidl_typesupport_fastrtps_cpp.dir/rosidl_typesupport_fastrtps_cpp/referee_pkg/msg/detail/dds_fastrtps/race_stage__type_support.cpp.o[0m
[1.498s] [ 40%] [32mBuilding CXX object CMakeFiles/referee_pkg__rosidl_typesupport_fastrtps_cpp.dir/rosidl_typesupport_fastrtps_cpp/referee_pkg/msg/detail/dds_fastrtps/target__type_support.cpp.o[0m
[1.498s] [ 42%] [32mBuilding CXX object CMakeFiles/referee_pkg__rosidl_typesupport_fastrtps_cpp.dir/rosidl_typesupport_fastrtps_cpp/referee_pkg/msg/detail/dds_fastrtps/multi_object__type_support.cpp.o[0m
[1.499s] [ 43%] [32mBuilding CXX object CMakeFiles/referee_pkg__rosidl_typesupport_fastrtps_cpp.dir/rosidl_typesupport_fastrtps_cpp/referee_pkg/srv/detail/dds_fastrtps/hit_arror__type_support.cpp.o[0m
[1.563s] [ 45%] [32mBuilding CXX object CMakeFiles/referee_pkg__rosidl_typesupport_c.dir/rosidl_typesupport_c/referee_pkg/msg/target__type_support.cpp.o[0m
[1.565s] [ 48%] [32mBuilding CXX object CMakeFiles/referee_pkg__rosidl_typesupport_c.dir/rosidl_typesupport_c/referee_pkg/msg/race_stage__type_support.cpp.o[0m
[1.565s] [ 48%] [32mBuilding CXX object CMakeFiles/referee_pkg__rosidl_typesupport_c.dir/rosidl_typesupport_c/referee_pkg/msg/object__type_support.cpp.o[0m
[1.565s] [ 50%] [32mBuilding CXX object CMakeFiles/referee_pkg__rosidl_typesupport_c.dir/rosidl_typesupport_c/referee_pkg/msg/multi_object__type_support.cpp.o[0m
[1.565s] [ 51%] [32mBuilding CXX object CMakeFiles/referee_pkg__rosidl_typesupport_c.dir/rosidl_typesupport_c/referee_pkg/srv/hit_arror__type_support.cpp.o[0m
[1.593s] [ 53%] [32m[1mLinking CXX shared library libreferee_pkg__rosidl_typesupport_c.so[0m
[1.623s] [ 53%] Built target referee_pkg__rosidl_typesupport_c
[1.652s] [ 54%] [32mBuilding CXX object CMakeFiles/referee_pkg__rosidl_typesupport_fastrtps_c.dir/rosidl_typesupport_fastrtps_c/referee_pkg/msg/detail/multi_object__type_support_c.cpp.o[0m
[1.653s] [ 56%] [32mBuilding CXX object CMakeFiles/referee_pkg__rosidl_typesupport_fastrtps_c.dir/rosidl_typesupport_fastrtps_c/referee_pkg/srv/detail/hit_arror__type_support_c.cpp.o[0m
[1.653s] [ 57%] [32mBuilding CXX object CMakeFiles/referee_pkg__rosidl_typesupport_fastrtps_c.dir/rosidl_typesupport_fastrtps_c/referee_pkg/msg/detail/race_stage__type_support_c.cpp.o[0m
[1.653s] [ 59%] [32mBuilding CXX object CMakeFiles/referee_pkg__rosidl_typesupport_fastrtps_c.dir/rosidl_typesupport_fastrtps_c/referee_pkg/msg/detail/target__type_support_c.cpp.o[0m
[1.653s] [ 60%] [32mBuilding CXX object CMakeFiles/referee_pkg__rosidl_typesupport_fastrtps_c.dir/rosidl_typesupport_fastrtps_c/referee_pkg/msg/detail/object__type_support_c.cpp.o[0m
[1.701s] [ 62%] [32m[1mLinking CXX shared library libreferee_pkg__rosidl_typesupport_cpp.so[0m
[1.729s] [ 62%] Built target referee_pkg__rosidl_typesupport_cpp
[1.732s] [ 63%] [32mBuilding C object CMakeFiles/referee_pkg__rosidl_typesupport_introspection_c.dir/rosidl_typesupport_introspection_c/referee_pkg/srv/detail/hit_arror__type_support.c.o[0m
[1.732s] [ 65%] [32mBuilding C object CMakeFiles/referee_pkg__rosidl_typesupport_introspection_c.dir/rosidl_typesupport_introspection_c/referee_pkg/msg/detail/race_stage__type_support.c.o[0m
[1.733s] [ 66%] [32mBuilding C object CMakeFiles/referee_pkg__rosidl_typesupport_introspection_c.dir/rosidl_typesupport_introspection_c/referee_pkg/msg/detail/target__type_support.c.o[0m
[1.733s] [ 68%] [32mBuilding C object CMakeFiles/referee_pkg__rosidl_typesupport_introspection_c.dir/rosidl_typesupport_introspection_c/referee_pkg/msg/detail/object__type_support.c.o[0m
[1.733s] [ 69%] [32mBuilding C object CMakeFiles/referee_pkg__rosidl_typesupport_introspection_c.dir/rosidl_typesupport_introspection_c/referee_pkg/msg/detail/multi_object__type_support.c.o[0m
[1.742s] [ 71%] [32mBuilding CXX object CMakeFiles/referee.dir/src/referee.cpp.o[0m
[1.744s] [ 72%] [32mBuilding CXX object CMakeFiles/referee.dir/src/utils.cpp.o[0m
[1.761s] [ 74%] [32m[1mLinking C shared library libreferee_pkg__rosidl_typesupport_introspection_c.so[0m
[1.786s] [ 74%] Built target referee_pkg__rosidl_typesupport_introspection_c
[1.898s] [ 75%] [32m[1mLinking CXX shared library libreferee_pkg__rosidl_typesupport_introspection_cpp.so[0m
[1.905s] [ 77%] [32m[1mLinking CXX shared library libreferee_pkg__rosidl_typesupport_fastrtps_cpp.so[0m
[1.939s] [ 78%] [32m[1mLinking CXX shared library libreferee_pkg__rosidl_typesupport_fastrtps_c.so[0m
[1.956s] [ 78%] Built target referee_pkg__rosidl_typesupport_fastrtps_cpp
[1.969s] [ 78%] Built target referee_pkg__rosidl_typesupport_introspection_cpp
[1.988s] [ 78%] Built target referee_pkg__rosidl_typesupport_fastrtps_c
[2.004s] [ 78%] Built target referee_pkg
[2.020s] [ 80%] [34m[1mGenerating Python code for ROS interfaces[0m
[2.417s] [ 80%] Built target referee_pkg__py
[2.432s] [ 81%] [32mBuilding C object CMakeFiles/referee_pkg__rosidl_generator_py.dir/rosidl_generator_py/referee_pkg/msg/_multi_object_s.c.o[0m
[2.433s] [ 83%] [32mBuilding C object CMakeFiles/referee_pkg__rosidl_generator_py.dir/rosidl_generator_py/referee_pkg/msg/_target_s.c.o[0m
[2.433s] [ 84%] [32mBuilding C object CMakeFiles/referee_pkg__rosidl_generator_py.dir/rosidl_generator_py/referee_pkg/msg/_object_s.c.o[0m
[2.433s] [ 86%] [32mBuilding C object CMakeFiles/referee_pkg__rosidl_generator_py.dir/rosidl_generator_py/referee_pkg/msg/_race_stage_s.c.o[0m
[2.433s] [ 87%] [32mBuilding C object CMakeFiles/referee_pkg__rosidl_generator_py.dir/rosidl_generator_py/referee_pkg/srv/_hit_arror_s.c.o[0m
[2.516s] [ 89%] [32m[1mLinking C shared library rosidl_generator_py/referee_pkg/libreferee_pkg__rosidl_generator_py.so[0m
[2.550s] [ 89%] Built target referee_pkg__rosidl_generator_py
[2.565s] [ 93%] [32mBuilding C object CMakeFiles/referee_pkg__rosidl_typesupport_introspection_c__pyext.dir/rosidl_generator_py/referee_pkg/_referee_pkg_s.ep.rosidl_typesupport_introspection_c.c.o[0m
[2.565s] [ 93%] [32mBuilding C object CMakeFiles/referee_pkg__rosidl_typesupport_fastrtps_c__pyext.dir/rosidl_generator_py/referee_pkg/_referee_pkg_s.ep.rosidl_typesupport_fastrtps_c.c.o[0m
[2.565s] [ 93%] [32mBuilding C object CMakeFiles/referee_pkg__rosidl_typesupport_c__pyext.dir/rosidl_generator_py/referee_pkg/_referee_pkg_s.ep.rosidl_typesupport_c.c.o[0m
[2.627s] [ 96%] [32m[1mLinking C shared library rosidl_generator_py/referee_pkg/referee_pkg_s__rosidl_typesupport_introspection_c.cpython-310-x86_64-linux-gnu.so[0m
[2.628s] [ 96%] [32m[1mLinking C shared library rosidl_generator_py/referee_pkg/referee_pkg_s__rosidl_typesupport_c.cpython-310-x86_64-linux-gnu.so[0m
[2.655s] [ 98%] [32m[1mLinking C shared library rosidl_generator_py/referee_pkg/referee_pkg_s__rosidl_typesupport_fastrtps_c.cpython-310-x86_64-linux-gnu.so[0m
[2.656s] [ 98%] Built target referee_pkg__rosidl_typesupport_c__pyext
[2.660s] [ 98%] Built target referee_pkg__rosidl_typesupport_introspection_c__pyext
[2.691s] [ 98%] Built target referee_pkg__rosidl_typesupport_fastrtps_c__pyext
[9.530s] [100%] [32m[1mLinking CXX executable referee[0m
[10.126s] [100%] Built target referee
[10.138s] Invoked command in '/home/zjzl/Desktop/New_Referee/Vision_Arena_2025/build/referee_pkg' returned '0': CMAKE_PREFIX_PATH=/home/zjzl/Desktop/New_Referee/Vision_Arena_2025/install/pose_msg:/home/zjzl/Desktop/New_Referee/Vision_Arena_2025/install/target_model_pkg:/home/zjzl/Desktop/New_Referee/Vision_Arena_2025/install/player_pkg:/home/zjzl/Desktop/New_Referee/Vision_Arena_2025/install/referee_pkg:/home/zjzl/Desktop/New_Referee/Vision_Arena_2025/install/camera:/home/zjzl/Desktop/New_Referee/Vision_Arena_2025/install/camera_sim_pkg:/opt/ros/humble LD_LIBRARY_PATH=/home/zjzl/Desktop/New_Referee/Vision_Arena_2025/install/pose_msg/lib:/home/zjzl/Desktop/New_Referee/Vision_Arena_2025/install/target_model_pkg/lib:/home/zjzl/Desktop/New_Referee/Vision_Arena_2025/install/referee_pkg/lib:/home/zjzl/Desktop/New_Referee/Vision_Arena_2025/install/camera/lib:/opt/intel/openvino_2023.0.2/runtime/lib/intel64:/usr/local/cuda-12.4/lib64:/usr/lib/x86_64-linux-gnu/gazebo-11/plugins:/opt/ros/humble/opt/rviz_ogre_vendor/lib:/opt/ros/humble/lib/x86_64-linux-gnu:/opt/ros/humble/lib:/opt/intel/openvino_2023.0.2/runtime/lib/intel64:/usr/local/cuda-12.4/lib64 /usr/bin/cmake --build /home/zjzl/Desktop/New_Referee/Vision_Arena_2025/build/referee_pkg -- -j32 -l32
[10.139s] Invoking command in '/home/zjzl/Desktop/New_Referee/Vision_Arena_2025/build/referee_pkg': CMAKE_PREFIX_PATH=/home/zjzl/Desktop/New_Referee/Vision_Arena_2025/install/pose_msg:/home/zjzl/Desktop/New_Referee/Vision_Arena_2025/install/target_model_pkg:/home/zjzl/Desktop/New_Referee/Vision_Arena_2025/install/player_pkg:/home/zjzl/Desktop/New_Referee/Vision_Arena_2025/install/referee_pkg:/home/zjzl/Desktop/New_Referee/Vision_Arena_2025/install/camera:/home/zjzl/Desktop/New_Referee/Vision_Arena_2025/install/camera_sim_pkg:/opt/ros/humble LD_LIBRARY_PATH=/home/zjzl/Desktop/New_Referee/Vision_Arena_2025/install/pose_msg/lib:/home/zjzl/Desktop/New_Referee/Vision_Arena_2025/install/target_model_pkg/lib:/home/zjzl/Desktop/New_Referee/Vision_Arena_2025/install/referee_pkg/lib:/home/zjzl/Desktop/New_Referee/Vision_Arena_2025/install/camera/lib:/opt/intel/openvino_2023.0.2/runtime/lib/intel64:/usr/local/cuda-12.4/lib64:/usr/lib/x86_64-linux-gnu/gazebo-11/plugins:/opt/ros/humble/opt/rviz_ogre_vendor/lib:/opt/ros/humble/lib/x86_64-linux-gnu:/opt/ros/humble/lib:/opt/intel/openvino_2023.0.2/runtime/lib/intel64:/usr/local/cuda-12.4/lib64 /usr/bin/cmake --install /home/zjzl/Desktop/New_Referee/Vision_Arena_2025/build/referee_pkg
[10.143s] -- Install configuration: ""
[10.144s] -- Installing: /home/zjzl/Desktop/New_Referee/Vision_Arena_2025/install/referee_pkg/share/ament_index/resource_index/rosidl_interfaces/referee_pkg
[10.144s] -- Installing: /home/zjzl/Desktop/New_Referee/Vision_Arena_2025/install/referee_pkg/include/referee_pkg/referee_pkg
[10.144s] -- Installing: /home/zjzl/Desktop/New_Referee/Vision_Arena_2025/install/referee_pkg/include/referee_pkg/referee_pkg/msg
[10.144s] -- Installing: /home/zjzl/Desktop/New_Referee/Vision_Arena_2025/install/referee_pkg/include/referee_pkg/referee_pkg/msg/rosidl_generator_c__visibility_control.h
[10.144s] -- Installing: /home/zjzl/Desktop/New_Referee/Vision_Arena_2025/install/referee_pkg/include/referee_pkg/referee_pkg/msg/race_stage.h
[10.144s] -- Installing: /home/zjzl/Desktop/New_Referee/Vision_Arena_2025/install/referee_pkg/include/referee_pkg/referee_pkg/msg/target.h
[10.144s] -- Installing: /home/zjzl/Desktop/New_Referee/Vision_Arena_2025/install/referee_pkg/include/referee_pkg/referee_pkg/msg/object.h
[10.144s] -- Installing: /home/zjzl/Desktop/New_Referee/Vision_Arena_2025/install/referee_pkg/include/referee_pkg/referee_pkg/msg/multi_object.h
[10.144s] -- Installing: /home/zjzl/Desktop/New_Referee/Vision_Arena_2025/install/referee_pkg/include/referee_pkg/referee_pkg/msg/detail
[10.144s] -- Installing: /home/zjzl/Desktop/New_Referee/Vision_Arena_2025/install/referee_pkg/include/referee_pkg/referee_pkg/msg/detail/multi_object__functions.h
[10.144s] -- Installing: /home/zjzl/Desktop/New_Referee/Vision_Arena_2025/install/referee_pkg/include/referee_pkg/referee_pkg/msg/detail/race_stage__type_support.h
[10.144s] -- Installing: /home/zjzl/Desktop/New_Referee/Vision_Arena_2025/install/referee_pkg/include/referee_pkg/referee_pkg/msg/detail/object__functions.c
[10.144s] -- Installing: /home/zjzl/Desktop/New_Referee/Vision_Arena_2025/install/referee_pkg/include/referee_pkg/referee_pkg/msg/detail/object__type_support.h
[10.144s] -- Installing: /home/zjzl/Desktop/New_Referee/Vision_Arena_2025/install/referee_pkg/include/referee_pkg/referee_pkg/msg/detail/target__functions.h
[10.144s] -- Installing: /home/zjzl/Desktop/New_Referee/Vision_Arena_2025/install/referee_pkg/include/referee_pkg/referee_pkg/msg/detail/multi_object__struct.h
[10.144s] -- Installing: /home/zjzl/Desktop/New_Referee/Vision_Arena_2025/install/referee_pkg/include/referee_pkg/referee_pkg/msg/detail/target__struct.h
[10.144s] -- Installing: /home/zjzl/Desktop/New_Referee/Vision_Arena_2025/install/referee_pkg/include/referee_pkg/referee_pkg/msg/detail/target__functions.c
[10.144s] -- Installing: /home/zjzl/Desktop/New_Referee/Vision_Arena_2025/install/referee_pkg/include/referee_pkg/referee_pkg/msg/detail/race_stage__functions.h
[10.144s] -- Installing: /home/zjzl/Desktop/New_Referee/Vision_Arena_2025/install/referee_pkg/include/referee_pkg/referee_pkg/msg/detail/object__functions.h
[10.144s] -- Installing: /home/zjzl/Desktop/New_Referee/Vision_Arena_2025/install/referee_pkg/include/referee_pkg/referee_pkg/msg/detail/race_stage__struct.h
[10.144s] -- Installing: /home/zjzl/Desktop/New_Referee/Vision_Arena_2025/install/referee_pkg/include/referee_pkg/referee_pkg/msg/detail/target__type_support.h
[10.144s] -- Installing: /home/zjzl/Desktop/New_Referee/Vision_Arena_2025/install/referee_pkg/include/referee_pkg/referee_pkg/msg/detail/multi_object__functions.c
[10.144s] -- Installing: /home/zjzl/Desktop/New_Referee/Vision_Arena_2025/install/referee_pkg/include/referee_pkg/referee_pkg/msg/detail/race_stage__functions.c
[10.144s] -- Installing: /home/zjzl/Desktop/New_Referee/Vision_Arena_2025/install/referee_pkg/include/referee_pkg/referee_pkg/msg/detail/multi_object__type_support.h
[10.145s] -- Installing: /home/zjzl/Desktop/New_Referee/Vision_Arena_2025/install/referee_pkg/include/referee_pkg/referee_pkg/msg/detail/object__struct.h
[10.145s] -- Installing: /home/zjzl/Desktop/New_Referee/Vision_Arena_2025/install/referee_pkg/include/referee_pkg/referee_pkg/srv
[10.145s] -- Installing: /home/zjzl/Desktop/New_Referee/Vision_Arena_2025/install/referee_pkg/include/referee_pkg/referee_pkg/srv/hit_arror.h
[10.145s] -- Installing: /home/zjzl/Desktop/New_Referee/Vision_Arena_2025/install/referee_pkg/include/referee_pkg/referee_pkg/srv/detail
[10.145s] -- Installing: /home/zjzl/Desktop/New_Referee/Vision_Arena_2025/install/referee_pkg/include/referee_pkg/referee_pkg/srv/detail/hit_arror__type_support.h
[10.145s] -- Installing: /home/zjzl/Desktop/New_Referee/Vision_Arena_2025/install/referee_pkg/include/referee_pkg/referee_pkg/srv/detail/hit_arror__functions.h
[10.145s] -- Installing: /home/zjzl/Desktop/New_Referee/Vision_Arena_2025/install/referee_pkg/include/referee_pkg/referee_pkg/srv/detail/hit_arror__struct.h
[10.145s] -- Installing: /home/zjzl/Desktop/New_Referee/Vision_Arena_2025/install/referee_pkg/include/referee_pkg/referee_pkg/srv/detail/hit_arror__functions.c
[10.145s] -- Installing: /home/zjzl/Desktop/New_Referee/Vision_Arena_2025/install/referee_pkg/share/referee_pkg/environment/library_path.sh
[10.145s] -- Installing: /home/zjzl/Desktop/New_Referee/Vision_Arena_2025/install/referee_pkg/share/referee_pkg/environment/library_path.dsv
[10.145s] -- Installing: /home/zjzl/Desktop/New_Referee/Vision_Arena_2025/install/referee_pkg/lib/libreferee_pkg__rosidl_generator_c.so
[10.145s] -- Set runtime path of "/home/zjzl/Desktop/New_Referee/Vision_Arena_2025/install/referee_pkg/lib/libreferee_pkg__rosidl_generator_c.so" to ""
[10.145s] -- Up-to-date: /home/zjzl/Desktop/New_Referee/Vision_Arena_2025/install/referee_pkg/include/referee_pkg/referee_pkg
[10.145s] -- Up-to-date: /home/zjzl/Desktop/New_Referee/Vision_Arena_2025/install/referee_pkg/include/referee_pkg/referee_pkg/msg
[10.145s] -- Up-to-date: /home/zjzl/Desktop/New_Referee/Vision_Arena_2025/install/referee_pkg/include/referee_pkg/referee_pkg/msg/detail
[10.145s] -- Installing: /home/zjzl/Desktop/New_Referee/Vision_Arena_2025/install/referee_pkg/include/referee_pkg/referee_pkg/msg/detail/race_stage__rosidl_typesupport_fastrtps_c.h
[10.145s] -- Installing: /home/zjzl/Desktop/New_Referee/Vision_Arena_2025/install/referee_pkg/include/referee_pkg/referee_pkg/msg/detail/target__rosidl_typesupport_fastrtps_c.h
[10.145s] -- Installing: /home/zjzl/Desktop/New_Referee/Vision_Arena_2025/install/referee_pkg/include/referee_pkg/referee_pkg/msg/detail/multi_object__rosidl_typesupport_fastrtps_c.h
[10.145s] -- Installing: /home/zjzl/Desktop/New_Referee/Vision_Arena_2025/install/referee_pkg/include/referee_pkg/referee_pkg/msg/detail/object__rosidl_typesupport_fastrtps_c.h
[10.145s] -- Installing: /home/zjzl/Desktop/New_Referee/Vision_Arena_2025/install/referee_pkg/include/referee_pkg/referee_pkg/msg/rosidl_typesupport_fastrtps_c__visibility_control.h
[10.145s] -- Up-to-date: /home/zjzl/Desktop/New_Referee/Vision_Arena_2025/install/referee_pkg/include/referee_pkg/referee_pkg/srv
[10.145s] -- Up-to-date: /home/zjzl/Desktop/New_Referee/Vision_Arena_2025/install/referee_pkg/include/referee_pkg/referee_pkg/srv/detail
[10.145s] -- Installing: /home/zjzl/Desktop/New_Referee/Vision_Arena_2025/install/referee_pkg/include/referee_pkg/referee_pkg/srv/detail/hit_arror__rosidl_typesupport_fastrtps_c.h
[10.145s] -- Installing: /home/zjzl/Desktop/New_Referee/Vision_Arena_2025/install/referee_pkg/lib/libreferee_pkg__rosidl_typesupport_fastrtps_c.so
[10.145s] -- Set runtime path of "/home/zjzl/Desktop/New_Referee/Vision_Arena_2025/install/referee_pkg/lib/libreferee_pkg__rosidl_typesupport_fastrtps_c.so" to ""
[10.145s] -- Up-to-date: /home/zjzl/Desktop/New_Referee/Vision_Arena_2025/install/referee_pkg/include/referee_pkg/referee_pkg
[10.145s] -- Up-to-date: /home/zjzl/Desktop/New_Referee/Vision_Arena_2025/install/referee_pkg/include/referee_pkg/referee_pkg/msg
[10.145s] -- Installing: /home/zjzl/Desktop/New_Referee/Vision_Arena_2025/install/referee_pkg/include/referee_pkg/referee_pkg/msg/object.hpp
[10.145s] -- Installing: /home/zjzl/Desktop/New_Referee/Vision_Arena_2025/install/referee_pkg/include/referee_pkg/referee_pkg/msg/rosidl_generator_cpp__visibility_control.hpp
[10.145s] -- Installing: /home/zjzl/Desktop/New_Referee/Vision_Arena_2025/install/referee_pkg/include/referee_pkg/referee_pkg/msg/multi_object.hpp
[10.145s] -- Up-to-date: /home/zjzl/Desktop/New_Referee/Vision_Arena_2025/install/referee_pkg/include/referee_pkg/referee_pkg/msg/detail
[10.145s] -- Installing: /home/zjzl/Desktop/New_Referee/Vision_Arena_2025/install/referee_pkg/include/referee_pkg/referee_pkg/msg/detail/race_stage__struct.hpp
[10.145s] -- Installing: /home/zjzl/Desktop/New_Referee/Vision_Arena_2025/install/referee_pkg/include/referee_pkg/referee_pkg/msg/detail/object__builder.hpp
[10.145s] -- Installing: /home/zjzl/Desktop/New_Referee/Vision_Arena_2025/install/referee_pkg/include/referee_pkg/referee_pkg/msg/detail/multi_object__type_support.hpp
[10.145s] -- Installing: /home/zjzl/Desktop/New_Referee/Vision_Arena_2025/install/referee_pkg/include/referee_pkg/referee_pkg/msg/detail/target__builder.hpp
[10.146s] -- Installing: /home/zjzl/Desktop/New_Referee/Vision_Arena_2025/install/referee_pkg/include/referee_pkg/referee_pkg/msg/detail/race_stage__builder.hpp
[10.146s] -- Installing: /home/zjzl/Desktop/New_Referee/Vision_Arena_2025/install/referee_pkg/include/referee_pkg/referee_pkg/msg/detail/multi_object__traits.hpp
[10.146s] -- Installing: /home/zjzl/Desktop/New_Referee/Vision_Arena_2025/install/referee_pkg/include/referee_pkg/referee_pkg/msg/detail/object__type_support.hpp
[10.146s] -- Installing: /home/zjzl/Desktop/New_Referee/Vision_Arena_2025/install/referee_pkg/include/referee_pkg/referee_pkg/msg/detail/target__type_support.hpp
[10.146s] -- Installing: /home/zjzl/Desktop/New_Referee/Vision_Arena_2025/install/referee_pkg/include/referee_pkg/referee_pkg/msg/detail/object__traits.hpp
[10.146s] -- Installing: /home/zjzl/Desktop/New_Referee/Vision_Arena_2025/install/referee_pkg/include/referee_pkg/referee_pkg/msg/detail/target__traits.hpp
[10.146s] -- Installing: /home/zjzl/Desktop/New_Referee/Vision_Arena_2025/install/referee_pkg/include/referee_pkg/referee_pkg/msg/detail/object__struct.hpp
[10.146s] -- Installing: /home/zjzl/Desktop/New_Referee/Vision_Arena_2025/install/referee_pkg/include/referee_pkg/referee_pkg/msg/detail/multi_object__builder.hpp
[10.146s] -- Installing: /home/zjzl/Desktop/New_Referee/Vision_Arena_2025/install/referee_pkg/include/referee_pkg/referee_pkg/msg/detail/race_stage__traits.hpp
[10.146s] -- Installing: /home/zjzl/Desktop/New_Referee/Vision_Arena_2025/install/referee_pkg/include/referee_pkg/referee_pkg/msg/detail/race_stage__type_support.hpp
[10.146s] -- Installing: /home/zjzl/Desktop/New_Referee/Vision_Arena_2025/install/referee_pkg/include/referee_pkg/referee_pkg/msg/detail/target__struct.hpp
[10.146s] -- Installing: /home/zjzl/Desktop/New_Referee/Vision_Arena_2025/install/referee_pkg/include/referee_pkg/referee_pkg/msg/detail/multi_object__struct.hpp
[10.146s] -- Installing: /home/zjzl/Desktop/New_Referee/Vision_Arena_2025/install/referee_pkg/include/referee_pkg/referee_pkg/msg/race_stage.hpp
[10.146s] -- Installing: /home/zjzl/Desktop/New_Referee/Vision_Arena_2025/install/referee_pkg/include/referee_pkg/referee_pkg/msg/target.hpp
[10.146s] -- Up-to-date: /home/zjzl/Desktop/New_Referee/Vision_Arena_2025/install/referee_pkg/include/referee_pkg/referee_pkg/srv
[10.146s] -- Installing: /home/zjzl/Desktop/New_Referee/Vision_Arena_2025/install/referee_pkg/include/referee_pkg/referee_pkg/srv/hit_arror.hpp
[10.146s] -- Up-to-date: /home/zjzl/Desktop/New_Referee/Vision_Arena_2025/install/referee_pkg/include/referee_pkg/referee_pkg/srv/detail
[10.146s] -- Installing: /home/zjzl/Desktop/New_Referee/Vision_Arena_2025/install/referee_pkg/include/referee_pkg/referee_pkg/srv/detail/hit_arror__builder.hpp
[10.146s] -- Installing: /home/zjzl/Desktop/New_Referee/Vision_Arena_2025/install/referee_pkg/include/referee_pkg/referee_pkg/srv/detail/hit_arror__struct.hpp
[10.146s] -- Installing: /home/zjzl/Desktop/New_Referee/Vision_Arena_2025/install/referee_pkg/include/referee_pkg/referee_pkg/srv/detail/hit_arror__type_support.hpp
[10.146s] -- Installing: /home/zjzl/Desktop/New_Referee/Vision_Arena_2025/install/referee_pkg/include/referee_pkg/referee_pkg/srv/detail/hit_arror__traits.hpp
[10.146s] -- Up-to-date: /home/zjzl/Desktop/New_Referee/Vision_Arena_2025/install/referee_pkg/include/referee_pkg/referee_pkg
[10.146s] -- Up-to-date: /home/zjzl/Desktop/New_Referee/Vision_Arena_2025/install/referee_pkg/include/referee_pkg/referee_pkg/msg
[10.146s] -- Up-to-date: /home/zjzl/Desktop/New_Referee/Vision_Arena_2025/install/referee_pkg/include/referee_pkg/referee_pkg/msg/detail
[10.146s] -- Installing: /home/zjzl/Desktop/New_Referee/Vision_Arena_2025/install/referee_pkg/include/referee_pkg/referee_pkg/msg/detail/race_stage__rosidl_typesupport_fastrtps_cpp.hpp
[10.146s] -- Installing: /home/zjzl/Desktop/New_Referee/Vision_Arena_2025/install/referee_pkg/include/referee_pkg/referee_pkg/msg/detail/target__rosidl_typesupport_fastrtps_cpp.hpp
[10.146s] -- Installing: /home/zjzl/Desktop/New_Referee/Vision_Arena_2025/install/referee_pkg/include/referee_pkg/referee_pkg/msg/detail/object__rosidl_typesupport_fastrtps_cpp.hpp
[10.146s] -- Installing: /home/zjzl/Desktop/New_Referee/Vision_Arena_2025/install/referee_pkg/include/referee_pkg/referee_pkg/msg/detail/dds_fastrtps
[10.146s] -- Installing: /home/zjzl/Desktop/New_Referee/Vision_Arena_2025/install/referee_pkg/include/referee_pkg/referee_pkg/msg/detail/multi_object__rosidl_typesupport_fastrtps_cpp.hpp
[10.146s] -- Installing: /home/zjzl/Desktop/New_Referee/Vision_Arena_2025/install/referee_pkg/include/referee_pkg/referee_pkg/msg/rosidl_typesupport_fastrtps_cpp__visibility_control.h
[10.146s] -- Up-to-date: /home/zjzl/Desktop/New_Referee/Vision_Arena_2025/install/referee_pkg/include/referee_pkg/referee_pkg/srv
[10.146s] -- Up-to-date: /home/zjzl/Desktop/New_Referee/Vision_Arena_2025/install/referee_pkg/include/referee_pkg/referee_pkg/srv/detail
[10.147s] -- Installing: /home/zjzl/Desktop/New_Referee/Vision_Arena_2025/install/referee_pkg/include/referee_pkg/referee_pkg/srv/detail/hit_arror__rosidl_typesupport_fastrtps_cpp.hpp
[10.147s] -- Installing: /home/zjzl/Desktop/New_Referee/Vision_Arena_2025/install/referee_pkg/include/referee_pkg/referee_pkg/srv/detail/dds_fastrtps
[10.147s] -- Installing: /home/zjzl/Desktop/New_Referee/Vision_Arena_2025/install/referee_pkg/lib/libreferee_pkg__rosidl_typesupport_fastrtps_cpp.so
[10.147s] -- Set runtime path of "/home/zjzl/Desktop/New_Referee/Vision_Arena_2025/install/referee_pkg/lib/libreferee_pkg__rosidl_typesupport_fastrtps_cpp.so" to ""
[10.147s] -- Up-to-date: /home/zjzl/Desktop/New_Referee/Vision_Arena_2025/install/referee_pkg/include/referee_pkg/referee_pkg
[10.147s] -- Up-to-date: /home/zjzl/Desktop/New_Referee/Vision_Arena_2025/install/referee_pkg/include/referee_pkg/referee_pkg/msg
[10.147s] -- Installing: /home/zjzl/Desktop/New_Referee/Vision_Arena_2025/install/referee_pkg/include/referee_pkg/referee_pkg/msg/rosidl_typesupport_introspection_c__visibility_control.h
[10.147s] -- Up-to-date: /home/zjzl/Desktop/New_Referee/Vision_Arena_2025/install/referee_pkg/include/referee_pkg/referee_pkg/msg/detail
[10.147s] -- Installing: /home/zjzl/Desktop/New_Referee/Vision_Arena_2025/install/referee_pkg/include/referee_pkg/referee_pkg/msg/detail/target__rosidl_typesupport_introspection_c.h
[10.147s] -- Installing: /home/zjzl/Desktop/New_Referee/Vision_Arena_2025/install/referee_pkg/include/referee_pkg/referee_pkg/msg/detail/race_stage__rosidl_typesupport_introspection_c.h
[10.147s] -- Installing: /home/zjzl/Desktop/New_Referee/Vision_Arena_2025/install/referee_pkg/include/referee_pkg/referee_pkg/msg/detail/multi_object__type_support.c
[10.147s] -- Installing: /home/zjzl/Desktop/New_Referee/Vision_Arena_2025/install/referee_pkg/include/referee_pkg/referee_pkg/msg/detail/target__type_support.c
[10.147s] -- Installing: /home/zjzl/Desktop/New_Referee/Vision_Arena_2025/install/referee_pkg/include/referee_pkg/referee_pkg/msg/detail/object__type_support.c
[10.147s] -- Installing: /home/zjzl/Desktop/New_Referee/Vision_Arena_2025/install/referee_pkg/include/referee_pkg/referee_pkg/msg/detail/object__rosidl_typesupport_introspection_c.h
[10.147s] -- Installing: /home/zjzl/Desktop/New_Referee/Vision_Arena_2025/install/referee_pkg/include/referee_pkg/referee_pkg/msg/detail/multi_object__rosidl_typesupport_introspection_c.h
[10.147s] -- Installing: /home/zjzl/Desktop/New_Referee/Vision_Arena_2025/install/referee_pkg/include/referee_pkg/referee_pkg/msg/detail/race_stage__type_support.c
[10.147s] -- Up-to-date: /home/zjzl/Desktop/New_Referee/Vision_Arena_2025/install/referee_pkg/include/referee_pkg/referee_pkg/srv
[10.147s] -- Up-to-date: /home/zjzl/Desktop/New_Referee/Vision_Arena_2025/install/referee_pkg/include/referee_pkg/referee_pkg/srv/detail
[10.147s] -- Installing: /home/zjzl/Desktop/New_Referee/Vision_Arena_2025/install/referee_pkg/include/referee_pkg/referee_pkg/srv/detail/hit_arror__rosidl_typesupport_introspection_c.h
[10.147s] -- Installing: /home/zjzl/Desktop/New_Referee/Vision_Arena_2025/install/referee_pkg/include/referee_pkg/referee_pkg/srv/detail/hit_arror__type_support.c
[10.147s] -- Installing: /home/zjzl/Desktop/New_Referee/Vision_Arena_2025/install/referee_pkg/lib/libreferee_pkg__rosidl_typesupport_introspection_c.so
[10.147s] -- Set runtime path of "/home/zjzl/Desktop/New_Referee/Vision_Arena_2025/install/referee_pkg/lib/libreferee_pkg__rosidl_typesupport_introspection_c.so" to ""
[10.147s] -- Installing: /home/zjzl/Desktop/New_Referee/Vision_Arena_2025/install/referee_pkg/lib/libreferee_pkg__rosidl_typesupport_c.so
[10.147s] -- Set runtime path of "/home/zjzl/Desktop/New_Referee/Vision_Arena_2025/install/referee_pkg/lib/libreferee_pkg__rosidl_typesupport_c.so" to ""
[10.147s] -- Up-to-date: /home/zjzl/Desktop/New_Referee/Vision_Arena_2025/install/referee_pkg/include/referee_pkg/referee_pkg
[10.147s] -- Up-to-date: /home/zjzl/Desktop/New_Referee/Vision_Arena_2025/install/referee_pkg/include/referee_pkg/referee_pkg/msg
[10.147s] -- Up-to-date: /home/zjzl/Desktop/New_Referee/Vision_Arena_2025/install/referee_pkg/include/referee_pkg/referee_pkg/msg/detail
[10.147s] -- Installing: /home/zjzl/Desktop/New_Referee/Vision_Arena_2025/install/referee_pkg/include/referee_pkg/referee_pkg/msg/detail/object__rosidl_typesupport_introspection_cpp.hpp
[10.147s] -- Installing: /home/zjzl/Desktop/New_Referee/Vision_Arena_2025/install/referee_pkg/include/referee_pkg/referee_pkg/msg/detail/target__type_support.cpp
[10.148s] -- Installing: /home/zjzl/Desktop/New_Referee/Vision_Arena_2025/install/referee_pkg/include/referee_pkg/referee_pkg/msg/detail/object__type_support.cpp
[10.148s] -- Installing: /home/zjzl/Desktop/New_Referee/Vision_Arena_2025/install/referee_pkg/include/referee_pkg/referee_pkg/msg/detail/multi_object__type_support.cpp
[10.148s] -- Installing: /home/zjzl/Desktop/New_Referee/Vision_Arena_2025/install/referee_pkg/include/referee_pkg/referee_pkg/msg/detail/multi_object__rosidl_typesupport_introspection_cpp.hpp
[10.148s] -- Installing: /home/zjzl/Desktop/New_Referee/Vision_Arena_2025/install/referee_pkg/include/referee_pkg/referee_pkg/msg/detail/target__rosidl_typesupport_introspection_cpp.hpp
[10.148s] -- Installing: /home/zjzl/Desktop/New_Referee/Vision_Arena_2025/install/referee_pkg/include/referee_pkg/referee_pkg/msg/detail/race_stage__rosidl_typesupport_introspection_cpp.hpp
[10.148s] -- Installing: /home/zjzl/Desktop/New_Referee/Vision_Arena_2025/install/referee_pkg/include/referee_pkg/referee_pkg/msg/detail/race_stage__type_support.cpp
[10.148s] -- Up-to-date: /home/zjzl/Desktop/New_Referee/Vision_Arena_2025/install/referee_pkg/include/referee_pkg/referee_pkg/srv
[10.148s] -- Up-to-date: /home/zjzl/Desktop/New_Referee/Vision_Arena_2025/install/referee_pkg/include/referee_pkg/referee_pkg/srv/detail
[10.148s] -- Installing: /home/zjzl/Desktop/New_Referee/Vision_Arena_2025/install/referee_pkg/include/referee_pkg/referee_pkg/srv/detail/hit_arror__type_support.cpp
[10.148s] -- Installing: /home/zjzl/Desktop/New_Referee/Vision_Arena_2025/install/referee_pkg/include/referee_pkg/referee_pkg/srv/detail/hit_arror__rosidl_typesupport_introspection_cpp.hpp
[10.148s] -- Installing: /home/zjzl/Desktop/New_Referee/Vision_Arena_2025/install/referee_pkg/lib/libreferee_pkg__rosidl_typesupport_introspection_cpp.so
[10.148s] -- Set runtime path of "/home/zjzl/Desktop/New_Referee/Vision_Arena_2025/install/referee_pkg/lib/libreferee_pkg__rosidl_typesupport_introspection_cpp.so" to ""
[10.148s] -- Installing: /home/zjzl/Desktop/New_Referee/Vision_Arena_2025/install/referee_pkg/lib/libreferee_pkg__rosidl_typesupport_cpp.so
[10.148s] -- Set runtime path of "/home/zjzl/Desktop/New_Referee/Vision_Arena_2025/install/referee_pkg/lib/libreferee_pkg__rosidl_typesupport_cpp.so" to ""
[10.148s] -- Installing: /home/zjzl/Desktop/New_Referee/Vision_Arena_2025/install/referee_pkg/share/referee_pkg/environment/pythonpath.sh
[10.148s] -- Installing: /home/zjzl/Desktop/New_Referee/Vision_Arena_2025/install/referee_pkg/share/referee_pkg/environment/pythonpath.dsv
[10.148s] -- Installing: /home/zjzl/Desktop/New_Referee/Vision_Arena_2025/install/referee_pkg/local/lib/python3.10/dist-packages/referee_pkg-0.0.0-py3.10.egg-info
[10.148s] -- Installing: /home/zjzl/Desktop/New_Referee/Vision_Arena_2025/install/referee_pkg/local/lib/python3.10/dist-packages/referee_pkg-0.0.0-py3.10.egg-info/dependency_links.txt
[10.148s] -- Installing: /home/zjzl/Desktop/New_Referee/Vision_Arena_2025/install/referee_pkg/local/lib/python3.10/dist-packages/referee_pkg-0.0.0-py3.10.egg-info/SOURCES.txt
[10.148s] -- Installing: /home/zjzl/Desktop/New_Referee/Vision_Arena_2025/install/referee_pkg/local/lib/python3.10/dist-packages/referee_pkg-0.0.0-py3.10.egg-info/top_level.txt
[10.148s] -- Installing: /home/zjzl/Desktop/New_Referee/Vision_Arena_2025/install/referee_pkg/local/lib/python3.10/dist-packages/referee_pkg-0.0.0-py3.10.egg-info/PKG-INFO
[10.148s] -- Installing: /home/zjzl/Desktop/New_Referee/Vision_Arena_2025/install/referee_pkg/local/lib/python3.10/dist-packages/referee_pkg
[10.148s] -- Installing: /home/zjzl/Desktop/New_Referee/Vision_Arena_2025/install/referee_pkg/local/lib/python3.10/dist-packages/referee_pkg/referee_pkg_s__rosidl_typesupport_fastrtps_c.cpython-310-x86_64-linux-gnu.so
[10.148s] -- Installing: /home/zjzl/Desktop/New_Referee/Vision_Arena_2025/install/referee_pkg/local/lib/python3.10/dist-packages/referee_pkg/libreferee_pkg__rosidl_generator_py.so
[10.148s] -- Installing: /home/zjzl/Desktop/New_Referee/Vision_Arena_2025/install/referee_pkg/local/lib/python3.10/dist-packages/referee_pkg/msg
[10.148s] -- Installing: /home/zjzl/Desktop/New_Referee/Vision_Arena_2025/install/referee_pkg/local/lib/python3.10/dist-packages/referee_pkg/msg/_multi_object_s.c
[10.149s] -- Installing: /home/zjzl/Desktop/New_Referee/Vision_Arena_2025/install/referee_pkg/local/lib/python3.10/dist-packages/referee_pkg/msg/_race_stage_s.c
[10.149s] -- Installing: /home/zjzl/Desktop/New_Referee/Vision_Arena_2025/install/referee_pkg/local/lib/python3.10/dist-packages/referee_pkg/msg/_race_stage.py
[10.149s] -- Installing: /home/zjzl/Desktop/New_Referee/Vision_Arena_2025/install/referee_pkg/local/lib/python3.10/dist-packages/referee_pkg/msg/_object_s.c
[10.149s] -- Installing: /home/zjzl/Desktop/New_Referee/Vision_Arena_2025/install/referee_pkg/local/lib/python3.10/dist-packages/referee_pkg/msg/_target.py
[10.149s] -- Installing: /home/zjzl/Desktop/New_Referee/Vision_Arena_2025/install/referee_pkg/local/lib/python3.10/dist-packages/referee_pkg/msg/_object.py
[10.149s] -- Installing: /home/zjzl/Desktop/New_Referee/Vision_Arena_2025/install/referee_pkg/local/lib/python3.10/dist-packages/referee_pkg/msg/__init__.py
[10.149s] -- Installing: /home/zjzl/Desktop/New_Referee/Vision_Arena_2025/install/referee_pkg/local/lib/python3.10/dist-packages/referee_pkg/msg/_multi_object.py
[10.149s] -- Installing: /home/zjzl/Desktop/New_Referee/Vision_Arena_2025/install/referee_pkg/local/lib/python3.10/dist-packages/referee_pkg/msg/_target_s.c
[10.149s] -- Installing: /home/zjzl/Desktop/New_Referee/Vision_Arena_2025/install/referee_pkg/local/lib/python3.10/dist-packages/referee_pkg/srv
[10.149s] -- Installing: /home/zjzl/Desktop/New_Referee/Vision_Arena_2025/install/referee_pkg/local/lib/python3.10/dist-packages/referee_pkg/srv/_hit_arror_s.c
[10.149s] -- Installing: /home/zjzl/Desktop/New_Referee/Vision_Arena_2025/install/referee_pkg/local/lib/python3.10/dist-packages/referee_pkg/srv/_hit_arror.py
[10.149s] -- Installing: /home/zjzl/Desktop/New_Referee/Vision_Arena_2025/install/referee_pkg/local/lib/python3.10/dist-packages/referee_pkg/srv/__init__.py
[10.149s] -- Installing: /home/zjzl/Desktop/New_Referee/Vision_Arena_2025/install/referee_pkg/local/lib/python3.10/dist-packages/referee_pkg/referee_pkg_s__rosidl_typesupport_c.cpython-310-x86_64-linux-gnu.so
[10.149s] -- Installing: /home/zjzl/Desktop/New_Referee/Vision_Arena_2025/install/referee_pkg/local/lib/python3.10/dist-packages/referee_pkg/_referee_pkg_s.ep.rosidl_typesupport_c.c
[10.149s] -- Installing: /home/zjzl/Desktop/New_Referee/Vision_Arena_2025/install/referee_pkg/local/lib/python3.10/dist-packages/referee_pkg/referee_pkg_s__rosidl_typesupport_introspection_c.cpython-310-x86_64-linux-gnu.so
[10.149s] -- Installing: /home/zjzl/Desktop/New_Referee/Vision_Arena_2025/install/referee_pkg/local/lib/python3.10/dist-packages/referee_pkg/_referee_pkg_s.ep.rosidl_typesupport_fastrtps_c.c
[10.149s] -- Installing: /home/zjzl/Desktop/New_Referee/Vision_Arena_2025/install/referee_pkg/local/lib/python3.10/dist-packages/referee_pkg/__init__.py
[10.149s] -- Installing: /home/zjzl/Desktop/New_Referee/Vision_Arena_2025/install/referee_pkg/local/lib/python3.10/dist-packages/referee_pkg/_referee_pkg_s.ep.rosidl_typesupport_introspection_c.c
[10.172s] Listing '/home/zjzl/Desktop/New_Referee/Vision_Arena_2025/install/referee_pkg/local/lib/python3.10/dist-packages/referee_pkg'...
[10.172s] Compiling '/home/zjzl/Desktop/New_Referee/Vision_Arena_2025/install/referee_pkg/local/lib/python3.10/dist-packages/referee_pkg/__init__.py'...
[10.172s] Listing '/home/zjzl/Desktop/New_Referee/Vision_Arena_2025/install/referee_pkg/local/lib/python3.10/dist-packages/referee_pkg/msg'...
[10.172s] Compiling '/home/zjzl/Desktop/New_Referee/Vision_Arena_2025/install/referee_pkg/local/lib/python3.10/dist-packages/referee_pkg/msg/__init__.py'...
[10.172s] Compiling '/home/zjzl/Desktop/New_Referee/Vision_Arena_2025/install/referee_pkg/local/lib/python3.10/dist-packages/referee_pkg/msg/_multi_object.py'...
[10.172s] Compiling '/home/zjzl/Desktop/New_Referee/Vision_Arena_2025/install/referee_pkg/local/lib/python3.10/dist-packages/referee_pkg/msg/_object.py'...
[10.172s] Compiling '/home/zjzl/Desktop/New_Referee/Vision_Arena_2025/install/referee_pkg/local/lib/python3.10/dist-packages/referee_pkg/msg/_race_stage.py'...
[10.172s] Compiling '/home/zjzl/Desktop/New_Referee/Vision_Arena_2025/install/referee_pkg/local/lib/python3.10/dist-packages/referee_pkg/msg/_target.py'...
[10.172s] Listing '/home/zjzl/Desktop/New_Referee/Vision_Arena_2025/install/referee_pkg/local/lib/python3.10/dist-packages/referee_pkg/srv'...
[10.172s] Compiling '/home/zjzl/Desktop/New_Referee/Vision_Arena_2025/install/referee_pkg/local/lib/python3.10/dist-packages/referee_pkg/srv/__init__.py'...
[10.172s] Compiling '/home/zjzl/Desktop/New_Referee/Vision_Arena_2025/install/referee_pkg/local/lib/python3.10/dist-packages/referee_pkg/srv/_hit_arror.py'...
[10.174s] -- Installing: /home/zjzl/Desktop/New_Referee/Vision_Arena_2025/install/referee_pkg/local/lib/python3.10/dist-packages/referee_pkg/referee_pkg_s__rosidl_typesupport_fastrtps_c.cpython-310-x86_64-linux-gnu.so
[10.174s] -- Set runtime path of "/home/zjzl/Desktop/New_Referee/Vision_Arena_2025/install/referee_pkg/local/lib/python3.10/dist-packages/referee_pkg/referee_pkg_s__rosidl_typesupport_fastrtps_c.cpython-310-x86_64-linux-gnu.so" to ""
[10.174s] -- Installing: /home/zjzl/Desktop/New_Referee/Vision_Arena_2025/install/referee_pkg/local/lib/python3.10/dist-packages/referee_pkg/referee_pkg_s__rosidl_typesupport_introspection_c.cpython-310-x86_64-linux-gnu.so
[10.174s] -- Set runtime path of "/home/zjzl/Desktop/New_Referee/Vision_Arena_2025/install/referee_pkg/local/lib/python3.10/dist-packages/referee_pkg/referee_pkg_s__rosidl_typesupport_introspection_c.cpython-310-x86_64-linux-gnu.so" to ""
[10.174s] -- Installing: /home/zjzl/Desktop/New_Referee/Vision_Arena_2025/install/referee_pkg/local/lib/python3.10/dist-packages/referee_pkg/referee_pkg_s__rosidl_typesupport_c.cpython-310-x86_64-linux-gnu.so
[10.174s] -- Set runtime path of "/home/zjzl/Desktop/New_Referee/Vision_Arena_2025/install/referee_pkg/local/lib/python3.10/dist-packages/referee_pkg/referee_pkg_s__rosidl_typesupport_c.cpython-310-x86_64-linux-gnu.so" to ""
[10.174s] -- Installing: /home/zjzl/Desktop/New_Referee/Vision_Arena_2025/install/referee_pkg/lib/libreferee_pkg__rosidl_generator_py.so
[10.174s] -- Set runtime path of "/home/zjzl/Desktop/New_Referee/Vision_Arena_2025/install/referee_pkg/lib/libreferee_pkg__rosidl_generator_py.so" to ""
[10.174s] -- Installing: /home/zjzl/Desktop/New_Referee/Vision_Arena_2025/install/referee_pkg/share/referee_pkg/msg/Target.idl
[10.174s] -- Installing: /home/zjzl/Desktop/New_Referee/Vision_Arena_2025/install/referee_pkg/share/referee_pkg/msg/Object.idl
[10.175s] -- Installing: /home/zjzl/Desktop/New_Referee/Vision_Arena_2025/install/referee_pkg/share/referee_pkg/msg/MultiObject.idl
[10.175s] -- Installing: /home/zjzl/Desktop/New_Referee/Vision_Arena_2025/install/referee_pkg/share/referee_pkg/msg/RaceStage.idl
[10.175s] -- Installing: /home/zjzl/Desktop/New_Referee/Vision_Arena_2025/install/referee_pkg/share/referee_pkg/srv/HitArror.idl
[10.175s] -- Installing: /home/zjzl/Desktop/New_Referee/Vision_Arena_2025/install/referee_pkg/share/referee_pkg/msg/Target.msg
[10.175s] -- Installing: /home/zjzl/Desktop/New_Referee/Vision_Arena_2025/install/referee_pkg/share/referee_pkg/msg/Object.msg
[10.175s] -- Installing: /home/zjzl/Desktop/New_Referee/Vision_Arena_2025/install/referee_pkg/share/referee_pkg/msg/MultiObject.msg
[10.175s] -- Installing: /home/zjzl/Desktop/New_Referee/Vision_Arena_2025/install/referee_pkg/share/referee_pkg/msg/RaceStage.msg
[10.175s] -- Installing: /home/zjzl/Desktop/New_Referee/Vision_Arena_2025/install/referee_pkg/share/referee_pkg/srv/HitArror.srv
[10.175s] -- Installing: /home/zjzl/Desktop/New_Referee/Vision_Arena_2025/install/referee_pkg/share/referee_pkg/srv/HitArror_Request.msg
[10.175s] -- Installing: /home/zjzl/Desktop/New_Referee/Vision_Arena_2025/install/referee_pkg/share/referee_pkg/srv/HitArror_Response.msg
[10.175s] -- Installing: /home/zjzl/Desktop/New_Referee/Vision_Arena_2025/install/referee_pkg/lib/referee_pkg/referee
[10.178s] -- Set runtime path of "/home/zjzl/Desktop/New_Referee/Vision_Arena_2025/install/referee_pkg/lib/referee_pkg/referee" to ""
[10.178s] -- Up-to-date: /home/zjzl/Desktop/New_Referee/Vision_Arena_2025/install/referee_pkg/include
[10.178s] -- Up-to-date: /home/zjzl/Desktop/New_Referee/Vision_Arena_2025/install/referee_pkg/include/referee_pkg
[10.178s] -- Installing: /home/zjzl/Desktop/New_Referee/Vision_Arena_2025/install/referee_pkg/include/referee_pkg/msg
[10.178s] -- Installing: /home/zjzl/Desktop/New_Referee/Vision_Arena_2025/install/referee_pkg/include/referee_pkg/msg/object.hpp
[10.178s] -- Installing: /home/zjzl/Desktop/New_Referee/Vision_Arena_2025/install/referee_pkg/include/referee_pkg/msg/rosidl_generator_cpp__visibility_control.hpp
[10.178s] -- Installing: /home/zjzl/Desktop/New_Referee/Vision_Arena_2025/install/referee_pkg/include/referee_pkg/msg/multi_object.hpp
[10.179s] -- Installing: /home/zjzl/Desktop/New_Referee/Vision_Arena_2025/install/referee_pkg/include/referee_pkg/msg/detail
[10.179s] -- Installing: /home/zjzl/Desktop/New_Referee/Vision_Arena_2025/install/referee_pkg/include/referee_pkg/msg/detail/race_stage__struct.hpp
[10.179s] -- Installing: /home/zjzl/Desktop/New_Referee/Vision_Arena_2025/install/referee_pkg/include/referee_pkg/msg/detail/object__builder.hpp
[10.179s] -- Installing: /home/zjzl/Desktop/New_Referee/Vision_Arena_2025/install/referee_pkg/include/referee_pkg/msg/detail/multi_object__type_support.hpp
[10.179s] -- Installing: /home/zjzl/Desktop/New_Referee/Vision_Arena_2025/install/referee_pkg/include/referee_pkg/msg/detail/target__builder.hpp
[10.179s] -- Installing: /home/zjzl/Desktop/New_Referee/Vision_Arena_2025/install/referee_pkg/include/referee_pkg/msg/detail/race_stage__builder.hpp
[10.179s] -- Installing: /home/zjzl/Desktop/New_Referee/Vision_Arena_2025/install/referee_pkg/include/referee_pkg/msg/detail/multi_object__traits.hpp
[10.179s] -- Installing: /home/zjzl/Desktop/New_Referee/Vision_Arena_2025/install/referee_pkg/include/referee_pkg/msg/detail/object__type_support.hpp
[10.179s] -- Installing: /home/zjzl/Desktop/New_Referee/Vision_Arena_2025/install/referee_pkg/include/referee_pkg/msg/detail/target__type_support.hpp
[10.179s] -- Installing: /home/zjzl/Desktop/New_Referee/Vision_Arena_2025/install/referee_pkg/include/referee_pkg/msg/detail/object__traits.hpp
[10.179s] -- Installing: /home/zjzl/Desktop/New_Referee/Vision_Arena_2025/install/referee_pkg/include/referee_pkg/msg/detail/target__traits.hpp
[10.179s] -- Installing: /home/zjzl/Desktop/New_Referee/Vision_Arena_2025/install/referee_pkg/include/referee_pkg/msg/detail/object__struct.hpp
[10.179s] -- Installing: /home/zjzl/Desktop/New_Referee/Vision_Arena_2025/install/referee_pkg/include/referee_pkg/msg/detail/multi_object__builder.hpp
[10.179s] -- Installing: /home/zjzl/Desktop/New_Referee/Vision_Arena_2025/install/referee_pkg/include/referee_pkg/msg/detail/race_stage__traits.hpp
[10.179s] -- Installing: /home/zjzl/Desktop/New_Referee/Vision_Arena_2025/install/referee_pkg/include/referee_pkg/msg/detail/race_stage__type_support.hpp
[10.179s] -- Installing: /home/zjzl/Desktop/New_Referee/Vision_Arena_2025/install/referee_pkg/include/referee_pkg/msg/detail/target__struct.hpp
[10.180s] -- Installing: /home/zjzl/Desktop/New_Referee/Vision_Arena_2025/install/referee_pkg/include/referee_pkg/msg/detail/multi_object__struct.hpp
[10.180s] -- Installing: /home/zjzl/Desktop/New_Referee/Vision_Arena_2025/install/referee_pkg/include/referee_pkg/msg/race_stage.hpp
[10.180s] -- Installing: /home/zjzl/Desktop/New_Referee/Vision_Arena_2025/install/referee_pkg/include/referee_pkg/msg/target.hpp
[10.180s] -- Installing: /home/zjzl/Desktop/New_Referee/Vision_Arena_2025/install/referee_pkg/include/referee_pkg/srv
[10.180s] -- Installing: /home/zjzl/Desktop/New_Referee/Vision_Arena_2025/install/referee_pkg/include/referee_pkg/srv/hit_arror.hpp
[10.180s] -- Installing: /home/zjzl/Desktop/New_Referee/Vision_Arena_2025/install/referee_pkg/include/referee_pkg/srv/detail
[10.180s] -- Installing: /home/zjzl/Desktop/New_Referee/Vision_Arena_2025/install/referee_pkg/include/referee_pkg/srv/detail/hit_arror__builder.hpp
[10.180s] -- Installing: /home/zjzl/Desktop/New_Referee/Vision_Arena_2025/install/referee_pkg/include/referee_pkg/srv/detail/hit_arror__struct.hpp
[10.180s] -- Installing: /home/zjzl/Desktop/New_Referee/Vision_Arena_2025/install/referee_pkg/include/referee_pkg/srv/detail/hit_arror__type_support.hpp
[10.180s] -- Installing: /home/zjzl/Desktop/New_Referee/Vision_Arena_2025/install/referee_pkg/include/referee_pkg/srv/detail/hit_arror__traits.hpp
[10.180s] -- Installing: /home/zjzl/Desktop/New_Referee/Vision_Arena_2025/install/referee_pkg/share/referee_pkg/launch
[10.180s] -- Installing: /home/zjzl/Desktop/New_Referee/Vision_Arena_2025/install/referee_pkg/share/referee_pkg/launch/referee_pkg_launch.xml
[10.180s] -- Installing: /home/zjzl/Desktop/New_Referee/Vision_Arena_2025/install/referee_pkg/share/ament_index/resource_index/package_run_dependencies/referee_pkg
[10.180s] -- Installing: /home/zjzl/Desktop/New_Referee/Vision_Arena_2025/install/referee_pkg/share/ament_index/resource_index/parent_prefix_path/referee_pkg
[10.180s] -- Installing: /home/zjzl/Desktop/New_Referee/Vision_Arena_2025/install/referee_pkg/share/referee_pkg/environment/ament_prefix_path.sh
[10.180s] -- Installing: /home/zjzl/Desktop/New_Referee/Vision_Arena_2025/install/referee_pkg/share/referee_pkg/environment/ament_prefix_path.dsv
[10.181s] -- Installing: /home/zjzl/Desktop/New_Referee/Vision_Arena_2025/install/referee_pkg/share/referee_pkg/environment/path.sh
[10.181s] -- Installing: /home/zjzl/Desktop/New_Referee/Vision_Arena_2025/install/referee_pkg/share/referee_pkg/environment/path.dsv
[10.181s] -- Installing: /home/zjzl/Desktop/New_Referee/Vision_Arena_2025/install/referee_pkg/share/referee_pkg/local_setup.bash
[10.181s] -- Installing: /home/zjzl/Desktop/New_Referee/Vision_Arena_2025/install/referee_pkg/share/referee_pkg/local_setup.sh
[10.181s] -- Installing: /home/zjzl/Desktop/New_Referee/Vision_Arena_2025/install/referee_pkg/share/referee_pkg/local_setup.zsh
[10.181s] -- Installing: /home/zjzl/Desktop/New_Referee/Vision_Arena_2025/install/referee_pkg/share/referee_pkg/local_setup.dsv
[10.181s] -- Installing: /home/zjzl/Desktop/New_Referee/Vision_Arena_2025/install/referee_pkg/share/referee_pkg/package.dsv
[10.181s] -- Installing: /home/zjzl/Desktop/New_Referee/Vision_Arena_2025/install/referee_pkg/share/ament_index/resource_index/packages/referee_pkg
[10.181s] -- Installing: /home/zjzl/Desktop/New_Referee/Vision_Arena_2025/install/referee_pkg/share/referee_pkg/cmake/export_referee_pkg__rosidl_generator_cExport.cmake
[10.181s] -- Installing: /home/zjzl/Desktop/New_Referee/Vision_Arena_2025/install/referee_pkg/share/referee_pkg/cmake/export_referee_pkg__rosidl_generator_cExport-noconfig.cmake
[10.181s] -- Installing: /home/zjzl/Desktop/New_Referee/Vision_Arena_2025/install/referee_pkg/share/referee_pkg/cmake/export_referee_pkg__rosidl_typesupport_fastrtps_cExport.cmake
[10.181s] -- Installing: /home/zjzl/Desktop/New_Referee/Vision_Arena_2025/install/referee_pkg/share/referee_pkg/cmake/export_referee_pkg__rosidl_typesupport_fastrtps_cExport-noconfig.cmake
[10.181s] -- Installing: /home/zjzl/Desktop/New_Referee/Vision_Arena_2025/install/referee_pkg/share/referee_pkg/cmake/export_referee_pkg__rosidl_generator_cppExport.cmake
[10.181s] -- Installing: /home/zjzl/Desktop/New_Referee/Vision_Arena_2025/install/referee_pkg/share/referee_pkg/cmake/export_referee_pkg__rosidl_typesupport_fastrtps_cppExport.cmake
[10.181s] -- Installing: /home/zjzl/Desktop/New_Referee/Vision_Arena_2025/install/referee_pkg/share/referee_pkg/cmake/export_referee_pkg__rosidl_typesupport_fastrtps_cppExport-noconfig.cmake
[10.181s] -- Installing: /home/zjzl/Desktop/New_Referee/Vision_Arena_2025/install/referee_pkg/share/referee_pkg/cmake/referee_pkg__rosidl_typesupport_introspection_cExport.cmake
[10.181s] -- Installing: /home/zjzl/Desktop/New_Referee/Vision_Arena_2025/install/referee_pkg/share/referee_pkg/cmake/referee_pkg__rosidl_typesupport_introspection_cExport-noconfig.cmake
[10.181s] -- Installing: /home/zjzl/Desktop/New_Referee/Vision_Arena_2025/install/referee_pkg/share/referee_pkg/cmake/referee_pkg__rosidl_typesupport_cExport.cmake
[10.181s] -- Installing: /home/zjzl/Desktop/New_Referee/Vision_Arena_2025/install/referee_pkg/share/referee_pkg/cmake/referee_pkg__rosidl_typesupport_cExport-noconfig.cmake
[10.181s] -- Installing: /home/zjzl/Desktop/New_Referee/Vision_Arena_2025/install/referee_pkg/share/referee_pkg/cmake/referee_pkg__rosidl_typesupport_introspection_cppExport.cmake
[10.182s] -- Installing: /home/zjzl/Desktop/New_Referee/Vision_Arena_2025/install/referee_pkg/share/referee_pkg/cmake/referee_pkg__rosidl_typesupport_introspection_cppExport-noconfig.cmake
[10.182s] -- Installing: /home/zjzl/Desktop/New_Referee/Vision_Arena_2025/install/referee_pkg/share/referee_pkg/cmake/referee_pkg__rosidl_typesupport_cppExport.cmake
[10.182s] -- Installing: /home/zjzl/Desktop/New_Referee/Vision_Arena_2025/install/referee_pkg/share/referee_pkg/cmake/referee_pkg__rosidl_typesupport_cppExport-noconfig.cmake
[10.182s] -- Installing: /home/zjzl/Desktop/New_Referee/Vision_Arena_2025/install/referee_pkg/share/referee_pkg/cmake/export_referee_pkg__rosidl_generator_pyExport.cmake
[10.182s] -- Installing: /home/zjzl/Desktop/New_Referee/Vision_Arena_2025/install/referee_pkg/share/referee_pkg/cmake/export_referee_pkg__rosidl_generator_pyExport-noconfig.cmake
[10.182s] -- Installing: /home/zjzl/Desktop/New_Referee/Vision_Arena_2025/install/referee_pkg/share/referee_pkg/cmake/rosidl_cmake-extras.cmake
[10.182s] -- Installing: /home/zjzl/Desktop/New_Referee/Vision_Arena_2025/install/referee_pkg/share/referee_pkg/cmake/ament_cmake_export_dependencies-extras.cmake
[10.182s] -- Installing: /home/zjzl/Desktop/New_Referee/Vision_Arena_2025/install/referee_pkg/share/referee_pkg/cmake/ament_cmake_export_include_directories-extras.cmake
[10.182s] -- Installing: /home/zjzl/Desktop/New_Referee/Vision_Arena_2025/install/referee_pkg/share/referee_pkg/cmake/ament_cmake_export_libraries-extras.cmake
[10.182s] -- Installing: /home/zjzl/Desktop/New_Referee/Vision_Arena_2025/install/referee_pkg/share/referee_pkg/cmake/ament_cmake_export_targets-extras.cmake
[10.182s] -- Installing: /home/zjzl/Desktop/New_Referee/Vision_Arena_2025/install/referee_pkg/share/referee_pkg/cmake/rosidl_cmake_export_typesupport_targets-extras.cmake
[10.182s] -- Installing: /home/zjzl/Desktop/New_Referee/Vision_Arena_2025/install/referee_pkg/share/referee_pkg/cmake/rosidl_cmake_export_typesupport_libraries-extras.cmake
[10.183s] -- Installing: /home/zjzl/Desktop/New_Referee/Vision_Arena_2025/install/referee_pkg/share/referee_pkg/cmake/referee_pkgConfig.cmake
[10.183s] -- Installing: /home/zjzl/Desktop/New_Referee/Vision_Arena_2025/install/referee_pkg/share/referee_pkg/cmake/referee_pkgConfig-version.cmake
[10.184s] -- Installing: /home/zjzl/Desktop/New_Referee/Vision_Arena_2025/install/referee_pkg/share/referee_pkg/package.xml
[10.184s] Invoked command in '/home/zjzl/Desktop/New_Referee/Vision_Arena_2025/build/referee_pkg' returned '0': CMAKE_PREFIX_PATH=/home/zjzl/Desktop/New_Referee/Vision_Arena_2025/install/pose_msg:/home/zjzl/Desktop/New_Referee/Vision_Arena_2025/install/target_model_pkg:/home/zjzl/Desktop/New_Referee/Vision_Arena_2025/install/player_pkg:/home/zjzl/Desktop/New_Referee/Vision_Arena_2025/install/referee_pkg:/home/zjzl/Desktop/New_Referee/Vision_Arena_2025/install/camera:/home/zjzl/Desktop/New_Referee/Vision_Arena_2025/install/camera_sim_pkg:/opt/ros/humble LD_LIBRARY_PATH=/home/zjzl/Desktop/New_Referee/Vision_Arena_2025/install/pose_msg/lib:/home/zjzl/Desktop/New_Referee/Vision_Arena_2025/install/target_model_pkg/lib:/home/zjzl/Desktop/New_Referee/Vision_Arena_2025/install/referee_pkg/lib:/home/zjzl/Desktop/New_Referee/Vision_Arena_2025/install/camera/lib:/opt/intel/openvino_2023.0.2/runtime/lib/intel64:/usr/local/cuda-12.4/lib64:/usr/lib/x86_64-linux-gnu/gazebo-11/plugins:/opt/ros/humble/opt/rviz_ogre_vendor/lib:/opt/ros/humble/lib/x86_64-linux-gnu:/opt/ros/humble/lib:/opt/intel/openvino_2023.0.2/runtime/lib/intel64:/usr/local/cuda-12.4/lib64 /usr/bin/cmake --install /home/zjzl/Desktop/New_Referee/Vision_Arena_2025/build/referee_pkg
