-- Found ament_cmake: 1.3.12 (/opt/ros/humble/share/ament_cmake/cmake)
-- Found rclcpp: 16.0.15 (/opt/ros/humble/share/rclcpp/cmake)
-- Found rosidl_generator_c: 3.1.7 (/opt/ros/humble/share/rosidl_generator_c/cmake)
-- Found rosidl_adapter: 3.1.7 (/opt/ros/humble/share/rosidl_adapter/cmake)
-- Found rosidl_generator_cpp: 3.1.7 (/opt/ros/humble/share/rosidl_generator_cpp/cmake)
-- Using all available rosidl_typesupport_c: rosidl_typesupport_fastrtps_c;rosidl_typesupport_introspection_c
-- Using all available rosidl_typesupport_cpp: rosidl_typesupport_fastrtps_cpp;rosidl_typesupport_introspection_cpp
-- Found rmw_implementation_cmake: 6.1.2 (/opt/ros/humble/share/rmw_implementation_cmake/cmake)
-- Found rmw_fastrtps_cpp: 6.2.8 (/opt/ros/humble/share/rmw_fastrtps_cpp/cmake)
-- Using RMW implementation 'rmw_fastrtps_cpp' as default
-- Found gazebo_msgs: 3.9.0 (/opt/ros/humble/share/gazebo_msgs/cmake)
-- Found pose_msg: 0.0.0 (/home/zjzl/Desktop/New_Referee/Vision_Arena_2025/install/pose_msg/share/pose_msg/cmake)
-- Found cv_bridge: 3.2.1 (/opt/ros/humble/share/cv_bridge/cmake)
-- Found referee_pkg: 0.0.0 (/home/zjzl/Desktop/New_Referee/Vision_Arena_2025/install/referee_pkg/share/referee_pkg/cmake)
-- Configuring done
-- Generating done
-- Build files have been written to: /home/zjzl/Desktop/New_Referee/Vision_Arena_2025/build/player_pkg
[35m[1mConsolidate compiler generated dependencies of target TestNode[0m
[ 50%] [32mBuilding CXX object CMakeFiles/TestNode.dir/src/test.cpp.o[0m
[100%] [32m[1mLinking CXX executable TestNode[0m
[100%] Built target TestNode
-- Install configuration: ""
-- Installing: /home/zjzl/Desktop/New_Referee/Vision_Arena_2025/install/player_pkg/lib/player_pkg/TestNode
-- Set runtime path of "/home/zjzl/Desktop/New_Referee/Vision_Arena_2025/install/player_pkg/lib/player_pkg/TestNode" to ""
-- Up-to-date: /home/zjzl/Desktop/New_Referee/Vision_Arena_2025/install/player_pkg/share/ament_index/resource_index/package_run_dependencies/player_pkg
-- Up-to-date: /home/zjzl/Desktop/New_Referee/Vision_Arena_2025/install/player_pkg/share/ament_index/resource_index/parent_prefix_path/player_pkg
-- Up-to-date: /home/zjzl/Desktop/New_Referee/Vision_Arena_2025/install/player_pkg/share/player_pkg/environment/ament_prefix_path.sh
-- Installing: /home/zjzl/Desktop/New_Referee/Vision_Arena_2025/install/player_pkg/share/player_pkg/environment/ament_prefix_path.dsv
-- Up-to-date: /home/zjzl/Desktop/New_Referee/Vision_Arena_2025/install/player_pkg/share/player_pkg/environment/path.sh
-- Installing: /home/zjzl/Desktop/New_Referee/Vision_Arena_2025/install/player_pkg/share/player_pkg/environment/path.dsv
-- Up-to-date: /home/zjzl/Desktop/New_Referee/Vision_Arena_2025/install/player_pkg/share/player_pkg/local_setup.bash
-- Up-to-date: /home/zjzl/Desktop/New_Referee/Vision_Arena_2025/install/player_pkg/share/player_pkg/local_setup.sh
-- Up-to-date: /home/zjzl/Desktop/New_Referee/Vision_Arena_2025/install/player_pkg/share/player_pkg/local_setup.zsh
-- Installing: /home/zjzl/Desktop/New_Referee/Vision_Arena_2025/install/player_pkg/share/player_pkg/local_setup.dsv
-- Installing: /home/zjzl/Desktop/New_Referee/Vision_Arena_2025/install/player_pkg/share/player_pkg/package.dsv
-- Up-to-date: /home/zjzl/Desktop/New_Referee/Vision_Arena_2025/install/player_pkg/share/ament_index/resource_index/packages/player_pkg
-- Up-to-date: /home/zjzl/Desktop/New_Referee/Vision_Arena_2025/install/player_pkg/share/player_pkg/cmake/player_pkgConfig.cmake
-- Up-to-date: /home/zjzl/Desktop/New_Referee/Vision_Arena_2025/install/player_pkg/share/player_pkg/cmake/player_pkgConfig-version.cmake
-- Up-to-date: /home/zjzl/Desktop/New_Referee/Vision_Arena_2025/install/player_pkg/share/player_pkg/package.xml
