[0.013s] Invoking command in '/home/zjzl/Desktop/New_Referee/Vision_Arena_2025/build/player_pkg': CMAKE_PREFIX_PATH=/home/zjzl/Desktop/New_Referee/Vision_Arena_2025/install/referee_pkg:/home/zjzl/Desktop/New_Referee/Vision_Arena_2025/install/target_model_pkg:/home/zjzl/Desktop/New_Referee/Vision_Arena_2025/install/player_pkg:/home/zjzl/Desktop/New_Referee/Vision_Arena_2025/install/camera:/home/zjzl/Desktop/New_Referee/Vision_Arena_2025/install/pose_msg:/home/zjzl/Desktop/New_Referee/Vision_Arena_2025/install/camera_sim_pkg:/opt/ros/humble LD_LIBRARY_PATH=/home/zjzl/Desktop/New_Referee/Vision_Arena_2025/install/referee_pkg/lib:/home/zjzl/Desktop/New_Referee/Vision_Arena_2025/install/target_model_pkg/lib:/home/zjzl/Desktop/New_Referee/Vision_Arena_2025/install/camera/lib:/home/zjzl/Desktop/New_Referee/Vision_Arena_2025/install/pose_msg/lib:/opt/intel/openvino_2023.0.2/runtime/lib/intel64:/usr/local/cuda-12.4/lib64:/usr/lib/x86_64-linux-gnu/gazebo-11/plugins:/opt/ros/humble/opt/rviz_ogre_vendor/lib:/opt/ros/humble/lib/x86_64-linux-gnu:/opt/ros/humble/lib:/opt/intel/openvino_2023.0.2/runtime/lib/intel64:/usr/local/cuda-12.4/lib64 /usr/bin/cmake --build /home/zjzl/Desktop/New_Referee/Vision_Arena_2025/build/player_pkg -- -j32 -l32
[0.028s] -- Found ament_cmake: 1.3.12 (/opt/ros/humble/share/ament_cmake/cmake)
[0.098s] -- Found rclcpp: 16.0.15 (/opt/ros/humble/share/rclcpp/cmake)
[0.112s] -- Found rosidl_generator_c: 3.1.7 (/opt/ros/humble/share/rosidl_generator_c/cmake)
[0.114s] -- Found rosidl_adapter: 3.1.7 (/opt/ros/humble/share/rosidl_adapter/cmake)
[0.117s] -- Found rosidl_generator_cpp: 3.1.7 (/opt/ros/humble/share/rosidl_generator_cpp/cmake)
[0.122s] -- Using all available rosidl_typesupport_c: rosidl_typesupport_fastrtps_c;rosidl_typesupport_introspection_c
[0.128s] -- Using all available rosidl_typesupport_cpp: rosidl_typesupport_fastrtps_cpp;rosidl_typesupport_introspection_cpp
[0.145s] -- Found rmw_implementation_cmake: 6.1.2 (/opt/ros/humble/share/rmw_implementation_cmake/cmake)
[0.146s] -- Found rmw_fastrtps_cpp: 6.2.8 (/opt/ros/humble/share/rmw_fastrtps_cpp/cmake)
[0.207s] -- Using RMW implementation 'rmw_fastrtps_cpp' as default
[0.233s] -- Found gazebo_msgs: 3.9.0 (/opt/ros/humble/share/gazebo_msgs/cmake)
[0.261s] -- Found pose_msg: 0.0.0 (/home/zjzl/Desktop/New_Referee/Vision_Arena_2025/install/pose_msg/share/pose_msg/cmake)
[0.268s] -- Found cv_bridge: 3.2.1 (/opt/ros/humble/share/cv_bridge/cmake)
[0.278s] -- Found referee_pkg: 0.0.0 (/home/zjzl/Desktop/New_Referee/Vision_Arena_2025/install/referee_pkg/share/referee_pkg/cmake)
[0.333s] -- Configuring done
[0.341s] -- Generating done
[0.344s] -- Build files have been written to: /home/zjzl/Desktop/New_Referee/Vision_Arena_2025/build/player_pkg
[0.362s] [35m[1mConsolidate compiler generated dependencies of target TestNode[0m
[0.374s] [ 50%] [32mBuilding CXX object CMakeFiles/TestNode.dir/src/test.cpp.o[0m
[5.206s] [100%] [32m[1mLinking CXX executable TestNode[0m
[5.602s] [100%] Built target TestNode
[5.613s] Invoked command in '/home/zjzl/Desktop/New_Referee/Vision_Arena_2025/build/player_pkg' returned '0': CMAKE_PREFIX_PATH=/home/zjzl/Desktop/New_Referee/Vision_Arena_2025/install/referee_pkg:/home/zjzl/Desktop/New_Referee/Vision_Arena_2025/install/target_model_pkg:/home/zjzl/Desktop/New_Referee/Vision_Arena_2025/install/player_pkg:/home/zjzl/Desktop/New_Referee/Vision_Arena_2025/install/camera:/home/zjzl/Desktop/New_Referee/Vision_Arena_2025/install/pose_msg:/home/zjzl/Desktop/New_Referee/Vision_Arena_2025/install/camera_sim_pkg:/opt/ros/humble LD_LIBRARY_PATH=/home/zjzl/Desktop/New_Referee/Vision_Arena_2025/install/referee_pkg/lib:/home/zjzl/Desktop/New_Referee/Vision_Arena_2025/install/target_model_pkg/lib:/home/zjzl/Desktop/New_Referee/Vision_Arena_2025/install/camera/lib:/home/zjzl/Desktop/New_Referee/Vision_Arena_2025/install/pose_msg/lib:/opt/intel/openvino_2023.0.2/runtime/lib/intel64:/usr/local/cuda-12.4/lib64:/usr/lib/x86_64-linux-gnu/gazebo-11/plugins:/opt/ros/humble/opt/rviz_ogre_vendor/lib:/opt/ros/humble/lib/x86_64-linux-gnu:/opt/ros/humble/lib:/opt/intel/openvino_2023.0.2/runtime/lib/intel64:/usr/local/cuda-12.4/lib64 /usr/bin/cmake --build /home/zjzl/Desktop/New_Referee/Vision_Arena_2025/build/player_pkg -- -j32 -l32
[5.619s] Invoking command in '/home/zjzl/Desktop/New_Referee/Vision_Arena_2025/build/player_pkg': CMAKE_PREFIX_PATH=/home/zjzl/Desktop/New_Referee/Vision_Arena_2025/install/referee_pkg:/home/zjzl/Desktop/New_Referee/Vision_Arena_2025/install/target_model_pkg:/home/zjzl/Desktop/New_Referee/Vision_Arena_2025/install/player_pkg:/home/zjzl/Desktop/New_Referee/Vision_Arena_2025/install/camera:/home/zjzl/Desktop/New_Referee/Vision_Arena_2025/install/pose_msg:/home/zjzl/Desktop/New_Referee/Vision_Arena_2025/install/camera_sim_pkg:/opt/ros/humble LD_LIBRARY_PATH=/home/zjzl/Desktop/New_Referee/Vision_Arena_2025/install/referee_pkg/lib:/home/zjzl/Desktop/New_Referee/Vision_Arena_2025/install/target_model_pkg/lib:/home/zjzl/Desktop/New_Referee/Vision_Arena_2025/install/camera/lib:/home/zjzl/Desktop/New_Referee/Vision_Arena_2025/install/pose_msg/lib:/opt/intel/openvino_2023.0.2/runtime/lib/intel64:/usr/local/cuda-12.4/lib64:/usr/lib/x86_64-linux-gnu/gazebo-11/plugins:/opt/ros/humble/opt/rviz_ogre_vendor/lib:/opt/ros/humble/lib/x86_64-linux-gnu:/opt/ros/humble/lib:/opt/intel/openvino_2023.0.2/runtime/lib/intel64:/usr/local/cuda-12.4/lib64 /usr/bin/cmake --install /home/zjzl/Desktop/New_Referee/Vision_Arena_2025/build/player_pkg
[5.624s] -- Install configuration: ""
[5.624s] -- Installing: /home/zjzl/Desktop/New_Referee/Vision_Arena_2025/install/player_pkg/lib/player_pkg/TestNode
[5.626s] -- Set runtime path of "/home/zjzl/Desktop/New_Referee/Vision_Arena_2025/install/player_pkg/lib/player_pkg/TestNode" to ""
[5.626s] -- Up-to-date: /home/zjzl/Desktop/New_Referee/Vision_Arena_2025/install/player_pkg/share/ament_index/resource_index/package_run_dependencies/player_pkg
[5.626s] -- Up-to-date: /home/zjzl/Desktop/New_Referee/Vision_Arena_2025/install/player_pkg/share/ament_index/resource_index/parent_prefix_path/player_pkg
[5.626s] -- Up-to-date: /home/zjzl/Desktop/New_Referee/Vision_Arena_2025/install/player_pkg/share/player_pkg/environment/ament_prefix_path.sh
[5.626s] -- Installing: /home/zjzl/Desktop/New_Referee/Vision_Arena_2025/install/player_pkg/share/player_pkg/environment/ament_prefix_path.dsv
[5.626s] -- Up-to-date: /home/zjzl/Desktop/New_Referee/Vision_Arena_2025/install/player_pkg/share/player_pkg/environment/path.sh
[5.626s] -- Installing: /home/zjzl/Desktop/New_Referee/Vision_Arena_2025/install/player_pkg/share/player_pkg/environment/path.dsv
[5.626s] -- Up-to-date: /home/zjzl/Desktop/New_Referee/Vision_Arena_2025/install/player_pkg/share/player_pkg/local_setup.bash
[5.627s] -- Up-to-date: /home/zjzl/Desktop/New_Referee/Vision_Arena_2025/install/player_pkg/share/player_pkg/local_setup.sh
[5.627s] -- Up-to-date: /home/zjzl/Desktop/New_Referee/Vision_Arena_2025/install/player_pkg/share/player_pkg/local_setup.zsh
[5.627s] -- Installing: /home/zjzl/Desktop/New_Referee/Vision_Arena_2025/install/player_pkg/share/player_pkg/local_setup.dsv
[5.627s] -- Installing: /home/zjzl/Desktop/New_Referee/Vision_Arena_2025/install/player_pkg/share/player_pkg/package.dsv
[5.627s] -- Up-to-date: /home/zjzl/Desktop/New_Referee/Vision_Arena_2025/install/player_pkg/share/ament_index/resource_index/packages/player_pkg
[5.627s] -- Up-to-date: /home/zjzl/Desktop/New_Referee/Vision_Arena_2025/install/player_pkg/share/player_pkg/cmake/player_pkgConfig.cmake
[5.627s] -- Up-to-date: /home/zjzl/Desktop/New_Referee/Vision_Arena_2025/install/player_pkg/share/player_pkg/cmake/player_pkgConfig-version.cmake
[5.627s] -- Up-to-date: /home/zjzl/Desktop/New_Referee/Vision_Arena_2025/install/player_pkg/share/player_pkg/package.xml
[5.628s] Invoked command in '/home/zjzl/Desktop/New_Referee/Vision_Arena_2025/build/player_pkg' returned '0': CMAKE_PREFIX_PATH=/home/zjzl/Desktop/New_Referee/Vision_Arena_2025/install/referee_pkg:/home/zjzl/Desktop/New_Referee/Vision_Arena_2025/install/target_model_pkg:/home/zjzl/Desktop/New_Referee/Vision_Arena_2025/install/player_pkg:/home/zjzl/Desktop/New_Referee/Vision_Arena_2025/install/camera:/home/zjzl/Desktop/New_Referee/Vision_Arena_2025/install/pose_msg:/home/zjzl/Desktop/New_Referee/Vision_Arena_2025/install/camera_sim_pkg:/opt/ros/humble LD_LIBRARY_PATH=/home/zjzl/Desktop/New_Referee/Vision_Arena_2025/install/referee_pkg/lib:/home/zjzl/Desktop/New_Referee/Vision_Arena_2025/install/target_model_pkg/lib:/home/zjzl/Desktop/New_Referee/Vision_Arena_2025/install/camera/lib:/home/zjzl/Desktop/New_Referee/Vision_Arena_2025/install/pose_msg/lib:/opt/intel/openvino_2023.0.2/runtime/lib/intel64:/usr/local/cuda-12.4/lib64:/usr/lib/x86_64-linux-gnu/gazebo-11/plugins:/opt/ros/humble/opt/rviz_ogre_vendor/lib:/opt/ros/humble/lib/x86_64-linux-gnu:/opt/ros/humble/lib:/opt/intel/openvino_2023.0.2/runtime/lib/intel64:/usr/local/cuda-12.4/lib64 /usr/bin/cmake --install /home/zjzl/Desktop/New_Referee/Vision_Arena_2025/build/player_pkg
