[0.045s] DEBUG:colcon:Command line arguments: ['/usr/bin/colcon', 'build']
[0.045s] DEBUG:colcon:Parsed command line arguments: Namespace(log_base=None, log_level=None, verb_name='build', build_base='build', install_base='install', merge_install=False, symlink_install=False, test_result_base=None, continue_on_error=False, executor='parallel', parallel_workers=32, event_handlers=None, ignore_user_meta=False, metas=['./colcon.meta'], base_paths=['.'], packages_ignore=None, packages_ignore_regex=None, paths=None, packages_up_to=None, packages_up_to_regex=None, packages_above=None, packages_above_and_dependencies=None, packages_above_depth=None, packages_select_by_dep=None, packages_skip_by_dep=None, packages_skip_up_to=None, packages_select_build_failed=False, packages_skip_build_finished=False, packages_select_test_failures=False, packages_skip_test_passed=False, packages_select=None, packages_skip=None, packages_select_regex=None, packages_skip_regex=None, packages_start=None, packages_end=None, allow_overriding=[], cmake_args=None, cmake_target=None, cmake_target_skip_unavailable=False, cmake_clean_cache=False, cmake_clean_first=False, cmake_force_configure=False, ament_cmake_args=None, catkin_cmake_args=None, catkin_skip_building_tests=False, verb_parser=<colcon_defaults.argument_parser.defaults.DefaultArgumentsDecorator object at 0x768f436687f0>, verb_extension=<colcon_core.verb.build.BuildVerb object at 0x768f43668280>, main=<bound method BuildVerb.main of <colcon_core.verb.build.BuildVerb object at 0x768f43668280>>)
[0.110s] Level 1:colcon.colcon_core.package_discovery:discover_packages(colcon_meta) check parameters
[0.110s] Level 1:colcon.colcon_core.package_discovery:discover_packages(recursive) check parameters
[0.110s] Level 1:colcon.colcon_core.package_discovery:discover_packages(ignore) check parameters
[0.110s] Level 1:colcon.colcon_core.package_discovery:discover_packages(path) check parameters
[0.110s] Level 1:colcon.colcon_core.package_discovery:discover_packages(colcon_meta) discover
[0.110s] Level 1:colcon.colcon_core.package_discovery:discover_packages(recursive) discover
[0.110s] INFO:colcon.colcon_core.package_discovery:Crawling recursively for packages in '/home/zjzl/Desktop/New_Referee/Vision_Arena_2025'
[0.110s] Level 1:colcon.colcon_core.package_identification:_identify(.) by extensions ['ignore', 'ignore_ament_install']
[0.110s] Level 1:colcon.colcon_core.package_identification:_identify(.) by extension 'ignore'
[0.110s] Level 1:colcon.colcon_core.package_identification:_identify(.) by extension 'ignore_ament_install'
[0.110s] Level 1:colcon.colcon_core.package_identification:_identify(.) by extensions ['colcon_pkg']
[0.110s] Level 1:colcon.colcon_core.package_identification:_identify(.) by extension 'colcon_pkg'
[0.110s] Level 1:colcon.colcon_core.package_identification:_identify(.) by extensions ['colcon_meta']
[0.110s] Level 1:colcon.colcon_core.package_identification:_identify(.) by extension 'colcon_meta'
[0.110s] Level 1:colcon.colcon_core.package_identification:_identify(.) by extensions ['ros']
[0.110s] Level 1:colcon.colcon_core.package_identification:_identify(.) by extension 'ros'
[0.115s] Level 1:colcon.colcon_core.package_identification:_identify(.) by extensions ['cmake', 'python']
[0.115s] Level 1:colcon.colcon_core.package_identification:_identify(.) by extension 'cmake'
[0.116s] Level 1:colcon.colcon_core.package_identification:_identify(.) by extension 'python'
[0.116s] Level 1:colcon.colcon_core.package_identification:_identify(.) by extensions ['python_setup_py']
[0.116s] Level 1:colcon.colcon_core.package_identification:_identify(.) by extension 'python_setup_py'
[0.116s] Level 1:colcon.colcon_core.package_identification:_identify(build) by extensions ['ignore', 'ignore_ament_install']
[0.116s] Level 1:colcon.colcon_core.package_identification:_identify(build) by extension 'ignore'
[0.116s] Level 1:colcon.colcon_core.package_identification:_identify(build) ignored
[0.116s] Level 1:colcon.colcon_core.package_identification:_identify(install) by extensions ['ignore', 'ignore_ament_install']
[0.116s] Level 1:colcon.colcon_core.package_identification:_identify(install) by extension 'ignore'
[0.116s] Level 1:colcon.colcon_core.package_identification:_identify(install) ignored
[0.116s] Level 1:colcon.colcon_core.package_identification:_identify(log) by extensions ['ignore', 'ignore_ament_install']
[0.116s] Level 1:colcon.colcon_core.package_identification:_identify(log) by extension 'ignore'
[0.116s] Level 1:colcon.colcon_core.package_identification:_identify(log) ignored
[0.116s] Level 1:colcon.colcon_core.package_identification:_identify(results) by extensions ['ignore', 'ignore_ament_install']
[0.116s] Level 1:colcon.colcon_core.package_identification:_identify(results) by extension 'ignore'
[0.116s] Level 1:colcon.colcon_core.package_identification:_identify(results) by extension 'ignore_ament_install'
[0.116s] Level 1:colcon.colcon_core.package_identification:_identify(results) by extensions ['colcon_pkg']
[0.116s] Level 1:colcon.colcon_core.package_identification:_identify(results) by extension 'colcon_pkg'
[0.116s] Level 1:colcon.colcon_core.package_identification:_identify(results) by extensions ['colcon_meta']
[0.116s] Level 1:colcon.colcon_core.package_identification:_identify(results) by extension 'colcon_meta'
[0.116s] Level 1:colcon.colcon_core.package_identification:_identify(results) by extensions ['ros']
[0.116s] Level 1:colcon.colcon_core.package_identification:_identify(results) by extension 'ros'
[0.116s] Level 1:colcon.colcon_core.package_identification:_identify(results) by extensions ['cmake', 'python']
[0.116s] Level 1:colcon.colcon_core.package_identification:_identify(results) by extension 'cmake'
[0.116s] Level 1:colcon.colcon_core.package_identification:_identify(results) by extension 'python'
[0.116s] Level 1:colcon.colcon_core.package_identification:_identify(results) by extensions ['python_setup_py']
[0.116s] Level 1:colcon.colcon_core.package_identification:_identify(results) by extension 'python_setup_py'
[0.116s] Level 1:colcon.colcon_core.package_identification:_identify(src) by extensions ['ignore', 'ignore_ament_install']
[0.116s] Level 1:colcon.colcon_core.package_identification:_identify(src) by extension 'ignore'
[0.116s] Level 1:colcon.colcon_core.package_identification:_identify(src) by extension 'ignore_ament_install'
[0.116s] Level 1:colcon.colcon_core.package_identification:_identify(src) by extensions ['colcon_pkg']
[0.116s] Level 1:colcon.colcon_core.package_identification:_identify(src) by extension 'colcon_pkg'
[0.116s] Level 1:colcon.colcon_core.package_identification:_identify(src) by extensions ['colcon_meta']
[0.116s] Level 1:colcon.colcon_core.package_identification:_identify(src) by extension 'colcon_meta'
[0.116s] Level 1:colcon.colcon_core.package_identification:_identify(src) by extensions ['ros']
[0.116s] Level 1:colcon.colcon_core.package_identification:_identify(src) by extension 'ros'
[0.116s] Level 1:colcon.colcon_core.package_identification:_identify(src) by extensions ['cmake', 'python']
[0.116s] Level 1:colcon.colcon_core.package_identification:_identify(src) by extension 'cmake'
[0.116s] Level 1:colcon.colcon_core.package_identification:_identify(src) by extension 'python'
[0.116s] Level 1:colcon.colcon_core.package_identification:_identify(src) by extensions ['python_setup_py']
[0.116s] Level 1:colcon.colcon_core.package_identification:_identify(src) by extension 'python_setup_py'
[0.116s] Level 1:colcon.colcon_core.package_identification:_identify(src/camera_sim_pkg) by extensions ['ignore', 'ignore_ament_install']
[0.116s] Level 1:colcon.colcon_core.package_identification:_identify(src/camera_sim_pkg) by extension 'ignore'
[0.116s] Level 1:colcon.colcon_core.package_identification:_identify(src/camera_sim_pkg) by extension 'ignore_ament_install'
[0.116s] Level 1:colcon.colcon_core.package_identification:_identify(src/camera_sim_pkg) by extensions ['colcon_pkg']
[0.116s] Level 1:colcon.colcon_core.package_identification:_identify(src/camera_sim_pkg) by extension 'colcon_pkg'
[0.116s] Level 1:colcon.colcon_core.package_identification:_identify(src/camera_sim_pkg) by extensions ['colcon_meta']
[0.116s] Level 1:colcon.colcon_core.package_identification:_identify(src/camera_sim_pkg) by extension 'colcon_meta'
[0.116s] Level 1:colcon.colcon_core.package_identification:_identify(src/camera_sim_pkg) by extensions ['ros']
[0.117s] Level 1:colcon.colcon_core.package_identification:_identify(src/camera_sim_pkg) by extension 'ros'
[0.118s] DEBUG:colcon.colcon_core.package_identification:Package 'src/camera_sim_pkg' with type 'ros.ament_cmake' and name 'camera_sim_pkg'
[0.118s] Level 1:colcon.colcon_core.package_identification:_identify(src/player_pkg) by extensions ['ignore', 'ignore_ament_install']
[0.118s] Level 1:colcon.colcon_core.package_identification:_identify(src/player_pkg) by extension 'ignore'
[0.118s] Level 1:colcon.colcon_core.package_identification:_identify(src/player_pkg) by extension 'ignore_ament_install'
[0.118s] Level 1:colcon.colcon_core.package_identification:_identify(src/player_pkg) by extensions ['colcon_pkg']
[0.118s] Level 1:colcon.colcon_core.package_identification:_identify(src/player_pkg) by extension 'colcon_pkg'
[0.118s] Level 1:colcon.colcon_core.package_identification:_identify(src/player_pkg) by extensions ['colcon_meta']
[0.118s] Level 1:colcon.colcon_core.package_identification:_identify(src/player_pkg) by extension 'colcon_meta'
[0.118s] Level 1:colcon.colcon_core.package_identification:_identify(src/player_pkg) by extensions ['ros']
[0.118s] Level 1:colcon.colcon_core.package_identification:_identify(src/player_pkg) by extension 'ros'
[0.118s] DEBUG:colcon.colcon_core.package_identification:Package 'src/player_pkg' with type 'ros.ament_cmake' and name 'player_pkg'
[0.118s] Level 1:colcon.colcon_core.package_identification:_identify(src/referee_pkg) by extensions ['ignore', 'ignore_ament_install']
[0.118s] Level 1:colcon.colcon_core.package_identification:_identify(src/referee_pkg) by extension 'ignore'
[0.118s] Level 1:colcon.colcon_core.package_identification:_identify(src/referee_pkg) by extension 'ignore_ament_install'
[0.118s] Level 1:colcon.colcon_core.package_identification:_identify(src/referee_pkg) by extensions ['colcon_pkg']
[0.118s] Level 1:colcon.colcon_core.package_identification:_identify(src/referee_pkg) by extension 'colcon_pkg'
[0.118s] Level 1:colcon.colcon_core.package_identification:_identify(src/referee_pkg) by extensions ['colcon_meta']
[0.118s] Level 1:colcon.colcon_core.package_identification:_identify(src/referee_pkg) by extension 'colcon_meta'
[0.118s] Level 1:colcon.colcon_core.package_identification:_identify(src/referee_pkg) by extensions ['ros']
[0.118s] Level 1:colcon.colcon_core.package_identification:_identify(src/referee_pkg) by extension 'ros'
[0.119s] DEBUG:colcon.colcon_core.package_identification:Package 'src/referee_pkg' with type 'ros.ament_cmake' and name 'referee_pkg'
[0.119s] Level 1:colcon.colcon_core.package_identification:_identify(src/target_model_pkg) by extensions ['ignore', 'ignore_ament_install']
[0.119s] Level 1:colcon.colcon_core.package_identification:_identify(src/target_model_pkg) by extension 'ignore'
[0.119s] Level 1:colcon.colcon_core.package_identification:_identify(src/target_model_pkg) by extension 'ignore_ament_install'
[0.119s] Level 1:colcon.colcon_core.package_identification:_identify(src/target_model_pkg) by extensions ['colcon_pkg']
[0.119s] Level 1:colcon.colcon_core.package_identification:_identify(src/target_model_pkg) by extension 'colcon_pkg'
[0.119s] Level 1:colcon.colcon_core.package_identification:_identify(src/target_model_pkg) by extensions ['colcon_meta']
[0.119s] Level 1:colcon.colcon_core.package_identification:_identify(src/target_model_pkg) by extension 'colcon_meta'
[0.119s] Level 1:colcon.colcon_core.package_identification:_identify(src/target_model_pkg) by extensions ['ros']
[0.119s] Level 1:colcon.colcon_core.package_identification:_identify(src/target_model_pkg) by extension 'ros'
[0.119s] DEBUG:colcon.colcon_core.package_identification:Package 'src/target_model_pkg' with type 'ros.ament_cmake' and name 'target_model_pkg'
[0.119s] Level 1:colcon.colcon_core.package_discovery:discover_packages(recursive) using defaults
[0.120s] Level 1:colcon.colcon_core.package_discovery:discover_packages(ignore) discover
[0.120s] Level 1:colcon.colcon_core.package_discovery:discover_packages(ignore) using defaults
[0.120s] Level 1:colcon.colcon_core.package_discovery:discover_packages(path) discover
[0.120s] Level 1:colcon.colcon_core.package_discovery:discover_packages(path) using defaults
[0.135s] Level 1:colcon.colcon_core.package_discovery:discover_packages(prefix_path) check parameters
[0.135s] Level 1:colcon.colcon_core.package_discovery:discover_packages(prefix_path) discover
[0.136s] WARNING:colcon.colcon_ros.prefix_path.ament:The path '/home/zjzl/Desktop/New_Referee/Vision_Arena_2025/install/target_model_pkg' in the environment variable AMENT_PREFIX_PATH doesn't exist
[0.136s] WARNING:colcon.colcon_ros.prefix_path.ament:The path '/home/zjzl/Desktop/New_Referee/Vision_Arena_2025/install/player_pkg' in the environment variable AMENT_PREFIX_PATH doesn't exist
[0.136s] WARNING:colcon.colcon_ros.prefix_path.ament:The path '/home/zjzl/Desktop/New_Referee/Vision_Arena_2025/install/referee_pkg' in the environment variable AMENT_PREFIX_PATH doesn't exist
[0.136s] WARNING:colcon.colcon_ros.prefix_path.ament:The path '/home/zjzl/Desktop/New_Referee/Vision_Arena_2025/install/camera' in the environment variable AMENT_PREFIX_PATH doesn't exist
[0.136s] WARNING:colcon.colcon_ros.prefix_path.ament:The path '/home/zjzl/Desktop/New_Referee/Vision_Arena_2025/install/pose_msg' in the environment variable AMENT_PREFIX_PATH doesn't exist
[0.136s] WARNING:colcon.colcon_ros.prefix_path.ament:The path '/home/zjzl/Desktop/New_Referee/Vision_Arena_2025/install/camera_sim_pkg' in the environment variable AMENT_PREFIX_PATH doesn't exist
[0.136s] WARNING:colcon.colcon_ros.prefix_path.catkin:The path '/home/zjzl/Desktop/New_Referee/Vision_Arena_2025/install/target_model_pkg' in the environment variable CMAKE_PREFIX_PATH doesn't exist
[0.136s] WARNING:colcon.colcon_ros.prefix_path.catkin:The path '/home/zjzl/Desktop/New_Referee/Vision_Arena_2025/install/player_pkg' in the environment variable CMAKE_PREFIX_PATH doesn't exist
[0.136s] WARNING:colcon.colcon_ros.prefix_path.catkin:The path '/home/zjzl/Desktop/New_Referee/Vision_Arena_2025/install/referee_pkg' in the environment variable CMAKE_PREFIX_PATH doesn't exist
[0.136s] WARNING:colcon.colcon_ros.prefix_path.catkin:The path '/home/zjzl/Desktop/New_Referee/Vision_Arena_2025/install/camera' in the environment variable CMAKE_PREFIX_PATH doesn't exist
[0.136s] WARNING:colcon.colcon_ros.prefix_path.catkin:The path '/home/zjzl/Desktop/New_Referee/Vision_Arena_2025/install/pose_msg' in the environment variable CMAKE_PREFIX_PATH doesn't exist
[0.136s] WARNING:colcon.colcon_ros.prefix_path.catkin:The path '/home/zjzl/Desktop/New_Referee/Vision_Arena_2025/install/camera_sim_pkg' in the environment variable CMAKE_PREFIX_PATH doesn't exist
[0.136s] DEBUG:colcon.colcon_installed_package_information.package_discovery:Found 0 installed packages in /home/zjzl/Desktop/New_Referee/Vision_Arena_2025/install
[0.137s] DEBUG:colcon.colcon_installed_package_information.package_discovery:Found 283 installed packages in /opt/ros/humble
[0.137s] Level 1:colcon.colcon_core.package_discovery:discover_packages(prefix_path) using defaults
[0.153s] Level 5:colcon.colcon_core.verb:set package 'camera_sim_pkg' build argument 'cmake_args' from command line to 'None'
[0.153s] Level 5:colcon.colcon_core.verb:set package 'camera_sim_pkg' build argument 'cmake_target' from command line to 'None'
[0.153s] Level 5:colcon.colcon_core.verb:set package 'camera_sim_pkg' build argument 'cmake_target_skip_unavailable' from command line to 'False'
[0.153s] Level 5:colcon.colcon_core.verb:set package 'camera_sim_pkg' build argument 'cmake_clean_cache' from command line to 'False'
[0.153s] Level 5:colcon.colcon_core.verb:set package 'camera_sim_pkg' build argument 'cmake_clean_first' from command line to 'False'
[0.153s] Level 5:colcon.colcon_core.verb:set package 'camera_sim_pkg' build argument 'cmake_force_configure' from command line to 'False'
[0.153s] Level 5:colcon.colcon_core.verb:set package 'camera_sim_pkg' build argument 'ament_cmake_args' from command line to 'None'
[0.153s] Level 5:colcon.colcon_core.verb:set package 'camera_sim_pkg' build argument 'catkin_cmake_args' from command line to 'None'
[0.153s] Level 5:colcon.colcon_core.verb:set package 'camera_sim_pkg' build argument 'catkin_skip_building_tests' from command line to 'False'
[0.153s] DEBUG:colcon.colcon_core.verb:Building package 'camera_sim_pkg' with the following arguments: {'ament_cmake_args': None, 'build_base': '/home/zjzl/Desktop/New_Referee/Vision_Arena_2025/build/camera_sim_pkg', 'catkin_cmake_args': None, 'catkin_skip_building_tests': False, 'cmake_args': None, 'cmake_clean_cache': False, 'cmake_clean_first': False, 'cmake_force_configure': False, 'cmake_target': None, 'cmake_target_skip_unavailable': False, 'install_base': '/home/zjzl/Desktop/New_Referee/Vision_Arena_2025/install/camera_sim_pkg', 'merge_install': False, 'path': '/home/zjzl/Desktop/New_Referee/Vision_Arena_2025/src/camera_sim_pkg', 'symlink_install': False, 'test_result_base': None}
[0.153s] Level 5:colcon.colcon_core.verb:set package 'referee_pkg' build argument 'cmake_args' from command line to 'None'
[0.153s] Level 5:colcon.colcon_core.verb:set package 'referee_pkg' build argument 'cmake_target' from command line to 'None'
[0.153s] Level 5:colcon.colcon_core.verb:set package 'referee_pkg' build argument 'cmake_target_skip_unavailable' from command line to 'False'
[0.153s] Level 5:colcon.colcon_core.verb:set package 'referee_pkg' build argument 'cmake_clean_cache' from command line to 'False'
[0.153s] Level 5:colcon.colcon_core.verb:set package 'referee_pkg' build argument 'cmake_clean_first' from command line to 'False'
[0.153s] Level 5:colcon.colcon_core.verb:set package 'referee_pkg' build argument 'cmake_force_configure' from command line to 'False'
[0.153s] Level 5:colcon.colcon_core.verb:set package 'referee_pkg' build argument 'ament_cmake_args' from command line to 'None'
[0.153s] Level 5:colcon.colcon_core.verb:set package 'referee_pkg' build argument 'catkin_cmake_args' from command line to 'None'
[0.153s] Level 5:colcon.colcon_core.verb:set package 'referee_pkg' build argument 'catkin_skip_building_tests' from command line to 'False'
[0.153s] DEBUG:colcon.colcon_core.verb:Building package 'referee_pkg' with the following arguments: {'ament_cmake_args': None, 'build_base': '/home/zjzl/Desktop/New_Referee/Vision_Arena_2025/build/referee_pkg', 'catkin_cmake_args': None, 'catkin_skip_building_tests': False, 'cmake_args': None, 'cmake_clean_cache': False, 'cmake_clean_first': False, 'cmake_force_configure': False, 'cmake_target': None, 'cmake_target_skip_unavailable': False, 'install_base': '/home/zjzl/Desktop/New_Referee/Vision_Arena_2025/install/referee_pkg', 'merge_install': False, 'path': '/home/zjzl/Desktop/New_Referee/Vision_Arena_2025/src/referee_pkg', 'symlink_install': False, 'test_result_base': None}
[0.154s] Level 5:colcon.colcon_core.verb:set package 'target_model_pkg' build argument 'cmake_args' from command line to 'None'
[0.154s] Level 5:colcon.colcon_core.verb:set package 'target_model_pkg' build argument 'cmake_target' from command line to 'None'
[0.154s] Level 5:colcon.colcon_core.verb:set package 'target_model_pkg' build argument 'cmake_target_skip_unavailable' from command line to 'False'
[0.154s] Level 5:colcon.colcon_core.verb:set package 'target_model_pkg' build argument 'cmake_clean_cache' from command line to 'False'
[0.154s] Level 5:colcon.colcon_core.verb:set package 'target_model_pkg' build argument 'cmake_clean_first' from command line to 'False'
[0.154s] Level 5:colcon.colcon_core.verb:set package 'target_model_pkg' build argument 'cmake_force_configure' from command line to 'False'
[0.154s] Level 5:colcon.colcon_core.verb:set package 'target_model_pkg' build argument 'ament_cmake_args' from command line to 'None'
[0.154s] Level 5:colcon.colcon_core.verb:set package 'target_model_pkg' build argument 'catkin_cmake_args' from command line to 'None'
[0.154s] Level 5:colcon.colcon_core.verb:set package 'target_model_pkg' build argument 'catkin_skip_building_tests' from command line to 'False'
[0.154s] DEBUG:colcon.colcon_core.verb:Building package 'target_model_pkg' with the following arguments: {'ament_cmake_args': None, 'build_base': '/home/zjzl/Desktop/New_Referee/Vision_Arena_2025/build/target_model_pkg', 'catkin_cmake_args': None, 'catkin_skip_building_tests': False, 'cmake_args': None, 'cmake_clean_cache': False, 'cmake_clean_first': False, 'cmake_force_configure': False, 'cmake_target': None, 'cmake_target_skip_unavailable': False, 'install_base': '/home/zjzl/Desktop/New_Referee/Vision_Arena_2025/install/target_model_pkg', 'merge_install': False, 'path': '/home/zjzl/Desktop/New_Referee/Vision_Arena_2025/src/target_model_pkg', 'symlink_install': False, 'test_result_base': None}
[0.154s] Level 5:colcon.colcon_core.verb:set package 'player_pkg' build argument 'cmake_args' from command line to 'None'
[0.154s] Level 5:colcon.colcon_core.verb:set package 'player_pkg' build argument 'cmake_target' from command line to 'None'
[0.154s] Level 5:colcon.colcon_core.verb:set package 'player_pkg' build argument 'cmake_target_skip_unavailable' from command line to 'False'
[0.154s] Level 5:colcon.colcon_core.verb:set package 'player_pkg' build argument 'cmake_clean_cache' from command line to 'False'
[0.154s] Level 5:colcon.colcon_core.verb:set package 'player_pkg' build argument 'cmake_clean_first' from command line to 'False'
[0.154s] Level 5:colcon.colcon_core.verb:set package 'player_pkg' build argument 'cmake_force_configure' from command line to 'False'
[0.154s] Level 5:colcon.colcon_core.verb:set package 'player_pkg' build argument 'ament_cmake_args' from command line to 'None'
[0.154s] Level 5:colcon.colcon_core.verb:set package 'player_pkg' build argument 'catkin_cmake_args' from command line to 'None'
[0.154s] Level 5:colcon.colcon_core.verb:set package 'player_pkg' build argument 'catkin_skip_building_tests' from command line to 'False'
[0.154s] DEBUG:colcon.colcon_core.verb:Building package 'player_pkg' with the following arguments: {'ament_cmake_args': None, 'build_base': '/home/zjzl/Desktop/New_Referee/Vision_Arena_2025/build/player_pkg', 'catkin_cmake_args': None, 'catkin_skip_building_tests': False, 'cmake_args': None, 'cmake_clean_cache': False, 'cmake_clean_first': False, 'cmake_force_configure': False, 'cmake_target': None, 'cmake_target_skip_unavailable': False, 'install_base': '/home/zjzl/Desktop/New_Referee/Vision_Arena_2025/install/player_pkg', 'merge_install': False, 'path': '/home/zjzl/Desktop/New_Referee/Vision_Arena_2025/src/player_pkg', 'symlink_install': False, 'test_result_base': None}
[0.154s] INFO:colcon.colcon_core.executor:Executing jobs using 'parallel' executor
[0.155s] DEBUG:colcon.colcon_parallel_executor.executor.parallel:run_until_complete
[0.155s] INFO:colcon.colcon_ros.task.ament_cmake.build:Building ROS package in '/home/zjzl/Desktop/New_Referee/Vision_Arena_2025/src/referee_pkg' with build type 'ament_cmake'
[0.155s] INFO:colcon.colcon_cmake.task.cmake.build:Building CMake package in '/home/zjzl/Desktop/New_Referee/Vision_Arena_2025/src/referee_pkg'
[0.156s] INFO:colcon.colcon_core.plugin_system:Skipping extension 'colcon_core.shell.bat': Not used on non-Windows systems
[0.156s] INFO:colcon.colcon_core.shell:Skip shell extension 'powershell' for command environment: Not usable outside of PowerShell
[0.156s] DEBUG:colcon.colcon_core.shell:Skip shell extension 'dsv' for command environment
[0.158s] INFO:colcon.colcon_ros.task.ament_cmake.build:Building ROS package in '/home/zjzl/Desktop/New_Referee/Vision_Arena_2025/src/camera_sim_pkg' with build type 'ament_cmake'
[0.158s] INFO:colcon.colcon_cmake.task.cmake.build:Building CMake package in '/home/zjzl/Desktop/New_Referee/Vision_Arena_2025/src/camera_sim_pkg'
[0.158s] INFO:colcon.colcon_core.shell:Skip shell extension 'powershell' for command environment: Not usable outside of PowerShell
[0.158s] DEBUG:colcon.colcon_core.shell:Skip shell extension 'dsv' for command environment
[0.161s] INFO:colcon.colcon_ros.task.ament_cmake.build:Building ROS package in '/home/zjzl/Desktop/New_Referee/Vision_Arena_2025/src/target_model_pkg' with build type 'ament_cmake'
[0.161s] INFO:colcon.colcon_cmake.task.cmake.build:Building CMake package in '/home/zjzl/Desktop/New_Referee/Vision_Arena_2025/src/target_model_pkg'
[0.161s] INFO:colcon.colcon_core.shell:Skip shell extension 'powershell' for command environment: Not usable outside of PowerShell
[0.161s] DEBUG:colcon.colcon_core.shell:Skip shell extension 'dsv' for command environment
[0.165s] DEBUG:colcon.colcon_core.event_handler.log_command:Invoking command in '/home/zjzl/Desktop/New_Referee/Vision_Arena_2025/build/referee_pkg': CMAKE_PREFIX_PATH=${CMAKE_PREFIX_PATH}:/opt/ros/humble /usr/bin/cmake /home/zjzl/Desktop/New_Referee/Vision_Arena_2025/src/referee_pkg -DCMAKE_INSTALL_PREFIX=/home/zjzl/Desktop/New_Referee/Vision_Arena_2025/install/referee_pkg
[0.170s] DEBUG:colcon.colcon_core.event_handler.log_command:Invoking command in '/home/zjzl/Desktop/New_Referee/Vision_Arena_2025/build/camera_sim_pkg': CMAKE_PREFIX_PATH=${CMAKE_PREFIX_PATH}:/opt/ros/humble /usr/bin/cmake /home/zjzl/Desktop/New_Referee/Vision_Arena_2025/src/camera_sim_pkg -DCMAKE_INSTALL_PREFIX=/home/zjzl/Desktop/New_Referee/Vision_Arena_2025/install/camera_sim_pkg
[0.172s] DEBUG:colcon.colcon_core.event_handler.log_command:Invoking command in '/home/zjzl/Desktop/New_Referee/Vision_Arena_2025/build/target_model_pkg': CMAKE_PREFIX_PATH=${CMAKE_PREFIX_PATH}:/opt/ros/humble /usr/bin/cmake /home/zjzl/Desktop/New_Referee/Vision_Arena_2025/src/target_model_pkg -DCMAKE_INSTALL_PREFIX=/home/zjzl/Desktop/New_Referee/Vision_Arena_2025/install/target_model_pkg
[0.608s] DEBUG:colcon.colcon_core.event_handler.log_command:Invoked command in '/home/zjzl/Desktop/New_Referee/Vision_Arena_2025/build/camera_sim_pkg' returned '0': CMAKE_PREFIX_PATH=${CMAKE_PREFIX_PATH}:/opt/ros/humble /usr/bin/cmake /home/zjzl/Desktop/New_Referee/Vision_Arena_2025/src/camera_sim_pkg -DCMAKE_INSTALL_PREFIX=/home/zjzl/Desktop/New_Referee/Vision_Arena_2025/install/camera_sim_pkg
[0.609s] DEBUG:colcon.colcon_core.event_handler.log_command:Invoking command in '/home/zjzl/Desktop/New_Referee/Vision_Arena_2025/build/camera_sim_pkg': CMAKE_PREFIX_PATH=${CMAKE_PREFIX_PATH}:/opt/ros/humble /usr/bin/cmake --build /home/zjzl/Desktop/New_Referee/Vision_Arena_2025/build/camera_sim_pkg -- -j32 -l32
[0.633s] DEBUG:colcon.colcon_core.event_handler.log_command:Invoked command in '/home/zjzl/Desktop/New_Referee/Vision_Arena_2025/build/camera_sim_pkg' returned '0': CMAKE_PREFIX_PATH=${CMAKE_PREFIX_PATH}:/opt/ros/humble /usr/bin/cmake --build /home/zjzl/Desktop/New_Referee/Vision_Arena_2025/build/camera_sim_pkg -- -j32 -l32
[0.639s] DEBUG:colcon.colcon_core.event_handler.log_command:Invoking command in '/home/zjzl/Desktop/New_Referee/Vision_Arena_2025/build/camera_sim_pkg': CMAKE_PREFIX_PATH=${CMAKE_PREFIX_PATH}:/opt/ros/humble /usr/bin/cmake --install /home/zjzl/Desktop/New_Referee/Vision_Arena_2025/build/camera_sim_pkg
[0.645s] Level 1:colcon.colcon_core.environment:create_environment_scripts_only(camera_sim_pkg)
[0.645s] DEBUG:colcon.colcon_core.event_handler.log_command:Invoked command in '/home/zjzl/Desktop/New_Referee/Vision_Arena_2025/build/camera_sim_pkg' returned '0': CMAKE_PREFIX_PATH=${CMAKE_PREFIX_PATH}:/opt/ros/humble /usr/bin/cmake --install /home/zjzl/Desktop/New_Referee/Vision_Arena_2025/build/camera_sim_pkg
[0.647s] Level 1:colcon.colcon_core.environment:checking '/home/zjzl/Desktop/New_Referee/Vision_Arena_2025/install/camera_sim_pkg' for CMake module files
[0.647s] Level 1:colcon.colcon_core.environment:checking '/home/zjzl/Desktop/New_Referee/Vision_Arena_2025/install/camera_sim_pkg' for CMake config files
[0.648s] Level 1:colcon.colcon_core.shell:create_environment_hook('camera_sim_pkg', 'cmake_prefix_path')
[0.648s] INFO:colcon.colcon_core.shell:Creating environment hook '/home/zjzl/Desktop/New_Referee/Vision_Arena_2025/install/camera_sim_pkg/share/camera_sim_pkg/hook/cmake_prefix_path.ps1'
[0.648s] INFO:colcon.colcon_core.shell:Creating environment descriptor '/home/zjzl/Desktop/New_Referee/Vision_Arena_2025/install/camera_sim_pkg/share/camera_sim_pkg/hook/cmake_prefix_path.dsv'
[0.648s] INFO:colcon.colcon_core.shell:Creating environment hook '/home/zjzl/Desktop/New_Referee/Vision_Arena_2025/install/camera_sim_pkg/share/camera_sim_pkg/hook/cmake_prefix_path.sh'
[0.649s] Level 1:colcon.colcon_core.environment:checking '/home/zjzl/Desktop/New_Referee/Vision_Arena_2025/install/camera_sim_pkg/bin'
[0.649s] Level 1:colcon.colcon_core.environment:checking '/home/zjzl/Desktop/New_Referee/Vision_Arena_2025/install/camera_sim_pkg/lib/pkgconfig/camera_sim_pkg.pc'
[0.649s] Level 1:colcon.colcon_core.environment:checking '/home/zjzl/Desktop/New_Referee/Vision_Arena_2025/install/camera_sim_pkg/lib/python3.10/site-packages'
[0.649s] Level 1:colcon.colcon_core.environment:checking '/home/zjzl/Desktop/New_Referee/Vision_Arena_2025/install/camera_sim_pkg/bin'
[0.649s] INFO:colcon.colcon_core.shell:Creating package script '/home/zjzl/Desktop/New_Referee/Vision_Arena_2025/install/camera_sim_pkg/share/camera_sim_pkg/package.ps1'
[0.650s] INFO:colcon.colcon_core.shell:Creating package descriptor '/home/zjzl/Desktop/New_Referee/Vision_Arena_2025/install/camera_sim_pkg/share/camera_sim_pkg/package.dsv'
[0.650s] INFO:colcon.colcon_core.shell:Creating package script '/home/zjzl/Desktop/New_Referee/Vision_Arena_2025/install/camera_sim_pkg/share/camera_sim_pkg/package.sh'
[0.650s] INFO:colcon.colcon_core.shell:Creating package script '/home/zjzl/Desktop/New_Referee/Vision_Arena_2025/install/camera_sim_pkg/share/camera_sim_pkg/package.bash'
[0.650s] INFO:colcon.colcon_core.shell:Creating package script '/home/zjzl/Desktop/New_Referee/Vision_Arena_2025/install/camera_sim_pkg/share/camera_sim_pkg/package.zsh'
[0.651s] Level 1:colcon.colcon_core.environment:create_file_with_runtime_dependencies(/home/zjzl/Desktop/New_Referee/Vision_Arena_2025/install/camera_sim_pkg/share/colcon-core/packages/camera_sim_pkg)
[0.651s] Level 1:colcon.colcon_core.environment:create_environment_scripts_only(camera_sim_pkg)
[0.651s] Level 1:colcon.colcon_core.environment:checking '/home/zjzl/Desktop/New_Referee/Vision_Arena_2025/install/camera_sim_pkg' for CMake module files
[0.652s] Level 1:colcon.colcon_core.environment:checking '/home/zjzl/Desktop/New_Referee/Vision_Arena_2025/install/camera_sim_pkg' for CMake config files
[0.652s] Level 1:colcon.colcon_core.shell:create_environment_hook('camera_sim_pkg', 'cmake_prefix_path')
[0.652s] INFO:colcon.colcon_core.shell:Creating environment hook '/home/zjzl/Desktop/New_Referee/Vision_Arena_2025/install/camera_sim_pkg/share/camera_sim_pkg/hook/cmake_prefix_path.ps1'
[0.652s] INFO:colcon.colcon_core.shell:Creating environment descriptor '/home/zjzl/Desktop/New_Referee/Vision_Arena_2025/install/camera_sim_pkg/share/camera_sim_pkg/hook/cmake_prefix_path.dsv'
[0.652s] INFO:colcon.colcon_core.shell:Creating environment hook '/home/zjzl/Desktop/New_Referee/Vision_Arena_2025/install/camera_sim_pkg/share/camera_sim_pkg/hook/cmake_prefix_path.sh'
[0.652s] Level 1:colcon.colcon_core.environment:checking '/home/zjzl/Desktop/New_Referee/Vision_Arena_2025/install/camera_sim_pkg/bin'
[0.652s] Level 1:colcon.colcon_core.environment:checking '/home/zjzl/Desktop/New_Referee/Vision_Arena_2025/install/camera_sim_pkg/lib/pkgconfig/camera_sim_pkg.pc'
[0.652s] Level 1:colcon.colcon_core.environment:checking '/home/zjzl/Desktop/New_Referee/Vision_Arena_2025/install/camera_sim_pkg/lib/python3.10/site-packages'
[0.652s] Level 1:colcon.colcon_core.environment:checking '/home/zjzl/Desktop/New_Referee/Vision_Arena_2025/install/camera_sim_pkg/bin'
[0.653s] INFO:colcon.colcon_core.shell:Creating package script '/home/zjzl/Desktop/New_Referee/Vision_Arena_2025/install/camera_sim_pkg/share/camera_sim_pkg/package.ps1'
[0.653s] INFO:colcon.colcon_core.shell:Creating package descriptor '/home/zjzl/Desktop/New_Referee/Vision_Arena_2025/install/camera_sim_pkg/share/camera_sim_pkg/package.dsv'
[0.653s] INFO:colcon.colcon_core.shell:Creating package script '/home/zjzl/Desktop/New_Referee/Vision_Arena_2025/install/camera_sim_pkg/share/camera_sim_pkg/package.sh'
[0.653s] INFO:colcon.colcon_core.shell:Creating package script '/home/zjzl/Desktop/New_Referee/Vision_Arena_2025/install/camera_sim_pkg/share/camera_sim_pkg/package.bash'
[0.653s] INFO:colcon.colcon_core.shell:Creating package script '/home/zjzl/Desktop/New_Referee/Vision_Arena_2025/install/camera_sim_pkg/share/camera_sim_pkg/package.zsh'
[0.653s] Level 1:colcon.colcon_core.environment:create_file_with_runtime_dependencies(/home/zjzl/Desktop/New_Referee/Vision_Arena_2025/install/camera_sim_pkg/share/colcon-core/packages/camera_sim_pkg)
[0.871s] DEBUG:colcon.colcon_core.event_handler.log_command:Invoked command in '/home/zjzl/Desktop/New_Referee/Vision_Arena_2025/build/target_model_pkg' returned '1': CMAKE_PREFIX_PATH=${CMAKE_PREFIX_PATH}:/opt/ros/humble /usr/bin/cmake /home/zjzl/Desktop/New_Referee/Vision_Arena_2025/src/target_model_pkg -DCMAKE_INSTALL_PREFIX=/home/zjzl/Desktop/New_Referee/Vision_Arena_2025/install/target_model_pkg
[0.879s] Level 1:colcon.colcon_core.environment:create_environment_scripts_only(target_model_pkg)
[0.880s] Level 1:colcon.colcon_core.environment:checking '/home/zjzl/Desktop/New_Referee/Vision_Arena_2025/install/target_model_pkg' for CMake module files
[0.880s] Level 1:colcon.colcon_core.environment:checking '/home/zjzl/Desktop/New_Referee/Vision_Arena_2025/install/target_model_pkg' for CMake config files
[0.880s] Level 1:colcon.colcon_core.environment:checking '/home/zjzl/Desktop/New_Referee/Vision_Arena_2025/install/target_model_pkg/bin'
[0.880s] Level 1:colcon.colcon_core.environment:checking '/home/zjzl/Desktop/New_Referee/Vision_Arena_2025/install/target_model_pkg/lib/pkgconfig/target_model_pkg.pc'
[0.880s] Level 1:colcon.colcon_core.environment:checking '/home/zjzl/Desktop/New_Referee/Vision_Arena_2025/install/target_model_pkg/lib/python3.10/site-packages'
[0.880s] Level 1:colcon.colcon_core.environment:checking '/home/zjzl/Desktop/New_Referee/Vision_Arena_2025/install/target_model_pkg/bin'
[0.881s] INFO:colcon.colcon_core.shell:Creating package script '/home/zjzl/Desktop/New_Referee/Vision_Arena_2025/install/target_model_pkg/share/target_model_pkg/package.ps1'
[0.881s] INFO:colcon.colcon_core.shell:Creating package descriptor '/home/zjzl/Desktop/New_Referee/Vision_Arena_2025/install/target_model_pkg/share/target_model_pkg/package.dsv'
[0.881s] INFO:colcon.colcon_core.shell:Creating package script '/home/zjzl/Desktop/New_Referee/Vision_Arena_2025/install/target_model_pkg/share/target_model_pkg/package.sh'
[0.881s] INFO:colcon.colcon_core.shell:Creating package script '/home/zjzl/Desktop/New_Referee/Vision_Arena_2025/install/target_model_pkg/share/target_model_pkg/package.bash'
[0.882s] INFO:colcon.colcon_core.shell:Creating package script '/home/zjzl/Desktop/New_Referee/Vision_Arena_2025/install/target_model_pkg/share/target_model_pkg/package.zsh'
[0.882s] Level 1:colcon.colcon_core.environment:create_file_with_runtime_dependencies(/home/zjzl/Desktop/New_Referee/Vision_Arena_2025/install/target_model_pkg/share/colcon-core/packages/target_model_pkg)
[0.970s] DEBUG:colcon.colcon_parallel_executor.executor.parallel:closing loop
[0.970s] DEBUG:colcon.colcon_parallel_executor.executor.parallel:loop closed
[0.970s] DEBUG:colcon.colcon_parallel_executor.executor.parallel:run_until_complete finished with '1'
[0.970s] DEBUG:colcon.colcon_core.event_reactor:joining thread
[0.974s] INFO:colcon.colcon_core.plugin_system:Skipping extension 'colcon_notification.desktop_notification.terminal_notifier': Not used on non-Darwin systems
[0.974s] INFO:colcon.colcon_core.plugin_system:Skipping extension 'colcon_notification.desktop_notification.win32': Not used on non-Windows systems
[0.974s] INFO:colcon.colcon_notification.desktop_notification:Sending desktop notification using 'notify2'
[0.982s] DEBUG:colcon.colcon_core.event_reactor:joined thread
[0.982s] INFO:colcon.colcon_core.shell:Creating prefix script '/home/zjzl/Desktop/New_Referee/Vision_Arena_2025/install/local_setup.ps1'
[0.982s] INFO:colcon.colcon_core.shell:Creating prefix util module '/home/zjzl/Desktop/New_Referee/Vision_Arena_2025/install/_local_setup_util_ps1.py'
[0.983s] INFO:colcon.colcon_core.shell:Creating prefix chain script '/home/zjzl/Desktop/New_Referee/Vision_Arena_2025/install/setup.ps1'
[0.983s] INFO:colcon.colcon_core.shell:Creating prefix script '/home/zjzl/Desktop/New_Referee/Vision_Arena_2025/install/local_setup.sh'
[0.984s] INFO:colcon.colcon_core.shell:Creating prefix util module '/home/zjzl/Desktop/New_Referee/Vision_Arena_2025/install/_local_setup_util_sh.py'
[0.984s] INFO:colcon.colcon_core.shell:Creating prefix chain script '/home/zjzl/Desktop/New_Referee/Vision_Arena_2025/install/setup.sh'
[0.984s] INFO:colcon.colcon_core.shell:Creating prefix script '/home/zjzl/Desktop/New_Referee/Vision_Arena_2025/install/local_setup.bash'
[0.984s] INFO:colcon.colcon_core.shell:Creating prefix chain script '/home/zjzl/Desktop/New_Referee/Vision_Arena_2025/install/setup.bash'
[0.985s] INFO:colcon.colcon_core.shell:Creating prefix script '/home/zjzl/Desktop/New_Referee/Vision_Arena_2025/install/local_setup.zsh'
[0.985s] INFO:colcon.colcon_core.shell:Creating prefix chain script '/home/zjzl/Desktop/New_Referee/Vision_Arena_2025/install/setup.zsh'
