[0.010s] Invoking command in '/home/zjzl/Desktop/New_Referee/Vision_Arena_2025/build/referee_pkg': CMAKE_PREFIX_PATH=${CMAKE_PREFIX_PATH}:/opt/ros/humble /usr/bin/cmake /home/zjzl/Desktop/New_Referee/Vision_Arena_2025/src/referee_pkg -DCMAKE_INSTALL_PREFIX=/home/zjzl/Desktop/New_Referee/Vision_Arena_2025/install/referee_pkg
[0.079s] -- The C compiler identification is GNU 11.4.0
[0.128s] -- The CXX compiler identification is GNU 11.4.0
[0.134s] -- Detecting C compiler ABI info
[0.184s] -- Detecting C compiler ABI info - done
[0.189s] -- Check for working C compiler: /usr/bin/cc - skipped
[0.189s] -- Detecting C compile features
[0.190s] -- Detecting C compile features - done
[0.192s] -- Detecting CXX compiler ABI info
[0.246s] -- Detecting CXX compiler ABI info - done
[0.250s] -- Check for working CXX compiler: /usr/bin/c++ - skipped
[0.250s] -- Detecting CXX compile features
[0.251s] -- Detecting CXX compile features - done
[0.252s] -- Found ament_cmake: 1.3.12 (/opt/ros/humble/share/ament_cmake/cmake)
[0.345s] -- Found Python3: /usr/bin/python3 (found version "3.10.12") found components: Interpreter 
[0.397s] -- Found rclcpp: 16.0.15 (/opt/ros/humble/share/rclcpp/cmake)
[0.422s] -- Found rosidl_generator_c: 3.1.7 (/opt/ros/humble/share/rosidl_generator_c/cmake)
[0.425s] -- Found rosidl_adapter: 3.1.7 (/opt/ros/humble/share/rosidl_adapter/cmake)
[0.431s] -- Found rosidl_generator_cpp: 3.1.7 (/opt/ros/humble/share/rosidl_generator_cpp/cmake)
[0.439s] -- Using all available rosidl_typesupport_c: rosidl_typesupport_fastrtps_c;rosidl_typesupport_introspection_c
[0.448s] -- Using all available rosidl_typesupport_cpp: rosidl_typesupport_fastrtps_cpp;rosidl_typesupport_introspection_cpp
[0.478s] -- Found rmw_implementation_cmake: 6.1.2 (/opt/ros/humble/share/rmw_implementation_cmake/cmake)
[0.480s] -- Found rmw_fastrtps_cpp: 6.2.8 (/opt/ros/humble/share/rmw_fastrtps_cpp/cmake)
[0.540s] -- Found OpenSSL: /usr/lib/x86_64-linux-gnu/libcrypto.so (found version "3.0.2")  
[0.561s] -- Found FastRTPS: /opt/ros/humble/include  
[0.586s] -- Using RMW implementation 'rmw_fastrtps_cpp' as default
[0.590s] -- Looking for pthread.h
[0.633s] -- Looking for pthread.h - found
[0.633s] -- Performing Test CMAKE_HAVE_LIBC_PTHREAD
[0.677s] -- Performing Test CMAKE_HAVE_LIBC_PTHREAD - Success
[0.678s] -- Found Threads: TRUE  
[0.705s] -- Found gazebo_msgs: 3.9.0 (/opt/ros/humble/share/gazebo_msgs/cmake)
[0.738s] -- Found OpenCV: /usr (found version "4.5.4") 
[0.739s] -- Found tf2: 0.25.16 (/opt/ros/humble/share/tf2/cmake)
[0.745s] -- Found tf2_ros: 0.25.16 (/opt/ros/humble/share/tf2_ros/cmake)
[0.799s] [31mCMake Error at CMakeLists.txt:16 (find_package):
[0.799s]   By not providing "Findpose_msg.cmake" in CMAKE_MODULE_PATH this project has
[0.799s]   asked CMake to find a package configuration file provided by "pose_msg",
[0.800s]   but CMake did not find one.
[0.800s] 
[0.800s]   Could not find a package configuration file provided by "pose_msg" with any
[0.800s]   of the following names:
[0.800s] 
[0.800s]     pose_msgConfig.cmake
[0.800s]     pose_msg-config.cmake
[0.800s] 
[0.800s]   Add the installation prefix of "pose_msg" to CMAKE_PREFIX_PATH or set
[0.800s]   "pose_msg_DIR" to a directory containing one of the above files.  If
[0.800s]   "pose_msg" provides a separate development package or SDK, be sure it has
[0.800s]   been installed.
[0.800s] 
[0.800s] [0m
[0.800s] -- Configuring incomplete, errors occurred!
[0.800s] See also "/home/zjzl/Desktop/New_Referee/Vision_Arena_2025/build/referee_pkg/CMakeFiles/CMakeOutput.log".
