-- Install configuration: ""
-- Up-to-date: /home/zjzl/Desktop/New_Referee/Vision_Arena_2025/install/camera_sim_pkg/share/camera_sim_pkg//launch
-- Up-to-date: /home/zjzl/Desktop/New_Referee/Vision_Arena_2025/install/camera_sim_pkg/share/camera_sim_pkg//launch/camera.launch.py
-- Up-to-date: /home/zjzl/Desktop/New_Referee/Vision_Arena_2025/install/camera_sim_pkg/share/camera_sim_pkg//urdf
-- Up-to-date: /home/zjzl/Desktop/New_Referee/Vision_Arena_2025/install/camera_sim_pkg/share/camera_sim_pkg//urdf/camera_robot.urdf.xacro
-- Up-to-date: /home/zjzl/Desktop/New_Referee/Vision_Arena_2025/install/camera_sim_pkg/share/camera_sim_pkg//worlds
-- Up-to-date: /home/zjzl/Desktop/New_Referee/Vision_Arena_2025/install/camera_sim_pkg/share/camera_sim_pkg//worlds/arena.world
-- Up-to-date: /home/zjzl/Desktop/New_Referee/Vision_Arena_2025/install/camera_sim_pkg/share/ament_index/resource_index/package_run_dependencies/camera_sim_pkg
-- Up-to-date: /home/zjzl/Desktop/New_Referee/Vision_Arena_2025/install/camera_sim_pkg/share/ament_index/resource_index/parent_prefix_path/camera_sim_pkg
-- Up-to-date: /home/zjzl/Desktop/New_Referee/Vision_Arena_2025/install/camera_sim_pkg/share/camera_sim_pkg/environment/ament_prefix_path.sh
-- Up-to-date: /home/zjzl/Desktop/New_Referee/Vision_Arena_2025/install/camera_sim_pkg/share/camera_sim_pkg/environment/ament_prefix_path.dsv
-- Up-to-date: /home/zjzl/Desktop/New_Referee/Vision_Arena_2025/install/camera_sim_pkg/share/camera_sim_pkg/environment/path.sh
-- Up-to-date: /home/zjzl/Desktop/New_Referee/Vision_Arena_2025/install/camera_sim_pkg/share/camera_sim_pkg/environment/path.dsv
-- Up-to-date: /home/zjzl/Desktop/New_Referee/Vision_Arena_2025/install/camera_sim_pkg/share/camera_sim_pkg/local_setup.bash
-- Up-to-date: /home/zjzl/Desktop/New_Referee/Vision_Arena_2025/install/camera_sim_pkg/share/camera_sim_pkg/local_setup.sh
-- Up-to-date: /home/zjzl/Desktop/New_Referee/Vision_Arena_2025/install/camera_sim_pkg/share/camera_sim_pkg/local_setup.zsh
-- Up-to-date: /home/zjzl/Desktop/New_Referee/Vision_Arena_2025/install/camera_sim_pkg/share/camera_sim_pkg/local_setup.dsv
-- Up-to-date: /home/zjzl/Desktop/New_Referee/Vision_Arena_2025/install/camera_sim_pkg/share/camera_sim_pkg/package.dsv
-- Up-to-date: /home/zjzl/Desktop/New_Referee/Vision_Arena_2025/install/camera_sim_pkg/share/ament_index/resource_index/packages/camera_sim_pkg
-- Up-to-date: /home/zjzl/Desktop/New_Referee/Vision_Arena_2025/install/camera_sim_pkg/share/camera_sim_pkg/cmake/camera_sim_pkgConfig.cmake
-- Up-to-date: /home/zjzl/Desktop/New_Referee/Vision_Arena_2025/install/camera_sim_pkg/share/camera_sim_pkg/cmake/camera_sim_pkgConfig-version.cmake
-- Up-to-date: /home/zjzl/Desktop/New_Referee/Vision_Arena_2025/install/camera_sim_pkg/share/camera_sim_pkg/package.xml
