[0.011s] Invoking command in '/home/zjzl/Desktop/New_Referee/Vision_Arena_2025/build/target_model_pkg': CMAKE_PREFIX_PATH=${CMAKE_PREFIX_PATH}:/opt/ros/humble /usr/bin/cmake /home/zjzl/Desktop/New_Referee/Vision_Arena_2025/src/target_model_pkg -DCMAKE_INSTALL_PREFIX=/home/zjzl/Desktop/New_Referee/Vision_Arena_2025/install/target_model_pkg
[0.074s] -- The C compiler identification is GNU 11.4.0
[0.126s] -- The CXX compiler identification is GNU 11.4.0
[0.131s] -- Detecting C compiler ABI info
[0.177s] -- Detecting C compiler ABI info - done
[0.185s] -- Check for working C compiler: /usr/bin/cc - skipped
[0.185s] -- Detecting C compile features
[0.185s] -- Detecting C compile features - done
[0.186s] -- Detecting CXX compiler ABI info
[0.240s] -- Detecting CXX compiler ABI info - done
[0.244s] -- Check for working CXX compiler: /usr/bin/c++ - skipped
[0.244s] -- Detecting CXX compile features
[0.244s] -- Detecting CXX compile features - done
[0.246s] -- Found ament_cmake: 1.3.12 (/opt/ros/humble/share/ament_cmake/cmake)
[0.337s] -- Found Python3: /usr/bin/python3 (found version "3.10.12") found components: Interpreter 
[0.392s] -- Found pluginlib: 5.1.0 (/opt/ros/humble/share/pluginlib/cmake)
[0.424s] -- Found geometry_msgs: 4.9.0 (/opt/ros/humble/share/geometry_msgs/cmake)
[0.434s] -- Found rosidl_generator_c: 3.1.7 (/opt/ros/humble/share/rosidl_generator_c/cmake)
[0.436s] -- Found rosidl_adapter: 3.1.7 (/opt/ros/humble/share/rosidl_adapter/cmake)
[0.440s] -- Found rosidl_generator_cpp: 3.1.7 (/opt/ros/humble/share/rosidl_generator_cpp/cmake)
[0.445s] -- Using all available rosidl_typesupport_c: rosidl_typesupport_fastrtps_c;rosidl_typesupport_introspection_c
[0.451s] -- Using all available rosidl_typesupport_cpp: rosidl_typesupport_fastrtps_cpp;rosidl_typesupport_introspection_cpp
[0.474s] -- Found rclcpp: 16.0.15 (/opt/ros/humble/share/rclcpp/cmake)
[0.490s] -- Found rmw_implementation_cmake: 6.1.2 (/opt/ros/humble/share/rmw_implementation_cmake/cmake)
[0.490s] -- Found rmw_fastrtps_cpp: 6.2.8 (/opt/ros/humble/share/rmw_fastrtps_cpp/cmake)
[0.502s] -- Found TinyXML2 via Config file: TinyXML2_DIR-NOTFOUND
[0.538s] -- Found OpenSSL: /usr/lib/x86_64-linux-gnu/libcrypto.so (found version "3.0.2")  
[0.540s] -- Found TinyXML2 via Config file: TinyXML2_DIR-NOTFOUND
[0.550s] -- Found FastRTPS: /opt/ros/humble/include  
[0.552s] -- Found TinyXML2 via Config file: TinyXML2_DIR-NOTFOUND
[0.560s] -- Found TinyXML2 via Config file: TinyXML2_DIR-NOTFOUND
[0.567s] -- Using RMW implementation 'rmw_fastrtps_cpp' as default
[0.574s] -- Looking for pthread.h
[0.623s] -- Looking for pthread.h - found
[0.623s] -- Performing Test CMAKE_HAVE_LIBC_PTHREAD
[0.672s] -- Performing Test CMAKE_HAVE_LIBC_PTHREAD - Success
[0.672s] -- Found Threads: TRUE  
[0.696s] -- Found rosidl_default_generators: 1.2.0 (/opt/ros/humble/share/rosidl_default_generators/cmake)
[0.705s] -- Configuring incomplete, errors occurred!
[0.705s] See also "/home/zjzl/Desktop/New_Referee/Vision_Arena_2025/build/target_model_pkg/CMakeFiles/CMakeOutput.log".
[0.705s] [31mCMake Error at CMakeLists.txt:16 (find_package):
[0.706s]   By not providing "Findpose_msg.cmake" in CMAKE_MODULE_PATH this project has
[0.706s]   asked CMake to find a package configuration file provided by "pose_msg",
[0.706s]   but CMake did not find one.
[0.706s] 
[0.706s]   Could not find a package configuration file provided by "pose_msg" with any
[0.706s]   of the following names:
[0.706s] 
[0.706s]     pose_msgConfig.cmake
[0.706s]     pose_msg-config.cmake
[0.706s] 
[0.706s]   Add the installation prefix of "pose_msg" to CMAKE_PREFIX_PATH or set
[0.706s]   "pose_msg_DIR" to a directory containing one of the above files.  If
[0.706s]   "pose_msg" provides a separate development package or SDK, be sure it has
[0.706s]   been installed.
[0.706s] 
[0.706s] [0m
[0.710s] Invoked command in '/home/zjzl/Desktop/New_Referee/Vision_Arena_2025/build/target_model_pkg' returned '1': CMAKE_PREFIX_PATH=${CMAKE_PREFIX_PATH}:/opt/ros/humble /usr/bin/cmake /home/zjzl/Desktop/New_Referee/Vision_Arena_2025/src/target_model_pkg -DCMAKE_INSTALL_PREFIX=/home/zjzl/Desktop/New_Referee/Vision_Arena_2025/install/target_model_pkg
