[35m[1mConsolidate compiler generated dependencies of target referee_pkg__rosidl_generator_c[0m
[  1%] Built target referee_pkg__cpp
[  1%] Built target ament_cmake_python_copy_referee_pkg
[ 12%] Built target referee_pkg__rosidl_generator_c
[35m[1mConsolidate compiler generated dependencies of target referee_pkg__rosidl_typesupport_cpp[0m
[35m[1mConsolidate compiler generated dependencies of target referee_pkg__rosidl_typesupport_fastrtps_cpp[0m
[35m[1mConsolidate compiler generated dependencies of target referee_pkg__rosidl_typesupport_introspection_cpp[0m
[35m[1mConsolidate compiler generated dependencies of target referee_pkg__rosidl_typesupport_fastrtps_c[0m
[35m[1mConsolidate compiler generated dependencies of target referee_pkg__rosidl_typesupport_c[0m
[35m[1mConsolidate compiler generated dependencies of target referee_pkg__rosidl_typesupport_introspection_c[0m
[ 22%] Built target referee_pkg__rosidl_typesupport_cpp
[ 33%] Built target referee_pkg__rosidl_typesupport_fastrtps_c
[ 43%] Built target referee_pkg__rosidl_typesupport_c
[ 54%] Built target referee_pkg__rosidl_typesupport_introspection_cpp
[ 65%] Built target referee_pkg__rosidl_typesupport_introspection_c
[ 75%] Built target referee_pkg__rosidl_typesupport_fastrtps_cpp
[35m[1mConsolidate compiler generated dependencies of target referee[0m
[ 75%] Built target referee_pkg
[ 80%] Built target referee
[ 81%] Built target referee_pkg__py
[35m[1mConsolidate compiler generated dependencies of target referee_pkg__rosidl_generator_py[0m
[ 90%] Built target referee_pkg__rosidl_generator_py
[35m[1mConsolidate compiler generated dependencies of target referee_pkg__rosidl_typesupport_fastrtps_c__pyext[0m
[35m[1mConsolidate compiler generated dependencies of target referee_pkg__rosidl_typesupport_introspection_c__pyext[0m
[35m[1mConsolidate compiler generated dependencies of target referee_pkg__rosidl_typesupport_c__pyext[0m
[ 93%] Built target referee_pkg__rosidl_typesupport_introspection_c__pyext
[ 96%] Built target referee_pkg__rosidl_typesupport_c__pyext
[100%] Built target referee_pkg__rosidl_typesupport_fastrtps_c__pyext
running egg_info
writing referee_pkg.egg-info/PKG-INFO
writing dependency_links to referee_pkg.egg-info/dependency_links.txt
writing top-level names to referee_pkg.egg-info/top_level.txt
reading manifest file 'referee_pkg.egg-info/SOURCES.txt'
writing manifest file 'referee_pkg.egg-info/SOURCES.txt'
[100%] Built target ament_cmake_python_build_referee_pkg_egg
-- Install configuration: ""
-- Up-to-date: /home/zjzl/Desktop/New_Referee/Vision_Arena_2025/install/referee_pkg/share/ament_index/resource_index/rosidl_interfaces/referee_pkg
-- Up-to-date: /home/zjzl/Desktop/New_Referee/Vision_Arena_2025/install/referee_pkg/include/referee_pkg/referee_pkg
-- Up-to-date: /home/zjzl/Desktop/New_Referee/Vision_Arena_2025/install/referee_pkg/include/referee_pkg/referee_pkg/msg
-- Up-to-date: /home/zjzl/Desktop/New_Referee/Vision_Arena_2025/install/referee_pkg/include/referee_pkg/referee_pkg/msg/rosidl_generator_c__visibility_control.h
-- Up-to-date: /home/zjzl/Desktop/New_Referee/Vision_Arena_2025/install/referee_pkg/include/referee_pkg/referee_pkg/msg/race_stage.h
-- Up-to-date: /home/zjzl/Desktop/New_Referee/Vision_Arena_2025/install/referee_pkg/include/referee_pkg/referee_pkg/msg/target.h
-- Up-to-date: /home/zjzl/Desktop/New_Referee/Vision_Arena_2025/install/referee_pkg/include/referee_pkg/referee_pkg/msg/object.h
-- Up-to-date: /home/zjzl/Desktop/New_Referee/Vision_Arena_2025/install/referee_pkg/include/referee_pkg/referee_pkg/msg/multi_object.h
-- Up-to-date: /home/zjzl/Desktop/New_Referee/Vision_Arena_2025/install/referee_pkg/include/referee_pkg/referee_pkg/msg/detail
-- Up-to-date: /home/zjzl/Desktop/New_Referee/Vision_Arena_2025/install/referee_pkg/include/referee_pkg/referee_pkg/msg/detail/multi_object__functions.h
-- Up-to-date: /home/zjzl/Desktop/New_Referee/Vision_Arena_2025/install/referee_pkg/include/referee_pkg/referee_pkg/msg/detail/race_stage__type_support.h
-- Up-to-date: /home/zjzl/Desktop/New_Referee/Vision_Arena_2025/install/referee_pkg/include/referee_pkg/referee_pkg/msg/detail/object__functions.c
-- Up-to-date: /home/zjzl/Desktop/New_Referee/Vision_Arena_2025/install/referee_pkg/include/referee_pkg/referee_pkg/msg/detail/object__type_support.h
-- Up-to-date: /home/zjzl/Desktop/New_Referee/Vision_Arena_2025/install/referee_pkg/include/referee_pkg/referee_pkg/msg/detail/target__functions.h
-- Up-to-date: /home/zjzl/Desktop/New_Referee/Vision_Arena_2025/install/referee_pkg/include/referee_pkg/referee_pkg/msg/detail/multi_object__struct.h
-- Up-to-date: /home/zjzl/Desktop/New_Referee/Vision_Arena_2025/install/referee_pkg/include/referee_pkg/referee_pkg/msg/detail/target__struct.h
-- Up-to-date: /home/zjzl/Desktop/New_Referee/Vision_Arena_2025/install/referee_pkg/include/referee_pkg/referee_pkg/msg/detail/target__functions.c
-- Up-to-date: /home/zjzl/Desktop/New_Referee/Vision_Arena_2025/install/referee_pkg/include/referee_pkg/referee_pkg/msg/detail/race_stage__functions.h
-- Up-to-date: /home/zjzl/Desktop/New_Referee/Vision_Arena_2025/install/referee_pkg/include/referee_pkg/referee_pkg/msg/detail/object__functions.h
-- Up-to-date: /home/zjzl/Desktop/New_Referee/Vision_Arena_2025/install/referee_pkg/include/referee_pkg/referee_pkg/msg/detail/race_stage__struct.h
-- Up-to-date: /home/zjzl/Desktop/New_Referee/Vision_Arena_2025/install/referee_pkg/include/referee_pkg/referee_pkg/msg/detail/target__type_support.h
-- Up-to-date: /home/zjzl/Desktop/New_Referee/Vision_Arena_2025/install/referee_pkg/include/referee_pkg/referee_pkg/msg/detail/multi_object__functions.c
-- Up-to-date: /home/zjzl/Desktop/New_Referee/Vision_Arena_2025/install/referee_pkg/include/referee_pkg/referee_pkg/msg/detail/race_stage__functions.c
-- Up-to-date: /home/zjzl/Desktop/New_Referee/Vision_Arena_2025/install/referee_pkg/include/referee_pkg/referee_pkg/msg/detail/multi_object__type_support.h
-- Up-to-date: /home/zjzl/Desktop/New_Referee/Vision_Arena_2025/install/referee_pkg/include/referee_pkg/referee_pkg/msg/detail/object__struct.h
-- Up-to-date: /home/zjzl/Desktop/New_Referee/Vision_Arena_2025/install/referee_pkg/include/referee_pkg/referee_pkg/srv
-- Up-to-date: /home/zjzl/Desktop/New_Referee/Vision_Arena_2025/install/referee_pkg/include/referee_pkg/referee_pkg/srv/hit_arror.h
-- Up-to-date: /home/zjzl/Desktop/New_Referee/Vision_Arena_2025/install/referee_pkg/include/referee_pkg/referee_pkg/srv/detail
-- Up-to-date: /home/zjzl/Desktop/New_Referee/Vision_Arena_2025/install/referee_pkg/include/referee_pkg/referee_pkg/srv/detail/hit_arror__type_support.h
-- Up-to-date: /home/zjzl/Desktop/New_Referee/Vision_Arena_2025/install/referee_pkg/include/referee_pkg/referee_pkg/srv/detail/hit_arror__functions.h
-- Up-to-date: /home/zjzl/Desktop/New_Referee/Vision_Arena_2025/install/referee_pkg/include/referee_pkg/referee_pkg/srv/detail/hit_arror__struct.h
-- Up-to-date: /home/zjzl/Desktop/New_Referee/Vision_Arena_2025/install/referee_pkg/include/referee_pkg/referee_pkg/srv/detail/hit_arror__functions.c
-- Up-to-date: /home/zjzl/Desktop/New_Referee/Vision_Arena_2025/install/referee_pkg/share/referee_pkg/environment/library_path.sh
-- Up-to-date: /home/zjzl/Desktop/New_Referee/Vision_Arena_2025/install/referee_pkg/share/referee_pkg/environment/library_path.dsv
-- Up-to-date: /home/zjzl/Desktop/New_Referee/Vision_Arena_2025/install/referee_pkg/lib/libreferee_pkg__rosidl_generator_c.so
-- Up-to-date: /home/zjzl/Desktop/New_Referee/Vision_Arena_2025/install/referee_pkg/include/referee_pkg/referee_pkg
-- Up-to-date: /home/zjzl/Desktop/New_Referee/Vision_Arena_2025/install/referee_pkg/include/referee_pkg/referee_pkg/msg
-- Up-to-date: /home/zjzl/Desktop/New_Referee/Vision_Arena_2025/install/referee_pkg/include/referee_pkg/referee_pkg/msg/detail
-- Up-to-date: /home/zjzl/Desktop/New_Referee/Vision_Arena_2025/install/referee_pkg/include/referee_pkg/referee_pkg/msg/detail/race_stage__rosidl_typesupport_fastrtps_c.h
-- Up-to-date: /home/zjzl/Desktop/New_Referee/Vision_Arena_2025/install/referee_pkg/include/referee_pkg/referee_pkg/msg/detail/target__rosidl_typesupport_fastrtps_c.h
-- Up-to-date: /home/zjzl/Desktop/New_Referee/Vision_Arena_2025/install/referee_pkg/include/referee_pkg/referee_pkg/msg/detail/multi_object__rosidl_typesupport_fastrtps_c.h
-- Up-to-date: /home/zjzl/Desktop/New_Referee/Vision_Arena_2025/install/referee_pkg/include/referee_pkg/referee_pkg/msg/detail/object__rosidl_typesupport_fastrtps_c.h
-- Up-to-date: /home/zjzl/Desktop/New_Referee/Vision_Arena_2025/install/referee_pkg/include/referee_pkg/referee_pkg/msg/rosidl_typesupport_fastrtps_c__visibility_control.h
-- Up-to-date: /home/zjzl/Desktop/New_Referee/Vision_Arena_2025/install/referee_pkg/include/referee_pkg/referee_pkg/srv
-- Up-to-date: /home/zjzl/Desktop/New_Referee/Vision_Arena_2025/install/referee_pkg/include/referee_pkg/referee_pkg/srv/detail
-- Up-to-date: /home/zjzl/Desktop/New_Referee/Vision_Arena_2025/install/referee_pkg/include/referee_pkg/referee_pkg/srv/detail/hit_arror__rosidl_typesupport_fastrtps_c.h
-- Up-to-date: /home/zjzl/Desktop/New_Referee/Vision_Arena_2025/install/referee_pkg/lib/libreferee_pkg__rosidl_typesupport_fastrtps_c.so
-- Up-to-date: /home/zjzl/Desktop/New_Referee/Vision_Arena_2025/install/referee_pkg/include/referee_pkg/referee_pkg
-- Up-to-date: /home/zjzl/Desktop/New_Referee/Vision_Arena_2025/install/referee_pkg/include/referee_pkg/referee_pkg/msg
-- Up-to-date: /home/zjzl/Desktop/New_Referee/Vision_Arena_2025/install/referee_pkg/include/referee_pkg/referee_pkg/msg/object.hpp
-- Up-to-date: /home/zjzl/Desktop/New_Referee/Vision_Arena_2025/install/referee_pkg/include/referee_pkg/referee_pkg/msg/rosidl_generator_cpp__visibility_control.hpp
-- Up-to-date: /home/zjzl/Desktop/New_Referee/Vision_Arena_2025/install/referee_pkg/include/referee_pkg/referee_pkg/msg/multi_object.hpp
-- Up-to-date: /home/zjzl/Desktop/New_Referee/Vision_Arena_2025/install/referee_pkg/include/referee_pkg/referee_pkg/msg/detail
-- Up-to-date: /home/zjzl/Desktop/New_Referee/Vision_Arena_2025/install/referee_pkg/include/referee_pkg/referee_pkg/msg/detail/race_stage__struct.hpp
-- Up-to-date: /home/zjzl/Desktop/New_Referee/Vision_Arena_2025/install/referee_pkg/include/referee_pkg/referee_pkg/msg/detail/object__builder.hpp
-- Up-to-date: /home/zjzl/Desktop/New_Referee/Vision_Arena_2025/install/referee_pkg/include/referee_pkg/referee_pkg/msg/detail/multi_object__type_support.hpp
-- Up-to-date: /home/zjzl/Desktop/New_Referee/Vision_Arena_2025/install/referee_pkg/include/referee_pkg/referee_pkg/msg/detail/target__builder.hpp
-- Up-to-date: /home/zjzl/Desktop/New_Referee/Vision_Arena_2025/install/referee_pkg/include/referee_pkg/referee_pkg/msg/detail/race_stage__builder.hpp
-- Up-to-date: /home/zjzl/Desktop/New_Referee/Vision_Arena_2025/install/referee_pkg/include/referee_pkg/referee_pkg/msg/detail/multi_object__traits.hpp
-- Up-to-date: /home/zjzl/Desktop/New_Referee/Vision_Arena_2025/install/referee_pkg/include/referee_pkg/referee_pkg/msg/detail/object__type_support.hpp
-- Up-to-date: /home/zjzl/Desktop/New_Referee/Vision_Arena_2025/install/referee_pkg/include/referee_pkg/referee_pkg/msg/detail/target__type_support.hpp
-- Up-to-date: /home/zjzl/Desktop/New_Referee/Vision_Arena_2025/install/referee_pkg/include/referee_pkg/referee_pkg/msg/detail/object__traits.hpp
-- Up-to-date: /home/zjzl/Desktop/New_Referee/Vision_Arena_2025/install/referee_pkg/include/referee_pkg/referee_pkg/msg/detail/target__traits.hpp
-- Up-to-date: /home/zjzl/Desktop/New_Referee/Vision_Arena_2025/install/referee_pkg/include/referee_pkg/referee_pkg/msg/detail/object__struct.hpp
-- Up-to-date: /home/zjzl/Desktop/New_Referee/Vision_Arena_2025/install/referee_pkg/include/referee_pkg/referee_pkg/msg/detail/multi_object__builder.hpp
-- Up-to-date: /home/zjzl/Desktop/New_Referee/Vision_Arena_2025/install/referee_pkg/include/referee_pkg/referee_pkg/msg/detail/race_stage__traits.hpp
-- Up-to-date: /home/zjzl/Desktop/New_Referee/Vision_Arena_2025/install/referee_pkg/include/referee_pkg/referee_pkg/msg/detail/race_stage__type_support.hpp
-- Up-to-date: /home/zjzl/Desktop/New_Referee/Vision_Arena_2025/install/referee_pkg/include/referee_pkg/referee_pkg/msg/detail/target__struct.hpp
-- Up-to-date: /home/zjzl/Desktop/New_Referee/Vision_Arena_2025/install/referee_pkg/include/referee_pkg/referee_pkg/msg/detail/multi_object__struct.hpp
-- Up-to-date: /home/zjzl/Desktop/New_Referee/Vision_Arena_2025/install/referee_pkg/include/referee_pkg/referee_pkg/msg/race_stage.hpp
-- Up-to-date: /home/zjzl/Desktop/New_Referee/Vision_Arena_2025/install/referee_pkg/include/referee_pkg/referee_pkg/msg/target.hpp
-- Up-to-date: /home/zjzl/Desktop/New_Referee/Vision_Arena_2025/install/referee_pkg/include/referee_pkg/referee_pkg/srv
-- Up-to-date: /home/zjzl/Desktop/New_Referee/Vision_Arena_2025/install/referee_pkg/include/referee_pkg/referee_pkg/srv/hit_arror.hpp
-- Up-to-date: /home/zjzl/Desktop/New_Referee/Vision_Arena_2025/install/referee_pkg/include/referee_pkg/referee_pkg/srv/detail
-- Up-to-date: /home/zjzl/Desktop/New_Referee/Vision_Arena_2025/install/referee_pkg/include/referee_pkg/referee_pkg/srv/detail/hit_arror__builder.hpp
-- Up-to-date: /home/zjzl/Desktop/New_Referee/Vision_Arena_2025/install/referee_pkg/include/referee_pkg/referee_pkg/srv/detail/hit_arror__struct.hpp
-- Up-to-date: /home/zjzl/Desktop/New_Referee/Vision_Arena_2025/install/referee_pkg/include/referee_pkg/referee_pkg/srv/detail/hit_arror__type_support.hpp
-- Up-to-date: /home/zjzl/Desktop/New_Referee/Vision_Arena_2025/install/referee_pkg/include/referee_pkg/referee_pkg/srv/detail/hit_arror__traits.hpp
-- Up-to-date: /home/zjzl/Desktop/New_Referee/Vision_Arena_2025/install/referee_pkg/include/referee_pkg/referee_pkg
-- Up-to-date: /home/zjzl/Desktop/New_Referee/Vision_Arena_2025/install/referee_pkg/include/referee_pkg/referee_pkg/msg
-- Up-to-date: /home/zjzl/Desktop/New_Referee/Vision_Arena_2025/install/referee_pkg/include/referee_pkg/referee_pkg/msg/detail
-- Up-to-date: /home/zjzl/Desktop/New_Referee/Vision_Arena_2025/install/referee_pkg/include/referee_pkg/referee_pkg/msg/detail/race_stage__rosidl_typesupport_fastrtps_cpp.hpp
-- Up-to-date: /home/zjzl/Desktop/New_Referee/Vision_Arena_2025/install/referee_pkg/include/referee_pkg/referee_pkg/msg/detail/target__rosidl_typesupport_fastrtps_cpp.hpp
-- Up-to-date: /home/zjzl/Desktop/New_Referee/Vision_Arena_2025/install/referee_pkg/include/referee_pkg/referee_pkg/msg/detail/object__rosidl_typesupport_fastrtps_cpp.hpp
-- Up-to-date: /home/zjzl/Desktop/New_Referee/Vision_Arena_2025/install/referee_pkg/include/referee_pkg/referee_pkg/msg/detail/dds_fastrtps
-- Up-to-date: /home/zjzl/Desktop/New_Referee/Vision_Arena_2025/install/referee_pkg/include/referee_pkg/referee_pkg/msg/detail/multi_object__rosidl_typesupport_fastrtps_cpp.hpp
-- Up-to-date: /home/zjzl/Desktop/New_Referee/Vision_Arena_2025/install/referee_pkg/include/referee_pkg/referee_pkg/msg/rosidl_typesupport_fastrtps_cpp__visibility_control.h
-- Up-to-date: /home/zjzl/Desktop/New_Referee/Vision_Arena_2025/install/referee_pkg/include/referee_pkg/referee_pkg/srv
-- Up-to-date: /home/zjzl/Desktop/New_Referee/Vision_Arena_2025/install/referee_pkg/include/referee_pkg/referee_pkg/srv/detail
-- Up-to-date: /home/zjzl/Desktop/New_Referee/Vision_Arena_2025/install/referee_pkg/include/referee_pkg/referee_pkg/srv/detail/hit_arror__rosidl_typesupport_fastrtps_cpp.hpp
-- Up-to-date: /home/zjzl/Desktop/New_Referee/Vision_Arena_2025/install/referee_pkg/include/referee_pkg/referee_pkg/srv/detail/dds_fastrtps
-- Up-to-date: /home/zjzl/Desktop/New_Referee/Vision_Arena_2025/install/referee_pkg/lib/libreferee_pkg__rosidl_typesupport_fastrtps_cpp.so
-- Up-to-date: /home/zjzl/Desktop/New_Referee/Vision_Arena_2025/install/referee_pkg/include/referee_pkg/referee_pkg
-- Up-to-date: /home/zjzl/Desktop/New_Referee/Vision_Arena_2025/install/referee_pkg/include/referee_pkg/referee_pkg/msg
-- Up-to-date: /home/zjzl/Desktop/New_Referee/Vision_Arena_2025/install/referee_pkg/include/referee_pkg/referee_pkg/msg/rosidl_typesupport_introspection_c__visibility_control.h
-- Up-to-date: /home/zjzl/Desktop/New_Referee/Vision_Arena_2025/install/referee_pkg/include/referee_pkg/referee_pkg/msg/detail
-- Up-to-date: /home/zjzl/Desktop/New_Referee/Vision_Arena_2025/install/referee_pkg/include/referee_pkg/referee_pkg/msg/detail/target__rosidl_typesupport_introspection_c.h
-- Up-to-date: /home/zjzl/Desktop/New_Referee/Vision_Arena_2025/install/referee_pkg/include/referee_pkg/referee_pkg/msg/detail/race_stage__rosidl_typesupport_introspection_c.h
-- Up-to-date: /home/zjzl/Desktop/New_Referee/Vision_Arena_2025/install/referee_pkg/include/referee_pkg/referee_pkg/msg/detail/multi_object__type_support.c
-- Up-to-date: /home/zjzl/Desktop/New_Referee/Vision_Arena_2025/install/referee_pkg/include/referee_pkg/referee_pkg/msg/detail/target__type_support.c
-- Up-to-date: /home/zjzl/Desktop/New_Referee/Vision_Arena_2025/install/referee_pkg/include/referee_pkg/referee_pkg/msg/detail/object__type_support.c
-- Up-to-date: /home/zjzl/Desktop/New_Referee/Vision_Arena_2025/install/referee_pkg/include/referee_pkg/referee_pkg/msg/detail/object__rosidl_typesupport_introspection_c.h
-- Up-to-date: /home/zjzl/Desktop/New_Referee/Vision_Arena_2025/install/referee_pkg/include/referee_pkg/referee_pkg/msg/detail/multi_object__rosidl_typesupport_introspection_c.h
-- Up-to-date: /home/zjzl/Desktop/New_Referee/Vision_Arena_2025/install/referee_pkg/include/referee_pkg/referee_pkg/msg/detail/race_stage__type_support.c
-- Up-to-date: /home/zjzl/Desktop/New_Referee/Vision_Arena_2025/install/referee_pkg/include/referee_pkg/referee_pkg/srv
-- Up-to-date: /home/zjzl/Desktop/New_Referee/Vision_Arena_2025/install/referee_pkg/include/referee_pkg/referee_pkg/srv/detail
-- Up-to-date: /home/zjzl/Desktop/New_Referee/Vision_Arena_2025/install/referee_pkg/include/referee_pkg/referee_pkg/srv/detail/hit_arror__rosidl_typesupport_introspection_c.h
-- Up-to-date: /home/zjzl/Desktop/New_Referee/Vision_Arena_2025/install/referee_pkg/include/referee_pkg/referee_pkg/srv/detail/hit_arror__type_support.c
-- Up-to-date: /home/zjzl/Desktop/New_Referee/Vision_Arena_2025/install/referee_pkg/lib/libreferee_pkg__rosidl_typesupport_introspection_c.so
-- Up-to-date: /home/zjzl/Desktop/New_Referee/Vision_Arena_2025/install/referee_pkg/lib/libreferee_pkg__rosidl_typesupport_c.so
-- Up-to-date: /home/zjzl/Desktop/New_Referee/Vision_Arena_2025/install/referee_pkg/include/referee_pkg/referee_pkg
-- Up-to-date: /home/zjzl/Desktop/New_Referee/Vision_Arena_2025/install/referee_pkg/include/referee_pkg/referee_pkg/msg
-- Up-to-date: /home/zjzl/Desktop/New_Referee/Vision_Arena_2025/install/referee_pkg/include/referee_pkg/referee_pkg/msg/detail
-- Up-to-date: /home/zjzl/Desktop/New_Referee/Vision_Arena_2025/install/referee_pkg/include/referee_pkg/referee_pkg/msg/detail/object__rosidl_typesupport_introspection_cpp.hpp
-- Up-to-date: /home/zjzl/Desktop/New_Referee/Vision_Arena_2025/install/referee_pkg/include/referee_pkg/referee_pkg/msg/detail/target__type_support.cpp
-- Up-to-date: /home/zjzl/Desktop/New_Referee/Vision_Arena_2025/install/referee_pkg/include/referee_pkg/referee_pkg/msg/detail/object__type_support.cpp
-- Up-to-date: /home/zjzl/Desktop/New_Referee/Vision_Arena_2025/install/referee_pkg/include/referee_pkg/referee_pkg/msg/detail/multi_object__type_support.cpp
-- Up-to-date: /home/zjzl/Desktop/New_Referee/Vision_Arena_2025/install/referee_pkg/include/referee_pkg/referee_pkg/msg/detail/multi_object__rosidl_typesupport_introspection_cpp.hpp
-- Up-to-date: /home/zjzl/Desktop/New_Referee/Vision_Arena_2025/install/referee_pkg/include/referee_pkg/referee_pkg/msg/detail/target__rosidl_typesupport_introspection_cpp.hpp
-- Up-to-date: /home/zjzl/Desktop/New_Referee/Vision_Arena_2025/install/referee_pkg/include/referee_pkg/referee_pkg/msg/detail/race_stage__rosidl_typesupport_introspection_cpp.hpp
-- Up-to-date: /home/zjzl/Desktop/New_Referee/Vision_Arena_2025/install/referee_pkg/include/referee_pkg/referee_pkg/msg/detail/race_stage__type_support.cpp
-- Up-to-date: /home/zjzl/Desktop/New_Referee/Vision_Arena_2025/install/referee_pkg/include/referee_pkg/referee_pkg/srv
-- Up-to-date: /home/zjzl/Desktop/New_Referee/Vision_Arena_2025/install/referee_pkg/include/referee_pkg/referee_pkg/srv/detail
-- Up-to-date: /home/zjzl/Desktop/New_Referee/Vision_Arena_2025/install/referee_pkg/include/referee_pkg/referee_pkg/srv/detail/hit_arror__type_support.cpp
-- Up-to-date: /home/zjzl/Desktop/New_Referee/Vision_Arena_2025/install/referee_pkg/include/referee_pkg/referee_pkg/srv/detail/hit_arror__rosidl_typesupport_introspection_cpp.hpp
-- Up-to-date: /home/zjzl/Desktop/New_Referee/Vision_Arena_2025/install/referee_pkg/lib/libreferee_pkg__rosidl_typesupport_introspection_cpp.so
-- Up-to-date: /home/zjzl/Desktop/New_Referee/Vision_Arena_2025/install/referee_pkg/lib/libreferee_pkg__rosidl_typesupport_cpp.so
-- Up-to-date: /home/zjzl/Desktop/New_Referee/Vision_Arena_2025/install/referee_pkg/share/referee_pkg/environment/pythonpath.sh
-- Up-to-date: /home/zjzl/Desktop/New_Referee/Vision_Arena_2025/install/referee_pkg/share/referee_pkg/environment/pythonpath.dsv
-- Up-to-date: /home/zjzl/Desktop/New_Referee/Vision_Arena_2025/install/referee_pkg/local/lib/python3.10/dist-packages/referee_pkg-0.0.0-py3.10.egg-info
-- Installing: /home/zjzl/Desktop/New_Referee/Vision_Arena_2025/install/referee_pkg/local/lib/python3.10/dist-packages/referee_pkg-0.0.0-py3.10.egg-info/dependency_links.txt
-- Installing: /home/zjzl/Desktop/New_Referee/Vision_Arena_2025/install/referee_pkg/local/lib/python3.10/dist-packages/referee_pkg-0.0.0-py3.10.egg-info/SOURCES.txt
-- Installing: /home/zjzl/Desktop/New_Referee/Vision_Arena_2025/install/referee_pkg/local/lib/python3.10/dist-packages/referee_pkg-0.0.0-py3.10.egg-info/top_level.txt
-- Installing: /home/zjzl/Desktop/New_Referee/Vision_Arena_2025/install/referee_pkg/local/lib/python3.10/dist-packages/referee_pkg-0.0.0-py3.10.egg-info/PKG-INFO
-- Up-to-date: /home/zjzl/Desktop/New_Referee/Vision_Arena_2025/install/referee_pkg/local/lib/python3.10/dist-packages/referee_pkg
-- Up-to-date: /home/zjzl/Desktop/New_Referee/Vision_Arena_2025/install/referee_pkg/local/lib/python3.10/dist-packages/referee_pkg/referee_pkg_s__rosidl_typesupport_fastrtps_c.cpython-310-x86_64-linux-gnu.so
-- Up-to-date: /home/zjzl/Desktop/New_Referee/Vision_Arena_2025/install/referee_pkg/local/lib/python3.10/dist-packages/referee_pkg/libreferee_pkg__rosidl_generator_py.so
-- Up-to-date: /home/zjzl/Desktop/New_Referee/Vision_Arena_2025/install/referee_pkg/local/lib/python3.10/dist-packages/referee_pkg/msg
-- Up-to-date: /home/zjzl/Desktop/New_Referee/Vision_Arena_2025/install/referee_pkg/local/lib/python3.10/dist-packages/referee_pkg/msg/_multi_object_s.c
-- Up-to-date: /home/zjzl/Desktop/New_Referee/Vision_Arena_2025/install/referee_pkg/local/lib/python3.10/dist-packages/referee_pkg/msg/_race_stage_s.c
-- Up-to-date: /home/zjzl/Desktop/New_Referee/Vision_Arena_2025/install/referee_pkg/local/lib/python3.10/dist-packages/referee_pkg/msg/_race_stage.py
-- Up-to-date: /home/zjzl/Desktop/New_Referee/Vision_Arena_2025/install/referee_pkg/local/lib/python3.10/dist-packages/referee_pkg/msg/_object_s.c
-- Up-to-date: /home/zjzl/Desktop/New_Referee/Vision_Arena_2025/install/referee_pkg/local/lib/python3.10/dist-packages/referee_pkg/msg/_target.py
-- Up-to-date: /home/zjzl/Desktop/New_Referee/Vision_Arena_2025/install/referee_pkg/local/lib/python3.10/dist-packages/referee_pkg/msg/_object.py
-- Up-to-date: /home/zjzl/Desktop/New_Referee/Vision_Arena_2025/install/referee_pkg/local/lib/python3.10/dist-packages/referee_pkg/msg/__init__.py
-- Up-to-date: /home/zjzl/Desktop/New_Referee/Vision_Arena_2025/install/referee_pkg/local/lib/python3.10/dist-packages/referee_pkg/msg/_multi_object.py
-- Up-to-date: /home/zjzl/Desktop/New_Referee/Vision_Arena_2025/install/referee_pkg/local/lib/python3.10/dist-packages/referee_pkg/msg/_target_s.c
-- Up-to-date: /home/zjzl/Desktop/New_Referee/Vision_Arena_2025/install/referee_pkg/local/lib/python3.10/dist-packages/referee_pkg/srv
-- Up-to-date: /home/zjzl/Desktop/New_Referee/Vision_Arena_2025/install/referee_pkg/local/lib/python3.10/dist-packages/referee_pkg/srv/_hit_arror_s.c
-- Up-to-date: /home/zjzl/Desktop/New_Referee/Vision_Arena_2025/install/referee_pkg/local/lib/python3.10/dist-packages/referee_pkg/srv/_hit_arror.py
-- Up-to-date: /home/zjzl/Desktop/New_Referee/Vision_Arena_2025/install/referee_pkg/local/lib/python3.10/dist-packages/referee_pkg/srv/__init__.py
-- Up-to-date: /home/zjzl/Desktop/New_Referee/Vision_Arena_2025/install/referee_pkg/local/lib/python3.10/dist-packages/referee_pkg/referee_pkg_s__rosidl_typesupport_c.cpython-310-x86_64-linux-gnu.so
-- Up-to-date: /home/zjzl/Desktop/New_Referee/Vision_Arena_2025/install/referee_pkg/local/lib/python3.10/dist-packages/referee_pkg/_referee_pkg_s.ep.rosidl_typesupport_c.c
-- Up-to-date: /home/zjzl/Desktop/New_Referee/Vision_Arena_2025/install/referee_pkg/local/lib/python3.10/dist-packages/referee_pkg/referee_pkg_s__rosidl_typesupport_introspection_c.cpython-310-x86_64-linux-gnu.so
-- Up-to-date: /home/zjzl/Desktop/New_Referee/Vision_Arena_2025/install/referee_pkg/local/lib/python3.10/dist-packages/referee_pkg/_referee_pkg_s.ep.rosidl_typesupport_fastrtps_c.c
-- Up-to-date: /home/zjzl/Desktop/New_Referee/Vision_Arena_2025/install/referee_pkg/local/lib/python3.10/dist-packages/referee_pkg/__init__.py
-- Up-to-date: /home/zjzl/Desktop/New_Referee/Vision_Arena_2025/install/referee_pkg/local/lib/python3.10/dist-packages/referee_pkg/_referee_pkg_s.ep.rosidl_typesupport_introspection_c.c
Listing '/home/zjzl/Desktop/New_Referee/Vision_Arena_2025/install/referee_pkg/local/lib/python3.10/dist-packages/referee_pkg'...
Listing '/home/zjzl/Desktop/New_Referee/Vision_Arena_2025/install/referee_pkg/local/lib/python3.10/dist-packages/referee_pkg/msg'...
Listing '/home/zjzl/Desktop/New_Referee/Vision_Arena_2025/install/referee_pkg/local/lib/python3.10/dist-packages/referee_pkg/srv'...
-- Up-to-date: /home/zjzl/Desktop/New_Referee/Vision_Arena_2025/install/referee_pkg/local/lib/python3.10/dist-packages/referee_pkg/referee_pkg_s__rosidl_typesupport_fastrtps_c.cpython-310-x86_64-linux-gnu.so
-- Up-to-date: /home/zjzl/Desktop/New_Referee/Vision_Arena_2025/install/referee_pkg/local/lib/python3.10/dist-packages/referee_pkg/referee_pkg_s__rosidl_typesupport_introspection_c.cpython-310-x86_64-linux-gnu.so
-- Up-to-date: /home/zjzl/Desktop/New_Referee/Vision_Arena_2025/install/referee_pkg/local/lib/python3.10/dist-packages/referee_pkg/referee_pkg_s__rosidl_typesupport_c.cpython-310-x86_64-linux-gnu.so
-- Up-to-date: /home/zjzl/Desktop/New_Referee/Vision_Arena_2025/install/referee_pkg/lib/libreferee_pkg__rosidl_generator_py.so
-- Up-to-date: /home/zjzl/Desktop/New_Referee/Vision_Arena_2025/install/referee_pkg/share/referee_pkg/msg/Target.idl
-- Up-to-date: /home/zjzl/Desktop/New_Referee/Vision_Arena_2025/install/referee_pkg/share/referee_pkg/msg/Object.idl
-- Up-to-date: /home/zjzl/Desktop/New_Referee/Vision_Arena_2025/install/referee_pkg/share/referee_pkg/msg/MultiObject.idl
-- Up-to-date: /home/zjzl/Desktop/New_Referee/Vision_Arena_2025/install/referee_pkg/share/referee_pkg/msg/RaceStage.idl
-- Up-to-date: /home/zjzl/Desktop/New_Referee/Vision_Arena_2025/install/referee_pkg/share/referee_pkg/srv/HitArror.idl
-- Up-to-date: /home/zjzl/Desktop/New_Referee/Vision_Arena_2025/install/referee_pkg/share/referee_pkg/msg/Target.msg
-- Up-to-date: /home/zjzl/Desktop/New_Referee/Vision_Arena_2025/install/referee_pkg/share/referee_pkg/msg/Object.msg
-- Up-to-date: /home/zjzl/Desktop/New_Referee/Vision_Arena_2025/install/referee_pkg/share/referee_pkg/msg/MultiObject.msg
-- Up-to-date: /home/zjzl/Desktop/New_Referee/Vision_Arena_2025/install/referee_pkg/share/referee_pkg/msg/RaceStage.msg
-- Up-to-date: /home/zjzl/Desktop/New_Referee/Vision_Arena_2025/install/referee_pkg/share/referee_pkg/srv/HitArror.srv
-- Up-to-date: /home/zjzl/Desktop/New_Referee/Vision_Arena_2025/install/referee_pkg/share/referee_pkg/srv/HitArror_Request.msg
-- Up-to-date: /home/zjzl/Desktop/New_Referee/Vision_Arena_2025/install/referee_pkg/share/referee_pkg/srv/HitArror_Response.msg
-- Up-to-date: /home/zjzl/Desktop/New_Referee/Vision_Arena_2025/install/referee_pkg/lib/referee_pkg/referee
-- Up-to-date: /home/zjzl/Desktop/New_Referee/Vision_Arena_2025/install/referee_pkg/include
-- Up-to-date: /home/zjzl/Desktop/New_Referee/Vision_Arena_2025/install/referee_pkg/include/referee_pkg
-- Up-to-date: /home/zjzl/Desktop/New_Referee/Vision_Arena_2025/install/referee_pkg/include/referee_pkg/msg
-- Up-to-date: /home/zjzl/Desktop/New_Referee/Vision_Arena_2025/install/referee_pkg/include/referee_pkg/msg/object.hpp
-- Up-to-date: /home/zjzl/Desktop/New_Referee/Vision_Arena_2025/install/referee_pkg/include/referee_pkg/msg/rosidl_generator_cpp__visibility_control.hpp
-- Up-to-date: /home/zjzl/Desktop/New_Referee/Vision_Arena_2025/install/referee_pkg/include/referee_pkg/msg/multi_object.hpp
-- Up-to-date: /home/zjzl/Desktop/New_Referee/Vision_Arena_2025/install/referee_pkg/include/referee_pkg/msg/detail
-- Up-to-date: /home/zjzl/Desktop/New_Referee/Vision_Arena_2025/install/referee_pkg/include/referee_pkg/msg/detail/race_stage__struct.hpp
-- Up-to-date: /home/zjzl/Desktop/New_Referee/Vision_Arena_2025/install/referee_pkg/include/referee_pkg/msg/detail/object__builder.hpp
-- Up-to-date: /home/zjzl/Desktop/New_Referee/Vision_Arena_2025/install/referee_pkg/include/referee_pkg/msg/detail/multi_object__type_support.hpp
-- Up-to-date: /home/zjzl/Desktop/New_Referee/Vision_Arena_2025/install/referee_pkg/include/referee_pkg/msg/detail/target__builder.hpp
-- Up-to-date: /home/zjzl/Desktop/New_Referee/Vision_Arena_2025/install/referee_pkg/include/referee_pkg/msg/detail/race_stage__builder.hpp
-- Up-to-date: /home/zjzl/Desktop/New_Referee/Vision_Arena_2025/install/referee_pkg/include/referee_pkg/msg/detail/multi_object__traits.hpp
-- Up-to-date: /home/zjzl/Desktop/New_Referee/Vision_Arena_2025/install/referee_pkg/include/referee_pkg/msg/detail/object__type_support.hpp
-- Up-to-date: /home/zjzl/Desktop/New_Referee/Vision_Arena_2025/install/referee_pkg/include/referee_pkg/msg/detail/target__type_support.hpp
-- Up-to-date: /home/zjzl/Desktop/New_Referee/Vision_Arena_2025/install/referee_pkg/include/referee_pkg/msg/detail/object__traits.hpp
-- Up-to-date: /home/zjzl/Desktop/New_Referee/Vision_Arena_2025/install/referee_pkg/include/referee_pkg/msg/detail/target__traits.hpp
-- Up-to-date: /home/zjzl/Desktop/New_Referee/Vision_Arena_2025/install/referee_pkg/include/referee_pkg/msg/detail/object__struct.hpp
-- Up-to-date: /home/zjzl/Desktop/New_Referee/Vision_Arena_2025/install/referee_pkg/include/referee_pkg/msg/detail/multi_object__builder.hpp
-- Up-to-date: /home/zjzl/Desktop/New_Referee/Vision_Arena_2025/install/referee_pkg/include/referee_pkg/msg/detail/race_stage__traits.hpp
-- Up-to-date: /home/zjzl/Desktop/New_Referee/Vision_Arena_2025/install/referee_pkg/include/referee_pkg/msg/detail/race_stage__type_support.hpp
-- Up-to-date: /home/zjzl/Desktop/New_Referee/Vision_Arena_2025/install/referee_pkg/include/referee_pkg/msg/detail/target__struct.hpp
-- Up-to-date: /home/zjzl/Desktop/New_Referee/Vision_Arena_2025/install/referee_pkg/include/referee_pkg/msg/detail/multi_object__struct.hpp
-- Up-to-date: /home/zjzl/Desktop/New_Referee/Vision_Arena_2025/install/referee_pkg/include/referee_pkg/msg/race_stage.hpp
-- Up-to-date: /home/zjzl/Desktop/New_Referee/Vision_Arena_2025/install/referee_pkg/include/referee_pkg/msg/target.hpp
-- Up-to-date: /home/zjzl/Desktop/New_Referee/Vision_Arena_2025/install/referee_pkg/include/referee_pkg/srv
-- Up-to-date: /home/zjzl/Desktop/New_Referee/Vision_Arena_2025/install/referee_pkg/include/referee_pkg/srv/hit_arror.hpp
-- Up-to-date: /home/zjzl/Desktop/New_Referee/Vision_Arena_2025/install/referee_pkg/include/referee_pkg/srv/detail
-- Up-to-date: /home/zjzl/Desktop/New_Referee/Vision_Arena_2025/install/referee_pkg/include/referee_pkg/srv/detail/hit_arror__builder.hpp
-- Up-to-date: /home/zjzl/Desktop/New_Referee/Vision_Arena_2025/install/referee_pkg/include/referee_pkg/srv/detail/hit_arror__struct.hpp
-- Up-to-date: /home/zjzl/Desktop/New_Referee/Vision_Arena_2025/install/referee_pkg/include/referee_pkg/srv/detail/hit_arror__type_support.hpp
-- Up-to-date: /home/zjzl/Desktop/New_Referee/Vision_Arena_2025/install/referee_pkg/include/referee_pkg/srv/detail/hit_arror__traits.hpp
-- Up-to-date: /home/zjzl/Desktop/New_Referee/Vision_Arena_2025/install/referee_pkg/share/referee_pkg/launch
-- Up-to-date: /home/zjzl/Desktop/New_Referee/Vision_Arena_2025/install/referee_pkg/share/referee_pkg/launch/referee_pkg_launch.xml
-- Up-to-date: /home/zjzl/Desktop/New_Referee/Vision_Arena_2025/install/referee_pkg/share/ament_index/resource_index/package_run_dependencies/referee_pkg
-- Up-to-date: /home/zjzl/Desktop/New_Referee/Vision_Arena_2025/install/referee_pkg/share/ament_index/resource_index/parent_prefix_path/referee_pkg
-- Up-to-date: /home/zjzl/Desktop/New_Referee/Vision_Arena_2025/install/referee_pkg/share/referee_pkg/environment/ament_prefix_path.sh
-- Up-to-date: /home/zjzl/Desktop/New_Referee/Vision_Arena_2025/install/referee_pkg/share/referee_pkg/environment/ament_prefix_path.dsv
-- Up-to-date: /home/zjzl/Desktop/New_Referee/Vision_Arena_2025/install/referee_pkg/share/referee_pkg/environment/path.sh
-- Up-to-date: /home/zjzl/Desktop/New_Referee/Vision_Arena_2025/install/referee_pkg/share/referee_pkg/environment/path.dsv
-- Up-to-date: /home/zjzl/Desktop/New_Referee/Vision_Arena_2025/install/referee_pkg/share/referee_pkg/local_setup.bash
-- Up-to-date: /home/zjzl/Desktop/New_Referee/Vision_Arena_2025/install/referee_pkg/share/referee_pkg/local_setup.sh
-- Up-to-date: /home/zjzl/Desktop/New_Referee/Vision_Arena_2025/install/referee_pkg/share/referee_pkg/local_setup.zsh
-- Up-to-date: /home/zjzl/Desktop/New_Referee/Vision_Arena_2025/install/referee_pkg/share/referee_pkg/local_setup.dsv
-- Installing: /home/zjzl/Desktop/New_Referee/Vision_Arena_2025/install/referee_pkg/share/referee_pkg/package.dsv
-- Up-to-date: /home/zjzl/Desktop/New_Referee/Vision_Arena_2025/install/referee_pkg/share/ament_index/resource_index/packages/referee_pkg
-- Up-to-date: /home/zjzl/Desktop/New_Referee/Vision_Arena_2025/install/referee_pkg/share/referee_pkg/cmake/export_referee_pkg__rosidl_generator_cExport.cmake
-- Up-to-date: /home/zjzl/Desktop/New_Referee/Vision_Arena_2025/install/referee_pkg/share/referee_pkg/cmake/export_referee_pkg__rosidl_generator_cExport-noconfig.cmake
-- Up-to-date: /home/zjzl/Desktop/New_Referee/Vision_Arena_2025/install/referee_pkg/share/referee_pkg/cmake/export_referee_pkg__rosidl_typesupport_fastrtps_cExport.cmake
-- Up-to-date: /home/zjzl/Desktop/New_Referee/Vision_Arena_2025/install/referee_pkg/share/referee_pkg/cmake/export_referee_pkg__rosidl_typesupport_fastrtps_cExport-noconfig.cmake
-- Up-to-date: /home/zjzl/Desktop/New_Referee/Vision_Arena_2025/install/referee_pkg/share/referee_pkg/cmake/export_referee_pkg__rosidl_generator_cppExport.cmake
-- Up-to-date: /home/zjzl/Desktop/New_Referee/Vision_Arena_2025/install/referee_pkg/share/referee_pkg/cmake/export_referee_pkg__rosidl_typesupport_fastrtps_cppExport.cmake
-- Up-to-date: /home/zjzl/Desktop/New_Referee/Vision_Arena_2025/install/referee_pkg/share/referee_pkg/cmake/export_referee_pkg__rosidl_typesupport_fastrtps_cppExport-noconfig.cmake
-- Up-to-date: /home/zjzl/Desktop/New_Referee/Vision_Arena_2025/install/referee_pkg/share/referee_pkg/cmake/referee_pkg__rosidl_typesupport_introspection_cExport.cmake
-- Up-to-date: /home/zjzl/Desktop/New_Referee/Vision_Arena_2025/install/referee_pkg/share/referee_pkg/cmake/referee_pkg__rosidl_typesupport_introspection_cExport-noconfig.cmake
-- Up-to-date: /home/zjzl/Desktop/New_Referee/Vision_Arena_2025/install/referee_pkg/share/referee_pkg/cmake/referee_pkg__rosidl_typesupport_cExport.cmake
-- Up-to-date: /home/zjzl/Desktop/New_Referee/Vision_Arena_2025/install/referee_pkg/share/referee_pkg/cmake/referee_pkg__rosidl_typesupport_cExport-noconfig.cmake
-- Up-to-date: /home/zjzl/Desktop/New_Referee/Vision_Arena_2025/install/referee_pkg/share/referee_pkg/cmake/referee_pkg__rosidl_typesupport_introspection_cppExport.cmake
-- Up-to-date: /home/zjzl/Desktop/New_Referee/Vision_Arena_2025/install/referee_pkg/share/referee_pkg/cmake/referee_pkg__rosidl_typesupport_introspection_cppExport-noconfig.cmake
-- Up-to-date: /home/zjzl/Desktop/New_Referee/Vision_Arena_2025/install/referee_pkg/share/referee_pkg/cmake/referee_pkg__rosidl_typesupport_cppExport.cmake
-- Up-to-date: /home/zjzl/Desktop/New_Referee/Vision_Arena_2025/install/referee_pkg/share/referee_pkg/cmake/referee_pkg__rosidl_typesupport_cppExport-noconfig.cmake
-- Up-to-date: /home/zjzl/Desktop/New_Referee/Vision_Arena_2025/install/referee_pkg/share/referee_pkg/cmake/export_referee_pkg__rosidl_generator_pyExport.cmake
-- Up-to-date: /home/zjzl/Desktop/New_Referee/Vision_Arena_2025/install/referee_pkg/share/referee_pkg/cmake/export_referee_pkg__rosidl_generator_pyExport-noconfig.cmake
-- Up-to-date: /home/zjzl/Desktop/New_Referee/Vision_Arena_2025/install/referee_pkg/share/referee_pkg/cmake/rosidl_cmake-extras.cmake
-- Up-to-date: /home/zjzl/Desktop/New_Referee/Vision_Arena_2025/install/referee_pkg/share/referee_pkg/cmake/ament_cmake_export_dependencies-extras.cmake
-- Up-to-date: /home/zjzl/Desktop/New_Referee/Vision_Arena_2025/install/referee_pkg/share/referee_pkg/cmake/ament_cmake_export_include_directories-extras.cmake
-- Up-to-date: /home/zjzl/Desktop/New_Referee/Vision_Arena_2025/install/referee_pkg/share/referee_pkg/cmake/ament_cmake_export_libraries-extras.cmake
-- Up-to-date: /home/zjzl/Desktop/New_Referee/Vision_Arena_2025/install/referee_pkg/share/referee_pkg/cmake/ament_cmake_export_targets-extras.cmake
-- Up-to-date: /home/zjzl/Desktop/New_Referee/Vision_Arena_2025/install/referee_pkg/share/referee_pkg/cmake/rosidl_cmake_export_typesupport_targets-extras.cmake
-- Up-to-date: /home/zjzl/Desktop/New_Referee/Vision_Arena_2025/install/referee_pkg/share/referee_pkg/cmake/rosidl_cmake_export_typesupport_libraries-extras.cmake
-- Up-to-date: /home/zjzl/Desktop/New_Referee/Vision_Arena_2025/install/referee_pkg/share/referee_pkg/cmake/referee_pkgConfig.cmake
-- Up-to-date: /home/zjzl/Desktop/New_Referee/Vision_Arena_2025/install/referee_pkg/share/referee_pkg/cmake/referee_pkgConfig-version.cmake
-- Up-to-date: /home/zjzl/Desktop/New_Referee/Vision_Arena_2025/install/referee_pkg/share/referee_pkg/package.xml
