[0.007s] Invoking command in '/home/zjzl/Desktop/New_Referee/Vision_Arena_2025/build/camera': CMAKE_PREFIX_PATH=/home/zjzl/Desktop/New_Referee/Vision_Arena_2025/install/pose_msg:/home/zjzl/Desktop/New_Referee/Vision_Arena_2025/install/target_model_pkg:/home/zjzl/Desktop/New_Referee/Vision_Arena_2025/install/player_pkg:/home/zjzl/Desktop/New_Referee/Vision_Arena_2025/install/referee_pkg:/home/zjzl/Desktop/New_Referee/Vision_Arena_2025/install/camera:/home/zjzl/Desktop/New_Referee/Vision_Arena_2025/install/camera_sim_pkg:/opt/ros/humble LD_LIBRARY_PATH=/home/zjzl/Desktop/New_Referee/Vision_Arena_2025/install/pose_msg/lib:/home/zjzl/Desktop/New_Referee/Vision_Arena_2025/install/target_model_pkg/lib:/home/zjzl/Desktop/New_Referee/Vision_Arena_2025/install/referee_pkg/lib:/home/zjzl/Desktop/New_Referee/Vision_Arena_2025/install/camera/lib:/opt/intel/openvino_2023.0.2/runtime/lib/intel64:/usr/local/cuda-12.4/lib64:/usr/lib/x86_64-linux-gnu/gazebo-11/plugins:/opt/ros/humble/opt/rviz_ogre_vendor/lib:/opt/ros/humble/lib/x86_64-linux-gnu:/opt/ros/humble/lib:/opt/intel/openvino_2023.0.2/runtime/lib/intel64:/usr/local/cuda-12.4/lib64 /usr/bin/cmake /home/zjzl/Desktop/New_Referee/Vision_Arena_2025/ros_gazebo_plugin/node/src/camera -DCMAKE_INSTALL_PREFIX=/home/zjzl/Desktop/New_Referee/Vision_Arena_2025/install/camera
[0.045s] -- The C compiler identification is GNU 11.4.0
[0.080s] -- The CXX compiler identification is GNU 11.4.0
[0.084s] -- Detecting C compiler ABI info
[0.129s] -- Detecting C compiler ABI info - done
[0.133s] -- Check for working C compiler: /usr/bin/cc - skipped
[0.133s] -- Detecting C compile features
[0.133s] -- Detecting C compile features - done
[0.134s] -- Detecting CXX compiler ABI info
[0.183s] -- Detecting CXX compiler ABI info - done
[0.186s] -- Check for working CXX compiler: /usr/bin/c++ - skipped
[0.187s] -- Detecting CXX compile features
[0.187s] -- Detecting CXX compile features - done
[0.188s] -- Found ament_cmake: 1.3.12 (/opt/ros/humble/share/ament_cmake/cmake)
[0.278s] -- Found Python3: /usr/bin/python3 (found version "3.10.12") found components: Interpreter 
[0.319s] -- Found rclcpp: 16.0.15 (/opt/ros/humble/share/rclcpp/cmake)
[0.338s] -- Found rosidl_generator_c: 3.1.7 (/opt/ros/humble/share/rosidl_generator_c/cmake)
[0.340s] -- Found rosidl_adapter: 3.1.7 (/opt/ros/humble/share/rosidl_adapter/cmake)
[0.344s] -- Found rosidl_generator_cpp: 3.1.7 (/opt/ros/humble/share/rosidl_generator_cpp/cmake)
[0.350s] -- Using all available rosidl_typesupport_c: rosidl_typesupport_fastrtps_c;rosidl_typesupport_introspection_c
[0.357s] -- Using all available rosidl_typesupport_cpp: rosidl_typesupport_fastrtps_cpp;rosidl_typesupport_introspection_cpp
[0.377s] -- Found rmw_implementation_cmake: 6.1.2 (/opt/ros/humble/share/rmw_implementation_cmake/cmake)
[0.378s] -- Found rmw_fastrtps_cpp: 6.2.8 (/opt/ros/humble/share/rmw_fastrtps_cpp/cmake)
[0.428s] -- Found OpenSSL: /usr/lib/x86_64-linux-gnu/libcrypto.so (found version "3.0.2")  
[0.448s] -- Found FastRTPS: /opt/ros/humble/include  
[0.472s] -- Using RMW implementation 'rmw_fastrtps_cpp' as default
[0.476s] -- Looking for pthread.h
[0.526s] -- Looking for pthread.h - found
[0.526s] -- Performing Test CMAKE_HAVE_LIBC_PTHREAD
[0.578s] -- Performing Test CMAKE_HAVE_LIBC_PTHREAD - Success
[0.579s] -- Found Threads: TRUE  
[0.602s] -- Found sensor_msgs: 4.9.0 (/opt/ros/humble/share/sensor_msgs/cmake)
[0.620s] -- Found PkgConfig: /usr/bin/pkg-config (found version "0.29.2") 
[0.620s] [33mCMake Warning (dev) at /usr/share/cmake-3.22/Modules/FindPackageHandleStandardArgs.cmake:438 (message):
[0.620s]   The package name passed to `find_package_handle_standard_args` (PkgConfig)
[0.620s]   does not match the name of the calling package (gazebo).  This can lead to
[0.620s]   problems in calling code that expects `find_package` result variables
[0.620s]   (e.g., `_FOUND`) to follow a certain pattern.
[0.620s] Call Stack (most recent call first):
[0.620s]   /usr/share/cmake-3.22/Modules/FindPkgConfig.cmake:99 (find_package_handle_standard_args)
[0.620s]   /usr/lib/x86_64-linux-gnu/cmake/gazebo/gazebo-config.cmake:72 (include)
[0.620s]   CMakeLists.txt:12 (find_package)
[0.620s] This warning is for project developers.  Use -Wno-dev to suppress it.
[0.620s] [0m
[0.620s] -- Checking for module 'bullet>=2.82'
[0.629s] --   Found bullet, version 3.05
[0.705s] -- Found fcl: /usr/include (found suitable version "0.7.0", minimum required is "0.5.0") 
[0.742s] -- Found assimp: /usr/include (found version "5.2.0") 
[0.753s] -- Found DART: /usr/include (Required is at least version "6.6") found components: dart 
[0.771s] -- Found Boost: /usr/lib/x86_64-linux-gnu/cmake/Boost-1.74.0/BoostConfig.cmake (found suitable version "1.74.0", minimum required is "1.40.0") found components: thread system filesystem program_options regex iostreams date_time 
[0.779s] -- Found Protobuf: /usr/lib/x86_64-linux-gnu/libprotobuf.so (found version "3.12.4") 
[0.782s] -- Looking for ignition-math6 -- found version 6.15.1
[0.785s] -- Searching for dependencies of ignition-math6
[0.785s] -- Looking for OGRE...
[0.785s] -- OGRE_PREFIX_WATCH changed.
[0.788s] -- Checking for module 'OGRE'
[0.798s] --   Found OGRE, version 1.9.0
[0.821s] -- Found Ogre Ghadamon (1.9.0)
[0.827s] -- Found OGRE: optimized;/usr/lib/x86_64-linux-gnu/libOgreMain.so;debug;/usr/lib/x86_64-linux-gnu/libOgreMain.so
[0.832s] -- Looking for OGRE_Paging...
[0.836s] -- Found OGRE_Paging: optimized;/usr/lib/x86_64-linux-gnu/libOgrePaging.so;debug;/usr/lib/x86_64-linux-gnu/libOgrePaging.so
[0.836s] -- Looking for OGRE_Terrain...
[0.838s] -- Found OGRE_Terrain: optimized;/usr/lib/x86_64-linux-gnu/libOgreTerrain.so;debug;/usr/lib/x86_64-linux-gnu/libOgreTerrain.so
[0.838s] -- Looking for OGRE_Property...
[0.840s] -- Found OGRE_Property: optimized;/usr/lib/x86_64-linux-gnu/libOgreProperty.so;debug;/usr/lib/x86_64-linux-gnu/libOgreProperty.so
[0.840s] -- Looking for OGRE_RTShaderSystem...
[0.843s] -- Found OGRE_RTShaderSystem: optimized;/usr/lib/x86_64-linux-gnu/libOgreRTShaderSystem.so;debug;/usr/lib/x86_64-linux-gnu/libOgreRTShaderSystem.so
[0.843s] -- Looking for OGRE_Volume...
[0.845s] -- Found OGRE_Volume: optimized;/usr/lib/x86_64-linux-gnu/libOgreVolume.so;debug;/usr/lib/x86_64-linux-gnu/libOgreVolume.so
[0.845s] -- Looking for OGRE_Overlay...
[0.848s] -- Found OGRE_Overlay: optimized;/usr/lib/x86_64-linux-gnu/libOgreOverlay.so;debug;/usr/lib/x86_64-linux-gnu/libOgreOverlay.so
[0.901s] -- Looking for ignition-math6 -- found version 6.15.1
[0.903s] -- Looking for ignition-transport8 -- found version 8.2.1
[0.903s] -- Searching for dependencies of ignition-transport8
[0.912s] -- Found Protobuf: /usr/lib/x86_64-linux-gnu/libprotobuf.so (found suitable version "3.12.4", minimum required is "3") 
[0.917s] -- Config-file not installed for ZeroMQ -- checking for pkg-config
[0.921s] -- Checking for module 'libzmq >= 4'
[0.931s] --   Found libzmq , version 4.3.4
[0.958s] -- Found ZeroMQ: TRUE (Required is at least version "4") 
[0.961s] -- Checking for module 'uuid'
[0.970s] --   Found uuid, version 2.37.2
[0.996s] -- Found UUID: TRUE  
[0.998s] -- Looking for ignition-msgs5 -- found version 5.8.1
[0.998s] -- Searching for dependencies of ignition-msgs5
[1.014s] -- Looking for ignition-math6 -- found version 6.15.1
[1.018s] -- Checking for module 'tinyxml2'
[1.028s] --   Found tinyxml2, version 9.0.0
[1.056s] -- Looking for ignition-msgs5 -- found version 5.8.1
[1.058s] -- Looking for ignition-common3 -- found version 3.14.0
[1.058s] -- Searching for dependencies of ignition-common3
[1.059s] -- Looking for dlfcn.h - found
[1.059s] -- Looking for libdl - found
[1.060s] -- Found DL: TRUE  
[1.070s] -- Found tinyobjloader: /usr/lib/x86_64-linux-gnu/cmake/tinyobjloader/tinyobjloader-config.cmake (found version "2.0.0") 
[1.070s] -- Searching for <ignition-common3> component [graphics]
[1.071s] -- Looking for ignition-common3-graphics -- found version 3.14.0
[1.072s] -- Searching for dependencies of ignition-common3-graphics
[1.072s] -- Looking for ignition-math6 -- found version 6.15.1
[1.073s] -- Looking for ignition-fuel_tools4 -- found version 4.4.0
[1.074s] -- Searching for dependencies of ignition-fuel_tools4
[1.134s] -- Found CURL: /usr/lib/x86_64-linux-gnu/libcurl.so (found version "7.81.0")  
[1.139s] -- Checking for module 'jsoncpp'
[1.150s] --   Found jsoncpp, version 1.9.5
[1.177s] -- Found JSONCPP: TRUE  
[1.181s] -- Checking for module 'libzip'
[1.192s] --   Found libzip, version 1.7.3
[1.221s] -- Found ZIP: TRUE  
[1.221s] -- Looking for ignition-common3 -- found version 3.14.0
[1.222s] -- Looking for ignition-math6 -- found version 6.15.1
[1.222s] -- Looking for ignition-msgs5 -- found version 5.8.1
[1.225s] -- Found pose_msg: 0.0.0 (/home/zjzl/Desktop/New_Referee/Vision_Arena_2025/install/pose_msg/share/pose_msg/cmake)
[1.236s] -- Found ament_lint_auto: 0.12.14 (/opt/ros/humble/share/ament_lint_auto/cmake)
[1.279s] -- Added test 'cppcheck' to perform static code analysis on C / C++ code
[1.279s] -- Configured cppcheck include dirs: /home/zjzl/Desktop/New_Referee/Vision_Arena_2025/ros_gazebo_plugin/node/src/camera/include/camera
[1.279s] -- Configured cppcheck exclude dirs and/or files: 
[1.279s] -- Added test 'lint_cmake' to check CMake code style
[1.280s] -- Added test 'uncrustify' to check C / C++ code style
[1.280s] -- Configured uncrustify additional arguments: 
[1.280s] -- Added test 'xmllint' to check XML markup files
[1.281s] -- Configuring done
[1.287s] -- Generating done
[1.289s] -- Build files have been written to: /home/zjzl/Desktop/New_Referee/Vision_Arena_2025/build/camera
[1.297s] Invoked command in '/home/zjzl/Desktop/New_Referee/Vision_Arena_2025/build/camera' returned '0': CMAKE_PREFIX_PATH=/home/zjzl/Desktop/New_Referee/Vision_Arena_2025/install/pose_msg:/home/zjzl/Desktop/New_Referee/Vision_Arena_2025/install/target_model_pkg:/home/zjzl/Desktop/New_Referee/Vision_Arena_2025/install/player_pkg:/home/zjzl/Desktop/New_Referee/Vision_Arena_2025/install/referee_pkg:/home/zjzl/Desktop/New_Referee/Vision_Arena_2025/install/camera:/home/zjzl/Desktop/New_Referee/Vision_Arena_2025/install/camera_sim_pkg:/opt/ros/humble LD_LIBRARY_PATH=/home/zjzl/Desktop/New_Referee/Vision_Arena_2025/install/pose_msg/lib:/home/zjzl/Desktop/New_Referee/Vision_Arena_2025/install/target_model_pkg/lib:/home/zjzl/Desktop/New_Referee/Vision_Arena_2025/install/referee_pkg/lib:/home/zjzl/Desktop/New_Referee/Vision_Arena_2025/install/camera/lib:/opt/intel/openvino_2023.0.2/runtime/lib/intel64:/usr/local/cuda-12.4/lib64:/usr/lib/x86_64-linux-gnu/gazebo-11/plugins:/opt/ros/humble/opt/rviz_ogre_vendor/lib:/opt/ros/humble/lib/x86_64-linux-gnu:/opt/ros/humble/lib:/opt/intel/openvino_2023.0.2/runtime/lib/intel64:/usr/local/cuda-12.4/lib64 /usr/bin/cmake /home/zjzl/Desktop/New_Referee/Vision_Arena_2025/ros_gazebo_plugin/node/src/camera -DCMAKE_INSTALL_PREFIX=/home/zjzl/Desktop/New_Referee/Vision_Arena_2025/install/camera
[1.298s] Invoking command in '/home/zjzl/Desktop/New_Referee/Vision_Arena_2025/build/camera': CMAKE_PREFIX_PATH=/home/zjzl/Desktop/New_Referee/Vision_Arena_2025/install/pose_msg:/home/zjzl/Desktop/New_Referee/Vision_Arena_2025/install/target_model_pkg:/home/zjzl/Desktop/New_Referee/Vision_Arena_2025/install/player_pkg:/home/zjzl/Desktop/New_Referee/Vision_Arena_2025/install/referee_pkg:/home/zjzl/Desktop/New_Referee/Vision_Arena_2025/install/camera:/home/zjzl/Desktop/New_Referee/Vision_Arena_2025/install/camera_sim_pkg:/opt/ros/humble LD_LIBRARY_PATH=/home/zjzl/Desktop/New_Referee/Vision_Arena_2025/install/pose_msg/lib:/home/zjzl/Desktop/New_Referee/Vision_Arena_2025/install/target_model_pkg/lib:/home/zjzl/Desktop/New_Referee/Vision_Arena_2025/install/referee_pkg/lib:/home/zjzl/Desktop/New_Referee/Vision_Arena_2025/install/camera/lib:/opt/intel/openvino_2023.0.2/runtime/lib/intel64:/usr/local/cuda-12.4/lib64:/usr/lib/x86_64-linux-gnu/gazebo-11/plugins:/opt/ros/humble/opt/rviz_ogre_vendor/lib:/opt/ros/humble/lib/x86_64-linux-gnu:/opt/ros/humble/lib:/opt/intel/openvino_2023.0.2/runtime/lib/intel64:/usr/local/cuda-12.4/lib64 /usr/bin/cmake --build /home/zjzl/Desktop/New_Referee/Vision_Arena_2025/build/camera -- -j32 -l32
[1.342s] [ 50%] [32mBuilding CXX object CMakeFiles/camera.dir/src/new_camera.cpp.o[0m
[11.273s] [100%] [32m[1mLinking CXX shared library libcamera.so[0m
[11.442s] [100%] Built target camera
[11.453s] Invoked command in '/home/zjzl/Desktop/New_Referee/Vision_Arena_2025/build/camera' returned '0': CMAKE_PREFIX_PATH=/home/zjzl/Desktop/New_Referee/Vision_Arena_2025/install/pose_msg:/home/zjzl/Desktop/New_Referee/Vision_Arena_2025/install/target_model_pkg:/home/zjzl/Desktop/New_Referee/Vision_Arena_2025/install/player_pkg:/home/zjzl/Desktop/New_Referee/Vision_Arena_2025/install/referee_pkg:/home/zjzl/Desktop/New_Referee/Vision_Arena_2025/install/camera:/home/zjzl/Desktop/New_Referee/Vision_Arena_2025/install/camera_sim_pkg:/opt/ros/humble LD_LIBRARY_PATH=/home/zjzl/Desktop/New_Referee/Vision_Arena_2025/install/pose_msg/lib:/home/zjzl/Desktop/New_Referee/Vision_Arena_2025/install/target_model_pkg/lib:/home/zjzl/Desktop/New_Referee/Vision_Arena_2025/install/referee_pkg/lib:/home/zjzl/Desktop/New_Referee/Vision_Arena_2025/install/camera/lib:/opt/intel/openvino_2023.0.2/runtime/lib/intel64:/usr/local/cuda-12.4/lib64:/usr/lib/x86_64-linux-gnu/gazebo-11/plugins:/opt/ros/humble/opt/rviz_ogre_vendor/lib:/opt/ros/humble/lib/x86_64-linux-gnu:/opt/ros/humble/lib:/opt/intel/openvino_2023.0.2/runtime/lib/intel64:/usr/local/cuda-12.4/lib64 /usr/bin/cmake --build /home/zjzl/Desktop/New_Referee/Vision_Arena_2025/build/camera -- -j32 -l32
[11.455s] Invoking command in '/home/zjzl/Desktop/New_Referee/Vision_Arena_2025/build/camera': CMAKE_PREFIX_PATH=/home/zjzl/Desktop/New_Referee/Vision_Arena_2025/install/pose_msg:/home/zjzl/Desktop/New_Referee/Vision_Arena_2025/install/target_model_pkg:/home/zjzl/Desktop/New_Referee/Vision_Arena_2025/install/player_pkg:/home/zjzl/Desktop/New_Referee/Vision_Arena_2025/install/referee_pkg:/home/zjzl/Desktop/New_Referee/Vision_Arena_2025/install/camera:/home/zjzl/Desktop/New_Referee/Vision_Arena_2025/install/camera_sim_pkg:/opt/ros/humble LD_LIBRARY_PATH=/home/zjzl/Desktop/New_Referee/Vision_Arena_2025/install/pose_msg/lib:/home/zjzl/Desktop/New_Referee/Vision_Arena_2025/install/target_model_pkg/lib:/home/zjzl/Desktop/New_Referee/Vision_Arena_2025/install/referee_pkg/lib:/home/zjzl/Desktop/New_Referee/Vision_Arena_2025/install/camera/lib:/opt/intel/openvino_2023.0.2/runtime/lib/intel64:/usr/local/cuda-12.4/lib64:/usr/lib/x86_64-linux-gnu/gazebo-11/plugins:/opt/ros/humble/opt/rviz_ogre_vendor/lib:/opt/ros/humble/lib/x86_64-linux-gnu:/opt/ros/humble/lib:/opt/intel/openvino_2023.0.2/runtime/lib/intel64:/usr/local/cuda-12.4/lib64 /usr/bin/cmake --install /home/zjzl/Desktop/New_Referee/Vision_Arena_2025/build/camera
[11.459s] -- Install configuration: ""
[11.460s] -- Installing: /home/zjzl/Desktop/New_Referee/Vision_Arena_2025/install/camera/lib/libcamera.so
[11.461s] -- Set runtime path of "/home/zjzl/Desktop/New_Referee/Vision_Arena_2025/install/camera/lib/libcamera.so" to ""
[11.461s] -- Installing: /home/zjzl/Desktop/New_Referee/Vision_Arena_2025/install/camera/share/ament_index/resource_index/package_run_dependencies/camera
[11.461s] -- Installing: /home/zjzl/Desktop/New_Referee/Vision_Arena_2025/install/camera/share/ament_index/resource_index/parent_prefix_path/camera
[11.461s] -- Installing: /home/zjzl/Desktop/New_Referee/Vision_Arena_2025/install/camera/share/camera/environment/ament_prefix_path.sh
[11.461s] -- Installing: /home/zjzl/Desktop/New_Referee/Vision_Arena_2025/install/camera/share/camera/environment/ament_prefix_path.dsv
[11.461s] -- Installing: /home/zjzl/Desktop/New_Referee/Vision_Arena_2025/install/camera/share/camera/environment/path.sh
[11.462s] -- Installing: /home/zjzl/Desktop/New_Referee/Vision_Arena_2025/install/camera/share/camera/environment/path.dsv
[11.462s] -- Installing: /home/zjzl/Desktop/New_Referee/Vision_Arena_2025/install/camera/share/camera/local_setup.bash
[11.462s] -- Installing: /home/zjzl/Desktop/New_Referee/Vision_Arena_2025/install/camera/share/camera/local_setup.sh
[11.462s] -- Installing: /home/zjzl/Desktop/New_Referee/Vision_Arena_2025/install/camera/share/camera/local_setup.zsh
[11.462s] -- Installing: /home/zjzl/Desktop/New_Referee/Vision_Arena_2025/install/camera/share/camera/local_setup.dsv
[11.462s] -- Installing: /home/zjzl/Desktop/New_Referee/Vision_Arena_2025/install/camera/share/camera/package.dsv
[11.462s] -- Installing: /home/zjzl/Desktop/New_Referee/Vision_Arena_2025/install/camera/share/ament_index/resource_index/packages/camera
[11.462s] -- Installing: /home/zjzl/Desktop/New_Referee/Vision_Arena_2025/install/camera/share/camera/cmake/cameraConfig.cmake
[11.462s] -- Installing: /home/zjzl/Desktop/New_Referee/Vision_Arena_2025/install/camera/share/camera/cmake/cameraConfig-version.cmake
[11.462s] -- Installing: /home/zjzl/Desktop/New_Referee/Vision_Arena_2025/install/camera/share/camera/package.xml
[11.463s] Invoked command in '/home/zjzl/Desktop/New_Referee/Vision_Arena_2025/build/camera' returned '0': CMAKE_PREFIX_PATH=/home/zjzl/Desktop/New_Referee/Vision_Arena_2025/install/pose_msg:/home/zjzl/Desktop/New_Referee/Vision_Arena_2025/install/target_model_pkg:/home/zjzl/Desktop/New_Referee/Vision_Arena_2025/install/player_pkg:/home/zjzl/Desktop/New_Referee/Vision_Arena_2025/install/referee_pkg:/home/zjzl/Desktop/New_Referee/Vision_Arena_2025/install/camera:/home/zjzl/Desktop/New_Referee/Vision_Arena_2025/install/camera_sim_pkg:/opt/ros/humble LD_LIBRARY_PATH=/home/zjzl/Desktop/New_Referee/Vision_Arena_2025/install/pose_msg/lib:/home/zjzl/Desktop/New_Referee/Vision_Arena_2025/install/target_model_pkg/lib:/home/zjzl/Desktop/New_Referee/Vision_Arena_2025/install/referee_pkg/lib:/home/zjzl/Desktop/New_Referee/Vision_Arena_2025/install/camera/lib:/opt/intel/openvino_2023.0.2/runtime/lib/intel64:/usr/local/cuda-12.4/lib64:/usr/lib/x86_64-linux-gnu/gazebo-11/plugins:/opt/ros/humble/opt/rviz_ogre_vendor/lib:/opt/ros/humble/lib/x86_64-linux-gnu:/opt/ros/humble/lib:/opt/intel/openvino_2023.0.2/runtime/lib/intel64:/usr/local/cuda-12.4/lib64 /usr/bin/cmake --install /home/zjzl/Desktop/New_Referee/Vision_Arena_2025/build/camera
