[35m[1mConsolidate compiler generated dependencies of target pose_msg__rosidl_generator_c[0m
[  3%] Built target pose_msg__cpp
[ 17%] Built target pose_msg__rosidl_generator_c
[35m[1mConsolidate compiler generated dependencies of target pose_msg__rosidl_typesupport_introspection_cpp[0m
[35m[1mConsolidate compiler generated dependencies of target pose_msg__rosidl_typesupport_fastrtps_cpp[0m
[35m[1mConsolidate compiler generated dependencies of target pose_msg__rosidl_typesupport_cpp[0m
[35m[1mConsolidate compiler generated dependencies of target pose_msg__rosidl_typesupport_c[0m
[35m[1mConsolidate compiler generated dependencies of target pose_msg__rosidl_typesupport_introspection_c[0m
[35m[1mConsolidate compiler generated dependencies of target pose_msg__rosidl_typesupport_fastrtps_c[0m
[ 58%] Built target pose_msg__rosidl_typesupport_introspection_cpp
[ 58%] Built target pose_msg__rosidl_typesupport_cpp
[ 58%] Built target pose_msg__rosidl_typesupport_fastrtps_cpp
[ 72%] Built target pose_msg__rosidl_typesupport_c
[ 86%] Built target pose_msg__rosidl_typesupport_introspection_c
[100%] Built target pose_msg__rosidl_typesupport_fastrtps_c
[100%] Built target pose_msg
-- Install configuration: ""
-- Up-to-date: /home/zjzl/Desktop/New_Referee/Vision_Arena_2025/install/pose_msg/share/ament_index/resource_index/rosidl_interfaces/pose_msg
-- Up-to-date: /home/zjzl/Desktop/New_Referee/Vision_Arena_2025/install/pose_msg/include/pose_msg/pose_msg
-- Up-to-date: /home/zjzl/Desktop/New_Referee/Vision_Arena_2025/install/pose_msg/include/pose_msg/pose_msg/msg
-- Up-to-date: /home/zjzl/Desktop/New_Referee/Vision_Arena_2025/install/pose_msg/include/pose_msg/pose_msg/msg/rosidl_generator_c__visibility_control.h
-- Up-to-date: /home/zjzl/Desktop/New_Referee/Vision_Arena_2025/install/pose_msg/include/pose_msg/pose_msg/msg/model_pose.h
-- Up-to-date: /home/zjzl/Desktop/New_Referee/Vision_Arena_2025/install/pose_msg/include/pose_msg/pose_msg/msg/detail
-- Up-to-date: /home/zjzl/Desktop/New_Referee/Vision_Arena_2025/install/pose_msg/include/pose_msg/pose_msg/msg/detail/model_pose__functions.c
-- Up-to-date: /home/zjzl/Desktop/New_Referee/Vision_Arena_2025/install/pose_msg/include/pose_msg/pose_msg/msg/detail/model_pose_array__type_support.h
-- Up-to-date: /home/zjzl/Desktop/New_Referee/Vision_Arena_2025/install/pose_msg/include/pose_msg/pose_msg/msg/detail/model_pose_array__functions.c
-- Up-to-date: /home/zjzl/Desktop/New_Referee/Vision_Arena_2025/install/pose_msg/include/pose_msg/pose_msg/msg/detail/model_pose__functions.h
-- Up-to-date: /home/zjzl/Desktop/New_Referee/Vision_Arena_2025/install/pose_msg/include/pose_msg/pose_msg/msg/detail/model_pose_array__functions.h
-- Up-to-date: /home/zjzl/Desktop/New_Referee/Vision_Arena_2025/install/pose_msg/include/pose_msg/pose_msg/msg/detail/model_pose_array__struct.h
-- Up-to-date: /home/zjzl/Desktop/New_Referee/Vision_Arena_2025/install/pose_msg/include/pose_msg/pose_msg/msg/detail/model_pose__type_support.h
-- Up-to-date: /home/zjzl/Desktop/New_Referee/Vision_Arena_2025/install/pose_msg/include/pose_msg/pose_msg/msg/detail/model_pose__struct.h
-- Up-to-date: /home/zjzl/Desktop/New_Referee/Vision_Arena_2025/install/pose_msg/include/pose_msg/pose_msg/msg/model_pose_array.h
-- Up-to-date: /home/zjzl/Desktop/New_Referee/Vision_Arena_2025/install/pose_msg/share/pose_msg/environment/library_path.sh
-- Up-to-date: /home/zjzl/Desktop/New_Referee/Vision_Arena_2025/install/pose_msg/share/pose_msg/environment/library_path.dsv
-- Up-to-date: /home/zjzl/Desktop/New_Referee/Vision_Arena_2025/install/pose_msg/lib/libpose_msg__rosidl_generator_c.so
-- Up-to-date: /home/zjzl/Desktop/New_Referee/Vision_Arena_2025/install/pose_msg/include/pose_msg/pose_msg
-- Up-to-date: /home/zjzl/Desktop/New_Referee/Vision_Arena_2025/install/pose_msg/include/pose_msg/pose_msg/msg
-- Up-to-date: /home/zjzl/Desktop/New_Referee/Vision_Arena_2025/install/pose_msg/include/pose_msg/pose_msg/msg/detail
-- Up-to-date: /home/zjzl/Desktop/New_Referee/Vision_Arena_2025/install/pose_msg/include/pose_msg/pose_msg/msg/detail/model_pose__rosidl_typesupport_fastrtps_c.h
-- Up-to-date: /home/zjzl/Desktop/New_Referee/Vision_Arena_2025/install/pose_msg/include/pose_msg/pose_msg/msg/detail/model_pose_array__rosidl_typesupport_fastrtps_c.h
-- Up-to-date: /home/zjzl/Desktop/New_Referee/Vision_Arena_2025/install/pose_msg/include/pose_msg/pose_msg/msg/rosidl_typesupport_fastrtps_c__visibility_control.h
-- Up-to-date: /home/zjzl/Desktop/New_Referee/Vision_Arena_2025/install/pose_msg/lib/libpose_msg__rosidl_typesupport_fastrtps_c.so
-- Up-to-date: /home/zjzl/Desktop/New_Referee/Vision_Arena_2025/install/pose_msg/include/pose_msg/pose_msg
-- Up-to-date: /home/zjzl/Desktop/New_Referee/Vision_Arena_2025/install/pose_msg/include/pose_msg/pose_msg/msg
-- Up-to-date: /home/zjzl/Desktop/New_Referee/Vision_Arena_2025/install/pose_msg/include/pose_msg/pose_msg/msg/model_pose_array.hpp
-- Up-to-date: /home/zjzl/Desktop/New_Referee/Vision_Arena_2025/install/pose_msg/include/pose_msg/pose_msg/msg/rosidl_generator_cpp__visibility_control.hpp
-- Up-to-date: /home/zjzl/Desktop/New_Referee/Vision_Arena_2025/install/pose_msg/include/pose_msg/pose_msg/msg/detail
-- Up-to-date: /home/zjzl/Desktop/New_Referee/Vision_Arena_2025/install/pose_msg/include/pose_msg/pose_msg/msg/detail/model_pose_array__builder.hpp
-- Up-to-date: /home/zjzl/Desktop/New_Referee/Vision_Arena_2025/install/pose_msg/include/pose_msg/pose_msg/msg/detail/model_pose_array__struct.hpp
-- Up-to-date: /home/zjzl/Desktop/New_Referee/Vision_Arena_2025/install/pose_msg/include/pose_msg/pose_msg/msg/detail/model_pose__type_support.hpp
-- Up-to-date: /home/zjzl/Desktop/New_Referee/Vision_Arena_2025/install/pose_msg/include/pose_msg/pose_msg/msg/detail/model_pose__traits.hpp
-- Up-to-date: /home/zjzl/Desktop/New_Referee/Vision_Arena_2025/install/pose_msg/include/pose_msg/pose_msg/msg/detail/model_pose__struct.hpp
-- Up-to-date: /home/zjzl/Desktop/New_Referee/Vision_Arena_2025/install/pose_msg/include/pose_msg/pose_msg/msg/detail/model_pose__builder.hpp
-- Up-to-date: /home/zjzl/Desktop/New_Referee/Vision_Arena_2025/install/pose_msg/include/pose_msg/pose_msg/msg/detail/model_pose_array__traits.hpp
-- Up-to-date: /home/zjzl/Desktop/New_Referee/Vision_Arena_2025/install/pose_msg/include/pose_msg/pose_msg/msg/detail/model_pose_array__type_support.hpp
-- Up-to-date: /home/zjzl/Desktop/New_Referee/Vision_Arena_2025/install/pose_msg/include/pose_msg/pose_msg/msg/model_pose.hpp
-- Up-to-date: /home/zjzl/Desktop/New_Referee/Vision_Arena_2025/install/pose_msg/include/pose_msg/pose_msg
-- Up-to-date: /home/zjzl/Desktop/New_Referee/Vision_Arena_2025/install/pose_msg/include/pose_msg/pose_msg/msg
-- Up-to-date: /home/zjzl/Desktop/New_Referee/Vision_Arena_2025/install/pose_msg/include/pose_msg/pose_msg/msg/detail
-- Up-to-date: /home/zjzl/Desktop/New_Referee/Vision_Arena_2025/install/pose_msg/include/pose_msg/pose_msg/msg/detail/model_pose_array__rosidl_typesupport_fastrtps_cpp.hpp
-- Up-to-date: /home/zjzl/Desktop/New_Referee/Vision_Arena_2025/install/pose_msg/include/pose_msg/pose_msg/msg/detail/model_pose__rosidl_typesupport_fastrtps_cpp.hpp
-- Up-to-date: /home/zjzl/Desktop/New_Referee/Vision_Arena_2025/install/pose_msg/include/pose_msg/pose_msg/msg/detail/dds_fastrtps
-- Up-to-date: /home/zjzl/Desktop/New_Referee/Vision_Arena_2025/install/pose_msg/include/pose_msg/pose_msg/msg/rosidl_typesupport_fastrtps_cpp__visibility_control.h
-- Up-to-date: /home/zjzl/Desktop/New_Referee/Vision_Arena_2025/install/pose_msg/lib/libpose_msg__rosidl_typesupport_fastrtps_cpp.so
-- Up-to-date: /home/zjzl/Desktop/New_Referee/Vision_Arena_2025/install/pose_msg/include/pose_msg/pose_msg
-- Up-to-date: /home/zjzl/Desktop/New_Referee/Vision_Arena_2025/install/pose_msg/include/pose_msg/pose_msg/msg
-- Up-to-date: /home/zjzl/Desktop/New_Referee/Vision_Arena_2025/install/pose_msg/include/pose_msg/pose_msg/msg/rosidl_typesupport_introspection_c__visibility_control.h
-- Up-to-date: /home/zjzl/Desktop/New_Referee/Vision_Arena_2025/install/pose_msg/include/pose_msg/pose_msg/msg/detail
-- Up-to-date: /home/zjzl/Desktop/New_Referee/Vision_Arena_2025/install/pose_msg/include/pose_msg/pose_msg/msg/detail/model_pose__rosidl_typesupport_introspection_c.h
-- Up-to-date: /home/zjzl/Desktop/New_Referee/Vision_Arena_2025/install/pose_msg/include/pose_msg/pose_msg/msg/detail/model_pose_array__rosidl_typesupport_introspection_c.h
-- Up-to-date: /home/zjzl/Desktop/New_Referee/Vision_Arena_2025/install/pose_msg/include/pose_msg/pose_msg/msg/detail/model_pose_array__type_support.c
-- Up-to-date: /home/zjzl/Desktop/New_Referee/Vision_Arena_2025/install/pose_msg/include/pose_msg/pose_msg/msg/detail/model_pose__type_support.c
-- Up-to-date: /home/zjzl/Desktop/New_Referee/Vision_Arena_2025/install/pose_msg/lib/libpose_msg__rosidl_typesupport_introspection_c.so
-- Up-to-date: /home/zjzl/Desktop/New_Referee/Vision_Arena_2025/install/pose_msg/lib/libpose_msg__rosidl_typesupport_c.so
-- Up-to-date: /home/zjzl/Desktop/New_Referee/Vision_Arena_2025/install/pose_msg/include/pose_msg/pose_msg
-- Up-to-date: /home/zjzl/Desktop/New_Referee/Vision_Arena_2025/install/pose_msg/include/pose_msg/pose_msg/msg
-- Up-to-date: /home/zjzl/Desktop/New_Referee/Vision_Arena_2025/install/pose_msg/include/pose_msg/pose_msg/msg/detail
-- Up-to-date: /home/zjzl/Desktop/New_Referee/Vision_Arena_2025/install/pose_msg/include/pose_msg/pose_msg/msg/detail/model_pose__rosidl_typesupport_introspection_cpp.hpp
-- Up-to-date: /home/zjzl/Desktop/New_Referee/Vision_Arena_2025/install/pose_msg/include/pose_msg/pose_msg/msg/detail/model_pose_array__rosidl_typesupport_introspection_cpp.hpp
-- Up-to-date: /home/zjzl/Desktop/New_Referee/Vision_Arena_2025/install/pose_msg/include/pose_msg/pose_msg/msg/detail/model_pose__type_support.cpp
-- Up-to-date: /home/zjzl/Desktop/New_Referee/Vision_Arena_2025/install/pose_msg/include/pose_msg/pose_msg/msg/detail/model_pose_array__type_support.cpp
-- Up-to-date: /home/zjzl/Desktop/New_Referee/Vision_Arena_2025/install/pose_msg/lib/libpose_msg__rosidl_typesupport_introspection_cpp.so
-- Up-to-date: /home/zjzl/Desktop/New_Referee/Vision_Arena_2025/install/pose_msg/lib/libpose_msg__rosidl_typesupport_cpp.so
-- Up-to-date: /home/zjzl/Desktop/New_Referee/Vision_Arena_2025/install/pose_msg/share/pose_msg/msg/ModelPoseArray.idl
-- Up-to-date: /home/zjzl/Desktop/New_Referee/Vision_Arena_2025/install/pose_msg/share/pose_msg/msg/ModelPose.idl
-- Up-to-date: /home/zjzl/Desktop/New_Referee/Vision_Arena_2025/install/pose_msg/share/pose_msg/msg/ModelPoseArray.msg
-- Up-to-date: /home/zjzl/Desktop/New_Referee/Vision_Arena_2025/install/pose_msg/share/pose_msg/msg/ModelPose.msg
-- Up-to-date: /home/zjzl/Desktop/New_Referee/Vision_Arena_2025/install/pose_msg/share/pose_msg/msg
-- Up-to-date: /home/zjzl/Desktop/New_Referee/Vision_Arena_2025/install/pose_msg/share/pose_msg/msg/ModelPoseArray.msg
-- Up-to-date: /home/zjzl/Desktop/New_Referee/Vision_Arena_2025/install/pose_msg/share/pose_msg/msg/ModelPose.msg
-- Up-to-date: /home/zjzl/Desktop/New_Referee/Vision_Arena_2025/install/pose_msg/share/ament_index/resource_index/package_run_dependencies/pose_msg
-- Up-to-date: /home/zjzl/Desktop/New_Referee/Vision_Arena_2025/install/pose_msg/share/ament_index/resource_index/parent_prefix_path/pose_msg
-- Up-to-date: /home/zjzl/Desktop/New_Referee/Vision_Arena_2025/install/pose_msg/share/pose_msg/environment/ament_prefix_path.sh
-- Up-to-date: /home/zjzl/Desktop/New_Referee/Vision_Arena_2025/install/pose_msg/share/pose_msg/environment/ament_prefix_path.dsv
-- Up-to-date: /home/zjzl/Desktop/New_Referee/Vision_Arena_2025/install/pose_msg/share/pose_msg/environment/path.sh
-- Up-to-date: /home/zjzl/Desktop/New_Referee/Vision_Arena_2025/install/pose_msg/share/pose_msg/environment/path.dsv
-- Up-to-date: /home/zjzl/Desktop/New_Referee/Vision_Arena_2025/install/pose_msg/share/pose_msg/local_setup.bash
-- Up-to-date: /home/zjzl/Desktop/New_Referee/Vision_Arena_2025/install/pose_msg/share/pose_msg/local_setup.sh
-- Up-to-date: /home/zjzl/Desktop/New_Referee/Vision_Arena_2025/install/pose_msg/share/pose_msg/local_setup.zsh
-- Up-to-date: /home/zjzl/Desktop/New_Referee/Vision_Arena_2025/install/pose_msg/share/pose_msg/local_setup.dsv
-- Up-to-date: /home/zjzl/Desktop/New_Referee/Vision_Arena_2025/install/pose_msg/share/pose_msg/package.dsv
-- Up-to-date: /home/zjzl/Desktop/New_Referee/Vision_Arena_2025/install/pose_msg/share/ament_index/resource_index/packages/pose_msg
-- Up-to-date: /home/zjzl/Desktop/New_Referee/Vision_Arena_2025/install/pose_msg/share/pose_msg/cmake/export_pose_msg__rosidl_generator_cExport.cmake
-- Up-to-date: /home/zjzl/Desktop/New_Referee/Vision_Arena_2025/install/pose_msg/share/pose_msg/cmake/export_pose_msg__rosidl_generator_cExport-noconfig.cmake
-- Up-to-date: /home/zjzl/Desktop/New_Referee/Vision_Arena_2025/install/pose_msg/share/pose_msg/cmake/export_pose_msg__rosidl_typesupport_fastrtps_cExport.cmake
-- Up-to-date: /home/zjzl/Desktop/New_Referee/Vision_Arena_2025/install/pose_msg/share/pose_msg/cmake/export_pose_msg__rosidl_typesupport_fastrtps_cExport-noconfig.cmake
-- Up-to-date: /home/zjzl/Desktop/New_Referee/Vision_Arena_2025/install/pose_msg/share/pose_msg/cmake/export_pose_msg__rosidl_generator_cppExport.cmake
-- Up-to-date: /home/zjzl/Desktop/New_Referee/Vision_Arena_2025/install/pose_msg/share/pose_msg/cmake/export_pose_msg__rosidl_typesupport_fastrtps_cppExport.cmake
-- Up-to-date: /home/zjzl/Desktop/New_Referee/Vision_Arena_2025/install/pose_msg/share/pose_msg/cmake/export_pose_msg__rosidl_typesupport_fastrtps_cppExport-noconfig.cmake
-- Up-to-date: /home/zjzl/Desktop/New_Referee/Vision_Arena_2025/install/pose_msg/share/pose_msg/cmake/pose_msg__rosidl_typesupport_introspection_cExport.cmake
-- Up-to-date: /home/zjzl/Desktop/New_Referee/Vision_Arena_2025/install/pose_msg/share/pose_msg/cmake/pose_msg__rosidl_typesupport_introspection_cExport-noconfig.cmake
-- Up-to-date: /home/zjzl/Desktop/New_Referee/Vision_Arena_2025/install/pose_msg/share/pose_msg/cmake/pose_msg__rosidl_typesupport_cExport.cmake
-- Up-to-date: /home/zjzl/Desktop/New_Referee/Vision_Arena_2025/install/pose_msg/share/pose_msg/cmake/pose_msg__rosidl_typesupport_cExport-noconfig.cmake
-- Up-to-date: /home/zjzl/Desktop/New_Referee/Vision_Arena_2025/install/pose_msg/share/pose_msg/cmake/pose_msg__rosidl_typesupport_introspection_cppExport.cmake
-- Up-to-date: /home/zjzl/Desktop/New_Referee/Vision_Arena_2025/install/pose_msg/share/pose_msg/cmake/pose_msg__rosidl_typesupport_introspection_cppExport-noconfig.cmake
-- Up-to-date: /home/zjzl/Desktop/New_Referee/Vision_Arena_2025/install/pose_msg/share/pose_msg/cmake/pose_msg__rosidl_typesupport_cppExport.cmake
-- Up-to-date: /home/zjzl/Desktop/New_Referee/Vision_Arena_2025/install/pose_msg/share/pose_msg/cmake/pose_msg__rosidl_typesupport_cppExport-noconfig.cmake
-- Up-to-date: /home/zjzl/Desktop/New_Referee/Vision_Arena_2025/install/pose_msg/share/pose_msg/cmake/rosidl_cmake-extras.cmake
-- Up-to-date: /home/zjzl/Desktop/New_Referee/Vision_Arena_2025/install/pose_msg/share/pose_msg/cmake/ament_cmake_export_dependencies-extras.cmake
-- Up-to-date: /home/zjzl/Desktop/New_Referee/Vision_Arena_2025/install/pose_msg/share/pose_msg/cmake/ament_cmake_export_include_directories-extras.cmake
-- Up-to-date: /home/zjzl/Desktop/New_Referee/Vision_Arena_2025/install/pose_msg/share/pose_msg/cmake/ament_cmake_export_libraries-extras.cmake
-- Up-to-date: /home/zjzl/Desktop/New_Referee/Vision_Arena_2025/install/pose_msg/share/pose_msg/cmake/ament_cmake_export_targets-extras.cmake
-- Up-to-date: /home/zjzl/Desktop/New_Referee/Vision_Arena_2025/install/pose_msg/share/pose_msg/cmake/rosidl_cmake_export_typesupport_targets-extras.cmake
-- Up-to-date: /home/zjzl/Desktop/New_Referee/Vision_Arena_2025/install/pose_msg/share/pose_msg/cmake/rosidl_cmake_export_typesupport_libraries-extras.cmake
-- Up-to-date: /home/zjzl/Desktop/New_Referee/Vision_Arena_2025/install/pose_msg/share/pose_msg/cmake/pose_msgConfig.cmake
-- Up-to-date: /home/zjzl/Desktop/New_Referee/Vision_Arena_2025/install/pose_msg/share/pose_msg/cmake/pose_msgConfig-version.cmake
-- Up-to-date: /home/zjzl/Desktop/New_Referee/Vision_Arena_2025/install/pose_msg/share/pose_msg/package.xml
