[0.007s] Invoking command in '/home/zjzl/Desktop/New_Referee/Vision_Arena_2025/build/pose_msg': CMAKE_PREFIX_PATH=${CMAKE_PREFIX_PATH}:/opt/ros/humble /usr/bin/cmake --build /home/zjzl/Desktop/New_Referee/Vision_Arena_2025/build/pose_msg -- -j32 -l32
[0.035s] [35m[1mConsolidate compiler generated dependencies of target pose_msg__rosidl_generator_c[0m
[0.040s] [  3%] Built target pose_msg__cpp
[0.044s] [ 17%] Built target pose_msg__rosidl_generator_c
[0.048s] [35m[1mConsolidate compiler generated dependencies of target pose_msg__rosidl_typesupport_introspection_cpp[0m
[0.048s] [35m[1mConsolidate compiler generated dependencies of target pose_msg__rosidl_typesupport_fastrtps_cpp[0m
[0.048s] [35m[1mConsolidate compiler generated dependencies of target pose_msg__rosidl_typesupport_cpp[0m
[0.052s] [35m[1mConsolidate compiler generated dependencies of target pose_msg__rosidl_typesupport_c[0m
[0.052s] [35m[1mConsolidate compiler generated dependencies of target pose_msg__rosidl_typesupport_introspection_c[0m
[0.052s] [35m[1mConsolidate compiler generated dependencies of target pose_msg__rosidl_typesupport_fastrtps_c[0m
[0.058s] [ 58%] Built target pose_msg__rosidl_typesupport_introspection_cpp
[0.058s] [ 58%] Built target pose_msg__rosidl_typesupport_cpp
[0.058s] [ 58%] Built target pose_msg__rosidl_typesupport_fastrtps_cpp
[0.059s] [ 72%] Built target pose_msg__rosidl_typesupport_c
[0.060s] [ 86%] Built target pose_msg__rosidl_typesupport_introspection_c
[0.061s] [100%] Built target pose_msg__rosidl_typesupport_fastrtps_c
[0.075s] [100%] Built target pose_msg
[0.083s] Invoked command in '/home/zjzl/Desktop/New_Referee/Vision_Arena_2025/build/pose_msg' returned '0': CMAKE_PREFIX_PATH=${CMAKE_PREFIX_PATH}:/opt/ros/humble /usr/bin/cmake --build /home/zjzl/Desktop/New_Referee/Vision_Arena_2025/build/pose_msg -- -j32 -l32
[0.085s] Invoking command in '/home/zjzl/Desktop/New_Referee/Vision_Arena_2025/build/pose_msg': CMAKE_PREFIX_PATH=${CMAKE_PREFIX_PATH}:/opt/ros/humble /usr/bin/cmake --install /home/zjzl/Desktop/New_Referee/Vision_Arena_2025/build/pose_msg
[0.089s] -- Install configuration: ""
[0.089s] -- Up-to-date: /home/zjzl/Desktop/New_Referee/Vision_Arena_2025/install/pose_msg/share/ament_index/resource_index/rosidl_interfaces/pose_msg
[0.089s] -- Up-to-date: /home/zjzl/Desktop/New_Referee/Vision_Arena_2025/install/pose_msg/include/pose_msg/pose_msg
[0.089s] -- Up-to-date: /home/zjzl/Desktop/New_Referee/Vision_Arena_2025/install/pose_msg/include/pose_msg/pose_msg/msg
[0.089s] -- Up-to-date: /home/zjzl/Desktop/New_Referee/Vision_Arena_2025/install/pose_msg/include/pose_msg/pose_msg/msg/rosidl_generator_c__visibility_control.h
[0.089s] -- Up-to-date: /home/zjzl/Desktop/New_Referee/Vision_Arena_2025/install/pose_msg/include/pose_msg/pose_msg/msg/model_pose.h
[0.089s] -- Up-to-date: /home/zjzl/Desktop/New_Referee/Vision_Arena_2025/install/pose_msg/include/pose_msg/pose_msg/msg/detail
[0.089s] -- Up-to-date: /home/zjzl/Desktop/New_Referee/Vision_Arena_2025/install/pose_msg/include/pose_msg/pose_msg/msg/detail/model_pose__functions.c
[0.089s] -- Up-to-date: /home/zjzl/Desktop/New_Referee/Vision_Arena_2025/install/pose_msg/include/pose_msg/pose_msg/msg/detail/model_pose_array__type_support.h
[0.089s] -- Up-to-date: /home/zjzl/Desktop/New_Referee/Vision_Arena_2025/install/pose_msg/include/pose_msg/pose_msg/msg/detail/model_pose_array__functions.c
[0.089s] -- Up-to-date: /home/zjzl/Desktop/New_Referee/Vision_Arena_2025/install/pose_msg/include/pose_msg/pose_msg/msg/detail/model_pose__functions.h
[0.090s] -- Up-to-date: /home/zjzl/Desktop/New_Referee/Vision_Arena_2025/install/pose_msg/include/pose_msg/pose_msg/msg/detail/model_pose_array__functions.h
[0.090s] -- Up-to-date: /home/zjzl/Desktop/New_Referee/Vision_Arena_2025/install/pose_msg/include/pose_msg/pose_msg/msg/detail/model_pose_array__struct.h
[0.090s] -- Up-to-date: /home/zjzl/Desktop/New_Referee/Vision_Arena_2025/install/pose_msg/include/pose_msg/pose_msg/msg/detail/model_pose__type_support.h
[0.090s] -- Up-to-date: /home/zjzl/Desktop/New_Referee/Vision_Arena_2025/install/pose_msg/include/pose_msg/pose_msg/msg/detail/model_pose__struct.h
[0.090s] -- Up-to-date: /home/zjzl/Desktop/New_Referee/Vision_Arena_2025/install/pose_msg/include/pose_msg/pose_msg/msg/model_pose_array.h
[0.090s] -- Up-to-date: /home/zjzl/Desktop/New_Referee/Vision_Arena_2025/install/pose_msg/share/pose_msg/environment/library_path.sh
[0.090s] -- Up-to-date: /home/zjzl/Desktop/New_Referee/Vision_Arena_2025/install/pose_msg/share/pose_msg/environment/library_path.dsv
[0.090s] -- Up-to-date: /home/zjzl/Desktop/New_Referee/Vision_Arena_2025/install/pose_msg/lib/libpose_msg__rosidl_generator_c.so
[0.090s] -- Up-to-date: /home/zjzl/Desktop/New_Referee/Vision_Arena_2025/install/pose_msg/include/pose_msg/pose_msg
[0.090s] -- Up-to-date: /home/zjzl/Desktop/New_Referee/Vision_Arena_2025/install/pose_msg/include/pose_msg/pose_msg/msg
[0.090s] -- Up-to-date: /home/zjzl/Desktop/New_Referee/Vision_Arena_2025/install/pose_msg/include/pose_msg/pose_msg/msg/detail
[0.090s] -- Up-to-date: /home/zjzl/Desktop/New_Referee/Vision_Arena_2025/install/pose_msg/include/pose_msg/pose_msg/msg/detail/model_pose__rosidl_typesupport_fastrtps_c.h
[0.090s] -- Up-to-date: /home/zjzl/Desktop/New_Referee/Vision_Arena_2025/install/pose_msg/include/pose_msg/pose_msg/msg/detail/model_pose_array__rosidl_typesupport_fastrtps_c.h
[0.091s] -- Up-to-date: /home/zjzl/Desktop/New_Referee/Vision_Arena_2025/install/pose_msg/include/pose_msg/pose_msg/msg/rosidl_typesupport_fastrtps_c__visibility_control.h
[0.091s] -- Up-to-date: /home/zjzl/Desktop/New_Referee/Vision_Arena_2025/install/pose_msg/lib/libpose_msg__rosidl_typesupport_fastrtps_c.so
[0.091s] -- Up-to-date: /home/zjzl/Desktop/New_Referee/Vision_Arena_2025/install/pose_msg/include/pose_msg/pose_msg
[0.091s] -- Up-to-date: /home/zjzl/Desktop/New_Referee/Vision_Arena_2025/install/pose_msg/include/pose_msg/pose_msg/msg
[0.091s] -- Up-to-date: /home/zjzl/Desktop/New_Referee/Vision_Arena_2025/install/pose_msg/include/pose_msg/pose_msg/msg/model_pose_array.hpp
[0.091s] -- Up-to-date: /home/zjzl/Desktop/New_Referee/Vision_Arena_2025/install/pose_msg/include/pose_msg/pose_msg/msg/rosidl_generator_cpp__visibility_control.hpp
[0.091s] -- Up-to-date: /home/zjzl/Desktop/New_Referee/Vision_Arena_2025/install/pose_msg/include/pose_msg/pose_msg/msg/detail
[0.091s] -- Up-to-date: /home/zjzl/Desktop/New_Referee/Vision_Arena_2025/install/pose_msg/include/pose_msg/pose_msg/msg/detail/model_pose_array__builder.hpp
[0.091s] -- Up-to-date: /home/zjzl/Desktop/New_Referee/Vision_Arena_2025/install/pose_msg/include/pose_msg/pose_msg/msg/detail/model_pose_array__struct.hpp
[0.091s] -- Up-to-date: /home/zjzl/Desktop/New_Referee/Vision_Arena_2025/install/pose_msg/include/pose_msg/pose_msg/msg/detail/model_pose__type_support.hpp
[0.091s] -- Up-to-date: /home/zjzl/Desktop/New_Referee/Vision_Arena_2025/install/pose_msg/include/pose_msg/pose_msg/msg/detail/model_pose__traits.hpp
[0.091s] -- Up-to-date: /home/zjzl/Desktop/New_Referee/Vision_Arena_2025/install/pose_msg/include/pose_msg/pose_msg/msg/detail/model_pose__struct.hpp
[0.091s] -- Up-to-date: /home/zjzl/Desktop/New_Referee/Vision_Arena_2025/install/pose_msg/include/pose_msg/pose_msg/msg/detail/model_pose__builder.hpp
[0.091s] -- Up-to-date: /home/zjzl/Desktop/New_Referee/Vision_Arena_2025/install/pose_msg/include/pose_msg/pose_msg/msg/detail/model_pose_array__traits.hpp
[0.091s] -- Up-to-date: /home/zjzl/Desktop/New_Referee/Vision_Arena_2025/install/pose_msg/include/pose_msg/pose_msg/msg/detail/model_pose_array__type_support.hpp
[0.091s] -- Up-to-date: /home/zjzl/Desktop/New_Referee/Vision_Arena_2025/install/pose_msg/include/pose_msg/pose_msg/msg/model_pose.hpp
[0.091s] -- Up-to-date: /home/zjzl/Desktop/New_Referee/Vision_Arena_2025/install/pose_msg/include/pose_msg/pose_msg
[0.091s] -- Up-to-date: /home/zjzl/Desktop/New_Referee/Vision_Arena_2025/install/pose_msg/include/pose_msg/pose_msg/msg
[0.092s] -- Up-to-date: /home/zjzl/Desktop/New_Referee/Vision_Arena_2025/install/pose_msg/include/pose_msg/pose_msg/msg/detail
[0.092s] -- Up-to-date: /home/zjzl/Desktop/New_Referee/Vision_Arena_2025/install/pose_msg/include/pose_msg/pose_msg/msg/detail/model_pose_array__rosidl_typesupport_fastrtps_cpp.hpp
[0.092s] -- Up-to-date: /home/zjzl/Desktop/New_Referee/Vision_Arena_2025/install/pose_msg/include/pose_msg/pose_msg/msg/detail/model_pose__rosidl_typesupport_fastrtps_cpp.hpp
[0.092s] -- Up-to-date: /home/zjzl/Desktop/New_Referee/Vision_Arena_2025/install/pose_msg/include/pose_msg/pose_msg/msg/detail/dds_fastrtps
[0.092s] -- Up-to-date: /home/zjzl/Desktop/New_Referee/Vision_Arena_2025/install/pose_msg/include/pose_msg/pose_msg/msg/rosidl_typesupport_fastrtps_cpp__visibility_control.h
[0.092s] -- Up-to-date: /home/zjzl/Desktop/New_Referee/Vision_Arena_2025/install/pose_msg/lib/libpose_msg__rosidl_typesupport_fastrtps_cpp.so
[0.092s] -- Up-to-date: /home/zjzl/Desktop/New_Referee/Vision_Arena_2025/install/pose_msg/include/pose_msg/pose_msg
[0.092s] -- Up-to-date: /home/zjzl/Desktop/New_Referee/Vision_Arena_2025/install/pose_msg/include/pose_msg/pose_msg/msg
[0.092s] -- Up-to-date: /home/zjzl/Desktop/New_Referee/Vision_Arena_2025/install/pose_msg/include/pose_msg/pose_msg/msg/rosidl_typesupport_introspection_c__visibility_control.h
[0.092s] -- Up-to-date: /home/zjzl/Desktop/New_Referee/Vision_Arena_2025/install/pose_msg/include/pose_msg/pose_msg/msg/detail
[0.092s] -- Up-to-date: /home/zjzl/Desktop/New_Referee/Vision_Arena_2025/install/pose_msg/include/pose_msg/pose_msg/msg/detail/model_pose__rosidl_typesupport_introspection_c.h
[0.093s] -- Up-to-date: /home/zjzl/Desktop/New_Referee/Vision_Arena_2025/install/pose_msg/include/pose_msg/pose_msg/msg/detail/model_pose_array__rosidl_typesupport_introspection_c.h
[0.093s] -- Up-to-date: /home/zjzl/Desktop/New_Referee/Vision_Arena_2025/install/pose_msg/include/pose_msg/pose_msg/msg/detail/model_pose_array__type_support.c
[0.093s] -- Up-to-date: /home/zjzl/Desktop/New_Referee/Vision_Arena_2025/install/pose_msg/include/pose_msg/pose_msg/msg/detail/model_pose__type_support.c
[0.093s] -- Up-to-date: /home/zjzl/Desktop/New_Referee/Vision_Arena_2025/install/pose_msg/lib/libpose_msg__rosidl_typesupport_introspection_c.so
[0.093s] -- Up-to-date: /home/zjzl/Desktop/New_Referee/Vision_Arena_2025/install/pose_msg/lib/libpose_msg__rosidl_typesupport_c.so
[0.093s] -- Up-to-date: /home/zjzl/Desktop/New_Referee/Vision_Arena_2025/install/pose_msg/include/pose_msg/pose_msg
[0.093s] -- Up-to-date: /home/zjzl/Desktop/New_Referee/Vision_Arena_2025/install/pose_msg/include/pose_msg/pose_msg/msg
[0.093s] -- Up-to-date: /home/zjzl/Desktop/New_Referee/Vision_Arena_2025/install/pose_msg/include/pose_msg/pose_msg/msg/detail
[0.093s] -- Up-to-date: /home/zjzl/Desktop/New_Referee/Vision_Arena_2025/install/pose_msg/include/pose_msg/pose_msg/msg/detail/model_pose__rosidl_typesupport_introspection_cpp.hpp
[0.093s] -- Up-to-date: /home/zjzl/Desktop/New_Referee/Vision_Arena_2025/install/pose_msg/include/pose_msg/pose_msg/msg/detail/model_pose_array__rosidl_typesupport_introspection_cpp.hpp
[0.094s] -- Up-to-date: /home/zjzl/Desktop/New_Referee/Vision_Arena_2025/install/pose_msg/include/pose_msg/pose_msg/msg/detail/model_pose__type_support.cpp
[0.094s] -- Up-to-date: /home/zjzl/Desktop/New_Referee/Vision_Arena_2025/install/pose_msg/include/pose_msg/pose_msg/msg/detail/model_pose_array__type_support.cpp
[0.094s] -- Up-to-date: /home/zjzl/Desktop/New_Referee/Vision_Arena_2025/install/pose_msg/lib/libpose_msg__rosidl_typesupport_introspection_cpp.so
[0.094s] -- Up-to-date: /home/zjzl/Desktop/New_Referee/Vision_Arena_2025/install/pose_msg/lib/libpose_msg__rosidl_typesupport_cpp.so
[0.094s] -- Up-to-date: /home/zjzl/Desktop/New_Referee/Vision_Arena_2025/install/pose_msg/share/pose_msg/msg/ModelPoseArray.idl
[0.094s] -- Up-to-date: /home/zjzl/Desktop/New_Referee/Vision_Arena_2025/install/pose_msg/share/pose_msg/msg/ModelPose.idl
[0.094s] -- Up-to-date: /home/zjzl/Desktop/New_Referee/Vision_Arena_2025/install/pose_msg/share/pose_msg/msg/ModelPoseArray.msg
[0.094s] -- Up-to-date: /home/zjzl/Desktop/New_Referee/Vision_Arena_2025/install/pose_msg/share/pose_msg/msg/ModelPose.msg
[0.094s] -- Up-to-date: /home/zjzl/Desktop/New_Referee/Vision_Arena_2025/install/pose_msg/share/pose_msg/msg
[0.094s] -- Up-to-date: /home/zjzl/Desktop/New_Referee/Vision_Arena_2025/install/pose_msg/share/pose_msg/msg/ModelPoseArray.msg
[0.094s] -- Up-to-date: /home/zjzl/Desktop/New_Referee/Vision_Arena_2025/install/pose_msg/share/pose_msg/msg/ModelPose.msg
[0.094s] -- Up-to-date: /home/zjzl/Desktop/New_Referee/Vision_Arena_2025/install/pose_msg/share/ament_index/resource_index/package_run_dependencies/pose_msg
[0.094s] -- Up-to-date: /home/zjzl/Desktop/New_Referee/Vision_Arena_2025/install/pose_msg/share/ament_index/resource_index/parent_prefix_path/pose_msg
[0.094s] -- Up-to-date: /home/zjzl/Desktop/New_Referee/Vision_Arena_2025/install/pose_msg/share/pose_msg/environment/ament_prefix_path.sh
[0.095s] -- Up-to-date: /home/zjzl/Desktop/New_Referee/Vision_Arena_2025/install/pose_msg/share/pose_msg/environment/ament_prefix_path.dsv
[0.095s] -- Up-to-date: /home/zjzl/Desktop/New_Referee/Vision_Arena_2025/install/pose_msg/share/pose_msg/environment/path.sh
[0.095s] -- Up-to-date: /home/zjzl/Desktop/New_Referee/Vision_Arena_2025/install/pose_msg/share/pose_msg/environment/path.dsv
[0.095s] -- Up-to-date: /home/zjzl/Desktop/New_Referee/Vision_Arena_2025/install/pose_msg/share/pose_msg/local_setup.bash
[0.095s] -- Up-to-date: /home/zjzl/Desktop/New_Referee/Vision_Arena_2025/install/pose_msg/share/pose_msg/local_setup.sh
[0.095s] -- Up-to-date: /home/zjzl/Desktop/New_Referee/Vision_Arena_2025/install/pose_msg/share/pose_msg/local_setup.zsh
[0.095s] -- Up-to-date: /home/zjzl/Desktop/New_Referee/Vision_Arena_2025/install/pose_msg/share/pose_msg/local_setup.dsv
[0.095s] -- Up-to-date: /home/zjzl/Desktop/New_Referee/Vision_Arena_2025/install/pose_msg/share/pose_msg/package.dsv
[0.095s] -- Up-to-date: /home/zjzl/Desktop/New_Referee/Vision_Arena_2025/install/pose_msg/share/ament_index/resource_index/packages/pose_msg
[0.095s] -- Up-to-date: /home/zjzl/Desktop/New_Referee/Vision_Arena_2025/install/pose_msg/share/pose_msg/cmake/export_pose_msg__rosidl_generator_cExport.cmake
[0.095s] -- Up-to-date: /home/zjzl/Desktop/New_Referee/Vision_Arena_2025/install/pose_msg/share/pose_msg/cmake/export_pose_msg__rosidl_generator_cExport-noconfig.cmake
[0.095s] -- Up-to-date: /home/zjzl/Desktop/New_Referee/Vision_Arena_2025/install/pose_msg/share/pose_msg/cmake/export_pose_msg__rosidl_typesupport_fastrtps_cExport.cmake
[0.095s] -- Up-to-date: /home/zjzl/Desktop/New_Referee/Vision_Arena_2025/install/pose_msg/share/pose_msg/cmake/export_pose_msg__rosidl_typesupport_fastrtps_cExport-noconfig.cmake
[0.095s] -- Up-to-date: /home/zjzl/Desktop/New_Referee/Vision_Arena_2025/install/pose_msg/share/pose_msg/cmake/export_pose_msg__rosidl_generator_cppExport.cmake
[0.095s] -- Up-to-date: /home/zjzl/Desktop/New_Referee/Vision_Arena_2025/install/pose_msg/share/pose_msg/cmake/export_pose_msg__rosidl_typesupport_fastrtps_cppExport.cmake
[0.096s] -- Up-to-date: /home/zjzl/Desktop/New_Referee/Vision_Arena_2025/install/pose_msg/share/pose_msg/cmake/export_pose_msg__rosidl_typesupport_fastrtps_cppExport-noconfig.cmake
[0.096s] -- Up-to-date: /home/zjzl/Desktop/New_Referee/Vision_Arena_2025/install/pose_msg/share/pose_msg/cmake/pose_msg__rosidl_typesupport_introspection_cExport.cmake
[0.096s] -- Up-to-date: /home/zjzl/Desktop/New_Referee/Vision_Arena_2025/install/pose_msg/share/pose_msg/cmake/pose_msg__rosidl_typesupport_introspection_cExport-noconfig.cmake
[0.096s] -- Up-to-date: /home/zjzl/Desktop/New_Referee/Vision_Arena_2025/install/pose_msg/share/pose_msg/cmake/pose_msg__rosidl_typesupport_cExport.cmake
[0.096s] -- Up-to-date: /home/zjzl/Desktop/New_Referee/Vision_Arena_2025/install/pose_msg/share/pose_msg/cmake/pose_msg__rosidl_typesupport_cExport-noconfig.cmake
[0.096s] -- Up-to-date: /home/zjzl/Desktop/New_Referee/Vision_Arena_2025/install/pose_msg/share/pose_msg/cmake/pose_msg__rosidl_typesupport_introspection_cppExport.cmake
[0.096s] -- Up-to-date: /home/zjzl/Desktop/New_Referee/Vision_Arena_2025/install/pose_msg/share/pose_msg/cmake/pose_msg__rosidl_typesupport_introspection_cppExport-noconfig.cmake
[0.096s] -- Up-to-date: /home/zjzl/Desktop/New_Referee/Vision_Arena_2025/install/pose_msg/share/pose_msg/cmake/pose_msg__rosidl_typesupport_cppExport.cmake
[0.096s] -- Up-to-date: /home/zjzl/Desktop/New_Referee/Vision_Arena_2025/install/pose_msg/share/pose_msg/cmake/pose_msg__rosidl_typesupport_cppExport-noconfig.cmake
[0.096s] -- Up-to-date: /home/zjzl/Desktop/New_Referee/Vision_Arena_2025/install/pose_msg/share/pose_msg/cmake/rosidl_cmake-extras.cmake
[0.096s] -- Up-to-date: /home/zjzl/Desktop/New_Referee/Vision_Arena_2025/install/pose_msg/share/pose_msg/cmake/ament_cmake_export_dependencies-extras.cmake
[0.096s] -- Up-to-date: /home/zjzl/Desktop/New_Referee/Vision_Arena_2025/install/pose_msg/share/pose_msg/cmake/ament_cmake_export_include_directories-extras.cmake
[0.096s] -- Up-to-date: /home/zjzl/Desktop/New_Referee/Vision_Arena_2025/install/pose_msg/share/pose_msg/cmake/ament_cmake_export_libraries-extras.cmake
[0.097s] -- Up-to-date: /home/zjzl/Desktop/New_Referee/Vision_Arena_2025/install/pose_msg/share/pose_msg/cmake/ament_cmake_export_targets-extras.cmake
[0.097s] -- Up-to-date: /home/zjzl/Desktop/New_Referee/Vision_Arena_2025/install/pose_msg/share/pose_msg/cmake/rosidl_cmake_export_typesupport_targets-extras.cmake
[0.097s] -- Up-to-date: /home/zjzl/Desktop/New_Referee/Vision_Arena_2025/install/pose_msg/share/pose_msg/cmake/rosidl_cmake_export_typesupport_libraries-extras.cmake
[0.097s] -- Up-to-date: /home/zjzl/Desktop/New_Referee/Vision_Arena_2025/install/pose_msg/share/pose_msg/cmake/pose_msgConfig.cmake
[0.097s] -- Up-to-date: /home/zjzl/Desktop/New_Referee/Vision_Arena_2025/install/pose_msg/share/pose_msg/cmake/pose_msgConfig-version.cmake
[0.097s] -- Up-to-date: /home/zjzl/Desktop/New_Referee/Vision_Arena_2025/install/pose_msg/share/pose_msg/package.xml
[0.098s] Invoked command in '/home/zjzl/Desktop/New_Referee/Vision_Arena_2025/build/pose_msg' returned '0': CMAKE_PREFIX_PATH=${CMAKE_PREFIX_PATH}:/opt/ros/humble /usr/bin/cmake --install /home/zjzl/Desktop/New_Referee/Vision_Arena_2025/build/pose_msg
