[0.045s] DEBUG:colcon:Command line arguments: ['/usr/bin/colcon', 'build', '--packages-select', 'referee_pkg']
[0.046s] DEBUG:colcon:Parsed command line arguments: Namespace(log_base=None, log_level=None, verb_name='build', build_base='build', install_base='install', merge_install=False, symlink_install=False, test_result_base=None, continue_on_error=False, executor='parallel', parallel_workers=32, event_handlers=None, ignore_user_meta=False, metas=['./colcon.meta'], base_paths=['.'], packages_ignore=None, packages_ignore_regex=None, paths=None, packages_up_to=None, packages_up_to_regex=None, packages_above=None, packages_above_and_dependencies=None, packages_above_depth=None, packages_select_by_dep=None, packages_skip_by_dep=None, packages_skip_up_to=None, packages_select_build_failed=False, packages_skip_build_finished=False, packages_select_test_failures=False, packages_skip_test_passed=False, packages_select=['referee_pkg'], packages_skip=None, packages_select_regex=None, packages_skip_regex=None, packages_start=None, packages_end=None, allow_overriding=[], cmake_args=None, cmake_target=None, cmake_target_skip_unavailable=False, cmake_clean_cache=False, cmake_clean_first=False, cmake_force_configure=False, ament_cmake_args=None, catkin_cmake_args=None, catkin_skip_building_tests=False, verb_parser=<colcon_defaults.argument_parser.defaults.DefaultArgumentsDecorator object at 0x708fb2358d00>, verb_extension=<colcon_core.verb.build.BuildVerb object at 0x708fb2358790>, main=<bound method BuildVerb.main of <colcon_core.verb.build.BuildVerb object at 0x708fb2358790>>)
[0.114s] Level 1:colcon.colcon_core.package_discovery:discover_packages(colcon_meta) check parameters
[0.114s] Level 1:colcon.colcon_core.package_discovery:discover_packages(recursive) check parameters
[0.114s] Level 1:colcon.colcon_core.package_discovery:discover_packages(ignore) check parameters
[0.114s] Level 1:colcon.colcon_core.package_discovery:discover_packages(path) check parameters
[0.114s] Level 1:colcon.colcon_core.package_discovery:discover_packages(colcon_meta) discover
[0.114s] Level 1:colcon.colcon_core.package_discovery:discover_packages(recursive) discover
[0.114s] INFO:colcon.colcon_core.package_discovery:Crawling recursively for packages in '/home/zjzl/Desktop/New_Referee/Vision_Arena_2025'
[0.114s] Level 1:colcon.colcon_core.package_identification:_identify(.) by extensions ['ignore', 'ignore_ament_install']
[0.114s] Level 1:colcon.colcon_core.package_identification:_identify(.) by extension 'ignore'
[0.114s] Level 1:colcon.colcon_core.package_identification:_identify(.) by extension 'ignore_ament_install'
[0.114s] Level 1:colcon.colcon_core.package_identification:_identify(.) by extensions ['colcon_pkg']
[0.114s] Level 1:colcon.colcon_core.package_identification:_identify(.) by extension 'colcon_pkg'
[0.114s] Level 1:colcon.colcon_core.package_identification:_identify(.) by extensions ['colcon_meta']
[0.114s] Level 1:colcon.colcon_core.package_identification:_identify(.) by extension 'colcon_meta'
[0.114s] Level 1:colcon.colcon_core.package_identification:_identify(.) by extensions ['ros']
[0.114s] Level 1:colcon.colcon_core.package_identification:_identify(.) by extension 'ros'
[0.120s] Level 1:colcon.colcon_core.package_identification:_identify(.) by extensions ['cmake', 'python']
[0.120s] Level 1:colcon.colcon_core.package_identification:_identify(.) by extension 'cmake'
[0.120s] Level 1:colcon.colcon_core.package_identification:_identify(.) by extension 'python'
[0.120s] Level 1:colcon.colcon_core.package_identification:_identify(.) by extensions ['python_setup_py']
[0.120s] Level 1:colcon.colcon_core.package_identification:_identify(.) by extension 'python_setup_py'
[0.120s] Level 1:colcon.colcon_core.package_identification:_identify(build) by extensions ['ignore', 'ignore_ament_install']
[0.120s] Level 1:colcon.colcon_core.package_identification:_identify(build) by extension 'ignore'
[0.120s] Level 1:colcon.colcon_core.package_identification:_identify(build) ignored
[0.120s] Level 1:colcon.colcon_core.package_identification:_identify(doc) by extensions ['ignore', 'ignore_ament_install']
[0.120s] Level 1:colcon.colcon_core.package_identification:_identify(doc) by extension 'ignore'
[0.120s] Level 1:colcon.colcon_core.package_identification:_identify(doc) by extension 'ignore_ament_install'
[0.120s] Level 1:colcon.colcon_core.package_identification:_identify(doc) by extensions ['colcon_pkg']
[0.120s] Level 1:colcon.colcon_core.package_identification:_identify(doc) by extension 'colcon_pkg'
[0.120s] Level 1:colcon.colcon_core.package_identification:_identify(doc) by extensions ['colcon_meta']
[0.120s] Level 1:colcon.colcon_core.package_identification:_identify(doc) by extension 'colcon_meta'
[0.120s] Level 1:colcon.colcon_core.package_identification:_identify(doc) by extensions ['ros']
[0.120s] Level 1:colcon.colcon_core.package_identification:_identify(doc) by extension 'ros'
[0.120s] Level 1:colcon.colcon_core.package_identification:_identify(doc) by extensions ['cmake', 'python']
[0.120s] Level 1:colcon.colcon_core.package_identification:_identify(doc) by extension 'cmake'
[0.120s] Level 1:colcon.colcon_core.package_identification:_identify(doc) by extension 'python'
[0.120s] Level 1:colcon.colcon_core.package_identification:_identify(doc) by extensions ['python_setup_py']
[0.120s] Level 1:colcon.colcon_core.package_identification:_identify(doc) by extension 'python_setup_py'
[0.120s] Level 1:colcon.colcon_core.package_identification:_identify(install) by extensions ['ignore', 'ignore_ament_install']
[0.120s] Level 1:colcon.colcon_core.package_identification:_identify(install) by extension 'ignore'
[0.120s] Level 1:colcon.colcon_core.package_identification:_identify(install) ignored
[0.120s] Level 1:colcon.colcon_core.package_identification:_identify(log) by extensions ['ignore', 'ignore_ament_install']
[0.120s] Level 1:colcon.colcon_core.package_identification:_identify(log) by extension 'ignore'
[0.120s] Level 1:colcon.colcon_core.package_identification:_identify(log) ignored
[0.120s] Level 1:colcon.colcon_core.package_identification:_identify(resource) by extensions ['ignore', 'ignore_ament_install']
[0.120s] Level 1:colcon.colcon_core.package_identification:_identify(resource) by extension 'ignore'
[0.121s] Level 1:colcon.colcon_core.package_identification:_identify(resource) by extension 'ignore_ament_install'
[0.121s] Level 1:colcon.colcon_core.package_identification:_identify(resource) by extensions ['colcon_pkg']
[0.121s] Level 1:colcon.colcon_core.package_identification:_identify(resource) by extension 'colcon_pkg'
[0.121s] Level 1:colcon.colcon_core.package_identification:_identify(resource) by extensions ['colcon_meta']
[0.121s] Level 1:colcon.colcon_core.package_identification:_identify(resource) by extension 'colcon_meta'
[0.121s] Level 1:colcon.colcon_core.package_identification:_identify(resource) by extensions ['ros']
[0.121s] Level 1:colcon.colcon_core.package_identification:_identify(resource) by extension 'ros'
[0.121s] Level 1:colcon.colcon_core.package_identification:_identify(resource) by extensions ['cmake', 'python']
[0.121s] Level 1:colcon.colcon_core.package_identification:_identify(resource) by extension 'cmake'
[0.121s] Level 1:colcon.colcon_core.package_identification:_identify(resource) by extension 'python'
[0.121s] Level 1:colcon.colcon_core.package_identification:_identify(resource) by extensions ['python_setup_py']
[0.121s] Level 1:colcon.colcon_core.package_identification:_identify(resource) by extension 'python_setup_py'
[0.121s] Level 1:colcon.colcon_core.package_identification:_identify(results) by extensions ['ignore', 'ignore_ament_install']
[0.121s] Level 1:colcon.colcon_core.package_identification:_identify(results) by extension 'ignore'
[0.121s] Level 1:colcon.colcon_core.package_identification:_identify(results) by extension 'ignore_ament_install'
[0.121s] Level 1:colcon.colcon_core.package_identification:_identify(results) by extensions ['colcon_pkg']
[0.121s] Level 1:colcon.colcon_core.package_identification:_identify(results) by extension 'colcon_pkg'
[0.121s] Level 1:colcon.colcon_core.package_identification:_identify(results) by extensions ['colcon_meta']
[0.121s] Level 1:colcon.colcon_core.package_identification:_identify(results) by extension 'colcon_meta'
[0.121s] Level 1:colcon.colcon_core.package_identification:_identify(results) by extensions ['ros']
[0.121s] Level 1:colcon.colcon_core.package_identification:_identify(results) by extension 'ros'
[0.121s] Level 1:colcon.colcon_core.package_identification:_identify(results) by extensions ['cmake', 'python']
[0.121s] Level 1:colcon.colcon_core.package_identification:_identify(results) by extension 'cmake'
[0.121s] Level 1:colcon.colcon_core.package_identification:_identify(results) by extension 'python'
[0.121s] Level 1:colcon.colcon_core.package_identification:_identify(results) by extensions ['python_setup_py']
[0.121s] Level 1:colcon.colcon_core.package_identification:_identify(results) by extension 'python_setup_py'
[0.121s] Level 1:colcon.colcon_core.package_identification:_identify(src) by extensions ['ignore', 'ignore_ament_install']
[0.121s] Level 1:colcon.colcon_core.package_identification:_identify(src) by extension 'ignore'
[0.121s] Level 1:colcon.colcon_core.package_identification:_identify(src) by extension 'ignore_ament_install'
[0.121s] Level 1:colcon.colcon_core.package_identification:_identify(src) by extensions ['colcon_pkg']
[0.121s] Level 1:colcon.colcon_core.package_identification:_identify(src) by extension 'colcon_pkg'
[0.121s] Level 1:colcon.colcon_core.package_identification:_identify(src) by extensions ['colcon_meta']
[0.121s] Level 1:colcon.colcon_core.package_identification:_identify(src) by extension 'colcon_meta'
[0.121s] Level 1:colcon.colcon_core.package_identification:_identify(src) by extensions ['ros']
[0.121s] Level 1:colcon.colcon_core.package_identification:_identify(src) by extension 'ros'
[0.121s] Level 1:colcon.colcon_core.package_identification:_identify(src) by extensions ['cmake', 'python']
[0.121s] Level 1:colcon.colcon_core.package_identification:_identify(src) by extension 'cmake'
[0.121s] Level 1:colcon.colcon_core.package_identification:_identify(src) by extension 'python'
[0.121s] Level 1:colcon.colcon_core.package_identification:_identify(src) by extensions ['python_setup_py']
[0.121s] Level 1:colcon.colcon_core.package_identification:_identify(src) by extension 'python_setup_py'
[0.121s] Level 1:colcon.colcon_core.package_identification:_identify(src/player_pkg) by extensions ['ignore', 'ignore_ament_install']
[0.121s] Level 1:colcon.colcon_core.package_identification:_identify(src/player_pkg) by extension 'ignore'
[0.121s] Level 1:colcon.colcon_core.package_identification:_identify(src/player_pkg) by extension 'ignore_ament_install'
[0.121s] Level 1:colcon.colcon_core.package_identification:_identify(src/player_pkg) by extensions ['colcon_pkg']
[0.121s] Level 1:colcon.colcon_core.package_identification:_identify(src/player_pkg) by extension 'colcon_pkg'
[0.121s] Level 1:colcon.colcon_core.package_identification:_identify(src/player_pkg) by extensions ['colcon_meta']
[0.121s] Level 1:colcon.colcon_core.package_identification:_identify(src/player_pkg) by extension 'colcon_meta'
[0.121s] Level 1:colcon.colcon_core.package_identification:_identify(src/player_pkg) by extensions ['ros']
[0.121s] Level 1:colcon.colcon_core.package_identification:_identify(src/player_pkg) by extension 'ros'
[0.123s] DEBUG:colcon.colcon_core.package_identification:Package 'src/player_pkg' with type 'ros.ament_cmake' and name 'player_pkg'
[0.123s] Level 1:colcon.colcon_core.package_identification:_identify(src/referee_pkg) by extensions ['ignore', 'ignore_ament_install']
[0.123s] Level 1:colcon.colcon_core.package_identification:_identify(src/referee_pkg) by extension 'ignore'
[0.123s] Level 1:colcon.colcon_core.package_identification:_identify(src/referee_pkg) by extension 'ignore_ament_install'
[0.123s] Level 1:colcon.colcon_core.package_identification:_identify(src/referee_pkg) by extensions ['colcon_pkg']
[0.123s] Level 1:colcon.colcon_core.package_identification:_identify(src/referee_pkg) by extension 'colcon_pkg'
[0.123s] Level 1:colcon.colcon_core.package_identification:_identify(src/referee_pkg) by extensions ['colcon_meta']
[0.123s] Level 1:colcon.colcon_core.package_identification:_identify(src/referee_pkg) by extension 'colcon_meta'
[0.123s] Level 1:colcon.colcon_core.package_identification:_identify(src/referee_pkg) by extensions ['ros']
[0.123s] Level 1:colcon.colcon_core.package_identification:_identify(src/referee_pkg) by extension 'ros'
[0.123s] DEBUG:colcon.colcon_core.package_identification:Package 'src/referee_pkg' with type 'ros.ament_cmake' and name 'referee_pkg'
[0.123s] Level 1:colcon.colcon_core.package_identification:_identify(src/target_model_pkg) by extensions ['ignore', 'ignore_ament_install']
[0.124s] Level 1:colcon.colcon_core.package_identification:_identify(src/target_model_pkg) by extension 'ignore'
[0.124s] Level 1:colcon.colcon_core.package_identification:_identify(src/target_model_pkg) by extension 'ignore_ament_install'
[0.124s] Level 1:colcon.colcon_core.package_identification:_identify(src/target_model_pkg) by extensions ['colcon_pkg']
[0.124s] Level 1:colcon.colcon_core.package_identification:_identify(src/target_model_pkg) by extension 'colcon_pkg'
[0.124s] Level 1:colcon.colcon_core.package_identification:_identify(src/target_model_pkg) by extensions ['colcon_meta']
[0.124s] Level 1:colcon.colcon_core.package_identification:_identify(src/target_model_pkg) by extension 'colcon_meta'
[0.124s] Level 1:colcon.colcon_core.package_identification:_identify(src/target_model_pkg) by extensions ['ros']
[0.124s] Level 1:colcon.colcon_core.package_identification:_identify(src/target_model_pkg) by extension 'ros'
[0.124s] Level 1:colcon.colcon_core.package_identification:_identify(src/target_model_pkg) by extensions ['cmake', 'python']
[0.124s] Level 1:colcon.colcon_core.package_identification:_identify(src/target_model_pkg) by extension 'cmake'
[0.124s] Level 1:colcon.colcon_core.package_identification:_identify(src/target_model_pkg) by extension 'python'
[0.124s] Level 1:colcon.colcon_core.package_identification:_identify(src/target_model_pkg) by extensions ['python_setup_py']
[0.124s] Level 1:colcon.colcon_core.package_identification:_identify(src/target_model_pkg) by extension 'python_setup_py'
[0.124s] Level 1:colcon.colcon_core.package_identification:_identify(src/target_model_pkg/urdf) by extensions ['ignore', 'ignore_ament_install']
[0.124s] Level 1:colcon.colcon_core.package_identification:_identify(src/target_model_pkg/urdf) by extension 'ignore'
[0.124s] Level 1:colcon.colcon_core.package_identification:_identify(src/target_model_pkg/urdf) by extension 'ignore_ament_install'
[0.124s] Level 1:colcon.colcon_core.package_identification:_identify(src/target_model_pkg/urdf) by extensions ['colcon_pkg']
[0.124s] Level 1:colcon.colcon_core.package_identification:_identify(src/target_model_pkg/urdf) by extension 'colcon_pkg'
[0.124s] Level 1:colcon.colcon_core.package_identification:_identify(src/target_model_pkg/urdf) by extensions ['colcon_meta']
[0.124s] Level 1:colcon.colcon_core.package_identification:_identify(src/target_model_pkg/urdf) by extension 'colcon_meta'
[0.124s] Level 1:colcon.colcon_core.package_identification:_identify(src/target_model_pkg/urdf) by extensions ['ros']
[0.124s] Level 1:colcon.colcon_core.package_identification:_identify(src/target_model_pkg/urdf) by extension 'ros'
[0.124s] Level 1:colcon.colcon_core.package_identification:_identify(src/target_model_pkg/urdf) by extensions ['cmake', 'python']
[0.124s] Level 1:colcon.colcon_core.package_identification:_identify(src/target_model_pkg/urdf) by extension 'cmake'
[0.124s] Level 1:colcon.colcon_core.package_identification:_identify(src/target_model_pkg/urdf) by extension 'python'
[0.124s] Level 1:colcon.colcon_core.package_identification:_identify(src/target_model_pkg/urdf) by extensions ['python_setup_py']
[0.124s] Level 1:colcon.colcon_core.package_identification:_identify(src/target_model_pkg/urdf) by extension 'python_setup_py'
[0.124s] Level 1:colcon.colcon_core.package_identification:_identify(src/target_model_pkg/urdf/armor) by extensions ['ignore', 'ignore_ament_install']
[0.124s] Level 1:colcon.colcon_core.package_identification:_identify(src/target_model_pkg/urdf/armor) by extension 'ignore'
[0.124s] Level 1:colcon.colcon_core.package_identification:_identify(src/target_model_pkg/urdf/armor) by extension 'ignore_ament_install'
[0.124s] Level 1:colcon.colcon_core.package_identification:_identify(src/target_model_pkg/urdf/armor) by extensions ['colcon_pkg']
[0.124s] Level 1:colcon.colcon_core.package_identification:_identify(src/target_model_pkg/urdf/armor) by extension 'colcon_pkg'
[0.124s] Level 1:colcon.colcon_core.package_identification:_identify(src/target_model_pkg/urdf/armor) by extensions ['colcon_meta']
[0.124s] Level 1:colcon.colcon_core.package_identification:_identify(src/target_model_pkg/urdf/armor) by extension 'colcon_meta'
[0.124s] Level 1:colcon.colcon_core.package_identification:_identify(src/target_model_pkg/urdf/armor) by extensions ['ros']
[0.124s] Level 1:colcon.colcon_core.package_identification:_identify(src/target_model_pkg/urdf/armor) by extension 'ros'
[0.124s] Level 1:colcon.colcon_core.package_identification:_identify(src/target_model_pkg/urdf/armor) by extensions ['cmake', 'python']
[0.124s] Level 1:colcon.colcon_core.package_identification:_identify(src/target_model_pkg/urdf/armor) by extension 'cmake'
[0.124s] Level 1:colcon.colcon_core.package_identification:_identify(src/target_model_pkg/urdf/armor) by extension 'python'
[0.124s] Level 1:colcon.colcon_core.package_identification:_identify(src/target_model_pkg/urdf/armor) by extensions ['python_setup_py']
[0.124s] Level 1:colcon.colcon_core.package_identification:_identify(src/target_model_pkg/urdf/armor) by extension 'python_setup_py'
[0.124s] Level 1:colcon.colcon_core.package_identification:_identify(src/target_model_pkg/urdf/armor/meshes) by extensions ['ignore', 'ignore_ament_install']
[0.124s] Level 1:colcon.colcon_core.package_identification:_identify(src/target_model_pkg/urdf/armor/meshes) by extension 'ignore'
[0.124s] Level 1:colcon.colcon_core.package_identification:_identify(src/target_model_pkg/urdf/armor/meshes) by extension 'ignore_ament_install'
[0.124s] Level 1:colcon.colcon_core.package_identification:_identify(src/target_model_pkg/urdf/armor/meshes) by extensions ['colcon_pkg']
[0.124s] Level 1:colcon.colcon_core.package_identification:_identify(src/target_model_pkg/urdf/armor/meshes) by extension 'colcon_pkg'
[0.124s] Level 1:colcon.colcon_core.package_identification:_identify(src/target_model_pkg/urdf/armor/meshes) by extensions ['colcon_meta']
[0.124s] Level 1:colcon.colcon_core.package_identification:_identify(src/target_model_pkg/urdf/armor/meshes) by extension 'colcon_meta'
[0.124s] Level 1:colcon.colcon_core.package_identification:_identify(src/target_model_pkg/urdf/armor/meshes) by extensions ['ros']
[0.124s] Level 1:colcon.colcon_core.package_identification:_identify(src/target_model_pkg/urdf/armor/meshes) by extension 'ros'
[0.124s] Level 1:colcon.colcon_core.package_identification:_identify(src/target_model_pkg/urdf/armor/meshes) by extensions ['cmake', 'python']
[0.124s] Level 1:colcon.colcon_core.package_identification:_identify(src/target_model_pkg/urdf/armor/meshes) by extension 'cmake'
[0.125s] Level 1:colcon.colcon_core.package_identification:_identify(src/target_model_pkg/urdf/armor/meshes) by extension 'python'
[0.125s] Level 1:colcon.colcon_core.package_identification:_identify(src/target_model_pkg/urdf/armor/meshes) by extensions ['python_setup_py']
[0.125s] Level 1:colcon.colcon_core.package_identification:_identify(src/target_model_pkg/urdf/armor/meshes) by extension 'python_setup_py'
[0.125s] Level 1:colcon.colcon_core.package_identification:_identify(src/target_model_pkg/urdf/armor/textures) by extensions ['ignore', 'ignore_ament_install']
[0.125s] Level 1:colcon.colcon_core.package_identification:_identify(src/target_model_pkg/urdf/armor/textures) by extension 'ignore'
[0.125s] Level 1:colcon.colcon_core.package_identification:_identify(src/target_model_pkg/urdf/armor/textures) by extension 'ignore_ament_install'
[0.125s] Level 1:colcon.colcon_core.package_identification:_identify(src/target_model_pkg/urdf/armor/textures) by extensions ['colcon_pkg']
[0.125s] Level 1:colcon.colcon_core.package_identification:_identify(src/target_model_pkg/urdf/armor/textures) by extension 'colcon_pkg'
[0.125s] Level 1:colcon.colcon_core.package_identification:_identify(src/target_model_pkg/urdf/armor/textures) by extensions ['colcon_meta']
[0.125s] Level 1:colcon.colcon_core.package_identification:_identify(src/target_model_pkg/urdf/armor/textures) by extension 'colcon_meta'
[0.125s] Level 1:colcon.colcon_core.package_identification:_identify(src/target_model_pkg/urdf/armor/textures) by extensions ['ros']
[0.125s] Level 1:colcon.colcon_core.package_identification:_identify(src/target_model_pkg/urdf/armor/textures) by extension 'ros'
[0.125s] Level 1:colcon.colcon_core.package_identification:_identify(src/target_model_pkg/urdf/armor/textures) by extensions ['cmake', 'python']
[0.125s] Level 1:colcon.colcon_core.package_identification:_identify(src/target_model_pkg/urdf/armor/textures) by extension 'cmake'
[0.125s] Level 1:colcon.colcon_core.package_identification:_identify(src/target_model_pkg/urdf/armor/textures) by extension 'python'
[0.125s] Level 1:colcon.colcon_core.package_identification:_identify(src/target_model_pkg/urdf/armor/textures) by extensions ['python_setup_py']
[0.125s] Level 1:colcon.colcon_core.package_identification:_identify(src/target_model_pkg/urdf/armor/textures) by extension 'python_setup_py'
[0.125s] Level 1:colcon.colcon_core.package_identification:_identify(src/target_model_pkg/urdf/arrow) by extensions ['ignore', 'ignore_ament_install']
[0.125s] Level 1:colcon.colcon_core.package_identification:_identify(src/target_model_pkg/urdf/arrow) by extension 'ignore'
[0.125s] Level 1:colcon.colcon_core.package_identification:_identify(src/target_model_pkg/urdf/arrow) by extension 'ignore_ament_install'
[0.125s] Level 1:colcon.colcon_core.package_identification:_identify(src/target_model_pkg/urdf/arrow) by extensions ['colcon_pkg']
[0.125s] Level 1:colcon.colcon_core.package_identification:_identify(src/target_model_pkg/urdf/arrow) by extension 'colcon_pkg'
[0.125s] Level 1:colcon.colcon_core.package_identification:_identify(src/target_model_pkg/urdf/arrow) by extensions ['colcon_meta']
[0.125s] Level 1:colcon.colcon_core.package_identification:_identify(src/target_model_pkg/urdf/arrow) by extension 'colcon_meta'
[0.125s] Level 1:colcon.colcon_core.package_identification:_identify(src/target_model_pkg/urdf/arrow) by extensions ['ros']
[0.125s] Level 1:colcon.colcon_core.package_identification:_identify(src/target_model_pkg/urdf/arrow) by extension 'ros'
[0.125s] Level 1:colcon.colcon_core.package_identification:_identify(src/target_model_pkg/urdf/arrow) by extensions ['cmake', 'python']
[0.125s] Level 1:colcon.colcon_core.package_identification:_identify(src/target_model_pkg/urdf/arrow) by extension 'cmake'
[0.125s] Level 1:colcon.colcon_core.package_identification:_identify(src/target_model_pkg/urdf/arrow) by extension 'python'
[0.125s] Level 1:colcon.colcon_core.package_identification:_identify(src/target_model_pkg/urdf/arrow) by extensions ['python_setup_py']
[0.125s] Level 1:colcon.colcon_core.package_identification:_identify(src/target_model_pkg/urdf/arrow) by extension 'python_setup_py'
[0.125s] Level 1:colcon.colcon_core.package_identification:_identify(src/target_model_pkg/urdf/arrow/meshes) by extensions ['ignore', 'ignore_ament_install']
[0.125s] Level 1:colcon.colcon_core.package_identification:_identify(src/target_model_pkg/urdf/arrow/meshes) by extension 'ignore'
[0.125s] Level 1:colcon.colcon_core.package_identification:_identify(src/target_model_pkg/urdf/arrow/meshes) by extension 'ignore_ament_install'
[0.125s] Level 1:colcon.colcon_core.package_identification:_identify(src/target_model_pkg/urdf/arrow/meshes) by extensions ['colcon_pkg']
[0.125s] Level 1:colcon.colcon_core.package_identification:_identify(src/target_model_pkg/urdf/arrow/meshes) by extension 'colcon_pkg'
[0.125s] Level 1:colcon.colcon_core.package_identification:_identify(src/target_model_pkg/urdf/arrow/meshes) by extensions ['colcon_meta']
[0.125s] Level 1:colcon.colcon_core.package_identification:_identify(src/target_model_pkg/urdf/arrow/meshes) by extension 'colcon_meta'
[0.125s] Level 1:colcon.colcon_core.package_identification:_identify(src/target_model_pkg/urdf/arrow/meshes) by extensions ['ros']
[0.125s] Level 1:colcon.colcon_core.package_identification:_identify(src/target_model_pkg/urdf/arrow/meshes) by extension 'ros'
[0.125s] Level 1:colcon.colcon_core.package_identification:_identify(src/target_model_pkg/urdf/arrow/meshes) by extensions ['cmake', 'python']
[0.125s] Level 1:colcon.colcon_core.package_identification:_identify(src/target_model_pkg/urdf/arrow/meshes) by extension 'cmake'
[0.125s] Level 1:colcon.colcon_core.package_identification:_identify(src/target_model_pkg/urdf/arrow/meshes) by extension 'python'
[0.125s] Level 1:colcon.colcon_core.package_identification:_identify(src/target_model_pkg/urdf/arrow/meshes) by extensions ['python_setup_py']
[0.125s] Level 1:colcon.colcon_core.package_identification:_identify(src/target_model_pkg/urdf/arrow/meshes) by extension 'python_setup_py'
[0.125s] Level 1:colcon.colcon_core.package_identification:_identify(src/target_model_pkg/urdf/circle) by extensions ['ignore', 'ignore_ament_install']
[0.125s] Level 1:colcon.colcon_core.package_identification:_identify(src/target_model_pkg/urdf/circle) by extension 'ignore'
[0.125s] Level 1:colcon.colcon_core.package_identification:_identify(src/target_model_pkg/urdf/circle) by extension 'ignore_ament_install'
[0.125s] Level 1:colcon.colcon_core.package_identification:_identify(src/target_model_pkg/urdf/circle) by extensions ['colcon_pkg']
[0.125s] Level 1:colcon.colcon_core.package_identification:_identify(src/target_model_pkg/urdf/circle) by extension 'colcon_pkg'
[0.125s] Level 1:colcon.colcon_core.package_identification:_identify(src/target_model_pkg/urdf/circle) by extensions ['colcon_meta']
[0.125s] Level 1:colcon.colcon_core.package_identification:_identify(src/target_model_pkg/urdf/circle) by extension 'colcon_meta'
[0.125s] Level 1:colcon.colcon_core.package_identification:_identify(src/target_model_pkg/urdf/circle) by extensions ['ros']
[0.125s] Level 1:colcon.colcon_core.package_identification:_identify(src/target_model_pkg/urdf/circle) by extension 'ros'
[0.126s] Level 1:colcon.colcon_core.package_identification:_identify(src/target_model_pkg/urdf/circle) by extensions ['cmake', 'python']
[0.126s] Level 1:colcon.colcon_core.package_identification:_identify(src/target_model_pkg/urdf/circle) by extension 'cmake'
[0.126s] Level 1:colcon.colcon_core.package_identification:_identify(src/target_model_pkg/urdf/circle) by extension 'python'
[0.126s] Level 1:colcon.colcon_core.package_identification:_identify(src/target_model_pkg/urdf/circle) by extensions ['python_setup_py']
[0.126s] Level 1:colcon.colcon_core.package_identification:_identify(src/target_model_pkg/urdf/circle) by extension 'python_setup_py'
[0.126s] Level 1:colcon.colcon_core.package_identification:_identify(src/target_model_pkg/urdf/circle/meshes) by extensions ['ignore', 'ignore_ament_install']
[0.126s] Level 1:colcon.colcon_core.package_identification:_identify(src/target_model_pkg/urdf/circle/meshes) by extension 'ignore'
[0.126s] Level 1:colcon.colcon_core.package_identification:_identify(src/target_model_pkg/urdf/circle/meshes) by extension 'ignore_ament_install'
[0.126s] Level 1:colcon.colcon_core.package_identification:_identify(src/target_model_pkg/urdf/circle/meshes) by extensions ['colcon_pkg']
[0.126s] Level 1:colcon.colcon_core.package_identification:_identify(src/target_model_pkg/urdf/circle/meshes) by extension 'colcon_pkg'
[0.126s] Level 1:colcon.colcon_core.package_identification:_identify(src/target_model_pkg/urdf/circle/meshes) by extensions ['colcon_meta']
[0.126s] Level 1:colcon.colcon_core.package_identification:_identify(src/target_model_pkg/urdf/circle/meshes) by extension 'colcon_meta'
[0.126s] Level 1:colcon.colcon_core.package_identification:_identify(src/target_model_pkg/urdf/circle/meshes) by extensions ['ros']
[0.126s] Level 1:colcon.colcon_core.package_identification:_identify(src/target_model_pkg/urdf/circle/meshes) by extension 'ros'
[0.126s] Level 1:colcon.colcon_core.package_identification:_identify(src/target_model_pkg/urdf/circle/meshes) by extensions ['cmake', 'python']
[0.126s] Level 1:colcon.colcon_core.package_identification:_identify(src/target_model_pkg/urdf/circle/meshes) by extension 'cmake'
[0.126s] Level 1:colcon.colcon_core.package_identification:_identify(src/target_model_pkg/urdf/circle/meshes) by extension 'python'
[0.126s] Level 1:colcon.colcon_core.package_identification:_identify(src/target_model_pkg/urdf/circle/meshes) by extensions ['python_setup_py']
[0.126s] Level 1:colcon.colcon_core.package_identification:_identify(src/target_model_pkg/urdf/circle/meshes) by extension 'python_setup_py'
[0.126s] Level 1:colcon.colcon_core.package_identification:_identify(src/target_model_pkg/urdf/rectangle) by extensions ['ignore', 'ignore_ament_install']
[0.126s] Level 1:colcon.colcon_core.package_identification:_identify(src/target_model_pkg/urdf/rectangle) by extension 'ignore'
[0.126s] Level 1:colcon.colcon_core.package_identification:_identify(src/target_model_pkg/urdf/rectangle) by extension 'ignore_ament_install'
[0.126s] Level 1:colcon.colcon_core.package_identification:_identify(src/target_model_pkg/urdf/rectangle) by extensions ['colcon_pkg']
[0.126s] Level 1:colcon.colcon_core.package_identification:_identify(src/target_model_pkg/urdf/rectangle) by extension 'colcon_pkg'
[0.126s] Level 1:colcon.colcon_core.package_identification:_identify(src/target_model_pkg/urdf/rectangle) by extensions ['colcon_meta']
[0.126s] Level 1:colcon.colcon_core.package_identification:_identify(src/target_model_pkg/urdf/rectangle) by extension 'colcon_meta'
[0.126s] Level 1:colcon.colcon_core.package_identification:_identify(src/target_model_pkg/urdf/rectangle) by extensions ['ros']
[0.126s] Level 1:colcon.colcon_core.package_identification:_identify(src/target_model_pkg/urdf/rectangle) by extension 'ros'
[0.126s] Level 1:colcon.colcon_core.package_identification:_identify(src/target_model_pkg/urdf/rectangle) by extensions ['cmake', 'python']
[0.126s] Level 1:colcon.colcon_core.package_identification:_identify(src/target_model_pkg/urdf/rectangle) by extension 'cmake'
[0.126s] Level 1:colcon.colcon_core.package_identification:_identify(src/target_model_pkg/urdf/rectangle) by extension 'python'
[0.126s] Level 1:colcon.colcon_core.package_identification:_identify(src/target_model_pkg/urdf/rectangle) by extensions ['python_setup_py']
[0.126s] Level 1:colcon.colcon_core.package_identification:_identify(src/target_model_pkg/urdf/rectangle) by extension 'python_setup_py'
[0.126s] Level 1:colcon.colcon_core.package_identification:_identify(src/target_model_pkg/urdf/robot) by extensions ['ignore', 'ignore_ament_install']
[0.126s] Level 1:colcon.colcon_core.package_identification:_identify(src/target_model_pkg/urdf/robot) by extension 'ignore'
[0.126s] Level 1:colcon.colcon_core.package_identification:_identify(src/target_model_pkg/urdf/robot) by extension 'ignore_ament_install'
[0.126s] Level 1:colcon.colcon_core.package_identification:_identify(src/target_model_pkg/urdf/robot) by extensions ['colcon_pkg']
[0.126s] Level 1:colcon.colcon_core.package_identification:_identify(src/target_model_pkg/urdf/robot) by extension 'colcon_pkg'
[0.126s] Level 1:colcon.colcon_core.package_identification:_identify(src/target_model_pkg/urdf/robot) by extensions ['colcon_meta']
[0.126s] Level 1:colcon.colcon_core.package_identification:_identify(src/target_model_pkg/urdf/robot) by extension 'colcon_meta'
[0.126s] Level 1:colcon.colcon_core.package_identification:_identify(src/target_model_pkg/urdf/robot) by extensions ['ros']
[0.126s] Level 1:colcon.colcon_core.package_identification:_identify(src/target_model_pkg/urdf/robot) by extension 'ros'
[0.126s] Level 1:colcon.colcon_core.package_identification:_identify(src/target_model_pkg/urdf/robot) by extensions ['cmake', 'python']
[0.126s] Level 1:colcon.colcon_core.package_identification:_identify(src/target_model_pkg/urdf/robot) by extension 'cmake'
[0.126s] Level 1:colcon.colcon_core.package_identification:_identify(src/target_model_pkg/urdf/robot) by extension 'python'
[0.126s] Level 1:colcon.colcon_core.package_identification:_identify(src/target_model_pkg/urdf/robot) by extensions ['python_setup_py']
[0.126s] Level 1:colcon.colcon_core.package_identification:_identify(src/target_model_pkg/urdf/robot) by extension 'python_setup_py'
[0.126s] Level 1:colcon.colcon_core.package_identification:_identify(src/target_model_pkg/urdf/robot/materials) by extensions ['ignore', 'ignore_ament_install']
[0.126s] Level 1:colcon.colcon_core.package_identification:_identify(src/target_model_pkg/urdf/robot/materials) by extension 'ignore'
[0.126s] Level 1:colcon.colcon_core.package_identification:_identify(src/target_model_pkg/urdf/robot/materials) by extension 'ignore_ament_install'
[0.126s] Level 1:colcon.colcon_core.package_identification:_identify(src/target_model_pkg/urdf/robot/materials) by extensions ['colcon_pkg']
[0.126s] Level 1:colcon.colcon_core.package_identification:_identify(src/target_model_pkg/urdf/robot/materials) by extension 'colcon_pkg'
[0.126s] Level 1:colcon.colcon_core.package_identification:_identify(src/target_model_pkg/urdf/robot/materials) by extensions ['colcon_meta']
[0.126s] Level 1:colcon.colcon_core.package_identification:_identify(src/target_model_pkg/urdf/robot/materials) by extension 'colcon_meta'
[0.126s] Level 1:colcon.colcon_core.package_identification:_identify(src/target_model_pkg/urdf/robot/materials) by extensions ['ros']
[0.126s] Level 1:colcon.colcon_core.package_identification:_identify(src/target_model_pkg/urdf/robot/materials) by extension 'ros'
[0.127s] Level 1:colcon.colcon_core.package_identification:_identify(src/target_model_pkg/urdf/robot/materials) by extensions ['cmake', 'python']
[0.127s] Level 1:colcon.colcon_core.package_identification:_identify(src/target_model_pkg/urdf/robot/materials) by extension 'cmake'
[0.127s] Level 1:colcon.colcon_core.package_identification:_identify(src/target_model_pkg/urdf/robot/materials) by extension 'python'
[0.127s] Level 1:colcon.colcon_core.package_identification:_identify(src/target_model_pkg/urdf/robot/materials) by extensions ['python_setup_py']
[0.127s] Level 1:colcon.colcon_core.package_identification:_identify(src/target_model_pkg/urdf/robot/materials) by extension 'python_setup_py'
[0.127s] Level 1:colcon.colcon_core.package_identification:_identify(src/target_model_pkg/urdf/robot/materials/textures) by extensions ['ignore', 'ignore_ament_install']
[0.127s] Level 1:colcon.colcon_core.package_identification:_identify(src/target_model_pkg/urdf/robot/materials/textures) by extension 'ignore'
[0.127s] Level 1:colcon.colcon_core.package_identification:_identify(src/target_model_pkg/urdf/robot/materials/textures) by extension 'ignore_ament_install'
[0.127s] Level 1:colcon.colcon_core.package_identification:_identify(src/target_model_pkg/urdf/robot/materials/textures) by extensions ['colcon_pkg']
[0.127s] Level 1:colcon.colcon_core.package_identification:_identify(src/target_model_pkg/urdf/robot/materials/textures) by extension 'colcon_pkg'
[0.127s] Level 1:colcon.colcon_core.package_identification:_identify(src/target_model_pkg/urdf/robot/materials/textures) by extensions ['colcon_meta']
[0.127s] Level 1:colcon.colcon_core.package_identification:_identify(src/target_model_pkg/urdf/robot/materials/textures) by extension 'colcon_meta'
[0.127s] Level 1:colcon.colcon_core.package_identification:_identify(src/target_model_pkg/urdf/robot/materials/textures) by extensions ['ros']
[0.127s] Level 1:colcon.colcon_core.package_identification:_identify(src/target_model_pkg/urdf/robot/materials/textures) by extension 'ros'
[0.127s] Level 1:colcon.colcon_core.package_identification:_identify(src/target_model_pkg/urdf/robot/materials/textures) by extensions ['cmake', 'python']
[0.127s] Level 1:colcon.colcon_core.package_identification:_identify(src/target_model_pkg/urdf/robot/materials/textures) by extension 'cmake'
[0.127s] Level 1:colcon.colcon_core.package_identification:_identify(src/target_model_pkg/urdf/robot/materials/textures) by extension 'python'
[0.127s] Level 1:colcon.colcon_core.package_identification:_identify(src/target_model_pkg/urdf/robot/materials/textures) by extensions ['python_setup_py']
[0.127s] Level 1:colcon.colcon_core.package_identification:_identify(src/target_model_pkg/urdf/robot/materials/textures) by extension 'python_setup_py'
[0.127s] Level 1:colcon.colcon_core.package_identification:_identify(src/target_model_pkg/urdf/robot/meshes) by extensions ['ignore', 'ignore_ament_install']
[0.127s] Level 1:colcon.colcon_core.package_identification:_identify(src/target_model_pkg/urdf/robot/meshes) by extension 'ignore'
[0.127s] Level 1:colcon.colcon_core.package_identification:_identify(src/target_model_pkg/urdf/robot/meshes) by extension 'ignore_ament_install'
[0.127s] Level 1:colcon.colcon_core.package_identification:_identify(src/target_model_pkg/urdf/robot/meshes) by extensions ['colcon_pkg']
[0.127s] Level 1:colcon.colcon_core.package_identification:_identify(src/target_model_pkg/urdf/robot/meshes) by extension 'colcon_pkg'
[0.127s] Level 1:colcon.colcon_core.package_identification:_identify(src/target_model_pkg/urdf/robot/meshes) by extensions ['colcon_meta']
[0.127s] Level 1:colcon.colcon_core.package_identification:_identify(src/target_model_pkg/urdf/robot/meshes) by extension 'colcon_meta'
[0.127s] Level 1:colcon.colcon_core.package_identification:_identify(src/target_model_pkg/urdf/robot/meshes) by extensions ['ros']
[0.127s] Level 1:colcon.colcon_core.package_identification:_identify(src/target_model_pkg/urdf/robot/meshes) by extension 'ros'
[0.127s] Level 1:colcon.colcon_core.package_identification:_identify(src/target_model_pkg/urdf/robot/meshes) by extensions ['cmake', 'python']
[0.127s] Level 1:colcon.colcon_core.package_identification:_identify(src/target_model_pkg/urdf/robot/meshes) by extension 'cmake'
[0.127s] Level 1:colcon.colcon_core.package_identification:_identify(src/target_model_pkg/urdf/robot/meshes) by extension 'python'
[0.127s] Level 1:colcon.colcon_core.package_identification:_identify(src/target_model_pkg/urdf/robot/meshes) by extensions ['python_setup_py']
[0.127s] Level 1:colcon.colcon_core.package_identification:_identify(src/target_model_pkg/urdf/robot/meshes) by extension 'python_setup_py'
[0.127s] Level 1:colcon.colcon_core.package_identification:_identify(src/target_model_pkg/urdf/robot/thumbnails) by extensions ['ignore', 'ignore_ament_install']
[0.127s] Level 1:colcon.colcon_core.package_identification:_identify(src/target_model_pkg/urdf/robot/thumbnails) by extension 'ignore'
[0.127s] Level 1:colcon.colcon_core.package_identification:_identify(src/target_model_pkg/urdf/robot/thumbnails) by extension 'ignore_ament_install'
[0.127s] Level 1:colcon.colcon_core.package_identification:_identify(src/target_model_pkg/urdf/robot/thumbnails) by extensions ['colcon_pkg']
[0.127s] Level 1:colcon.colcon_core.package_identification:_identify(src/target_model_pkg/urdf/robot/thumbnails) by extension 'colcon_pkg'
[0.127s] Level 1:colcon.colcon_core.package_identification:_identify(src/target_model_pkg/urdf/robot/thumbnails) by extensions ['colcon_meta']
[0.127s] Level 1:colcon.colcon_core.package_identification:_identify(src/target_model_pkg/urdf/robot/thumbnails) by extension 'colcon_meta'
[0.127s] Level 1:colcon.colcon_core.package_identification:_identify(src/target_model_pkg/urdf/robot/thumbnails) by extensions ['ros']
[0.127s] Level 1:colcon.colcon_core.package_identification:_identify(src/target_model_pkg/urdf/robot/thumbnails) by extension 'ros'
[0.127s] Level 1:colcon.colcon_core.package_identification:_identify(src/target_model_pkg/urdf/robot/thumbnails) by extensions ['cmake', 'python']
[0.127s] Level 1:colcon.colcon_core.package_identification:_identify(src/target_model_pkg/urdf/robot/thumbnails) by extension 'cmake'
[0.127s] Level 1:colcon.colcon_core.package_identification:_identify(src/target_model_pkg/urdf/robot/thumbnails) by extension 'python'
[0.127s] Level 1:colcon.colcon_core.package_identification:_identify(src/target_model_pkg/urdf/robot/thumbnails) by extensions ['python_setup_py']
[0.127s] Level 1:colcon.colcon_core.package_identification:_identify(src/target_model_pkg/urdf/robot/thumbnails) by extension 'python_setup_py'
[0.127s] Level 1:colcon.colcon_core.package_identification:_identify(src/target_model_pkg/urdf/sphere) by extensions ['ignore', 'ignore_ament_install']
[0.127s] Level 1:colcon.colcon_core.package_identification:_identify(src/target_model_pkg/urdf/sphere) by extension 'ignore'
[0.127s] Level 1:colcon.colcon_core.package_identification:_identify(src/target_model_pkg/urdf/sphere) by extension 'ignore_ament_install'
[0.127s] Level 1:colcon.colcon_core.package_identification:_identify(src/target_model_pkg/urdf/sphere) by extensions ['colcon_pkg']
[0.127s] Level 1:colcon.colcon_core.package_identification:_identify(src/target_model_pkg/urdf/sphere) by extension 'colcon_pkg'
[0.127s] Level 1:colcon.colcon_core.package_identification:_identify(src/target_model_pkg/urdf/sphere) by extensions ['colcon_meta']
[0.127s] Level 1:colcon.colcon_core.package_identification:_identify(src/target_model_pkg/urdf/sphere) by extension 'colcon_meta'
[0.127s] Level 1:colcon.colcon_core.package_identification:_identify(src/target_model_pkg/urdf/sphere) by extensions ['ros']
[0.128s] Level 1:colcon.colcon_core.package_identification:_identify(src/target_model_pkg/urdf/sphere) by extension 'ros'
[0.128s] Level 1:colcon.colcon_core.package_identification:_identify(src/target_model_pkg/urdf/sphere) by extensions ['cmake', 'python']
[0.128s] Level 1:colcon.colcon_core.package_identification:_identify(src/target_model_pkg/urdf/sphere) by extension 'cmake'
[0.128s] Level 1:colcon.colcon_core.package_identification:_identify(src/target_model_pkg/urdf/sphere) by extension 'python'
[0.128s] Level 1:colcon.colcon_core.package_identification:_identify(src/target_model_pkg/urdf/sphere) by extensions ['python_setup_py']
[0.128s] Level 1:colcon.colcon_core.package_identification:_identify(src/target_model_pkg/urdf/sphere) by extension 'python_setup_py'
[0.128s] Level 1:colcon.colcon_core.package_discovery:discover_packages(recursive) using defaults
[0.128s] Level 1:colcon.colcon_core.package_discovery:discover_packages(ignore) discover
[0.128s] Level 1:colcon.colcon_core.package_discovery:discover_packages(ignore) using defaults
[0.128s] Level 1:colcon.colcon_core.package_discovery:discover_packages(path) discover
[0.128s] Level 1:colcon.colcon_core.package_discovery:discover_packages(path) using defaults
[0.141s] INFO:colcon.colcon_core.package_selection:Skipping not selected package 'player_pkg' in 'src/player_pkg'
[0.141s] Level 1:colcon.colcon_core.package_discovery:discover_packages(prefix_path) check parameters
[0.141s] Level 1:colcon.colcon_core.package_discovery:discover_packages(prefix_path) discover
[0.142s] DEBUG:colcon.colcon_installed_package_information.package_discovery:Found 6 installed packages in /home/zjzl/Desktop/New_Referee/Vision_Arena_2025/install
[0.143s] DEBUG:colcon.colcon_installed_package_information.package_discovery:Found 283 installed packages in /opt/ros/humble
[0.143s] Level 1:colcon.colcon_core.package_discovery:discover_packages(prefix_path) using defaults
[0.158s] WARNING:colcon.colcon_core.package_selection:Some selected packages are already built in one or more underlay workspaces:
	'referee_pkg' is in: /home/zjzl/Desktop/New_Referee/Vision_Arena_2025/install/referee_pkg
If a package in a merged underlay workspace is overridden and it installs headers, then all packages in the overlay must sort their include directories by workspace order. Failure to do so may result in build failures or undefined behavior at run time.
If the overridden package is used by another package in any underlay, then the overriding package in the overlay must be API and ABI compatible or undefined behavior at run time may occur.

If you understand the risks and want to override a package anyways, add the following to the command line:
	--allow-overriding referee_pkg

This may be promoted to an error in a future release of colcon-override-check.
[0.159s] Level 5:colcon.colcon_core.verb:set package 'referee_pkg' build argument 'cmake_args' from command line to 'None'
[0.159s] Level 5:colcon.colcon_core.verb:set package 'referee_pkg' build argument 'cmake_target' from command line to 'None'
[0.159s] Level 5:colcon.colcon_core.verb:set package 'referee_pkg' build argument 'cmake_target_skip_unavailable' from command line to 'False'
[0.159s] Level 5:colcon.colcon_core.verb:set package 'referee_pkg' build argument 'cmake_clean_cache' from command line to 'False'
[0.159s] Level 5:colcon.colcon_core.verb:set package 'referee_pkg' build argument 'cmake_clean_first' from command line to 'False'
[0.159s] Level 5:colcon.colcon_core.verb:set package 'referee_pkg' build argument 'cmake_force_configure' from command line to 'False'
[0.159s] Level 5:colcon.colcon_core.verb:set package 'referee_pkg' build argument 'ament_cmake_args' from command line to 'None'
[0.159s] Level 5:colcon.colcon_core.verb:set package 'referee_pkg' build argument 'catkin_cmake_args' from command line to 'None'
[0.159s] Level 5:colcon.colcon_core.verb:set package 'referee_pkg' build argument 'catkin_skip_building_tests' from command line to 'False'
[0.159s] DEBUG:colcon.colcon_core.verb:Building package 'referee_pkg' with the following arguments: {'ament_cmake_args': None, 'build_base': '/home/zjzl/Desktop/New_Referee/Vision_Arena_2025/build/referee_pkg', 'catkin_cmake_args': None, 'catkin_skip_building_tests': False, 'cmake_args': None, 'cmake_clean_cache': False, 'cmake_clean_first': False, 'cmake_force_configure': False, 'cmake_target': None, 'cmake_target_skip_unavailable': False, 'install_base': '/home/zjzl/Desktop/New_Referee/Vision_Arena_2025/install/referee_pkg', 'merge_install': False, 'path': '/home/zjzl/Desktop/New_Referee/Vision_Arena_2025/src/referee_pkg', 'symlink_install': False, 'test_result_base': None}
[0.159s] INFO:colcon.colcon_core.executor:Executing jobs using 'parallel' executor
[0.159s] DEBUG:colcon.colcon_parallel_executor.executor.parallel:run_until_complete
[0.160s] INFO:colcon.colcon_ros.task.ament_cmake.build:Building ROS package in '/home/zjzl/Desktop/New_Referee/Vision_Arena_2025/src/referee_pkg' with build type 'ament_cmake'
[0.160s] INFO:colcon.colcon_cmake.task.cmake.build:Building CMake package in '/home/zjzl/Desktop/New_Referee/Vision_Arena_2025/src/referee_pkg'
[0.161s] INFO:colcon.colcon_core.plugin_system:Skipping extension 'colcon_core.shell.bat': Not used on non-Windows systems
[0.161s] INFO:colcon.colcon_core.shell:Skip shell extension 'powershell' for command environment: Not usable outside of PowerShell
[0.161s] DEBUG:colcon.colcon_core.shell:Skip shell extension 'dsv' for command environment
[0.167s] DEBUG:colcon.colcon_core.event_handler.log_command:Invoking command in '/home/zjzl/Desktop/New_Referee/Vision_Arena_2025/build/referee_pkg': CMAKE_PREFIX_PATH=${CMAKE_PREFIX_PATH}:/opt/ros/humble /usr/bin/cmake --build /home/zjzl/Desktop/New_Referee/Vision_Arena_2025/build/referee_pkg -- -j32 -l32
[0.346s] DEBUG:colcon.colcon_core.event_handler.log_command:Invoked command in '/home/zjzl/Desktop/New_Referee/Vision_Arena_2025/build/referee_pkg' returned '0': CMAKE_PREFIX_PATH=${CMAKE_PREFIX_PATH}:/opt/ros/humble /usr/bin/cmake --build /home/zjzl/Desktop/New_Referee/Vision_Arena_2025/build/referee_pkg -- -j32 -l32
[0.354s] DEBUG:colcon.colcon_core.event_handler.log_command:Invoking command in '/home/zjzl/Desktop/New_Referee/Vision_Arena_2025/build/referee_pkg': CMAKE_PREFIX_PATH=${CMAKE_PREFIX_PATH}:/opt/ros/humble /usr/bin/cmake --install /home/zjzl/Desktop/New_Referee/Vision_Arena_2025/build/referee_pkg
[0.386s] Level 1:colcon.colcon_core.environment:create_environment_scripts_only(referee_pkg)
[0.388s] DEBUG:colcon.colcon_core.event_handler.log_command:Invoked command in '/home/zjzl/Desktop/New_Referee/Vision_Arena_2025/build/referee_pkg' returned '0': CMAKE_PREFIX_PATH=${CMAKE_PREFIX_PATH}:/opt/ros/humble /usr/bin/cmake --install /home/zjzl/Desktop/New_Referee/Vision_Arena_2025/build/referee_pkg
[0.389s] Level 1:colcon.colcon_core.environment:checking '/home/zjzl/Desktop/New_Referee/Vision_Arena_2025/install/referee_pkg' for CMake module files
[0.389s] Level 1:colcon.colcon_core.environment:checking '/home/zjzl/Desktop/New_Referee/Vision_Arena_2025/install/referee_pkg' for CMake config files
[0.390s] Level 1:colcon.colcon_core.shell:create_environment_hook('referee_pkg', 'cmake_prefix_path')
[0.390s] INFO:colcon.colcon_core.shell:Creating environment hook '/home/zjzl/Desktop/New_Referee/Vision_Arena_2025/install/referee_pkg/share/referee_pkg/hook/cmake_prefix_path.ps1'
[0.390s] INFO:colcon.colcon_core.shell:Creating environment descriptor '/home/zjzl/Desktop/New_Referee/Vision_Arena_2025/install/referee_pkg/share/referee_pkg/hook/cmake_prefix_path.dsv'
[0.390s] INFO:colcon.colcon_core.shell:Creating environment hook '/home/zjzl/Desktop/New_Referee/Vision_Arena_2025/install/referee_pkg/share/referee_pkg/hook/cmake_prefix_path.sh'
[0.391s] Level 1:colcon.colcon_core.environment:checking '/home/zjzl/Desktop/New_Referee/Vision_Arena_2025/install/referee_pkg/lib'
[0.391s] Level 1:colcon.colcon_core.shell:create_environment_hook('referee_pkg', 'ld_library_path_lib')
[0.391s] INFO:colcon.colcon_core.shell:Creating environment hook '/home/zjzl/Desktop/New_Referee/Vision_Arena_2025/install/referee_pkg/share/referee_pkg/hook/ld_library_path_lib.ps1'
[0.391s] INFO:colcon.colcon_core.shell:Creating environment descriptor '/home/zjzl/Desktop/New_Referee/Vision_Arena_2025/install/referee_pkg/share/referee_pkg/hook/ld_library_path_lib.dsv'
[0.391s] INFO:colcon.colcon_core.shell:Creating environment hook '/home/zjzl/Desktop/New_Referee/Vision_Arena_2025/install/referee_pkg/share/referee_pkg/hook/ld_library_path_lib.sh'
[0.391s] Level 1:colcon.colcon_core.environment:checking '/home/zjzl/Desktop/New_Referee/Vision_Arena_2025/install/referee_pkg/bin'
[0.391s] Level 1:colcon.colcon_core.environment:checking '/home/zjzl/Desktop/New_Referee/Vision_Arena_2025/install/referee_pkg/lib/pkgconfig/referee_pkg.pc'
[0.391s] Level 1:colcon.colcon_core.environment:checking '/home/zjzl/Desktop/New_Referee/Vision_Arena_2025/install/referee_pkg/lib/python3.10/site-packages'
[0.391s] Level 1:colcon.colcon_core.environment:checking '/home/zjzl/Desktop/New_Referee/Vision_Arena_2025/install/referee_pkg/bin'
[0.392s] INFO:colcon.colcon_core.shell:Creating package script '/home/zjzl/Desktop/New_Referee/Vision_Arena_2025/install/referee_pkg/share/referee_pkg/package.ps1'
[0.392s] INFO:colcon.colcon_core.shell:Creating package descriptor '/home/zjzl/Desktop/New_Referee/Vision_Arena_2025/install/referee_pkg/share/referee_pkg/package.dsv'
[0.392s] INFO:colcon.colcon_core.shell:Creating package script '/home/zjzl/Desktop/New_Referee/Vision_Arena_2025/install/referee_pkg/share/referee_pkg/package.sh'
[0.392s] INFO:colcon.colcon_core.shell:Creating package script '/home/zjzl/Desktop/New_Referee/Vision_Arena_2025/install/referee_pkg/share/referee_pkg/package.bash'
[0.393s] INFO:colcon.colcon_core.shell:Creating package script '/home/zjzl/Desktop/New_Referee/Vision_Arena_2025/install/referee_pkg/share/referee_pkg/package.zsh'
[0.393s] Level 1:colcon.colcon_core.environment:create_file_with_runtime_dependencies(/home/zjzl/Desktop/New_Referee/Vision_Arena_2025/install/referee_pkg/share/colcon-core/packages/referee_pkg)
[0.393s] Level 1:colcon.colcon_core.environment:create_environment_scripts_only(referee_pkg)
[0.393s] Level 1:colcon.colcon_core.environment:checking '/home/zjzl/Desktop/New_Referee/Vision_Arena_2025/install/referee_pkg' for CMake module files
[0.393s] Level 1:colcon.colcon_core.environment:checking '/home/zjzl/Desktop/New_Referee/Vision_Arena_2025/install/referee_pkg' for CMake config files
[0.394s] Level 1:colcon.colcon_core.shell:create_environment_hook('referee_pkg', 'cmake_prefix_path')
[0.394s] INFO:colcon.colcon_core.shell:Creating environment hook '/home/zjzl/Desktop/New_Referee/Vision_Arena_2025/install/referee_pkg/share/referee_pkg/hook/cmake_prefix_path.ps1'
[0.394s] INFO:colcon.colcon_core.shell:Creating environment descriptor '/home/zjzl/Desktop/New_Referee/Vision_Arena_2025/install/referee_pkg/share/referee_pkg/hook/cmake_prefix_path.dsv'
[0.394s] INFO:colcon.colcon_core.shell:Creating environment hook '/home/zjzl/Desktop/New_Referee/Vision_Arena_2025/install/referee_pkg/share/referee_pkg/hook/cmake_prefix_path.sh'
[0.394s] Level 1:colcon.colcon_core.environment:checking '/home/zjzl/Desktop/New_Referee/Vision_Arena_2025/install/referee_pkg/lib'
[0.394s] Level 1:colcon.colcon_core.shell:create_environment_hook('referee_pkg', 'ld_library_path_lib')
[0.394s] INFO:colcon.colcon_core.shell:Creating environment hook '/home/zjzl/Desktop/New_Referee/Vision_Arena_2025/install/referee_pkg/share/referee_pkg/hook/ld_library_path_lib.ps1'
[0.395s] INFO:colcon.colcon_core.shell:Creating environment descriptor '/home/zjzl/Desktop/New_Referee/Vision_Arena_2025/install/referee_pkg/share/referee_pkg/hook/ld_library_path_lib.dsv'
[0.395s] INFO:colcon.colcon_core.shell:Creating environment hook '/home/zjzl/Desktop/New_Referee/Vision_Arena_2025/install/referee_pkg/share/referee_pkg/hook/ld_library_path_lib.sh'
[0.395s] Level 1:colcon.colcon_core.environment:checking '/home/zjzl/Desktop/New_Referee/Vision_Arena_2025/install/referee_pkg/bin'
[0.395s] Level 1:colcon.colcon_core.environment:checking '/home/zjzl/Desktop/New_Referee/Vision_Arena_2025/install/referee_pkg/lib/pkgconfig/referee_pkg.pc'
[0.395s] Level 1:colcon.colcon_core.environment:checking '/home/zjzl/Desktop/New_Referee/Vision_Arena_2025/install/referee_pkg/lib/python3.10/site-packages'
[0.395s] Level 1:colcon.colcon_core.environment:checking '/home/zjzl/Desktop/New_Referee/Vision_Arena_2025/install/referee_pkg/bin'
[0.395s] INFO:colcon.colcon_core.shell:Creating package script '/home/zjzl/Desktop/New_Referee/Vision_Arena_2025/install/referee_pkg/share/referee_pkg/package.ps1'
[0.396s] INFO:colcon.colcon_core.shell:Creating package descriptor '/home/zjzl/Desktop/New_Referee/Vision_Arena_2025/install/referee_pkg/share/referee_pkg/package.dsv'
[0.396s] INFO:colcon.colcon_core.shell:Creating package script '/home/zjzl/Desktop/New_Referee/Vision_Arena_2025/install/referee_pkg/share/referee_pkg/package.sh'
[0.396s] INFO:colcon.colcon_core.shell:Creating package script '/home/zjzl/Desktop/New_Referee/Vision_Arena_2025/install/referee_pkg/share/referee_pkg/package.bash'
[0.396s] INFO:colcon.colcon_core.shell:Creating package script '/home/zjzl/Desktop/New_Referee/Vision_Arena_2025/install/referee_pkg/share/referee_pkg/package.zsh'
[0.396s] Level 1:colcon.colcon_core.environment:create_file_with_runtime_dependencies(/home/zjzl/Desktop/New_Referee/Vision_Arena_2025/install/referee_pkg/share/colcon-core/packages/referee_pkg)
[0.396s] DEBUG:colcon.colcon_parallel_executor.executor.parallel:closing loop
[0.396s] DEBUG:colcon.colcon_parallel_executor.executor.parallel:loop closed
[0.396s] DEBUG:colcon.colcon_parallel_executor.executor.parallel:run_until_complete finished with '0'
[0.396s] DEBUG:colcon.colcon_core.event_reactor:joining thread
[0.399s] INFO:colcon.colcon_core.plugin_system:Skipping extension 'colcon_notification.desktop_notification.terminal_notifier': Not used on non-Darwin systems
[0.399s] INFO:colcon.colcon_core.plugin_system:Skipping extension 'colcon_notification.desktop_notification.win32': Not used on non-Windows systems
[0.399s] INFO:colcon.colcon_notification.desktop_notification:Sending desktop notification using 'notify2'
[0.405s] DEBUG:colcon.colcon_core.event_reactor:joined thread
[0.405s] INFO:colcon.colcon_core.shell:Creating prefix script '/home/zjzl/Desktop/New_Referee/Vision_Arena_2025/install/local_setup.ps1'
[0.406s] INFO:colcon.colcon_core.shell:Creating prefix util module '/home/zjzl/Desktop/New_Referee/Vision_Arena_2025/install/_local_setup_util_ps1.py'
[0.406s] INFO:colcon.colcon_core.shell:Creating prefix chain script '/home/zjzl/Desktop/New_Referee/Vision_Arena_2025/install/setup.ps1'
[0.407s] INFO:colcon.colcon_core.shell:Creating prefix script '/home/zjzl/Desktop/New_Referee/Vision_Arena_2025/install/local_setup.sh'
[0.407s] INFO:colcon.colcon_core.shell:Creating prefix util module '/home/zjzl/Desktop/New_Referee/Vision_Arena_2025/install/_local_setup_util_sh.py'
[0.407s] INFO:colcon.colcon_core.shell:Creating prefix chain script '/home/zjzl/Desktop/New_Referee/Vision_Arena_2025/install/setup.sh'
[0.408s] INFO:colcon.colcon_core.shell:Creating prefix script '/home/zjzl/Desktop/New_Referee/Vision_Arena_2025/install/local_setup.bash'
[0.408s] INFO:colcon.colcon_core.shell:Creating prefix chain script '/home/zjzl/Desktop/New_Referee/Vision_Arena_2025/install/setup.bash'
[0.408s] INFO:colcon.colcon_core.shell:Creating prefix script '/home/zjzl/Desktop/New_Referee/Vision_Arena_2025/install/local_setup.zsh'
[0.409s] INFO:colcon.colcon_core.shell:Creating prefix chain script '/home/zjzl/Desktop/New_Referee/Vision_Arena_2025/install/setup.zsh'
