[35m[1mConsolidate compiler generated dependencies of target target_model_pkg_lib[0m
[100%] Built target target_model_pkg_lib
-- Install configuration: ""
-- Up-to-date: /home/zjzl/Desktop/New_Referee/Vision_Arena_2025/install/target_model_pkg/lib/libtarget_model_pkg_lib.so
-- Up-to-date: /home/zjzl/Desktop/New_Referee/Vision_Arena_2025/install/target_model_pkg/include/
-- Up-to-date: /home/zjzl/Desktop/New_Referee/Vision_Arena_2025/install/target_model_pkg/include//target_model_pkg
-- Up-to-date: /home/zjzl/Desktop/New_Referee/Vision_Arena_2025/install/target_model_pkg/include//target_model_pkg/target_action.hpp
-- Up-to-date: /home/zjzl/Desktop/New_Referee/Vision_Arena_2025/install/target_model_pkg/share/target_model_pkg/launch
-- Up-to-date: /home/zjzl/Desktop/New_Referee/Vision_Arena_2025/install/target_model_pkg/share/target_model_pkg/launch/target_action.launch.py
-- Up-to-date: /home/zjzl/Desktop/New_Referee/Vision_Arena_2025/install/target_model_pkg/share/target_model_pkg/urdf
-- Up-to-date: /home/zjzl/Desktop/New_Referee/Vision_Arena_2025/install/target_model_pkg/share/target_model_pkg/urdf/armor
-- Up-to-date: /home/zjzl/Desktop/New_Referee/Vision_Arena_2025/install/target_model_pkg/share/target_model_pkg/urdf/armor/armor_1.sdf
-- Up-to-date: /home/zjzl/Desktop/New_Referee/Vision_Arena_2025/install/target_model_pkg/share/target_model_pkg/urdf/armor/armor_3.sdf
-- Up-to-date: /home/zjzl/Desktop/New_Referee/Vision_Arena_2025/install/target_model_pkg/share/target_model_pkg/urdf/armor/armor_2.config
-- Up-to-date: /home/zjzl/Desktop/New_Referee/Vision_Arena_2025/install/target_model_pkg/share/target_model_pkg/urdf/armor/armor_3.config
-- Up-to-date: /home/zjzl/Desktop/New_Referee/Vision_Arena_2025/install/target_model_pkg/share/target_model_pkg/urdf/armor/armor_5.config
-- Up-to-date: /home/zjzl/Desktop/New_Referee/Vision_Arena_2025/install/target_model_pkg/share/target_model_pkg/urdf/armor/armor_4.config
-- Up-to-date: /home/zjzl/Desktop/New_Referee/Vision_Arena_2025/install/target_model_pkg/share/target_model_pkg/urdf/armor/textures
-- Up-to-date: /home/zjzl/Desktop/New_Referee/Vision_Arena_2025/install/target_model_pkg/share/target_model_pkg/urdf/armor/textures/small_num3.png
-- Up-to-date: /home/zjzl/Desktop/New_Referee/Vision_Arena_2025/install/target_model_pkg/share/target_model_pkg/urdf/armor/textures/small_num2.material
-- Up-to-date: /home/zjzl/Desktop/New_Referee/Vision_Arena_2025/install/target_model_pkg/share/target_model_pkg/urdf/armor/textures/small_num1.material
-- Up-to-date: /home/zjzl/Desktop/New_Referee/Vision_Arena_2025/install/target_model_pkg/share/target_model_pkg/urdf/armor/textures/small_num5.material
-- Up-to-date: /home/zjzl/Desktop/New_Referee/Vision_Arena_2025/install/target_model_pkg/share/target_model_pkg/urdf/armor/textures/small_num5.png
-- Up-to-date: /home/zjzl/Desktop/New_Referee/Vision_Arena_2025/install/target_model_pkg/share/target_model_pkg/urdf/armor/textures/small_num4.png
-- Up-to-date: /home/zjzl/Desktop/New_Referee/Vision_Arena_2025/install/target_model_pkg/share/target_model_pkg/urdf/armor/textures/small_num4.material
-- Up-to-date: /home/zjzl/Desktop/New_Referee/Vision_Arena_2025/install/target_model_pkg/share/target_model_pkg/urdf/armor/textures/small_num2.png
-- Up-to-date: /home/zjzl/Desktop/New_Referee/Vision_Arena_2025/install/target_model_pkg/share/target_model_pkg/urdf/armor/textures/small_num3.material
-- Up-to-date: /home/zjzl/Desktop/New_Referee/Vision_Arena_2025/install/target_model_pkg/share/target_model_pkg/urdf/armor/textures/small_num1.png
-- Up-to-date: /home/zjzl/Desktop/New_Referee/Vision_Arena_2025/install/target_model_pkg/share/target_model_pkg/urdf/armor/armor_4.sdf
-- Up-to-date: /home/zjzl/Desktop/New_Referee/Vision_Arena_2025/install/target_model_pkg/share/target_model_pkg/urdf/armor/meshes
-- Up-to-date: /home/zjzl/Desktop/New_Referee/Vision_Arena_2025/install/target_model_pkg/share/target_model_pkg/urdf/armor/meshes/armor_support_frame.stl
-- Up-to-date: /home/zjzl/Desktop/New_Referee/Vision_Arena_2025/install/target_model_pkg/share/target_model_pkg/urdf/armor/meshes/large_armor_screw.stl
-- Up-to-date: /home/zjzl/Desktop/New_Referee/Vision_Arena_2025/install/target_model_pkg/share/target_model_pkg/urdf/armor/meshes/small_armor_target.dae
-- Up-to-date: /home/zjzl/Desktop/New_Referee/Vision_Arena_2025/install/target_model_pkg/share/target_model_pkg/urdf/armor/meshes/large_armor_target.stl
-- Up-to-date: /home/zjzl/Desktop/New_Referee/Vision_Arena_2025/install/target_model_pkg/share/target_model_pkg/urdf/armor/meshes/small_armor_light_bar.dae
-- Up-to-date: /home/zjzl/Desktop/New_Referee/Vision_Arena_2025/install/target_model_pkg/share/target_model_pkg/urdf/armor/meshes/large_armor.stl
-- Up-to-date: /home/zjzl/Desktop/New_Referee/Vision_Arena_2025/install/target_model_pkg/share/target_model_pkg/urdf/armor/meshes/large_armor_light_bar.stl
-- Up-to-date: /home/zjzl/Desktop/New_Referee/Vision_Arena_2025/install/target_model_pkg/share/target_model_pkg/urdf/armor/meshes/small_armor.dae
-- Up-to-date: /home/zjzl/Desktop/New_Referee/Vision_Arena_2025/install/target_model_pkg/share/target_model_pkg/urdf/armor/armor_2.sdf
-- Up-to-date: /home/zjzl/Desktop/New_Referee/Vision_Arena_2025/install/target_model_pkg/share/target_model_pkg/urdf/armor/armor_5.sdf
-- Up-to-date: /home/zjzl/Desktop/New_Referee/Vision_Arena_2025/install/target_model_pkg/share/target_model_pkg/urdf/armor/armor_1.config
-- Up-to-date: /home/zjzl/Desktop/New_Referee/Vision_Arena_2025/install/target_model_pkg/share/target_model_pkg/urdf/rectangle
-- Up-to-date: /home/zjzl/Desktop/New_Referee/Vision_Arena_2025/install/target_model_pkg/share/target_model_pkg/urdf/rectangle/rectangle.config
-- Up-to-date: /home/zjzl/Desktop/New_Referee/Vision_Arena_2025/install/target_model_pkg/share/target_model_pkg/urdf/rectangle/rectangle.sdf
-- Up-to-date: /home/zjzl/Desktop/New_Referee/Vision_Arena_2025/install/target_model_pkg/share/target_model_pkg/urdf/sphere
-- Up-to-date: /home/zjzl/Desktop/New_Referee/Vision_Arena_2025/install/target_model_pkg/share/target_model_pkg/urdf/sphere/sphere.config
-- Up-to-date: /home/zjzl/Desktop/New_Referee/Vision_Arena_2025/install/target_model_pkg/share/target_model_pkg/urdf/sphere/sphere.sdf
-- Up-to-date: /home/zjzl/Desktop/New_Referee/Vision_Arena_2025/install/target_model_pkg/share/ament_index/resource_index/package_run_dependencies/target_model_pkg
-- Up-to-date: /home/zjzl/Desktop/New_Referee/Vision_Arena_2025/install/target_model_pkg/share/ament_index/resource_index/parent_prefix_path/target_model_pkg
-- Up-to-date: /home/zjzl/Desktop/New_Referee/Vision_Arena_2025/install/target_model_pkg/share/target_model_pkg/environment/ament_prefix_path.sh
-- Up-to-date: /home/zjzl/Desktop/New_Referee/Vision_Arena_2025/install/target_model_pkg/share/target_model_pkg/environment/ament_prefix_path.dsv
-- Up-to-date: /home/zjzl/Desktop/New_Referee/Vision_Arena_2025/install/target_model_pkg/share/target_model_pkg/environment/path.sh
-- Up-to-date: /home/zjzl/Desktop/New_Referee/Vision_Arena_2025/install/target_model_pkg/share/target_model_pkg/environment/path.dsv
-- Up-to-date: /home/zjzl/Desktop/New_Referee/Vision_Arena_2025/install/target_model_pkg/share/target_model_pkg/local_setup.bash
-- Up-to-date: /home/zjzl/Desktop/New_Referee/Vision_Arena_2025/install/target_model_pkg/share/target_model_pkg/local_setup.sh
-- Up-to-date: /home/zjzl/Desktop/New_Referee/Vision_Arena_2025/install/target_model_pkg/share/target_model_pkg/local_setup.zsh
-- Up-to-date: /home/zjzl/Desktop/New_Referee/Vision_Arena_2025/install/target_model_pkg/share/target_model_pkg/local_setup.dsv
-- Installing: /home/zjzl/Desktop/New_Referee/Vision_Arena_2025/install/target_model_pkg/share/target_model_pkg/package.dsv
-- Up-to-date: /home/zjzl/Desktop/New_Referee/Vision_Arena_2025/install/target_model_pkg/share/ament_index/resource_index/packages/target_model_pkg
-- Up-to-date: /home/zjzl/Desktop/New_Referee/Vision_Arena_2025/install/target_model_pkg/share/target_model_pkg/cmake/target_model_pkgConfig.cmake
-- Up-to-date: /home/zjzl/Desktop/New_Referee/Vision_Arena_2025/install/target_model_pkg/share/target_model_pkg/cmake/target_model_pkgConfig-version.cmake
-- Up-to-date: /home/zjzl/Desktop/New_Referee/Vision_Arena_2025/install/target_model_pkg/share/target_model_pkg/package.xml
