[0.008s] Invoking command in '/home/zjzl/Desktop/New_Referee/Vision_Arena_2025/build/target_model_pkg': CMAKE_PREFIX_PATH=/home/zjzl/Desktop/New_Referee/Vision_Arena_2025/install/pose_msg:/home/zjzl/Desktop/New_Referee/Vision_Arena_2025/install/target_model_pkg:/home/zjzl/Desktop/New_Referee/Vision_Arena_2025/install/player_pkg:/home/zjzl/Desktop/New_Referee/Vision_Arena_2025/install/referee_pkg:/home/zjzl/Desktop/New_Referee/Vision_Arena_2025/install/camera:/home/zjzl/Desktop/New_Referee/Vision_Arena_2025/install/camera_sim_pkg:/opt/ros/humble LD_LIBRARY_PATH=/home/zjzl/Desktop/New_Referee/Vision_Arena_2025/install/pose_msg/lib:/home/zjzl/Desktop/New_Referee/Vision_Arena_2025/install/target_model_pkg/lib:/home/zjzl/Desktop/New_Referee/Vision_Arena_2025/install/referee_pkg/lib:/home/zjzl/Desktop/New_Referee/Vision_Arena_2025/install/camera/lib:/opt/intel/openvino_2023.0.2/runtime/lib/intel64:/usr/local/cuda-12.4/lib64:/usr/lib/x86_64-linux-gnu/gazebo-11/plugins:/opt/ros/humble/opt/rviz_ogre_vendor/lib:/opt/ros/humble/lib/x86_64-linux-gnu:/opt/ros/humble/lib:/opt/intel/openvino_2023.0.2/runtime/lib/intel64:/usr/local/cuda-12.4/lib64 /usr/bin/cmake --build /home/zjzl/Desktop/New_Referee/Vision_Arena_2025/build/target_model_pkg -- -j32 -l32
[0.036s] [35m[1mConsolidate compiler generated dependencies of target target_model_pkg_lib[0m
[0.054s] [100%] Built target target_model_pkg_lib
[0.062s] Invoked command in '/home/zjzl/Desktop/New_Referee/Vision_Arena_2025/build/target_model_pkg' returned '0': CMAKE_PREFIX_PATH=/home/zjzl/Desktop/New_Referee/Vision_Arena_2025/install/pose_msg:/home/zjzl/Desktop/New_Referee/Vision_Arena_2025/install/target_model_pkg:/home/zjzl/Desktop/New_Referee/Vision_Arena_2025/install/player_pkg:/home/zjzl/Desktop/New_Referee/Vision_Arena_2025/install/referee_pkg:/home/zjzl/Desktop/New_Referee/Vision_Arena_2025/install/camera:/home/zjzl/Desktop/New_Referee/Vision_Arena_2025/install/camera_sim_pkg:/opt/ros/humble LD_LIBRARY_PATH=/home/zjzl/Desktop/New_Referee/Vision_Arena_2025/install/pose_msg/lib:/home/zjzl/Desktop/New_Referee/Vision_Arena_2025/install/target_model_pkg/lib:/home/zjzl/Desktop/New_Referee/Vision_Arena_2025/install/referee_pkg/lib:/home/zjzl/Desktop/New_Referee/Vision_Arena_2025/install/camera/lib:/opt/intel/openvino_2023.0.2/runtime/lib/intel64:/usr/local/cuda-12.4/lib64:/usr/lib/x86_64-linux-gnu/gazebo-11/plugins:/opt/ros/humble/opt/rviz_ogre_vendor/lib:/opt/ros/humble/lib/x86_64-linux-gnu:/opt/ros/humble/lib:/opt/intel/openvino_2023.0.2/runtime/lib/intel64:/usr/local/cuda-12.4/lib64 /usr/bin/cmake --build /home/zjzl/Desktop/New_Referee/Vision_Arena_2025/build/target_model_pkg -- -j32 -l32
[0.063s] Invoking command in '/home/zjzl/Desktop/New_Referee/Vision_Arena_2025/build/target_model_pkg': CMAKE_PREFIX_PATH=/home/zjzl/Desktop/New_Referee/Vision_Arena_2025/install/pose_msg:/home/zjzl/Desktop/New_Referee/Vision_Arena_2025/install/target_model_pkg:/home/zjzl/Desktop/New_Referee/Vision_Arena_2025/install/player_pkg:/home/zjzl/Desktop/New_Referee/Vision_Arena_2025/install/referee_pkg:/home/zjzl/Desktop/New_Referee/Vision_Arena_2025/install/camera:/home/zjzl/Desktop/New_Referee/Vision_Arena_2025/install/camera_sim_pkg:/opt/ros/humble LD_LIBRARY_PATH=/home/zjzl/Desktop/New_Referee/Vision_Arena_2025/install/pose_msg/lib:/home/zjzl/Desktop/New_Referee/Vision_Arena_2025/install/target_model_pkg/lib:/home/zjzl/Desktop/New_Referee/Vision_Arena_2025/install/referee_pkg/lib:/home/zjzl/Desktop/New_Referee/Vision_Arena_2025/install/camera/lib:/opt/intel/openvino_2023.0.2/runtime/lib/intel64:/usr/local/cuda-12.4/lib64:/usr/lib/x86_64-linux-gnu/gazebo-11/plugins:/opt/ros/humble/opt/rviz_ogre_vendor/lib:/opt/ros/humble/lib/x86_64-linux-gnu:/opt/ros/humble/lib:/opt/intel/openvino_2023.0.2/runtime/lib/intel64:/usr/local/cuda-12.4/lib64 /usr/bin/cmake --install /home/zjzl/Desktop/New_Referee/Vision_Arena_2025/build/target_model_pkg
[0.069s] -- Install configuration: ""
[0.069s] -- Up-to-date: /home/zjzl/Desktop/New_Referee/Vision_Arena_2025/install/target_model_pkg/lib/libtarget_model_pkg_lib.so
[0.069s] -- Up-to-date: /home/zjzl/Desktop/New_Referee/Vision_Arena_2025/install/target_model_pkg/include/
[0.069s] -- Up-to-date: /home/zjzl/Desktop/New_Referee/Vision_Arena_2025/install/target_model_pkg/include//target_model_pkg
[0.069s] -- Up-to-date: /home/zjzl/Desktop/New_Referee/Vision_Arena_2025/install/target_model_pkg/include//target_model_pkg/target_action.hpp
[0.069s] -- Up-to-date: /home/zjzl/Desktop/New_Referee/Vision_Arena_2025/install/target_model_pkg/share/target_model_pkg/launch
[0.069s] -- Up-to-date: /home/zjzl/Desktop/New_Referee/Vision_Arena_2025/install/target_model_pkg/share/target_model_pkg/launch/target_action.launch.py
[0.070s] -- Up-to-date: /home/zjzl/Desktop/New_Referee/Vision_Arena_2025/install/target_model_pkg/share/target_model_pkg/urdf
[0.070s] -- Up-to-date: /home/zjzl/Desktop/New_Referee/Vision_Arena_2025/install/target_model_pkg/share/target_model_pkg/urdf/armor
[0.070s] -- Up-to-date: /home/zjzl/Desktop/New_Referee/Vision_Arena_2025/install/target_model_pkg/share/target_model_pkg/urdf/armor/armor_1.sdf
[0.070s] -- Up-to-date: /home/zjzl/Desktop/New_Referee/Vision_Arena_2025/install/target_model_pkg/share/target_model_pkg/urdf/armor/armor_3.sdf
[0.070s] -- Up-to-date: /home/zjzl/Desktop/New_Referee/Vision_Arena_2025/install/target_model_pkg/share/target_model_pkg/urdf/armor/armor_2.config
[0.070s] -- Up-to-date: /home/zjzl/Desktop/New_Referee/Vision_Arena_2025/install/target_model_pkg/share/target_model_pkg/urdf/armor/armor_3.config
[0.070s] -- Up-to-date: /home/zjzl/Desktop/New_Referee/Vision_Arena_2025/install/target_model_pkg/share/target_model_pkg/urdf/armor/armor_5.config
[0.070s] -- Up-to-date: /home/zjzl/Desktop/New_Referee/Vision_Arena_2025/install/target_model_pkg/share/target_model_pkg/urdf/armor/armor_4.config
[0.070s] -- Up-to-date: /home/zjzl/Desktop/New_Referee/Vision_Arena_2025/install/target_model_pkg/share/target_model_pkg/urdf/armor/textures
[0.070s] -- Up-to-date: /home/zjzl/Desktop/New_Referee/Vision_Arena_2025/install/target_model_pkg/share/target_model_pkg/urdf/armor/textures/small_num3.png
[0.070s] -- Up-to-date: /home/zjzl/Desktop/New_Referee/Vision_Arena_2025/install/target_model_pkg/share/target_model_pkg/urdf/armor/textures/small_num2.material
[0.070s] -- Up-to-date: /home/zjzl/Desktop/New_Referee/Vision_Arena_2025/install/target_model_pkg/share/target_model_pkg/urdf/armor/textures/small_num1.material
[0.070s] -- Up-to-date: /home/zjzl/Desktop/New_Referee/Vision_Arena_2025/install/target_model_pkg/share/target_model_pkg/urdf/armor/textures/small_num5.material
[0.071s] -- Up-to-date: /home/zjzl/Desktop/New_Referee/Vision_Arena_2025/install/target_model_pkg/share/target_model_pkg/urdf/armor/textures/small_num5.png
[0.071s] -- Up-to-date: /home/zjzl/Desktop/New_Referee/Vision_Arena_2025/install/target_model_pkg/share/target_model_pkg/urdf/armor/textures/small_num4.png
[0.071s] -- Up-to-date: /home/zjzl/Desktop/New_Referee/Vision_Arena_2025/install/target_model_pkg/share/target_model_pkg/urdf/armor/textures/small_num4.material
[0.071s] -- Up-to-date: /home/zjzl/Desktop/New_Referee/Vision_Arena_2025/install/target_model_pkg/share/target_model_pkg/urdf/armor/textures/small_num2.png
[0.071s] -- Up-to-date: /home/zjzl/Desktop/New_Referee/Vision_Arena_2025/install/target_model_pkg/share/target_model_pkg/urdf/armor/textures/small_num3.material
[0.071s] -- Up-to-date: /home/zjzl/Desktop/New_Referee/Vision_Arena_2025/install/target_model_pkg/share/target_model_pkg/urdf/armor/textures/small_num1.png
[0.071s] -- Up-to-date: /home/zjzl/Desktop/New_Referee/Vision_Arena_2025/install/target_model_pkg/share/target_model_pkg/urdf/armor/armor_4.sdf
[0.071s] -- Up-to-date: /home/zjzl/Desktop/New_Referee/Vision_Arena_2025/install/target_model_pkg/share/target_model_pkg/urdf/armor/meshes
[0.071s] -- Up-to-date: /home/zjzl/Desktop/New_Referee/Vision_Arena_2025/install/target_model_pkg/share/target_model_pkg/urdf/armor/meshes/armor_support_frame.stl
[0.071s] -- Up-to-date: /home/zjzl/Desktop/New_Referee/Vision_Arena_2025/install/target_model_pkg/share/target_model_pkg/urdf/armor/meshes/large_armor_screw.stl
[0.071s] -- Up-to-date: /home/zjzl/Desktop/New_Referee/Vision_Arena_2025/install/target_model_pkg/share/target_model_pkg/urdf/armor/meshes/small_armor_target.dae
[0.071s] -- Up-to-date: /home/zjzl/Desktop/New_Referee/Vision_Arena_2025/install/target_model_pkg/share/target_model_pkg/urdf/armor/meshes/large_armor_target.stl
[0.071s] -- Up-to-date: /home/zjzl/Desktop/New_Referee/Vision_Arena_2025/install/target_model_pkg/share/target_model_pkg/urdf/armor/meshes/small_armor_light_bar.dae
[0.071s] -- Up-to-date: /home/zjzl/Desktop/New_Referee/Vision_Arena_2025/install/target_model_pkg/share/target_model_pkg/urdf/armor/meshes/large_armor.stl
[0.071s] -- Up-to-date: /home/zjzl/Desktop/New_Referee/Vision_Arena_2025/install/target_model_pkg/share/target_model_pkg/urdf/armor/meshes/large_armor_light_bar.stl
[0.071s] -- Up-to-date: /home/zjzl/Desktop/New_Referee/Vision_Arena_2025/install/target_model_pkg/share/target_model_pkg/urdf/armor/meshes/small_armor.dae
[0.071s] -- Up-to-date: /home/zjzl/Desktop/New_Referee/Vision_Arena_2025/install/target_model_pkg/share/target_model_pkg/urdf/armor/armor_2.sdf
[0.072s] -- Up-to-date: /home/zjzl/Desktop/New_Referee/Vision_Arena_2025/install/target_model_pkg/share/target_model_pkg/urdf/armor/armor_5.sdf
[0.072s] -- Up-to-date: /home/zjzl/Desktop/New_Referee/Vision_Arena_2025/install/target_model_pkg/share/target_model_pkg/urdf/armor/armor_1.config
[0.072s] -- Up-to-date: /home/zjzl/Desktop/New_Referee/Vision_Arena_2025/install/target_model_pkg/share/target_model_pkg/urdf/rectangle
[0.072s] -- Up-to-date: /home/zjzl/Desktop/New_Referee/Vision_Arena_2025/install/target_model_pkg/share/target_model_pkg/urdf/rectangle/rectangle.config
[0.072s] -- Up-to-date: /home/zjzl/Desktop/New_Referee/Vision_Arena_2025/install/target_model_pkg/share/target_model_pkg/urdf/rectangle/rectangle.sdf
[0.072s] -- Up-to-date: /home/zjzl/Desktop/New_Referee/Vision_Arena_2025/install/target_model_pkg/share/target_model_pkg/urdf/sphere
[0.072s] -- Up-to-date: /home/zjzl/Desktop/New_Referee/Vision_Arena_2025/install/target_model_pkg/share/target_model_pkg/urdf/sphere/sphere.config
[0.072s] -- Up-to-date: /home/zjzl/Desktop/New_Referee/Vision_Arena_2025/install/target_model_pkg/share/target_model_pkg/urdf/sphere/sphere.sdf
[0.072s] -- Up-to-date: /home/zjzl/Desktop/New_Referee/Vision_Arena_2025/install/target_model_pkg/share/ament_index/resource_index/package_run_dependencies/target_model_pkg
[0.072s] -- Up-to-date: /home/zjzl/Desktop/New_Referee/Vision_Arena_2025/install/target_model_pkg/share/ament_index/resource_index/parent_prefix_path/target_model_pkg
[0.072s] -- Up-to-date: /home/zjzl/Desktop/New_Referee/Vision_Arena_2025/install/target_model_pkg/share/target_model_pkg/environment/ament_prefix_path.sh
[0.072s] -- Up-to-date: /home/zjzl/Desktop/New_Referee/Vision_Arena_2025/install/target_model_pkg/share/target_model_pkg/environment/ament_prefix_path.dsv
[0.072s] -- Up-to-date: /home/zjzl/Desktop/New_Referee/Vision_Arena_2025/install/target_model_pkg/share/target_model_pkg/environment/path.sh
[0.072s] -- Up-to-date: /home/zjzl/Desktop/New_Referee/Vision_Arena_2025/install/target_model_pkg/share/target_model_pkg/environment/path.dsv
[0.072s] -- Up-to-date: /home/zjzl/Desktop/New_Referee/Vision_Arena_2025/install/target_model_pkg/share/target_model_pkg/local_setup.bash
[0.073s] -- Up-to-date: /home/zjzl/Desktop/New_Referee/Vision_Arena_2025/install/target_model_pkg/share/target_model_pkg/local_setup.sh
[0.073s] -- Up-to-date: /home/zjzl/Desktop/New_Referee/Vision_Arena_2025/install/target_model_pkg/share/target_model_pkg/local_setup.zsh
[0.073s] -- Up-to-date: /home/zjzl/Desktop/New_Referee/Vision_Arena_2025/install/target_model_pkg/share/target_model_pkg/local_setup.dsv
[0.073s] -- Installing: /home/zjzl/Desktop/New_Referee/Vision_Arena_2025/install/target_model_pkg/share/target_model_pkg/package.dsv
[0.073s] -- Up-to-date: /home/zjzl/Desktop/New_Referee/Vision_Arena_2025/install/target_model_pkg/share/ament_index/resource_index/packages/target_model_pkg
[0.073s] -- Up-to-date: /home/zjzl/Desktop/New_Referee/Vision_Arena_2025/install/target_model_pkg/share/target_model_pkg/cmake/target_model_pkgConfig.cmake
[0.073s] -- Up-to-date: /home/zjzl/Desktop/New_Referee/Vision_Arena_2025/install/target_model_pkg/share/target_model_pkg/cmake/target_model_pkgConfig-version.cmake
[0.073s] -- Up-to-date: /home/zjzl/Desktop/New_Referee/Vision_Arena_2025/install/target_model_pkg/share/target_model_pkg/package.xml
[0.074s] Invoked command in '/home/zjzl/Desktop/New_Referee/Vision_Arena_2025/build/target_model_pkg' returned '0': CMAKE_PREFIX_PATH=/home/zjzl/Desktop/New_Referee/Vision_Arena_2025/install/pose_msg:/home/zjzl/Desktop/New_Referee/Vision_Arena_2025/install/target_model_pkg:/home/zjzl/Desktop/New_Referee/Vision_Arena_2025/install/player_pkg:/home/zjzl/Desktop/New_Referee/Vision_Arena_2025/install/referee_pkg:/home/zjzl/Desktop/New_Referee/Vision_Arena_2025/install/camera:/home/zjzl/Desktop/New_Referee/Vision_Arena_2025/install/camera_sim_pkg:/opt/ros/humble LD_LIBRARY_PATH=/home/zjzl/Desktop/New_Referee/Vision_Arena_2025/install/pose_msg/lib:/home/zjzl/Desktop/New_Referee/Vision_Arena_2025/install/target_model_pkg/lib:/home/zjzl/Desktop/New_Referee/Vision_Arena_2025/install/referee_pkg/lib:/home/zjzl/Desktop/New_Referee/Vision_Arena_2025/install/camera/lib:/opt/intel/openvino_2023.0.2/runtime/lib/intel64:/usr/local/cuda-12.4/lib64:/usr/lib/x86_64-linux-gnu/gazebo-11/plugins:/opt/ros/humble/opt/rviz_ogre_vendor/lib:/opt/ros/humble/lib/x86_64-linux-gnu:/opt/ros/humble/lib:/opt/intel/openvino_2023.0.2/runtime/lib/intel64:/usr/local/cuda-12.4/lib64 /usr/bin/cmake --install /home/zjzl/Desktop/New_Referee/Vision_Arena_2025/build/target_model_pkg
