[0.011s] Invoking command in '/home/zjzl/Desktop/New_Referee/Vision_Arena_2025/build/camera_sim_pkg': CMAKE_PREFIX_PATH=${CMAKE_PREFIX_PATH}:/opt/ros/humble /usr/bin/cmake /home/zjzl/Desktop/New_Referee/Vision_Arena_2025/src/camera_sim_pkg -DCMAKE_INSTALL_PREFIX=/home/zjzl/Desktop/New_Referee/Vision_Arena_2025/install/camera_sim_pkg
[0.076s] -- The C compiler identification is GNU 11.4.0
[0.124s] -- The CXX compiler identification is GNU 11.4.0
[0.131s] -- Detecting C compiler ABI info
[0.182s] -- Detecting C compiler ABI info - done
[0.186s] -- Check for working C compiler: /usr/bin/cc - skipped
[0.187s] -- Detecting C compile features
[0.187s] -- Detecting C compile features - done
[0.189s] -- Detecting CXX compiler ABI info
[0.242s] -- Detecting CXX compiler ABI info - done
[0.247s] -- Check for working CXX compiler: /usr/bin/c++ - skipped
[0.247s] -- Detecting CXX compile features
[0.247s] -- Detecting CXX compile features - done
[0.248s] -- Found ament_cmake: 1.3.12 (/opt/ros/humble/share/ament_cmake/cmake)
[0.345s] -- Found Python3: /usr/bin/python3 (found version "3.10.12") found components: Interpreter 
[0.394s] -- Found ament_lint_auto: 0.12.14 (/opt/ros/humble/share/ament_lint_auto/cmake)
[0.443s] -- Added test 'flake8' to check Python code syntax and style conventions
[0.443s] -- Added test 'lint_cmake' to check CMake code style
[0.443s] -- Added test 'pep257' to check Python code against some of the docstring style conventions in PEP 257
[0.444s] -- Added test 'xmllint' to check XML markup files
[0.445s] -- Configuring done
[0.446s] -- Generating done
[0.447s] -- Build files have been written to: /home/zjzl/Desktop/New_Referee/Vision_Arena_2025/build/camera_sim_pkg
[0.449s] Invoked command in '/home/zjzl/Desktop/New_Referee/Vision_Arena_2025/build/camera_sim_pkg' returned '0': CMAKE_PREFIX_PATH=${CMAKE_PREFIX_PATH}:/opt/ros/humble /usr/bin/cmake /home/zjzl/Desktop/New_Referee/Vision_Arena_2025/src/camera_sim_pkg -DCMAKE_INSTALL_PREFIX=/home/zjzl/Desktop/New_Referee/Vision_Arena_2025/install/camera_sim_pkg
[0.450s] Invoking command in '/home/zjzl/Desktop/New_Referee/Vision_Arena_2025/build/camera_sim_pkg': CMAKE_PREFIX_PATH=${CMAKE_PREFIX_PATH}:/opt/ros/humble /usr/bin/cmake --build /home/zjzl/Desktop/New_Referee/Vision_Arena_2025/build/camera_sim_pkg -- -j32 -l32
[0.474s] Invoked command in '/home/zjzl/Desktop/New_Referee/Vision_Arena_2025/build/camera_sim_pkg' returned '0': CMAKE_PREFIX_PATH=${CMAKE_PREFIX_PATH}:/opt/ros/humble /usr/bin/cmake --build /home/zjzl/Desktop/New_Referee/Vision_Arena_2025/build/camera_sim_pkg -- -j32 -l32
[0.480s] Invoking command in '/home/zjzl/Desktop/New_Referee/Vision_Arena_2025/build/camera_sim_pkg': CMAKE_PREFIX_PATH=${CMAKE_PREFIX_PATH}:/opt/ros/humble /usr/bin/cmake --install /home/zjzl/Desktop/New_Referee/Vision_Arena_2025/build/camera_sim_pkg
[0.485s] -- Install configuration: ""
[0.485s] -- Installing: /home/zjzl/Desktop/New_Referee/Vision_Arena_2025/install/camera_sim_pkg/share/camera_sim_pkg//launch
[0.485s] -- Installing: /home/zjzl/Desktop/New_Referee/Vision_Arena_2025/install/camera_sim_pkg/share/camera_sim_pkg//launch/camera.launch.py
[0.485s] -- Installing: /home/zjzl/Desktop/New_Referee/Vision_Arena_2025/install/camera_sim_pkg/share/camera_sim_pkg//urdf
[0.485s] -- Installing: /home/zjzl/Desktop/New_Referee/Vision_Arena_2025/install/camera_sim_pkg/share/camera_sim_pkg//urdf/camera_robot.urdf.xacro
[0.485s] -- Installing: /home/zjzl/Desktop/New_Referee/Vision_Arena_2025/install/camera_sim_pkg/share/camera_sim_pkg//worlds
[0.485s] -- Installing: /home/zjzl/Desktop/New_Referee/Vision_Arena_2025/install/camera_sim_pkg/share/camera_sim_pkg//worlds/arena.world
[0.485s] -- Installing: /home/zjzl/Desktop/New_Referee/Vision_Arena_2025/install/camera_sim_pkg/share/ament_index/resource_index/package_run_dependencies/camera_sim_pkg
[0.485s] -- Installing: /home/zjzl/Desktop/New_Referee/Vision_Arena_2025/install/camera_sim_pkg/share/ament_index/resource_index/parent_prefix_path/camera_sim_pkg
[0.485s] -- Installing: /home/zjzl/Desktop/New_Referee/Vision_Arena_2025/install/camera_sim_pkg/share/camera_sim_pkg/environment/ament_prefix_path.sh
[0.485s] -- Installing: /home/zjzl/Desktop/New_Referee/Vision_Arena_2025/install/camera_sim_pkg/share/camera_sim_pkg/environment/ament_prefix_path.dsv
[0.485s] -- Installing: /home/zjzl/Desktop/New_Referee/Vision_Arena_2025/install/camera_sim_pkg/share/camera_sim_pkg/environment/path.sh
[0.485s] -- Installing: /home/zjzl/Desktop/New_Referee/Vision_Arena_2025/install/camera_sim_pkg/share/camera_sim_pkg/environment/path.dsv
[0.486s] -- Installing: /home/zjzl/Desktop/New_Referee/Vision_Arena_2025/install/camera_sim_pkg/share/camera_sim_pkg/local_setup.bash
[0.486s] -- Installing: /home/zjzl/Desktop/New_Referee/Vision_Arena_2025/install/camera_sim_pkg/share/camera_sim_pkg/local_setup.sh
[0.486s] -- Installing: /home/zjzl/Desktop/New_Referee/Vision_Arena_2025/install/camera_sim_pkg/share/camera_sim_pkg/local_setup.zsh
[0.486s] -- Installing: /home/zjzl/Desktop/New_Referee/Vision_Arena_2025/install/camera_sim_pkg/share/camera_sim_pkg/local_setup.dsv
[0.486s] -- Installing: /home/zjzl/Desktop/New_Referee/Vision_Arena_2025/install/camera_sim_pkg/share/camera_sim_pkg/package.dsv
[0.486s] -- Installing: /home/zjzl/Desktop/New_Referee/Vision_Arena_2025/install/camera_sim_pkg/share/ament_index/resource_index/packages/camera_sim_pkg
[0.486s] -- Installing: /home/zjzl/Desktop/New_Referee/Vision_Arena_2025/install/camera_sim_pkg/share/camera_sim_pkg/cmake/camera_sim_pkgConfig.cmake
[0.486s] -- Installing: /home/zjzl/Desktop/New_Referee/Vision_Arena_2025/install/camera_sim_pkg/share/camera_sim_pkg/cmake/camera_sim_pkgConfig-version.cmake
[0.486s] -- Installing: /home/zjzl/Desktop/New_Referee/Vision_Arena_2025/install/camera_sim_pkg/share/camera_sim_pkg/package.xml
[0.487s] Invoked command in '/home/zjzl/Desktop/New_Referee/Vision_Arena_2025/build/camera_sim_pkg' returned '0': CMAKE_PREFIX_PATH=${CMAKE_PREFIX_PATH}:/opt/ros/humble /usr/bin/cmake --install /home/zjzl/Desktop/New_Referee/Vision_Arena_2025/build/camera_sim_pkg
