-- Found ament_cmake: 1.3.12 (/opt/ros/humble/share/ament_cmake/cmake)
-- Found rclcpp: 16.0.15 (/opt/ros/humble/share/rclcpp/cmake)
-- Found rosidl_generator_c: 3.1.7 (/opt/ros/humble/share/rosidl_generator_c/cmake)
-- Found rosidl_adapter: 3.1.7 (/opt/ros/humble/share/rosidl_adapter/cmake)
-- Found rosidl_generator_cpp: 3.1.7 (/opt/ros/humble/share/rosidl_generator_cpp/cmake)
-- Using all available rosidl_typesupport_c: rosidl_typesupport_fastrtps_c;rosidl_typesupport_introspection_c
-- Using all available rosidl_typesupport_cpp: rosidl_typesupport_fastrtps_cpp;rosidl_typesupport_introspection_cpp
-- Found rmw_implementation_cmake: 6.1.2 (/opt/ros/humble/share/rmw_implementation_cmake/cmake)
-- Found rmw_fastrtps_cpp: 6.2.8 (/opt/ros/humble/share/rmw_fastrtps_cpp/cmake)
-- Using RMW implementation 'rmw_fastrtps_cpp' as default
-- Found gazebo_msgs: 3.9.0 (/opt/ros/humble/share/gazebo_msgs/cmake)
-- Found tf2: 0.25.16 (/opt/ros/humble/share/tf2/cmake)
-- Found tf2_ros: 0.25.16 (/opt/ros/humble/share/tf2_ros/cmake)
-- Found pose_msg: 0.0.0 (/home/zjzl/Desktop/New_Referee/Vision_Arena_2025/install/pose_msg/share/pose_msg/cmake)
-- Found cv_bridge: 3.2.1 (/opt/ros/humble/share/cv_bridge/cmake)
-- Found rosidl_default_generators: 1.2.0 (/opt/ros/humble/share/rosidl_default_generators/cmake)
-- Found ament_cmake_ros: 0.10.0 (/opt/ros/humble/share/ament_cmake_ros/cmake)
-- Using all available rosidl_typesupport_c: rosidl_typesupport_fastrtps_c;rosidl_typesupport_introspection_c
-- Using all available rosidl_typesupport_cpp: rosidl_typesupport_fastrtps_cpp;rosidl_typesupport_introspection_cpp
-- Found python_cmake_module: 0.10.0 (/opt/ros/humble/share/python_cmake_module/cmake)
-- Using PYTHON_EXECUTABLE: /usr/bin/python3
-- Using PYTHON_INCLUDE_DIRS: /usr/include/python3.10
-- Using PYTHON_LIBRARIES: /usr/lib/x86_64-linux-gnu/libpython3.10.so
-- Configuring done
-- Generating done
-- Build files have been written to: /home/zjzl/Desktop/New_Referee/Vision_Arena_2025/build/referee_pkg
[  1%] [34m[1mGenerating C code for ROS interfaces[0m
[  3%] [34m[1mGenerating C++ code for ROS interfaces[0m
[  3%] Built target ament_cmake_python_copy_referee_pkg
running egg_info
writing referee_pkg.egg-info/PKG-INFO
writing dependency_links to referee_pkg.egg-info/dependency_links.txt
writing top-level names to referee_pkg.egg-info/top_level.txt
reading manifest file 'referee_pkg.egg-info/SOURCES.txt'
writing manifest file 'referee_pkg.egg-info/SOURCES.txt'
[  3%] Built target ament_cmake_python_build_referee_pkg_egg
[35m[1mConsolidate compiler generated dependencies of target referee_pkg__rosidl_generator_c[0m
[  5%] [32mBuilding C object CMakeFiles/referee_pkg__rosidl_generator_c.dir/rosidl_generator_c/referee_pkg/msg/detail/object__functions.c.o[0m
[  6%] [32mBuilding C object CMakeFiles/referee_pkg__rosidl_generator_c.dir/rosidl_generator_c/referee_pkg/msg/detail/multi_object__functions.c.o[0m
[  8%] [32mBuilding C object CMakeFiles/referee_pkg__rosidl_generator_c.dir/rosidl_generator_c/referee_pkg/msg/detail/race_stage__functions.c.o[0m
[ 10%] [32mBuilding C object CMakeFiles/referee_pkg__rosidl_generator_c.dir/rosidl_generator_c/referee_pkg/srv/detail/hit_armor__functions.c.o[0m
[ 10%] Built target referee_pkg__cpp
[ 15%] [34m[1mGenerating C++ type support for eProsima Fast-RTPS[0m
[ 15%] [34m[1mGenerating C++ type support dispatch for ROS interfaces[0m
[ 15%] [34m[1mGenerating C++ introspection for ROS interfaces[0m
[ 17%] [32m[1mLinking C shared library libreferee_pkg__rosidl_generator_c.so[0m
[ 17%] Built target referee_pkg__rosidl_generator_c
[ 18%] [34m[1mGenerating C introspection for ROS interfaces[0m
[ 20%] [34m[1mGenerating C type support for eProsima Fast-RTPS[0m
[ 22%] [34m[1mGenerating C type support dispatch for ROS interfaces[0m
[35m[1mConsolidate compiler generated dependencies of target referee_pkg__rosidl_typesupport_cpp[0m
[ 24%] [32mBuilding CXX object CMakeFiles/referee_pkg__rosidl_typesupport_cpp.dir/rosidl_typesupport_cpp/referee_pkg/msg/object__type_support.cpp.o[0m
[ 25%] [32mBuilding CXX object CMakeFiles/referee_pkg__rosidl_typesupport_cpp.dir/rosidl_typesupport_cpp/referee_pkg/msg/multi_object__type_support.cpp.o[0m
[ 27%] [32mBuilding CXX object CMakeFiles/referee_pkg__rosidl_typesupport_cpp.dir/rosidl_typesupport_cpp/referee_pkg/msg/race_stage__type_support.cpp.o[0m
[ 29%] [32mBuilding CXX object CMakeFiles/referee_pkg__rosidl_typesupport_cpp.dir/rosidl_typesupport_cpp/referee_pkg/srv/hit_armor__type_support.cpp.o[0m
[35m[1mConsolidate compiler generated dependencies of target referee_pkg__rosidl_typesupport_fastrtps_cpp[0m
[35m[1mConsolidate compiler generated dependencies of target referee_pkg__rosidl_typesupport_introspection_cpp[0m
[ 37%] [32mBuilding CXX object CMakeFiles/referee_pkg__rosidl_typesupport_introspection_cpp.dir/rosidl_typesupport_introspection_cpp/referee_pkg/msg/detail/object__type_support.cpp.o[0m
[ 37%] [32mBuilding CXX object CMakeFiles/referee_pkg__rosidl_typesupport_introspection_cpp.dir/rosidl_typesupport_introspection_cpp/referee_pkg/srv/detail/hit_armor__type_support.cpp.o[0m
[ 37%] [32mBuilding CXX object CMakeFiles/referee_pkg__rosidl_typesupport_fastrtps_cpp.dir/rosidl_typesupport_fastrtps_cpp/referee_pkg/msg/detail/dds_fastrtps/multi_object__type_support.cpp.o[0m
[ 37%] [32mBuilding CXX object CMakeFiles/referee_pkg__rosidl_typesupport_introspection_cpp.dir/rosidl_typesupport_introspection_cpp/referee_pkg/msg/detail/multi_object__type_support.cpp.o[0m
[ 37%] [32mBuilding CXX object CMakeFiles/referee_pkg__rosidl_typesupport_fastrtps_cpp.dir/rosidl_typesupport_fastrtps_cpp/referee_pkg/msg/detail/dds_fastrtps/object__type_support.cpp.o[0m
[ 41%] [32mBuilding CXX object CMakeFiles/referee_pkg__rosidl_typesupport_introspection_cpp.dir/rosidl_typesupport_introspection_cpp/referee_pkg/msg/detail/race_stage__type_support.cpp.o[0m
[ 41%] [32mBuilding CXX object CMakeFiles/referee_pkg__rosidl_typesupport_fastrtps_cpp.dir/rosidl_typesupport_fastrtps_cpp/referee_pkg/msg/detail/dds_fastrtps/race_stage__type_support.cpp.o[0m
[ 43%] [32mBuilding CXX object CMakeFiles/referee_pkg__rosidl_typesupport_fastrtps_cpp.dir/rosidl_typesupport_fastrtps_cpp/referee_pkg/srv/detail/dds_fastrtps/hit_armor__type_support.cpp.o[0m
[35m[1mConsolidate compiler generated dependencies of target referee_pkg__rosidl_typesupport_c[0m
[ 50%] [32mBuilding CXX object CMakeFiles/referee_pkg__rosidl_typesupport_c.dir/rosidl_typesupport_c/referee_pkg/msg/object__type_support.cpp.o[0m
[ 50%] [32mBuilding CXX object CMakeFiles/referee_pkg__rosidl_typesupport_c.dir/rosidl_typesupport_c/referee_pkg/srv/hit_armor__type_support.cpp.o[0m
[ 50%] [32mBuilding CXX object CMakeFiles/referee_pkg__rosidl_typesupport_c.dir/rosidl_typesupport_c/referee_pkg/msg/multi_object__type_support.cpp.o[0m
[ 50%] [32mBuilding CXX object CMakeFiles/referee_pkg__rosidl_typesupport_c.dir/rosidl_typesupport_c/referee_pkg/msg/race_stage__type_support.cpp.o[0m
[ 51%] [32m[1mLinking CXX shared library libreferee_pkg__rosidl_typesupport_c.so[0m
[35m[1mConsolidate compiler generated dependencies of target referee_pkg__rosidl_typesupport_introspection_c[0m
[ 58%] [32mBuilding C object CMakeFiles/referee_pkg__rosidl_typesupport_introspection_c.dir/rosidl_typesupport_introspection_c/referee_pkg/msg/detail/race_stage__type_support.c.o[0m
[ 58%] [32mBuilding C object CMakeFiles/referee_pkg__rosidl_typesupport_introspection_c.dir/rosidl_typesupport_introspection_c/referee_pkg/msg/detail/multi_object__type_support.c.o[0m
[ 58%] [32mBuilding C object CMakeFiles/referee_pkg__rosidl_typesupport_introspection_c.dir/rosidl_typesupport_introspection_c/referee_pkg/srv/detail/hit_armor__type_support.c.o[0m
[ 58%] [32mBuilding C object CMakeFiles/referee_pkg__rosidl_typesupport_introspection_c.dir/rosidl_typesupport_introspection_c/referee_pkg/msg/detail/object__type_support.c.o[0m
[ 58%] Built target referee_pkg__rosidl_typesupport_c
[ 62%] [32m[1mLinking C shared library libreferee_pkg__rosidl_typesupport_introspection_c.so[0m
[ 62%] [32m[1mLinking CXX shared library libreferee_pkg__rosidl_typesupport_cpp.so[0m
[35m[1mConsolidate compiler generated dependencies of target referee_pkg__rosidl_typesupport_fastrtps_c[0m
[ 63%] [32mBuilding CXX object CMakeFiles/referee_pkg__rosidl_typesupport_fastrtps_c.dir/rosidl_typesupport_fastrtps_c/referee_pkg/msg/detail/race_stage__type_support_c.cpp.o[0m
[ 65%] [32mBuilding CXX object CMakeFiles/referee_pkg__rosidl_typesupport_fastrtps_c.dir/rosidl_typesupport_fastrtps_c/referee_pkg/srv/detail/hit_armor__type_support_c.cpp.o[0m
[ 67%] [32mBuilding CXX object CMakeFiles/referee_pkg__rosidl_typesupport_fastrtps_c.dir/rosidl_typesupport_fastrtps_c/referee_pkg/msg/detail/multi_object__type_support_c.cpp.o[0m
[ 68%] [32mBuilding CXX object CMakeFiles/referee_pkg__rosidl_typesupport_fastrtps_c.dir/rosidl_typesupport_fastrtps_c/referee_pkg/msg/detail/object__type_support_c.cpp.o[0m
[ 68%] Built target referee_pkg__rosidl_typesupport_introspection_c
[ 68%] Built target referee_pkg__rosidl_typesupport_cpp
[35m[1mConsolidate compiler generated dependencies of target referee[0m
[ 72%] [32mBuilding CXX object CMakeFiles/referee.dir/src/referee.cpp.o[0m
[ 72%] [32mBuilding CXX object CMakeFiles/referee.dir/src/utils.cpp.o[0m
[ 74%] [32m[1mLinking CXX shared library libreferee_pkg__rosidl_typesupport_fastrtps_cpp.so[0m
[ 74%] Built target referee_pkg__rosidl_typesupport_fastrtps_cpp
[ 75%] [32m[1mLinking CXX shared library libreferee_pkg__rosidl_typesupport_introspection_cpp.so[0m
[ 77%] [32m[1mLinking CXX shared library libreferee_pkg__rosidl_typesupport_fastrtps_c.so[0m
[ 77%] Built target referee_pkg__rosidl_typesupport_introspection_cpp
[ 77%] Built target referee_pkg__rosidl_typesupport_fastrtps_c
[ 77%] Built target referee_pkg
[ 79%] [34m[1mGenerating Python code for ROS interfaces[0m
[ 79%] Built target referee_pkg__py
[35m[1mConsolidate compiler generated dependencies of target referee_pkg__rosidl_generator_py[0m
[ 81%] [32mBuilding C object CMakeFiles/referee_pkg__rosidl_generator_py.dir/rosidl_generator_py/referee_pkg/msg/_race_stage_s.c.o[0m
[ 82%] [32mBuilding C object CMakeFiles/referee_pkg__rosidl_generator_py.dir/rosidl_generator_py/referee_pkg/srv/_hit_armor_s.c.o[0m
[ 86%] [32mBuilding C object CMakeFiles/referee_pkg__rosidl_generator_py.dir/rosidl_generator_py/referee_pkg/msg/_multi_object_s.c.o[0m
[ 86%] [32mBuilding C object CMakeFiles/referee_pkg__rosidl_generator_py.dir/rosidl_generator_py/referee_pkg/msg/_object_s.c.o[0m
[ 87%] [32m[1mLinking C shared library rosidl_generator_py/referee_pkg/libreferee_pkg__rosidl_generator_py.so[0m
[ 87%] Built target referee_pkg__rosidl_generator_py
[35m[1mConsolidate compiler generated dependencies of target referee_pkg__rosidl_typesupport_introspection_c__pyext[0m
[35m[1mConsolidate compiler generated dependencies of target referee_pkg__rosidl_typesupport_c__pyext[0m
[35m[1mConsolidate compiler generated dependencies of target referee_pkg__rosidl_typesupport_fastrtps_c__pyext[0m
[ 93%] [32mBuilding C object CMakeFiles/referee_pkg__rosidl_typesupport_fastrtps_c__pyext.dir/rosidl_generator_py/referee_pkg/_referee_pkg_s.ep.rosidl_typesupport_fastrtps_c.c.o[0m
[ 93%] [32mBuilding C object CMakeFiles/referee_pkg__rosidl_typesupport_c__pyext.dir/rosidl_generator_py/referee_pkg/_referee_pkg_s.ep.rosidl_typesupport_c.c.o[0m
[ 93%] [32mBuilding C object CMakeFiles/referee_pkg__rosidl_typesupport_introspection_c__pyext.dir/rosidl_generator_py/referee_pkg/_referee_pkg_s.ep.rosidl_typesupport_introspection_c.c.o[0m
[ 98%] [32m[1mLinking C shared library rosidl_generator_py/referee_pkg/referee_pkg_s__rosidl_typesupport_introspection_c.cpython-310-x86_64-linux-gnu.so[0m
[ 98%] [32m[1mLinking C shared library rosidl_generator_py/referee_pkg/referee_pkg_s__rosidl_typesupport_c.cpython-310-x86_64-linux-gnu.so[0m
[ 98%] [32m[1mLinking C shared library rosidl_generator_py/referee_pkg/referee_pkg_s__rosidl_typesupport_fastrtps_c.cpython-310-x86_64-linux-gnu.so[0m
[ 98%] Built target referee_pkg__rosidl_typesupport_fastrtps_c__pyext
[ 98%] Built target referee_pkg__rosidl_typesupport_introspection_c__pyext
[ 98%] Built target referee_pkg__rosidl_typesupport_c__pyext
[100%] [32m[1mLinking CXX executable referee[0m
[100%] Built target referee
-- Install configuration: ""
-- Installing: /home/zjzl/Desktop/New_Referee/Vision_Arena_2025/install/referee_pkg/share/ament_index/resource_index/rosidl_interfaces/referee_pkg
-- Up-to-date: /home/zjzl/Desktop/New_Referee/Vision_Arena_2025/install/referee_pkg/include/referee_pkg/referee_pkg
-- Up-to-date: /home/zjzl/Desktop/New_Referee/Vision_Arena_2025/install/referee_pkg/include/referee_pkg/referee_pkg/msg
-- Up-to-date: /home/zjzl/Desktop/New_Referee/Vision_Arena_2025/install/referee_pkg/include/referee_pkg/referee_pkg/msg/rosidl_generator_c__visibility_control.h
-- Installing: /home/zjzl/Desktop/New_Referee/Vision_Arena_2025/install/referee_pkg/include/referee_pkg/referee_pkg/msg/race_stage.h
-- Up-to-date: /home/zjzl/Desktop/New_Referee/Vision_Arena_2025/install/referee_pkg/include/referee_pkg/referee_pkg/msg/target.h
-- Installing: /home/zjzl/Desktop/New_Referee/Vision_Arena_2025/install/referee_pkg/include/referee_pkg/referee_pkg/msg/object.h
-- Installing: /home/zjzl/Desktop/New_Referee/Vision_Arena_2025/install/referee_pkg/include/referee_pkg/referee_pkg/msg/multi_object.h
-- Up-to-date: /home/zjzl/Desktop/New_Referee/Vision_Arena_2025/install/referee_pkg/include/referee_pkg/referee_pkg/msg/detail
-- Installing: /home/zjzl/Desktop/New_Referee/Vision_Arena_2025/install/referee_pkg/include/referee_pkg/referee_pkg/msg/detail/multi_object__functions.h
-- Installing: /home/zjzl/Desktop/New_Referee/Vision_Arena_2025/install/referee_pkg/include/referee_pkg/referee_pkg/msg/detail/race_stage__type_support.h
-- Installing: /home/zjzl/Desktop/New_Referee/Vision_Arena_2025/install/referee_pkg/include/referee_pkg/referee_pkg/msg/detail/object__functions.c
-- Installing: /home/zjzl/Desktop/New_Referee/Vision_Arena_2025/install/referee_pkg/include/referee_pkg/referee_pkg/msg/detail/object__type_support.h
-- Up-to-date: /home/zjzl/Desktop/New_Referee/Vision_Arena_2025/install/referee_pkg/include/referee_pkg/referee_pkg/msg/detail/target__functions.h
-- Installing: /home/zjzl/Desktop/New_Referee/Vision_Arena_2025/install/referee_pkg/include/referee_pkg/referee_pkg/msg/detail/multi_object__struct.h
-- Up-to-date: /home/zjzl/Desktop/New_Referee/Vision_Arena_2025/install/referee_pkg/include/referee_pkg/referee_pkg/msg/detail/target__struct.h
-- Up-to-date: /home/zjzl/Desktop/New_Referee/Vision_Arena_2025/install/referee_pkg/include/referee_pkg/referee_pkg/msg/detail/target__functions.c
-- Installing: /home/zjzl/Desktop/New_Referee/Vision_Arena_2025/install/referee_pkg/include/referee_pkg/referee_pkg/msg/detail/race_stage__functions.h
-- Installing: /home/zjzl/Desktop/New_Referee/Vision_Arena_2025/install/referee_pkg/include/referee_pkg/referee_pkg/msg/detail/object__functions.h
-- Installing: /home/zjzl/Desktop/New_Referee/Vision_Arena_2025/install/referee_pkg/include/referee_pkg/referee_pkg/msg/detail/race_stage__struct.h
-- Up-to-date: /home/zjzl/Desktop/New_Referee/Vision_Arena_2025/install/referee_pkg/include/referee_pkg/referee_pkg/msg/detail/target__type_support.h
-- Installing: /home/zjzl/Desktop/New_Referee/Vision_Arena_2025/install/referee_pkg/include/referee_pkg/referee_pkg/msg/detail/multi_object__functions.c
-- Installing: /home/zjzl/Desktop/New_Referee/Vision_Arena_2025/install/referee_pkg/include/referee_pkg/referee_pkg/msg/detail/race_stage__functions.c
-- Installing: /home/zjzl/Desktop/New_Referee/Vision_Arena_2025/install/referee_pkg/include/referee_pkg/referee_pkg/msg/detail/multi_object__type_support.h
-- Installing: /home/zjzl/Desktop/New_Referee/Vision_Arena_2025/install/referee_pkg/include/referee_pkg/referee_pkg/msg/detail/object__struct.h
-- Up-to-date: /home/zjzl/Desktop/New_Referee/Vision_Arena_2025/install/referee_pkg/include/referee_pkg/referee_pkg/srv
-- Up-to-date: /home/zjzl/Desktop/New_Referee/Vision_Arena_2025/install/referee_pkg/include/referee_pkg/referee_pkg/srv/hit_arror.h
-- Installing: /home/zjzl/Desktop/New_Referee/Vision_Arena_2025/install/referee_pkg/include/referee_pkg/referee_pkg/srv/hit_armor.h
-- Up-to-date: /home/zjzl/Desktop/New_Referee/Vision_Arena_2025/install/referee_pkg/include/referee_pkg/referee_pkg/srv/detail
-- Installing: /home/zjzl/Desktop/New_Referee/Vision_Arena_2025/install/referee_pkg/include/referee_pkg/referee_pkg/srv/detail/hit_armor__type_support.h
-- Up-to-date: /home/zjzl/Desktop/New_Referee/Vision_Arena_2025/install/referee_pkg/include/referee_pkg/referee_pkg/srv/detail/hit_arror__type_support.h
-- Installing: /home/zjzl/Desktop/New_Referee/Vision_Arena_2025/install/referee_pkg/include/referee_pkg/referee_pkg/srv/detail/hit_armor__functions.c
-- Up-to-date: /home/zjzl/Desktop/New_Referee/Vision_Arena_2025/install/referee_pkg/include/referee_pkg/referee_pkg/srv/detail/hit_arror__functions.h
-- Up-to-date: /home/zjzl/Desktop/New_Referee/Vision_Arena_2025/install/referee_pkg/include/referee_pkg/referee_pkg/srv/detail/hit_arror__struct.h
-- Installing: /home/zjzl/Desktop/New_Referee/Vision_Arena_2025/install/referee_pkg/include/referee_pkg/referee_pkg/srv/detail/hit_armor__functions.h
-- Installing: /home/zjzl/Desktop/New_Referee/Vision_Arena_2025/install/referee_pkg/include/referee_pkg/referee_pkg/srv/detail/hit_armor__struct.h
-- Up-to-date: /home/zjzl/Desktop/New_Referee/Vision_Arena_2025/install/referee_pkg/include/referee_pkg/referee_pkg/srv/detail/hit_arror__functions.c
-- Up-to-date: /home/zjzl/Desktop/New_Referee/Vision_Arena_2025/install/referee_pkg/share/referee_pkg/environment/library_path.sh
-- Installing: /home/zjzl/Desktop/New_Referee/Vision_Arena_2025/install/referee_pkg/share/referee_pkg/environment/library_path.dsv
-- Installing: /home/zjzl/Desktop/New_Referee/Vision_Arena_2025/install/referee_pkg/lib/libreferee_pkg__rosidl_generator_c.so
-- Set runtime path of "/home/zjzl/Desktop/New_Referee/Vision_Arena_2025/install/referee_pkg/lib/libreferee_pkg__rosidl_generator_c.so" to ""
-- Up-to-date: /home/zjzl/Desktop/New_Referee/Vision_Arena_2025/install/referee_pkg/include/referee_pkg/referee_pkg
-- Up-to-date: /home/zjzl/Desktop/New_Referee/Vision_Arena_2025/install/referee_pkg/include/referee_pkg/referee_pkg/msg
-- Up-to-date: /home/zjzl/Desktop/New_Referee/Vision_Arena_2025/install/referee_pkg/include/referee_pkg/referee_pkg/msg/detail
-- Installing: /home/zjzl/Desktop/New_Referee/Vision_Arena_2025/install/referee_pkg/include/referee_pkg/referee_pkg/msg/detail/race_stage__rosidl_typesupport_fastrtps_c.h
-- Up-to-date: /home/zjzl/Desktop/New_Referee/Vision_Arena_2025/install/referee_pkg/include/referee_pkg/referee_pkg/msg/detail/target__rosidl_typesupport_fastrtps_c.h
-- Installing: /home/zjzl/Desktop/New_Referee/Vision_Arena_2025/install/referee_pkg/include/referee_pkg/referee_pkg/msg/detail/multi_object__rosidl_typesupport_fastrtps_c.h
-- Installing: /home/zjzl/Desktop/New_Referee/Vision_Arena_2025/install/referee_pkg/include/referee_pkg/referee_pkg/msg/detail/object__rosidl_typesupport_fastrtps_c.h
-- Up-to-date: /home/zjzl/Desktop/New_Referee/Vision_Arena_2025/install/referee_pkg/include/referee_pkg/referee_pkg/msg/rosidl_typesupport_fastrtps_c__visibility_control.h
-- Up-to-date: /home/zjzl/Desktop/New_Referee/Vision_Arena_2025/install/referee_pkg/include/referee_pkg/referee_pkg/srv
-- Up-to-date: /home/zjzl/Desktop/New_Referee/Vision_Arena_2025/install/referee_pkg/include/referee_pkg/referee_pkg/srv/detail
-- Installing: /home/zjzl/Desktop/New_Referee/Vision_Arena_2025/install/referee_pkg/include/referee_pkg/referee_pkg/srv/detail/hit_armor__rosidl_typesupport_fastrtps_c.h
-- Up-to-date: /home/zjzl/Desktop/New_Referee/Vision_Arena_2025/install/referee_pkg/include/referee_pkg/referee_pkg/srv/detail/hit_arror__rosidl_typesupport_fastrtps_c.h
-- Installing: /home/zjzl/Desktop/New_Referee/Vision_Arena_2025/install/referee_pkg/lib/libreferee_pkg__rosidl_typesupport_fastrtps_c.so
-- Set runtime path of "/home/zjzl/Desktop/New_Referee/Vision_Arena_2025/install/referee_pkg/lib/libreferee_pkg__rosidl_typesupport_fastrtps_c.so" to ""
-- Up-to-date: /home/zjzl/Desktop/New_Referee/Vision_Arena_2025/install/referee_pkg/include/referee_pkg/referee_pkg
-- Up-to-date: /home/zjzl/Desktop/New_Referee/Vision_Arena_2025/install/referee_pkg/include/referee_pkg/referee_pkg/msg
-- Installing: /home/zjzl/Desktop/New_Referee/Vision_Arena_2025/install/referee_pkg/include/referee_pkg/referee_pkg/msg/object.hpp
-- Up-to-date: /home/zjzl/Desktop/New_Referee/Vision_Arena_2025/install/referee_pkg/include/referee_pkg/referee_pkg/msg/rosidl_generator_cpp__visibility_control.hpp
-- Installing: /home/zjzl/Desktop/New_Referee/Vision_Arena_2025/install/referee_pkg/include/referee_pkg/referee_pkg/msg/multi_object.hpp
-- Up-to-date: /home/zjzl/Desktop/New_Referee/Vision_Arena_2025/install/referee_pkg/include/referee_pkg/referee_pkg/msg/detail
-- Installing: /home/zjzl/Desktop/New_Referee/Vision_Arena_2025/install/referee_pkg/include/referee_pkg/referee_pkg/msg/detail/race_stage__struct.hpp
-- Installing: /home/zjzl/Desktop/New_Referee/Vision_Arena_2025/install/referee_pkg/include/referee_pkg/referee_pkg/msg/detail/object__builder.hpp
-- Installing: /home/zjzl/Desktop/New_Referee/Vision_Arena_2025/install/referee_pkg/include/referee_pkg/referee_pkg/msg/detail/multi_object__type_support.hpp
-- Up-to-date: /home/zjzl/Desktop/New_Referee/Vision_Arena_2025/install/referee_pkg/include/referee_pkg/referee_pkg/msg/detail/target__builder.hpp
-- Installing: /home/zjzl/Desktop/New_Referee/Vision_Arena_2025/install/referee_pkg/include/referee_pkg/referee_pkg/msg/detail/race_stage__builder.hpp
-- Installing: /home/zjzl/Desktop/New_Referee/Vision_Arena_2025/install/referee_pkg/include/referee_pkg/referee_pkg/msg/detail/multi_object__traits.hpp
-- Installing: /home/zjzl/Desktop/New_Referee/Vision_Arena_2025/install/referee_pkg/include/referee_pkg/referee_pkg/msg/detail/object__type_support.hpp
-- Up-to-date: /home/zjzl/Desktop/New_Referee/Vision_Arena_2025/install/referee_pkg/include/referee_pkg/referee_pkg/msg/detail/target__type_support.hpp
-- Installing: /home/zjzl/Desktop/New_Referee/Vision_Arena_2025/install/referee_pkg/include/referee_pkg/referee_pkg/msg/detail/object__traits.hpp
-- Up-to-date: /home/zjzl/Desktop/New_Referee/Vision_Arena_2025/install/referee_pkg/include/referee_pkg/referee_pkg/msg/detail/target__traits.hpp
-- Installing: /home/zjzl/Desktop/New_Referee/Vision_Arena_2025/install/referee_pkg/include/referee_pkg/referee_pkg/msg/detail/object__struct.hpp
-- Installing: /home/zjzl/Desktop/New_Referee/Vision_Arena_2025/install/referee_pkg/include/referee_pkg/referee_pkg/msg/detail/multi_object__builder.hpp
-- Installing: /home/zjzl/Desktop/New_Referee/Vision_Arena_2025/install/referee_pkg/include/referee_pkg/referee_pkg/msg/detail/race_stage__traits.hpp
-- Installing: /home/zjzl/Desktop/New_Referee/Vision_Arena_2025/install/referee_pkg/include/referee_pkg/referee_pkg/msg/detail/race_stage__type_support.hpp
-- Up-to-date: /home/zjzl/Desktop/New_Referee/Vision_Arena_2025/install/referee_pkg/include/referee_pkg/referee_pkg/msg/detail/target__struct.hpp
-- Installing: /home/zjzl/Desktop/New_Referee/Vision_Arena_2025/install/referee_pkg/include/referee_pkg/referee_pkg/msg/detail/multi_object__struct.hpp
-- Installing: /home/zjzl/Desktop/New_Referee/Vision_Arena_2025/install/referee_pkg/include/referee_pkg/referee_pkg/msg/race_stage.hpp
-- Up-to-date: /home/zjzl/Desktop/New_Referee/Vision_Arena_2025/install/referee_pkg/include/referee_pkg/referee_pkg/msg/target.hpp
-- Up-to-date: /home/zjzl/Desktop/New_Referee/Vision_Arena_2025/install/referee_pkg/include/referee_pkg/referee_pkg/srv
-- Installing: /home/zjzl/Desktop/New_Referee/Vision_Arena_2025/install/referee_pkg/include/referee_pkg/referee_pkg/srv/hit_armor.hpp
-- Up-to-date: /home/zjzl/Desktop/New_Referee/Vision_Arena_2025/install/referee_pkg/include/referee_pkg/referee_pkg/srv/hit_arror.hpp
-- Up-to-date: /home/zjzl/Desktop/New_Referee/Vision_Arena_2025/install/referee_pkg/include/referee_pkg/referee_pkg/srv/detail
-- Up-to-date: /home/zjzl/Desktop/New_Referee/Vision_Arena_2025/install/referee_pkg/include/referee_pkg/referee_pkg/srv/detail/hit_arror__builder.hpp
-- Installing: /home/zjzl/Desktop/New_Referee/Vision_Arena_2025/install/referee_pkg/include/referee_pkg/referee_pkg/srv/detail/hit_armor__type_support.hpp
-- Installing: /home/zjzl/Desktop/New_Referee/Vision_Arena_2025/install/referee_pkg/include/referee_pkg/referee_pkg/srv/detail/hit_armor__traits.hpp
-- Installing: /home/zjzl/Desktop/New_Referee/Vision_Arena_2025/install/referee_pkg/include/referee_pkg/referee_pkg/srv/detail/hit_armor__builder.hpp
-- Up-to-date: /home/zjzl/Desktop/New_Referee/Vision_Arena_2025/install/referee_pkg/include/referee_pkg/referee_pkg/srv/detail/hit_arror__struct.hpp
-- Installing: /home/zjzl/Desktop/New_Referee/Vision_Arena_2025/install/referee_pkg/include/referee_pkg/referee_pkg/srv/detail/hit_armor__struct.hpp
-- Up-to-date: /home/zjzl/Desktop/New_Referee/Vision_Arena_2025/install/referee_pkg/include/referee_pkg/referee_pkg/srv/detail/hit_arror__type_support.hpp
-- Up-to-date: /home/zjzl/Desktop/New_Referee/Vision_Arena_2025/install/referee_pkg/include/referee_pkg/referee_pkg/srv/detail/hit_arror__traits.hpp
-- Up-to-date: /home/zjzl/Desktop/New_Referee/Vision_Arena_2025/install/referee_pkg/include/referee_pkg/referee_pkg
-- Up-to-date: /home/zjzl/Desktop/New_Referee/Vision_Arena_2025/install/referee_pkg/include/referee_pkg/referee_pkg/msg
-- Up-to-date: /home/zjzl/Desktop/New_Referee/Vision_Arena_2025/install/referee_pkg/include/referee_pkg/referee_pkg/msg/detail
-- Installing: /home/zjzl/Desktop/New_Referee/Vision_Arena_2025/install/referee_pkg/include/referee_pkg/referee_pkg/msg/detail/race_stage__rosidl_typesupport_fastrtps_cpp.hpp
-- Up-to-date: /home/zjzl/Desktop/New_Referee/Vision_Arena_2025/install/referee_pkg/include/referee_pkg/referee_pkg/msg/detail/target__rosidl_typesupport_fastrtps_cpp.hpp
-- Installing: /home/zjzl/Desktop/New_Referee/Vision_Arena_2025/install/referee_pkg/include/referee_pkg/referee_pkg/msg/detail/object__rosidl_typesupport_fastrtps_cpp.hpp
-- Up-to-date: /home/zjzl/Desktop/New_Referee/Vision_Arena_2025/install/referee_pkg/include/referee_pkg/referee_pkg/msg/detail/dds_fastrtps
-- Installing: /home/zjzl/Desktop/New_Referee/Vision_Arena_2025/install/referee_pkg/include/referee_pkg/referee_pkg/msg/detail/multi_object__rosidl_typesupport_fastrtps_cpp.hpp
-- Up-to-date: /home/zjzl/Desktop/New_Referee/Vision_Arena_2025/install/referee_pkg/include/referee_pkg/referee_pkg/msg/rosidl_typesupport_fastrtps_cpp__visibility_control.h
-- Up-to-date: /home/zjzl/Desktop/New_Referee/Vision_Arena_2025/install/referee_pkg/include/referee_pkg/referee_pkg/srv
-- Up-to-date: /home/zjzl/Desktop/New_Referee/Vision_Arena_2025/install/referee_pkg/include/referee_pkg/referee_pkg/srv/detail
-- Installing: /home/zjzl/Desktop/New_Referee/Vision_Arena_2025/install/referee_pkg/include/referee_pkg/referee_pkg/srv/detail/hit_armor__rosidl_typesupport_fastrtps_cpp.hpp
-- Up-to-date: /home/zjzl/Desktop/New_Referee/Vision_Arena_2025/install/referee_pkg/include/referee_pkg/referee_pkg/srv/detail/hit_arror__rosidl_typesupport_fastrtps_cpp.hpp
-- Up-to-date: /home/zjzl/Desktop/New_Referee/Vision_Arena_2025/install/referee_pkg/include/referee_pkg/referee_pkg/srv/detail/dds_fastrtps
-- Installing: /home/zjzl/Desktop/New_Referee/Vision_Arena_2025/install/referee_pkg/lib/libreferee_pkg__rosidl_typesupport_fastrtps_cpp.so
-- Set runtime path of "/home/zjzl/Desktop/New_Referee/Vision_Arena_2025/install/referee_pkg/lib/libreferee_pkg__rosidl_typesupport_fastrtps_cpp.so" to ""
-- Up-to-date: /home/zjzl/Desktop/New_Referee/Vision_Arena_2025/install/referee_pkg/include/referee_pkg/referee_pkg
-- Up-to-date: /home/zjzl/Desktop/New_Referee/Vision_Arena_2025/install/referee_pkg/include/referee_pkg/referee_pkg/msg
-- Up-to-date: /home/zjzl/Desktop/New_Referee/Vision_Arena_2025/install/referee_pkg/include/referee_pkg/referee_pkg/msg/rosidl_typesupport_introspection_c__visibility_control.h
-- Up-to-date: /home/zjzl/Desktop/New_Referee/Vision_Arena_2025/install/referee_pkg/include/referee_pkg/referee_pkg/msg/detail
-- Up-to-date: /home/zjzl/Desktop/New_Referee/Vision_Arena_2025/install/referee_pkg/include/referee_pkg/referee_pkg/msg/detail/target__rosidl_typesupport_introspection_c.h
-- Installing: /home/zjzl/Desktop/New_Referee/Vision_Arena_2025/install/referee_pkg/include/referee_pkg/referee_pkg/msg/detail/race_stage__rosidl_typesupport_introspection_c.h
-- Installing: /home/zjzl/Desktop/New_Referee/Vision_Arena_2025/install/referee_pkg/include/referee_pkg/referee_pkg/msg/detail/multi_object__type_support.c
-- Up-to-date: /home/zjzl/Desktop/New_Referee/Vision_Arena_2025/install/referee_pkg/include/referee_pkg/referee_pkg/msg/detail/target__type_support.c
-- Installing: /home/zjzl/Desktop/New_Referee/Vision_Arena_2025/install/referee_pkg/include/referee_pkg/referee_pkg/msg/detail/object__type_support.c
-- Installing: /home/zjzl/Desktop/New_Referee/Vision_Arena_2025/install/referee_pkg/include/referee_pkg/referee_pkg/msg/detail/object__rosidl_typesupport_introspection_c.h
-- Installing: /home/zjzl/Desktop/New_Referee/Vision_Arena_2025/install/referee_pkg/include/referee_pkg/referee_pkg/msg/detail/multi_object__rosidl_typesupport_introspection_c.h
-- Installing: /home/zjzl/Desktop/New_Referee/Vision_Arena_2025/install/referee_pkg/include/referee_pkg/referee_pkg/msg/detail/race_stage__type_support.c
-- Up-to-date: /home/zjzl/Desktop/New_Referee/Vision_Arena_2025/install/referee_pkg/include/referee_pkg/referee_pkg/srv
-- Up-to-date: /home/zjzl/Desktop/New_Referee/Vision_Arena_2025/install/referee_pkg/include/referee_pkg/referee_pkg/srv/detail
-- Installing: /home/zjzl/Desktop/New_Referee/Vision_Arena_2025/install/referee_pkg/include/referee_pkg/referee_pkg/srv/detail/hit_armor__rosidl_typesupport_introspection_c.h
-- Up-to-date: /home/zjzl/Desktop/New_Referee/Vision_Arena_2025/install/referee_pkg/include/referee_pkg/referee_pkg/srv/detail/hit_arror__rosidl_typesupport_introspection_c.h
-- Installing: /home/zjzl/Desktop/New_Referee/Vision_Arena_2025/install/referee_pkg/include/referee_pkg/referee_pkg/srv/detail/hit_armor__type_support.c
-- Up-to-date: /home/zjzl/Desktop/New_Referee/Vision_Arena_2025/install/referee_pkg/include/referee_pkg/referee_pkg/srv/detail/hit_arror__type_support.c
-- Installing: /home/zjzl/Desktop/New_Referee/Vision_Arena_2025/install/referee_pkg/lib/libreferee_pkg__rosidl_typesupport_introspection_c.so
-- Set runtime path of "/home/zjzl/Desktop/New_Referee/Vision_Arena_2025/install/referee_pkg/lib/libreferee_pkg__rosidl_typesupport_introspection_c.so" to ""
-- Installing: /home/zjzl/Desktop/New_Referee/Vision_Arena_2025/install/referee_pkg/lib/libreferee_pkg__rosidl_typesupport_c.so
-- Set runtime path of "/home/zjzl/Desktop/New_Referee/Vision_Arena_2025/install/referee_pkg/lib/libreferee_pkg__rosidl_typesupport_c.so" to ""
-- Up-to-date: /home/zjzl/Desktop/New_Referee/Vision_Arena_2025/install/referee_pkg/include/referee_pkg/referee_pkg
-- Up-to-date: /home/zjzl/Desktop/New_Referee/Vision_Arena_2025/install/referee_pkg/include/referee_pkg/referee_pkg/msg
-- Up-to-date: /home/zjzl/Desktop/New_Referee/Vision_Arena_2025/install/referee_pkg/include/referee_pkg/referee_pkg/msg/detail
-- Installing: /home/zjzl/Desktop/New_Referee/Vision_Arena_2025/install/referee_pkg/include/referee_pkg/referee_pkg/msg/detail/object__rosidl_typesupport_introspection_cpp.hpp
-- Up-to-date: /home/zjzl/Desktop/New_Referee/Vision_Arena_2025/install/referee_pkg/include/referee_pkg/referee_pkg/msg/detail/target__type_support.cpp
-- Installing: /home/zjzl/Desktop/New_Referee/Vision_Arena_2025/install/referee_pkg/include/referee_pkg/referee_pkg/msg/detail/object__type_support.cpp
-- Installing: /home/zjzl/Desktop/New_Referee/Vision_Arena_2025/install/referee_pkg/include/referee_pkg/referee_pkg/msg/detail/multi_object__type_support.cpp
-- Installing: /home/zjzl/Desktop/New_Referee/Vision_Arena_2025/install/referee_pkg/include/referee_pkg/referee_pkg/msg/detail/multi_object__rosidl_typesupport_introspection_cpp.hpp
-- Up-to-date: /home/zjzl/Desktop/New_Referee/Vision_Arena_2025/install/referee_pkg/include/referee_pkg/referee_pkg/msg/detail/target__rosidl_typesupport_introspection_cpp.hpp
-- Installing: /home/zjzl/Desktop/New_Referee/Vision_Arena_2025/install/referee_pkg/include/referee_pkg/referee_pkg/msg/detail/race_stage__rosidl_typesupport_introspection_cpp.hpp
-- Installing: /home/zjzl/Desktop/New_Referee/Vision_Arena_2025/install/referee_pkg/include/referee_pkg/referee_pkg/msg/detail/race_stage__type_support.cpp
-- Up-to-date: /home/zjzl/Desktop/New_Referee/Vision_Arena_2025/install/referee_pkg/include/referee_pkg/referee_pkg/srv
-- Up-to-date: /home/zjzl/Desktop/New_Referee/Vision_Arena_2025/install/referee_pkg/include/referee_pkg/referee_pkg/srv/detail
-- Installing: /home/zjzl/Desktop/New_Referee/Vision_Arena_2025/install/referee_pkg/include/referee_pkg/referee_pkg/srv/detail/hit_armor__rosidl_typesupport_introspection_cpp.hpp
-- Up-to-date: /home/zjzl/Desktop/New_Referee/Vision_Arena_2025/install/referee_pkg/include/referee_pkg/referee_pkg/srv/detail/hit_arror__type_support.cpp
-- Up-to-date: /home/zjzl/Desktop/New_Referee/Vision_Arena_2025/install/referee_pkg/include/referee_pkg/referee_pkg/srv/detail/hit_arror__rosidl_typesupport_introspection_cpp.hpp
-- Installing: /home/zjzl/Desktop/New_Referee/Vision_Arena_2025/install/referee_pkg/include/referee_pkg/referee_pkg/srv/detail/hit_armor__type_support.cpp
-- Installing: /home/zjzl/Desktop/New_Referee/Vision_Arena_2025/install/referee_pkg/lib/libreferee_pkg__rosidl_typesupport_introspection_cpp.so
-- Set runtime path of "/home/zjzl/Desktop/New_Referee/Vision_Arena_2025/install/referee_pkg/lib/libreferee_pkg__rosidl_typesupport_introspection_cpp.so" to ""
-- Installing: /home/zjzl/Desktop/New_Referee/Vision_Arena_2025/install/referee_pkg/lib/libreferee_pkg__rosidl_typesupport_cpp.so
-- Set runtime path of "/home/zjzl/Desktop/New_Referee/Vision_Arena_2025/install/referee_pkg/lib/libreferee_pkg__rosidl_typesupport_cpp.so" to ""
-- Up-to-date: /home/zjzl/Desktop/New_Referee/Vision_Arena_2025/install/referee_pkg/share/referee_pkg/environment/pythonpath.sh
-- Installing: /home/zjzl/Desktop/New_Referee/Vision_Arena_2025/install/referee_pkg/share/referee_pkg/environment/pythonpath.dsv
-- Up-to-date: /home/zjzl/Desktop/New_Referee/Vision_Arena_2025/install/referee_pkg/local/lib/python3.10/dist-packages/referee_pkg-0.0.0-py3.10.egg-info
-- Installing: /home/zjzl/Desktop/New_Referee/Vision_Arena_2025/install/referee_pkg/local/lib/python3.10/dist-packages/referee_pkg-0.0.0-py3.10.egg-info/dependency_links.txt
-- Installing: /home/zjzl/Desktop/New_Referee/Vision_Arena_2025/install/referee_pkg/local/lib/python3.10/dist-packages/referee_pkg-0.0.0-py3.10.egg-info/SOURCES.txt
-- Installing: /home/zjzl/Desktop/New_Referee/Vision_Arena_2025/install/referee_pkg/local/lib/python3.10/dist-packages/referee_pkg-0.0.0-py3.10.egg-info/top_level.txt
-- Installing: /home/zjzl/Desktop/New_Referee/Vision_Arena_2025/install/referee_pkg/local/lib/python3.10/dist-packages/referee_pkg-0.0.0-py3.10.egg-info/PKG-INFO
-- Up-to-date: /home/zjzl/Desktop/New_Referee/Vision_Arena_2025/install/referee_pkg/local/lib/python3.10/dist-packages/referee_pkg
-- Installing: /home/zjzl/Desktop/New_Referee/Vision_Arena_2025/install/referee_pkg/local/lib/python3.10/dist-packages/referee_pkg/referee_pkg_s__rosidl_typesupport_fastrtps_c.cpython-310-x86_64-linux-gnu.so
-- Installing: /home/zjzl/Desktop/New_Referee/Vision_Arena_2025/install/referee_pkg/local/lib/python3.10/dist-packages/referee_pkg/libreferee_pkg__rosidl_generator_py.so
-- Up-to-date: /home/zjzl/Desktop/New_Referee/Vision_Arena_2025/install/referee_pkg/local/lib/python3.10/dist-packages/referee_pkg/msg
-- Installing: /home/zjzl/Desktop/New_Referee/Vision_Arena_2025/install/referee_pkg/local/lib/python3.10/dist-packages/referee_pkg/msg/_multi_object_s.c
-- Installing: /home/zjzl/Desktop/New_Referee/Vision_Arena_2025/install/referee_pkg/local/lib/python3.10/dist-packages/referee_pkg/msg/_race_stage_s.c
-- Installing: /home/zjzl/Desktop/New_Referee/Vision_Arena_2025/install/referee_pkg/local/lib/python3.10/dist-packages/referee_pkg/msg/_race_stage.py
-- Installing: /home/zjzl/Desktop/New_Referee/Vision_Arena_2025/install/referee_pkg/local/lib/python3.10/dist-packages/referee_pkg/msg/_object_s.c
-- Up-to-date: /home/zjzl/Desktop/New_Referee/Vision_Arena_2025/install/referee_pkg/local/lib/python3.10/dist-packages/referee_pkg/msg/_target.py
-- Installing: /home/zjzl/Desktop/New_Referee/Vision_Arena_2025/install/referee_pkg/local/lib/python3.10/dist-packages/referee_pkg/msg/_object.py
-- Installing: /home/zjzl/Desktop/New_Referee/Vision_Arena_2025/install/referee_pkg/local/lib/python3.10/dist-packages/referee_pkg/msg/__init__.py
-- Installing: /home/zjzl/Desktop/New_Referee/Vision_Arena_2025/install/referee_pkg/local/lib/python3.10/dist-packages/referee_pkg/msg/_multi_object.py
-- Up-to-date: /home/zjzl/Desktop/New_Referee/Vision_Arena_2025/install/referee_pkg/local/lib/python3.10/dist-packages/referee_pkg/msg/_target_s.c
-- Up-to-date: /home/zjzl/Desktop/New_Referee/Vision_Arena_2025/install/referee_pkg/local/lib/python3.10/dist-packages/referee_pkg/srv
-- Up-to-date: /home/zjzl/Desktop/New_Referee/Vision_Arena_2025/install/referee_pkg/local/lib/python3.10/dist-packages/referee_pkg/srv/_hit_arror_s.c
-- Installing: /home/zjzl/Desktop/New_Referee/Vision_Arena_2025/install/referee_pkg/local/lib/python3.10/dist-packages/referee_pkg/srv/_hit_armor.py
-- Up-to-date: /home/zjzl/Desktop/New_Referee/Vision_Arena_2025/install/referee_pkg/local/lib/python3.10/dist-packages/referee_pkg/srv/_hit_arror.py
-- Installing: /home/zjzl/Desktop/New_Referee/Vision_Arena_2025/install/referee_pkg/local/lib/python3.10/dist-packages/referee_pkg/srv/__init__.py
-- Installing: /home/zjzl/Desktop/New_Referee/Vision_Arena_2025/install/referee_pkg/local/lib/python3.10/dist-packages/referee_pkg/srv/_hit_armor_s.c
-- Installing: /home/zjzl/Desktop/New_Referee/Vision_Arena_2025/install/referee_pkg/local/lib/python3.10/dist-packages/referee_pkg/referee_pkg_s__rosidl_typesupport_c.cpython-310-x86_64-linux-gnu.so
-- Installing: /home/zjzl/Desktop/New_Referee/Vision_Arena_2025/install/referee_pkg/local/lib/python3.10/dist-packages/referee_pkg/_referee_pkg_s.ep.rosidl_typesupport_c.c
-- Installing: /home/zjzl/Desktop/New_Referee/Vision_Arena_2025/install/referee_pkg/local/lib/python3.10/dist-packages/referee_pkg/referee_pkg_s__rosidl_typesupport_introspection_c.cpython-310-x86_64-linux-gnu.so
-- Installing: /home/zjzl/Desktop/New_Referee/Vision_Arena_2025/install/referee_pkg/local/lib/python3.10/dist-packages/referee_pkg/_referee_pkg_s.ep.rosidl_typesupport_fastrtps_c.c
-- Installing: /home/zjzl/Desktop/New_Referee/Vision_Arena_2025/install/referee_pkg/local/lib/python3.10/dist-packages/referee_pkg/__init__.py
-- Installing: /home/zjzl/Desktop/New_Referee/Vision_Arena_2025/install/referee_pkg/local/lib/python3.10/dist-packages/referee_pkg/_referee_pkg_s.ep.rosidl_typesupport_introspection_c.c
Listing '/home/zjzl/Desktop/New_Referee/Vision_Arena_2025/install/referee_pkg/local/lib/python3.10/dist-packages/referee_pkg'...
Compiling '/home/zjzl/Desktop/New_Referee/Vision_Arena_2025/install/referee_pkg/local/lib/python3.10/dist-packages/referee_pkg/__init__.py'...
Listing '/home/zjzl/Desktop/New_Referee/Vision_Arena_2025/install/referee_pkg/local/lib/python3.10/dist-packages/referee_pkg/msg'...
Compiling '/home/zjzl/Desktop/New_Referee/Vision_Arena_2025/install/referee_pkg/local/lib/python3.10/dist-packages/referee_pkg/msg/__init__.py'...
Compiling '/home/zjzl/Desktop/New_Referee/Vision_Arena_2025/install/referee_pkg/local/lib/python3.10/dist-packages/referee_pkg/msg/_multi_object.py'...
Compiling '/home/zjzl/Desktop/New_Referee/Vision_Arena_2025/install/referee_pkg/local/lib/python3.10/dist-packages/referee_pkg/msg/_object.py'...
Compiling '/home/zjzl/Desktop/New_Referee/Vision_Arena_2025/install/referee_pkg/local/lib/python3.10/dist-packages/referee_pkg/msg/_race_stage.py'...
Listing '/home/zjzl/Desktop/New_Referee/Vision_Arena_2025/install/referee_pkg/local/lib/python3.10/dist-packages/referee_pkg/srv'...
Compiling '/home/zjzl/Desktop/New_Referee/Vision_Arena_2025/install/referee_pkg/local/lib/python3.10/dist-packages/referee_pkg/srv/__init__.py'...
Compiling '/home/zjzl/Desktop/New_Referee/Vision_Arena_2025/install/referee_pkg/local/lib/python3.10/dist-packages/referee_pkg/srv/_hit_armor.py'...
-- Installing: /home/zjzl/Desktop/New_Referee/Vision_Arena_2025/install/referee_pkg/local/lib/python3.10/dist-packages/referee_pkg/referee_pkg_s__rosidl_typesupport_fastrtps_c.cpython-310-x86_64-linux-gnu.so
-- Set runtime path of "/home/zjzl/Desktop/New_Referee/Vision_Arena_2025/install/referee_pkg/local/lib/python3.10/dist-packages/referee_pkg/referee_pkg_s__rosidl_typesupport_fastrtps_c.cpython-310-x86_64-linux-gnu.so" to ""
-- Installing: /home/zjzl/Desktop/New_Referee/Vision_Arena_2025/install/referee_pkg/local/lib/python3.10/dist-packages/referee_pkg/referee_pkg_s__rosidl_typesupport_introspection_c.cpython-310-x86_64-linux-gnu.so
-- Set runtime path of "/home/zjzl/Desktop/New_Referee/Vision_Arena_2025/install/referee_pkg/local/lib/python3.10/dist-packages/referee_pkg/referee_pkg_s__rosidl_typesupport_introspection_c.cpython-310-x86_64-linux-gnu.so" to ""
-- Installing: /home/zjzl/Desktop/New_Referee/Vision_Arena_2025/install/referee_pkg/local/lib/python3.10/dist-packages/referee_pkg/referee_pkg_s__rosidl_typesupport_c.cpython-310-x86_64-linux-gnu.so
-- Set runtime path of "/home/zjzl/Desktop/New_Referee/Vision_Arena_2025/install/referee_pkg/local/lib/python3.10/dist-packages/referee_pkg/referee_pkg_s__rosidl_typesupport_c.cpython-310-x86_64-linux-gnu.so" to ""
-- Installing: /home/zjzl/Desktop/New_Referee/Vision_Arena_2025/install/referee_pkg/lib/libreferee_pkg__rosidl_generator_py.so
-- Set runtime path of "/home/zjzl/Desktop/New_Referee/Vision_Arena_2025/install/referee_pkg/lib/libreferee_pkg__rosidl_generator_py.so" to ""
-- Up-to-date: /home/zjzl/Desktop/New_Referee/Vision_Arena_2025/install/referee_pkg/share/referee_pkg/msg/Object.idl
-- Up-to-date: /home/zjzl/Desktop/New_Referee/Vision_Arena_2025/install/referee_pkg/share/referee_pkg/msg/MultiObject.idl
-- Up-to-date: /home/zjzl/Desktop/New_Referee/Vision_Arena_2025/install/referee_pkg/share/referee_pkg/msg/RaceStage.idl
-- Installing: /home/zjzl/Desktop/New_Referee/Vision_Arena_2025/install/referee_pkg/share/referee_pkg/srv/HitArmor.idl
-- Installing: /home/zjzl/Desktop/New_Referee/Vision_Arena_2025/install/referee_pkg/share/referee_pkg/msg/Object.msg
-- Installing: /home/zjzl/Desktop/New_Referee/Vision_Arena_2025/install/referee_pkg/share/referee_pkg/msg/MultiObject.msg
-- Installing: /home/zjzl/Desktop/New_Referee/Vision_Arena_2025/install/referee_pkg/share/referee_pkg/msg/RaceStage.msg
-- Installing: /home/zjzl/Desktop/New_Referee/Vision_Arena_2025/install/referee_pkg/share/referee_pkg/srv/HitArmor.srv
-- Installing: /home/zjzl/Desktop/New_Referee/Vision_Arena_2025/install/referee_pkg/share/referee_pkg/srv/HitArmor_Request.msg
-- Installing: /home/zjzl/Desktop/New_Referee/Vision_Arena_2025/install/referee_pkg/share/referee_pkg/srv/HitArmor_Response.msg
-- Installing: /home/zjzl/Desktop/New_Referee/Vision_Arena_2025/install/referee_pkg/lib/referee_pkg/referee
-- Set runtime path of "/home/zjzl/Desktop/New_Referee/Vision_Arena_2025/install/referee_pkg/lib/referee_pkg/referee" to ""
-- Up-to-date: /home/zjzl/Desktop/New_Referee/Vision_Arena_2025/install/referee_pkg/include
-- Up-to-date: /home/zjzl/Desktop/New_Referee/Vision_Arena_2025/install/referee_pkg/include/referee_pkg
-- Up-to-date: /home/zjzl/Desktop/New_Referee/Vision_Arena_2025/install/referee_pkg/include/referee_pkg/msg
-- Installing: /home/zjzl/Desktop/New_Referee/Vision_Arena_2025/install/referee_pkg/include/referee_pkg/msg/object.hpp
-- Up-to-date: /home/zjzl/Desktop/New_Referee/Vision_Arena_2025/install/referee_pkg/include/referee_pkg/msg/rosidl_generator_cpp__visibility_control.hpp
-- Installing: /home/zjzl/Desktop/New_Referee/Vision_Arena_2025/install/referee_pkg/include/referee_pkg/msg/multi_object.hpp
-- Up-to-date: /home/zjzl/Desktop/New_Referee/Vision_Arena_2025/install/referee_pkg/include/referee_pkg/msg/detail
-- Installing: /home/zjzl/Desktop/New_Referee/Vision_Arena_2025/install/referee_pkg/include/referee_pkg/msg/detail/race_stage__struct.hpp
-- Installing: /home/zjzl/Desktop/New_Referee/Vision_Arena_2025/install/referee_pkg/include/referee_pkg/msg/detail/object__builder.hpp
-- Installing: /home/zjzl/Desktop/New_Referee/Vision_Arena_2025/install/referee_pkg/include/referee_pkg/msg/detail/multi_object__type_support.hpp
-- Up-to-date: /home/zjzl/Desktop/New_Referee/Vision_Arena_2025/install/referee_pkg/include/referee_pkg/msg/detail/target__builder.hpp
-- Installing: /home/zjzl/Desktop/New_Referee/Vision_Arena_2025/install/referee_pkg/include/referee_pkg/msg/detail/race_stage__builder.hpp
-- Installing: /home/zjzl/Desktop/New_Referee/Vision_Arena_2025/install/referee_pkg/include/referee_pkg/msg/detail/multi_object__traits.hpp
-- Installing: /home/zjzl/Desktop/New_Referee/Vision_Arena_2025/install/referee_pkg/include/referee_pkg/msg/detail/object__type_support.hpp
-- Up-to-date: /home/zjzl/Desktop/New_Referee/Vision_Arena_2025/install/referee_pkg/include/referee_pkg/msg/detail/target__type_support.hpp
-- Installing: /home/zjzl/Desktop/New_Referee/Vision_Arena_2025/install/referee_pkg/include/referee_pkg/msg/detail/object__traits.hpp
-- Up-to-date: /home/zjzl/Desktop/New_Referee/Vision_Arena_2025/install/referee_pkg/include/referee_pkg/msg/detail/target__traits.hpp
-- Installing: /home/zjzl/Desktop/New_Referee/Vision_Arena_2025/install/referee_pkg/include/referee_pkg/msg/detail/object__struct.hpp
-- Installing: /home/zjzl/Desktop/New_Referee/Vision_Arena_2025/install/referee_pkg/include/referee_pkg/msg/detail/multi_object__builder.hpp
-- Installing: /home/zjzl/Desktop/New_Referee/Vision_Arena_2025/install/referee_pkg/include/referee_pkg/msg/detail/race_stage__traits.hpp
-- Installing: /home/zjzl/Desktop/New_Referee/Vision_Arena_2025/install/referee_pkg/include/referee_pkg/msg/detail/race_stage__type_support.hpp
-- Up-to-date: /home/zjzl/Desktop/New_Referee/Vision_Arena_2025/install/referee_pkg/include/referee_pkg/msg/detail/target__struct.hpp
-- Installing: /home/zjzl/Desktop/New_Referee/Vision_Arena_2025/install/referee_pkg/include/referee_pkg/msg/detail/multi_object__struct.hpp
-- Installing: /home/zjzl/Desktop/New_Referee/Vision_Arena_2025/install/referee_pkg/include/referee_pkg/msg/race_stage.hpp
-- Up-to-date: /home/zjzl/Desktop/New_Referee/Vision_Arena_2025/install/referee_pkg/include/referee_pkg/msg/target.hpp
-- Up-to-date: /home/zjzl/Desktop/New_Referee/Vision_Arena_2025/install/referee_pkg/include/referee_pkg/srv
-- Installing: /home/zjzl/Desktop/New_Referee/Vision_Arena_2025/install/referee_pkg/include/referee_pkg/srv/hit_armor.hpp
-- Up-to-date: /home/zjzl/Desktop/New_Referee/Vision_Arena_2025/install/referee_pkg/include/referee_pkg/srv/hit_arror.hpp
-- Up-to-date: /home/zjzl/Desktop/New_Referee/Vision_Arena_2025/install/referee_pkg/include/referee_pkg/srv/detail
-- Up-to-date: /home/zjzl/Desktop/New_Referee/Vision_Arena_2025/install/referee_pkg/include/referee_pkg/srv/detail/hit_arror__builder.hpp
-- Installing: /home/zjzl/Desktop/New_Referee/Vision_Arena_2025/install/referee_pkg/include/referee_pkg/srv/detail/hit_armor__type_support.hpp
-- Installing: /home/zjzl/Desktop/New_Referee/Vision_Arena_2025/install/referee_pkg/include/referee_pkg/srv/detail/hit_armor__traits.hpp
-- Installing: /home/zjzl/Desktop/New_Referee/Vision_Arena_2025/install/referee_pkg/include/referee_pkg/srv/detail/hit_armor__builder.hpp
-- Up-to-date: /home/zjzl/Desktop/New_Referee/Vision_Arena_2025/install/referee_pkg/include/referee_pkg/srv/detail/hit_arror__struct.hpp
-- Installing: /home/zjzl/Desktop/New_Referee/Vision_Arena_2025/install/referee_pkg/include/referee_pkg/srv/detail/hit_armor__struct.hpp
-- Up-to-date: /home/zjzl/Desktop/New_Referee/Vision_Arena_2025/install/referee_pkg/include/referee_pkg/srv/detail/hit_arror__type_support.hpp
-- Up-to-date: /home/zjzl/Desktop/New_Referee/Vision_Arena_2025/install/referee_pkg/include/referee_pkg/srv/detail/hit_arror__traits.hpp
-- Up-to-date: /home/zjzl/Desktop/New_Referee/Vision_Arena_2025/install/referee_pkg/share/referee_pkg/launch
-- Installing: /home/zjzl/Desktop/New_Referee/Vision_Arena_2025/install/referee_pkg/share/referee_pkg/launch/referee_pkg_launch.xml
-- Up-to-date: /home/zjzl/Desktop/New_Referee/Vision_Arena_2025/install/referee_pkg/share/ament_index/resource_index/package_run_dependencies/referee_pkg
-- Up-to-date: /home/zjzl/Desktop/New_Referee/Vision_Arena_2025/install/referee_pkg/share/ament_index/resource_index/parent_prefix_path/referee_pkg
-- Up-to-date: /home/zjzl/Desktop/New_Referee/Vision_Arena_2025/install/referee_pkg/share/referee_pkg/environment/ament_prefix_path.sh
-- Installing: /home/zjzl/Desktop/New_Referee/Vision_Arena_2025/install/referee_pkg/share/referee_pkg/environment/ament_prefix_path.dsv
-- Up-to-date: /home/zjzl/Desktop/New_Referee/Vision_Arena_2025/install/referee_pkg/share/referee_pkg/environment/path.sh
-- Installing: /home/zjzl/Desktop/New_Referee/Vision_Arena_2025/install/referee_pkg/share/referee_pkg/environment/path.dsv
-- Up-to-date: /home/zjzl/Desktop/New_Referee/Vision_Arena_2025/install/referee_pkg/share/referee_pkg/local_setup.bash
-- Up-to-date: /home/zjzl/Desktop/New_Referee/Vision_Arena_2025/install/referee_pkg/share/referee_pkg/local_setup.sh
-- Up-to-date: /home/zjzl/Desktop/New_Referee/Vision_Arena_2025/install/referee_pkg/share/referee_pkg/local_setup.zsh
-- Installing: /home/zjzl/Desktop/New_Referee/Vision_Arena_2025/install/referee_pkg/share/referee_pkg/local_setup.dsv
-- Installing: /home/zjzl/Desktop/New_Referee/Vision_Arena_2025/install/referee_pkg/share/referee_pkg/package.dsv
-- Up-to-date: /home/zjzl/Desktop/New_Referee/Vision_Arena_2025/install/referee_pkg/share/ament_index/resource_index/packages/referee_pkg
-- Up-to-date: /home/zjzl/Desktop/New_Referee/Vision_Arena_2025/install/referee_pkg/share/referee_pkg/cmake/export_referee_pkg__rosidl_generator_cExport.cmake
-- Up-to-date: /home/zjzl/Desktop/New_Referee/Vision_Arena_2025/install/referee_pkg/share/referee_pkg/cmake/export_referee_pkg__rosidl_generator_cExport-noconfig.cmake
-- Up-to-date: /home/zjzl/Desktop/New_Referee/Vision_Arena_2025/install/referee_pkg/share/referee_pkg/cmake/export_referee_pkg__rosidl_typesupport_fastrtps_cExport.cmake
-- Up-to-date: /home/zjzl/Desktop/New_Referee/Vision_Arena_2025/install/referee_pkg/share/referee_pkg/cmake/export_referee_pkg__rosidl_typesupport_fastrtps_cExport-noconfig.cmake
-- Up-to-date: /home/zjzl/Desktop/New_Referee/Vision_Arena_2025/install/referee_pkg/share/referee_pkg/cmake/export_referee_pkg__rosidl_generator_cppExport.cmake
-- Up-to-date: /home/zjzl/Desktop/New_Referee/Vision_Arena_2025/install/referee_pkg/share/referee_pkg/cmake/export_referee_pkg__rosidl_typesupport_fastrtps_cppExport.cmake
-- Up-to-date: /home/zjzl/Desktop/New_Referee/Vision_Arena_2025/install/referee_pkg/share/referee_pkg/cmake/export_referee_pkg__rosidl_typesupport_fastrtps_cppExport-noconfig.cmake
-- Up-to-date: /home/zjzl/Desktop/New_Referee/Vision_Arena_2025/install/referee_pkg/share/referee_pkg/cmake/referee_pkg__rosidl_typesupport_introspection_cExport.cmake
-- Up-to-date: /home/zjzl/Desktop/New_Referee/Vision_Arena_2025/install/referee_pkg/share/referee_pkg/cmake/referee_pkg__rosidl_typesupport_introspection_cExport-noconfig.cmake
-- Up-to-date: /home/zjzl/Desktop/New_Referee/Vision_Arena_2025/install/referee_pkg/share/referee_pkg/cmake/referee_pkg__rosidl_typesupport_cExport.cmake
-- Up-to-date: /home/zjzl/Desktop/New_Referee/Vision_Arena_2025/install/referee_pkg/share/referee_pkg/cmake/referee_pkg__rosidl_typesupport_cExport-noconfig.cmake
-- Up-to-date: /home/zjzl/Desktop/New_Referee/Vision_Arena_2025/install/referee_pkg/share/referee_pkg/cmake/referee_pkg__rosidl_typesupport_introspection_cppExport.cmake
-- Up-to-date: /home/zjzl/Desktop/New_Referee/Vision_Arena_2025/install/referee_pkg/share/referee_pkg/cmake/referee_pkg__rosidl_typesupport_introspection_cppExport-noconfig.cmake
-- Up-to-date: /home/zjzl/Desktop/New_Referee/Vision_Arena_2025/install/referee_pkg/share/referee_pkg/cmake/referee_pkg__rosidl_typesupport_cppExport.cmake
-- Up-to-date: /home/zjzl/Desktop/New_Referee/Vision_Arena_2025/install/referee_pkg/share/referee_pkg/cmake/referee_pkg__rosidl_typesupport_cppExport-noconfig.cmake
-- Up-to-date: /home/zjzl/Desktop/New_Referee/Vision_Arena_2025/install/referee_pkg/share/referee_pkg/cmake/export_referee_pkg__rosidl_generator_pyExport.cmake
-- Up-to-date: /home/zjzl/Desktop/New_Referee/Vision_Arena_2025/install/referee_pkg/share/referee_pkg/cmake/export_referee_pkg__rosidl_generator_pyExport-noconfig.cmake
-- Installing: /home/zjzl/Desktop/New_Referee/Vision_Arena_2025/install/referee_pkg/share/referee_pkg/cmake/rosidl_cmake-extras.cmake
-- Up-to-date: /home/zjzl/Desktop/New_Referee/Vision_Arena_2025/install/referee_pkg/share/referee_pkg/cmake/ament_cmake_export_dependencies-extras.cmake
-- Up-to-date: /home/zjzl/Desktop/New_Referee/Vision_Arena_2025/install/referee_pkg/share/referee_pkg/cmake/ament_cmake_export_include_directories-extras.cmake
-- Up-to-date: /home/zjzl/Desktop/New_Referee/Vision_Arena_2025/install/referee_pkg/share/referee_pkg/cmake/ament_cmake_export_libraries-extras.cmake
-- Up-to-date: /home/zjzl/Desktop/New_Referee/Vision_Arena_2025/install/referee_pkg/share/referee_pkg/cmake/ament_cmake_export_targets-extras.cmake
-- Up-to-date: /home/zjzl/Desktop/New_Referee/Vision_Arena_2025/install/referee_pkg/share/referee_pkg/cmake/rosidl_cmake_export_typesupport_targets-extras.cmake
-- Up-to-date: /home/zjzl/Desktop/New_Referee/Vision_Arena_2025/install/referee_pkg/share/referee_pkg/cmake/rosidl_cmake_export_typesupport_libraries-extras.cmake
-- Up-to-date: /home/zjzl/Desktop/New_Referee/Vision_Arena_2025/install/referee_pkg/share/referee_pkg/cmake/referee_pkgConfig.cmake
-- Up-to-date: /home/zjzl/Desktop/New_Referee/Vision_Arena_2025/install/referee_pkg/share/referee_pkg/cmake/referee_pkgConfig-version.cmake
-- Installing: /home/zjzl/Desktop/New_Referee/Vision_Arena_2025/install/referee_pkg/share/referee_pkg/package.xml
