-- The C compiler identification is GNU 11.4.0
-- The CXX compiler identification is GNU 11.4.0
-- Detecting C compiler ABI info
-- Detecting C compiler ABI info - done
-- Check for working C compiler: /usr/bin/cc - skipped
-- Detecting C compile features
-- Detecting C compile features - done
-- Detecting CXX compiler ABI info
-- Detecting CXX compiler ABI info - done
-- Check for working CXX compiler: /usr/bin/c++ - skipped
-- Detecting CXX compile features
-- Detecting CXX compile features - done
-- Found ament_cmake: 1.3.12 (/opt/ros/humble/share/ament_cmake/cmake)
-- Found Python3: /usr/bin/python3 (found version "3.10.12") found components: Interpreter 
-- Found rclcpp: 16.0.15 (/opt/ros/humble/share/rclcpp/cmake)
-- Found rosidl_generator_c: 3.1.7 (/opt/ros/humble/share/rosidl_generator_c/cmake)
-- Found rosidl_adapter: 3.1.7 (/opt/ros/humble/share/rosidl_adapter/cmake)
-- Found rosidl_generator_cpp: 3.1.7 (/opt/ros/humble/share/rosidl_generator_cpp/cmake)
-- Using all available rosidl_typesupport_c: rosidl_typesupport_fastrtps_c;rosidl_typesupport_introspection_c
-- Using all available rosidl_typesupport_cpp: rosidl_typesupport_fastrtps_cpp;rosidl_typesupport_introspection_cpp
-- Found rmw_implementation_cmake: 6.1.2 (/opt/ros/humble/share/rmw_implementation_cmake/cmake)
-- Found rmw_fastrtps_cpp: 6.2.8 (/opt/ros/humble/share/rmw_fastrtps_cpp/cmake)
-- Found OpenSSL: /usr/lib/x86_64-linux-gnu/libcrypto.so (found version "3.0.2")  
-- Found FastRTPS: /opt/ros/humble/include  
-- Using RMW implementation 'rmw_fastrtps_cpp' as default
-- Looking for pthread.h
-- Looking for pthread.h - found
-- Performing Test CMAKE_HAVE_LIBC_PTHREAD
-- Performing Test CMAKE_HAVE_LIBC_PTHREAD - Success
-- Found Threads: TRUE  
-- Found gazebo_msgs: 3.9.0 (/opt/ros/humble/share/gazebo_msgs/cmake)
-- Found OpenCV: /usr (found version "4.5.4") 
-- Found pose_msg: 0.0.0 (/home/zjzl/Desktop/New_Referee/Vision_Arena_2025/install/pose_msg/share/pose_msg/cmake)
-- Found cv_bridge: 3.2.1 (/opt/ros/humble/share/cv_bridge/cmake)
-- Found referee_pkg: 0.0.0 (/home/zjzl/Desktop/New_Referee/Vision_Arena_2025/install/referee_pkg/share/referee_pkg/cmake)
-- Configuring done
-- Generating done
-- Build files have been written to: /home/zjzl/Desktop/New_Referee/Vision_Arena_2025/build/player_pkg
[ 50%] [32mBuilding CXX object CMakeFiles/TestNode.dir/src/test.cpp.o[0m
[100%] [32m[1mLinking CXX executable TestNode[0m
[100%] Built target TestNode
-- Install configuration: ""
-- Installing: /home/zjzl/Desktop/New_Referee/Vision_Arena_2025/install/player_pkg/lib/player_pkg/TestNode
-- Set runtime path of "/home/zjzl/Desktop/New_Referee/Vision_Arena_2025/install/player_pkg/lib/player_pkg/TestNode" to ""
-- Installing: /home/zjzl/Desktop/New_Referee/Vision_Arena_2025/install/player_pkg/share/ament_index/resource_index/package_run_dependencies/player_pkg
-- Installing: /home/zjzl/Desktop/New_Referee/Vision_Arena_2025/install/player_pkg/share/ament_index/resource_index/parent_prefix_path/player_pkg
-- Installing: /home/zjzl/Desktop/New_Referee/Vision_Arena_2025/install/player_pkg/share/player_pkg/environment/ament_prefix_path.sh
-- Installing: /home/zjzl/Desktop/New_Referee/Vision_Arena_2025/install/player_pkg/share/player_pkg/environment/ament_prefix_path.dsv
-- Installing: /home/zjzl/Desktop/New_Referee/Vision_Arena_2025/install/player_pkg/share/player_pkg/environment/path.sh
-- Installing: /home/zjzl/Desktop/New_Referee/Vision_Arena_2025/install/player_pkg/share/player_pkg/environment/path.dsv
-- Installing: /home/zjzl/Desktop/New_Referee/Vision_Arena_2025/install/player_pkg/share/player_pkg/local_setup.bash
-- Installing: /home/zjzl/Desktop/New_Referee/Vision_Arena_2025/install/player_pkg/share/player_pkg/local_setup.sh
-- Installing: /home/zjzl/Desktop/New_Referee/Vision_Arena_2025/install/player_pkg/share/player_pkg/local_setup.zsh
-- Installing: /home/zjzl/Desktop/New_Referee/Vision_Arena_2025/install/player_pkg/share/player_pkg/local_setup.dsv
-- Installing: /home/zjzl/Desktop/New_Referee/Vision_Arena_2025/install/player_pkg/share/player_pkg/package.dsv
-- Installing: /home/zjzl/Desktop/New_Referee/Vision_Arena_2025/install/player_pkg/share/ament_index/resource_index/packages/player_pkg
-- Installing: /home/zjzl/Desktop/New_Referee/Vision_Arena_2025/install/player_pkg/share/player_pkg/cmake/player_pkgConfig.cmake
-- Installing: /home/zjzl/Desktop/New_Referee/Vision_Arena_2025/install/player_pkg/share/player_pkg/cmake/player_pkgConfig-version.cmake
-- Installing: /home/zjzl/Desktop/New_Referee/Vision_Arena_2025/install/player_pkg/share/player_pkg/package.xml
